2024/02/26 17:50:24 INFO : ****************  LMDA for 11! ***************************
2024/02/26 17:50:25 INFO : {'num_classes': 4, 'chans': 24, 'channel_depth1': 26, 'channel_depth2': 9, 'kernel': 75, 'depth': 9, 'pool_depth': 1, 'avepool': 50, 'avgpool_step1': 1}
2024/02/26 17:50:25 INFO : ****** Run until first stop... ********
2024/02/26 17:50:25 INFO : Train size: 4
2024/02/26 17:50:25 INFO : Test size: 2
2024/02/26 17:50:33 INFO : New best test acc 26.666667
2024/02/26 17:50:33 INFO : Epoch 0
2024/02/26 17:50:33 INFO : train_loss       1.47686
2024/02/26 17:50:33 INFO : train_acc       23.24017
2024/02/26 17:50:33 INFO : test_loss       1.38634
2024/02/26 17:50:33 INFO : test_acc       26.66667
2024/02/26 17:50:33 INFO : 
2024/02/26 17:52:03 INFO : New best test acc 30.000000
2024/02/26 17:53:02 INFO : Epoch 20
2024/02/26 17:53:02 INFO : train_loss       1.14319
2024/02/26 17:53:02 INFO : train_acc       56.78054
2024/02/26 17:53:02 INFO : test_loss       1.39046
2024/02/26 17:53:02 INFO : test_acc       13.33333
2024/02/26 17:53:02 INFO : 
2024/02/26 17:55:53 INFO : Epoch 40
2024/02/26 17:55:53 INFO : train_loss       0.96339
2024/02/26 17:55:53 INFO : train_acc       73.08489
2024/02/26 17:55:53 INFO : test_loss       1.38528
2024/02/26 17:55:53 INFO : test_acc       20.00000
2024/02/26 17:55:53 INFO : 
2024/02/26 20:26:58 INFO : Epoch 60
2024/02/26 20:26:58 INFO : train_loss       0.88047
2024/02/26 20:26:58 INFO : train_acc       72.20497
2024/02/26 20:26:58 INFO : test_loss       1.34382
2024/02/26 20:26:58 INFO : test_acc       20.00000
2024/02/26 20:26:58 INFO : 
2024/02/26 20:30:40 INFO : Epoch 80
2024/02/26 20:30:40 INFO : train_loss       0.70579
2024/02/26 20:30:40 INFO : train_acc       80.02070
2024/02/26 20:30:40 INFO : test_loss       1.31057
2024/02/26 20:30:40 INFO : test_acc       20.00000
2024/02/26 20:30:40 INFO : 
2024/02/26 20:34:17 INFO : Epoch 100
2024/02/26 20:34:17 INFO : train_loss       0.71396
2024/02/26 20:34:17 INFO : train_acc       79.03727
2024/02/26 20:34:17 INFO : test_loss       1.31482
2024/02/26 20:34:17 INFO : test_acc       23.33333
2024/02/26 20:34:17 INFO : 
2024/02/26 20:35:47 INFO : New best test acc 33.333333
2024/02/26 20:37:36 INFO : New best test acc 36.666667
2024/02/26 20:37:56 INFO : Epoch 120
2024/02/26 20:37:56 INFO : train_loss       0.60497
2024/02/26 20:37:56 INFO : train_acc       85.55901
2024/02/26 20:37:56 INFO : test_loss       1.29251
2024/02/26 20:37:56 INFO : test_acc       36.66667
2024/02/26 20:37:56 INFO : 
2024/02/26 20:40:10 INFO : New best test acc 40.000000
2024/02/26 20:41:25 INFO : Epoch 140
2024/02/26 20:41:25 INFO : train_loss       0.60993
2024/02/26 20:41:25 INFO : train_acc       83.07453
2024/02/26 20:41:25 INFO : test_loss       1.27569
2024/02/26 20:41:25 INFO : test_acc       36.66667
2024/02/26 20:41:25 INFO : 
2024/02/26 20:41:58 INFO : New best test acc 43.333333
2024/02/26 20:44:56 INFO : Epoch 160
2024/02/26 20:44:56 INFO : train_loss       0.58323
2024/02/26 20:44:56 INFO : train_acc       85.45549
2024/02/26 20:44:56 INFO : test_loss       1.28644
2024/02/26 20:44:56 INFO : test_acc       40.00000
2024/02/26 20:44:56 INFO : 
2024/02/26 20:48:22 INFO : Epoch 180
2024/02/26 20:48:22 INFO : train_loss       0.56801
2024/02/26 20:48:22 INFO : train_acc       86.85300
2024/02/26 20:48:22 INFO : test_loss       1.29771
2024/02/26 20:48:22 INFO : test_acc       33.33333
2024/02/26 20:48:22 INFO : 
2024/02/26 20:52:01 INFO : Epoch 200
2024/02/26 20:52:01 INFO : train_loss       0.56566
2024/02/26 20:52:01 INFO : train_acc       83.28157
2024/02/26 20:52:01 INFO : test_loss       1.29974
2024/02/26 20:52:01 INFO : test_acc       30.00000
2024/02/26 20:52:01 INFO : 
2024/02/26 20:55:48 INFO : Epoch 220
2024/02/26 20:55:48 INFO : train_loss       0.54949
2024/02/26 20:55:48 INFO : train_acc       83.07453
2024/02/26 20:55:48 INFO : test_loss       1.31719
2024/02/26 20:55:48 INFO : test_acc       26.66667
2024/02/26 20:55:48 INFO : 
2024/02/26 20:59:27 INFO : Epoch 240
2024/02/26 20:59:27 INFO : train_loss       0.49168
2024/02/26 20:59:27 INFO : train_acc       85.45549
2024/02/26 20:59:27 INFO : test_loss       1.34775
2024/02/26 20:59:27 INFO : test_acc       33.33333
2024/02/26 20:59:27 INFO : 
2024/02/26 21:01:31 INFO : Epoch 251
2024/02/26 21:01:31 INFO : train_loss       0.52158
2024/02/26 21:01:31 INFO : train_acc       84.26501
2024/02/26 21:01:31 INFO : test_loss       1.35589
2024/02/26 21:01:31 INFO : test_acc       33.33333
2024/02/26 21:01:31 INFO : 
2024/02/26 21:01:44 INFO : Epoch 252
2024/02/26 21:01:44 INFO : train_loss       0.52132
2024/02/26 21:01:44 INFO : train_acc       86.54244
2024/02/26 21:01:44 INFO : test_loss       1.34557
2024/02/26 21:01:44 INFO : test_acc       33.33333
2024/02/26 21:01:44 INFO : 
2024/02/26 21:01:55 INFO : Epoch 253
2024/02/26 21:01:55 INFO : train_loss       0.54841
2024/02/26 21:01:55 INFO : train_acc       84.36853
2024/02/26 21:01:55 INFO : test_loss       1.33177
2024/02/26 21:01:55 INFO : test_acc       36.66667
2024/02/26 21:01:55 INFO : 
2024/02/26 21:02:08 INFO : Epoch 254
2024/02/26 21:02:08 INFO : train_loss       0.43825
2024/02/26 21:02:08 INFO : train_acc       88.81988
2024/02/26 21:02:08 INFO : test_loss       1.32259
2024/02/26 21:02:08 INFO : test_acc       36.66667
2024/02/26 21:02:08 INFO : 
2024/02/26 21:02:19 INFO : Epoch 255
2024/02/26 21:02:19 INFO : train_loss       0.48573
2024/02/26 21:02:19 INFO : train_acc       86.74948
2024/02/26 21:02:19 INFO : test_loss       1.32972
2024/02/26 21:02:19 INFO : test_acc       33.33333
2024/02/26 21:02:19 INFO : 
2024/02/26 21:02:31 INFO : Epoch 256
2024/02/26 21:02:31 INFO : train_loss       0.48127
2024/02/26 21:02:31 INFO : train_acc       90.89027
2024/02/26 21:02:31 INFO : test_loss       1.33660
2024/02/26 21:02:31 INFO : test_acc       30.00000
2024/02/26 21:02:31 INFO : 
2024/02/26 21:02:43 INFO : Epoch 257
2024/02/26 21:02:43 INFO : train_loss       0.50211
2024/02/26 21:02:43 INFO : train_acc       87.83644
2024/02/26 21:02:43 INFO : test_loss       1.34399
2024/02/26 21:02:43 INFO : test_acc       26.66667
2024/02/26 21:02:43 INFO : 
2024/02/26 21:02:55 INFO : Epoch 258
2024/02/26 21:02:55 INFO : train_loss       0.55153
2024/02/26 21:02:55 INFO : train_acc       87.73292
2024/02/26 21:02:55 INFO : test_loss       1.34409
2024/02/26 21:02:55 INFO : test_acc       26.66667
2024/02/26 21:02:55 INFO : 
2024/02/26 21:03:07 INFO : Epoch 259
2024/02/26 21:03:07 INFO : train_loss       0.48752
2024/02/26 21:03:07 INFO : train_acc       85.45549
2024/02/26 21:03:07 INFO : test_loss       1.34402
2024/02/26 21:03:07 INFO : test_acc       26.66667
2024/02/26 21:03:07 INFO : 
2024/02/26 21:03:18 INFO : Epoch 260
2024/02/26 21:03:18 INFO : train_loss       0.54576
2024/02/26 21:03:18 INFO : train_acc       79.03727
2024/02/26 21:03:18 INFO : test_loss       1.32690
2024/02/26 21:03:18 INFO : test_acc       30.00000
2024/02/26 21:03:18 INFO : 
2024/02/26 21:03:30 INFO : Epoch 261
2024/02/26 21:03:30 INFO : train_loss       0.51533
2024/02/26 21:03:30 INFO : train_acc       84.26501
2024/02/26 21:03:30 INFO : test_loss       1.32043
2024/02/26 21:03:30 INFO : test_acc       30.00000
2024/02/26 21:03:30 INFO : 
2024/02/26 21:03:42 INFO : Epoch 262
2024/02/26 21:03:42 INFO : train_loss       0.46529
2024/02/26 21:03:42 INFO : train_acc       90.01035
2024/02/26 21:03:42 INFO : test_loss       1.32610
2024/02/26 21:03:42 INFO : test_acc       33.33333
2024/02/26 21:03:42 INFO : 
2024/02/26 21:03:55 INFO : Epoch 263
2024/02/26 21:03:55 INFO : train_loss       0.50173
2024/02/26 21:03:55 INFO : train_acc       87.62940
2024/02/26 21:03:55 INFO : test_loss       1.33227
2024/02/26 21:03:55 INFO : test_acc       30.00000
2024/02/26 21:03:55 INFO : 
2024/02/26 21:04:06 INFO : Epoch 264
2024/02/26 21:04:06 INFO : train_loss       0.42762
2024/02/26 21:04:06 INFO : train_acc       90.89027
2024/02/26 21:04:06 INFO : test_loss       1.33948
2024/02/26 21:04:06 INFO : test_acc       30.00000
2024/02/26 21:04:06 INFO : 
2024/02/26 21:04:19 INFO : Epoch 265
2024/02/26 21:04:19 INFO : train_loss       0.51972
2024/02/26 21:04:19 INFO : train_acc       81.00414
2024/02/26 21:04:19 INFO : test_loss       1.33132
2024/02/26 21:04:19 INFO : test_acc       30.00000
2024/02/26 21:04:19 INFO : 
2024/02/26 21:04:32 INFO : Epoch 266
2024/02/26 21:04:32 INFO : train_loss       0.49111
2024/02/26 21:04:32 INFO : train_acc       85.55901
2024/02/26 21:04:32 INFO : test_loss       1.31808
2024/02/26 21:04:32 INFO : test_acc       33.33333
2024/02/26 21:04:32 INFO : 
2024/02/26 21:04:44 INFO : Epoch 267
2024/02/26 21:04:44 INFO : train_loss       0.45840
2024/02/26 21:04:44 INFO : train_acc       87.42236
2024/02/26 21:04:44 INFO : test_loss       1.30939
2024/02/26 21:04:44 INFO : test_acc       33.33333
2024/02/26 21:04:44 INFO : 
2024/02/26 21:04:56 INFO : Epoch 268
2024/02/26 21:04:56 INFO : train_loss       0.46892
2024/02/26 21:04:56 INFO : train_acc       93.27122
2024/02/26 21:04:56 INFO : test_loss       1.30671
2024/02/26 21:04:56 INFO : test_acc       30.00000
2024/02/26 21:04:56 INFO : 
2024/02/26 21:05:07 INFO : Epoch 269
2024/02/26 21:05:07 INFO : train_loss       0.49312
2024/02/26 21:05:07 INFO : train_acc       92.08075
2024/02/26 21:05:07 INFO : test_loss       1.30697
2024/02/26 21:05:07 INFO : test_acc       30.00000
2024/02/26 21:05:07 INFO : 
2024/02/26 21:05:20 INFO : Epoch 270
2024/02/26 21:05:20 INFO : train_loss       0.50110
2024/02/26 21:05:20 INFO : train_acc       87.62940
2024/02/26 21:05:20 INFO : test_loss       1.32572
2024/02/26 21:05:20 INFO : test_acc       30.00000
2024/02/26 21:05:20 INFO : 
2024/02/26 21:05:33 INFO : Epoch 271
2024/02/26 21:05:33 INFO : train_loss       0.41357
2024/02/26 21:05:33 INFO : train_acc       89.80331
2024/02/26 21:05:33 INFO : test_loss       1.34426
2024/02/26 21:05:33 INFO : test_acc       30.00000
2024/02/26 21:05:33 INFO : 
2024/02/26 21:05:45 INFO : Epoch 272
2024/02/26 21:05:45 INFO : train_loss       0.51409
2024/02/26 21:05:45 INFO : train_acc       78.93375
2024/02/26 21:05:45 INFO : test_loss       1.35470
2024/02/26 21:05:45 INFO : test_acc       30.00000
2024/02/26 21:05:45 INFO : 
2024/02/26 21:05:56 INFO : Epoch 273
2024/02/26 21:05:56 INFO : train_loss       0.41966
2024/02/26 21:05:56 INFO : train_acc       92.18427
2024/02/26 21:05:56 INFO : test_loss       1.35665
2024/02/26 21:05:56 INFO : test_acc       30.00000
2024/02/26 21:05:56 INFO : 
2024/02/26 21:06:08 INFO : Epoch 274
2024/02/26 21:06:08 INFO : train_loss       0.42552
2024/02/26 21:06:08 INFO : train_acc       86.74948
2024/02/26 21:06:08 INFO : test_loss       1.36578
2024/02/26 21:06:08 INFO : test_acc       33.33333
2024/02/26 21:06:08 INFO : 
2024/02/26 21:06:19 INFO : Epoch 275
2024/02/26 21:06:19 INFO : train_loss       0.51994
2024/02/26 21:06:19 INFO : train_acc       84.26501
2024/02/26 21:06:19 INFO : test_loss       1.38265
2024/02/26 21:06:19 INFO : test_acc       36.66667
2024/02/26 21:06:19 INFO : 
2024/02/26 21:06:31 INFO : Epoch 276
2024/02/26 21:06:31 INFO : train_loss       0.45637
2024/02/26 21:06:31 INFO : train_acc       85.66253
2024/02/26 21:06:31 INFO : test_loss       1.38182
2024/02/26 21:06:31 INFO : test_acc       36.66667
2024/02/26 21:06:31 INFO : 
2024/02/26 21:06:43 INFO : Epoch 277
2024/02/26 21:06:43 INFO : train_loss       0.42876
2024/02/26 21:06:43 INFO : train_acc       87.73292
2024/02/26 21:06:43 INFO : test_loss       1.38042
2024/02/26 21:06:43 INFO : test_acc       36.66667
2024/02/26 21:06:43 INFO : 
2024/02/26 21:06:54 INFO : Epoch 278
2024/02/26 21:06:54 INFO : train_loss       0.43378
2024/02/26 21:06:54 INFO : train_acc       92.08075
2024/02/26 21:06:54 INFO : test_loss       1.36964
2024/02/26 21:06:54 INFO : test_acc       36.66667
2024/02/26 21:06:54 INFO : 
2024/02/26 21:07:04 INFO : Epoch 279
2024/02/26 21:07:04 INFO : train_loss       0.51619
2024/02/26 21:07:04 INFO : train_acc       83.48861
2024/02/26 21:07:04 INFO : test_loss       1.35671
2024/02/26 21:07:04 INFO : test_acc       33.33333
2024/02/26 21:07:04 INFO : 
2024/02/26 21:07:16 INFO : Epoch 280
2024/02/26 21:07:16 INFO : train_loss       0.48249
2024/02/26 21:07:16 INFO : train_acc       90.01035
2024/02/26 21:07:16 INFO : test_loss       1.35204
2024/02/26 21:07:16 INFO : test_acc       36.66667
2024/02/26 21:07:16 INFO : 
2024/02/26 21:07:27 INFO : Epoch 281
2024/02/26 21:07:27 INFO : train_loss       0.51493
2024/02/26 21:07:27 INFO : train_acc       86.23188
2024/02/26 21:07:27 INFO : test_loss       1.35621
2024/02/26 21:07:27 INFO : test_acc       33.33333
2024/02/26 21:07:27 INFO : 
2024/02/26 21:07:38 INFO : Epoch 282
2024/02/26 21:07:38 INFO : train_loss       0.52746
2024/02/26 21:07:38 INFO : train_acc       82.19462
2024/02/26 21:07:38 INFO : test_loss       1.35474
2024/02/26 21:07:38 INFO : test_acc       33.33333
2024/02/26 21:07:38 INFO : 
2024/02/26 21:07:50 INFO : Epoch 283
2024/02/26 21:07:50 INFO : train_loss       0.38154
2024/02/26 21:07:50 INFO : train_acc       93.47826
2024/02/26 21:07:50 INFO : test_loss       1.35158
2024/02/26 21:07:50 INFO : test_acc       36.66667
2024/02/26 21:07:50 INFO : 
2024/02/26 21:08:03 INFO : Epoch 284
2024/02/26 21:08:03 INFO : train_loss       0.39372
2024/02/26 21:08:03 INFO : train_acc       92.18427
2024/02/26 21:08:03 INFO : test_loss       1.34402
2024/02/26 21:08:03 INFO : test_acc       36.66667
2024/02/26 21:08:03 INFO : 
2024/02/26 21:08:15 INFO : Epoch 285
2024/02/26 21:08:15 INFO : train_loss       0.45183
2024/02/26 21:08:15 INFO : train_acc       87.73292
2024/02/26 21:08:15 INFO : test_loss       1.33890
2024/02/26 21:08:15 INFO : test_acc       36.66667
2024/02/26 21:08:15 INFO : 
2024/02/26 21:08:26 INFO : Epoch 286
2024/02/26 21:08:26 INFO : train_loss       0.43602
2024/02/26 21:08:26 INFO : train_acc       94.35818
2024/02/26 21:08:26 INFO : test_loss       1.33793
2024/02/26 21:08:26 INFO : test_acc       33.33333
2024/02/26 21:08:26 INFO : 
2024/02/26 21:08:38 INFO : Epoch 287
2024/02/26 21:08:38 INFO : train_loss       0.48113
2024/02/26 21:08:38 INFO : train_acc       86.74948
2024/02/26 21:08:38 INFO : test_loss       1.34133
2024/02/26 21:08:38 INFO : test_acc       33.33333
2024/02/26 21:08:38 INFO : 
2024/02/26 21:08:50 INFO : Epoch 288
2024/02/26 21:08:50 INFO : train_loss       0.51220
2024/02/26 21:08:50 INFO : train_acc       86.54244
2024/02/26 21:08:50 INFO : test_loss       1.34882
2024/02/26 21:08:50 INFO : test_acc       33.33333
2024/02/26 21:08:50 INFO : 
2024/02/26 21:09:00 INFO : Epoch 289
2024/02/26 21:09:00 INFO : train_loss       0.44057
2024/02/26 21:09:00 INFO : train_acc       90.11387
2024/02/26 21:09:00 INFO : test_loss       1.35847
2024/02/26 21:09:00 INFO : test_acc       36.66667
2024/02/26 21:09:00 INFO : 
2024/02/26 21:09:11 INFO : Epoch 290
2024/02/26 21:09:11 INFO : train_loss       0.46232
2024/02/26 21:09:11 INFO : train_acc       85.66253
2024/02/26 21:09:11 INFO : test_loss       1.37340
2024/02/26 21:09:11 INFO : test_acc       36.66667
2024/02/26 21:09:11 INFO : 
2024/02/26 21:09:21 INFO : Epoch 291
2024/02/26 21:09:21 INFO : train_loss       0.47582
2024/02/26 21:09:21 INFO : train_acc       89.02692
2024/02/26 21:09:21 INFO : test_loss       1.38385
2024/02/26 21:09:21 INFO : test_acc       36.66667
2024/02/26 21:09:21 INFO : 
2024/02/26 21:43:27 INFO : Epoch 292
2024/02/26 21:43:27 INFO : train_loss       0.42041
2024/02/26 21:43:27 INFO : train_acc       91.20083
2024/02/26 21:43:27 INFO : test_loss       1.38903
2024/02/26 21:43:27 INFO : test_acc       36.66667
2024/02/26 21:43:27 INFO : 
2024/02/26 21:43:42 INFO : Epoch 293
2024/02/26 21:43:42 INFO : train_loss       0.50833
2024/02/26 21:43:42 INFO : train_acc       81.31470
2024/02/26 21:43:42 INFO : test_loss       1.40255
2024/02/26 21:43:42 INFO : test_acc       33.33333
2024/02/26 21:43:42 INFO : 
2024/02/26 21:43:56 INFO : Epoch 294
2024/02/26 21:43:56 INFO : train_loss       0.46063
2024/02/26 21:43:56 INFO : train_acc       86.85300
2024/02/26 21:43:56 INFO : test_loss       1.40464
2024/02/26 21:43:56 INFO : test_acc       33.33333
2024/02/26 21:43:56 INFO : 
2024/02/26 21:44:07 INFO : Epoch 295
2024/02/26 21:44:07 INFO : train_loss       0.50369
2024/02/26 21:44:07 INFO : train_acc       84.36853
2024/02/26 21:44:07 INFO : test_loss       1.39956
2024/02/26 21:44:07 INFO : test_acc       33.33333
2024/02/26 21:44:07 INFO : 
2024/02/26 21:44:17 INFO : Epoch 296
2024/02/26 21:44:17 INFO : train_loss       0.46075
2024/02/26 21:44:17 INFO : train_acc       88.92340
2024/02/26 21:44:17 INFO : test_loss       1.38433
2024/02/26 21:44:17 INFO : test_acc       33.33333
2024/02/26 21:44:17 INFO : 
2024/02/26 21:44:26 INFO : Epoch 297
2024/02/26 21:44:26 INFO : train_loss       0.47300
2024/02/26 21:44:26 INFO : train_acc       87.73292
2024/02/26 21:44:26 INFO : test_loss       1.37697
2024/02/26 21:44:26 INFO : test_acc       36.66667
2024/02/26 21:44:26 INFO : 
2024/02/26 21:44:36 INFO : Epoch 298
2024/02/26 21:44:36 INFO : train_loss       0.46902
2024/02/26 21:44:36 INFO : train_acc       84.47205
2024/02/26 21:44:36 INFO : test_loss       1.37507
2024/02/26 21:44:36 INFO : test_acc       36.66667
2024/02/26 21:44:36 INFO : 
2024/02/26 21:44:46 INFO : Epoch 299
2024/02/26 21:44:46 INFO : train_loss       0.49766
2024/02/26 21:44:46 INFO : train_acc       84.36853
2024/02/26 21:44:46 INFO : test_loss       1.37281
2024/02/26 21:44:46 INFO : test_acc       33.33333
2024/02/26 21:44:46 INFO : 
2024/02/26 21:44:46 INFO : Best test acc 43.33333 
2024/02/26 21:44:46 INFO : mean acc of last 10 epochs 35.00000 
2024/02/26 21:44:46 INFO : std of last 10 epochs 1.66667 
2024/02/26 21:44:46 INFO : * * * * * * * * * * * * * * * * * * * * 
2024/02/26 21:45:18 INFO : ****************  LMDA for 12! ***************************
2024/02/26 21:45:19 INFO : {'num_classes': 4, 'chans': 24, 'channel_depth1': 26, 'channel_depth2': 9, 'kernel': 75, 'depth': 9, 'pool_depth': 1, 'avepool': 50, 'avgpool_step1': 1}
2024/02/26 21:45:19 INFO : ****** Run until first stop... ********
2024/02/26 21:45:19 INFO : Train size: 3
2024/02/26 21:45:19 INFO : Test size: 1
2024/02/26 21:45:32 INFO : New best test acc 30.000000
2024/02/26 21:45:32 INFO : Epoch 0
2024/02/26 21:45:32 INFO : train_loss       1.48626
2024/02/26 21:45:32 INFO : train_acc       20.70393
2024/02/26 21:45:32 INFO : test_loss       1.38684
2024/02/26 21:45:32 INFO : test_acc       30.00000
2024/02/26 21:45:32 INFO : 
2024/02/26 21:48:13 INFO : Epoch 20
2024/02/26 21:48:13 INFO : train_loss       1.11486
2024/02/26 21:48:13 INFO : train_acc       50.41408
2024/02/26 21:48:13 INFO : test_loss       1.38016
2024/02/26 21:48:13 INFO : test_acc       30.00000
2024/02/26 21:48:13 INFO : 
2024/02/26 21:50:54 INFO : Epoch 40
2024/02/26 21:50:54 INFO : train_loss       1.01255
2024/02/26 21:50:54 INFO : train_acc       58.17805
2024/02/26 21:50:54 INFO : test_loss       1.58179
2024/02/26 21:50:54 INFO : test_acc       25.00000
2024/02/26 21:50:54 INFO : 
2024/02/26 21:53:42 INFO : Epoch 60
2024/02/26 21:53:42 INFO : train_loss       0.87062
2024/02/26 21:53:42 INFO : train_acc       70.18634
2024/02/26 21:53:42 INFO : test_loss       1.71178
2024/02/26 21:53:42 INFO : test_acc       20.00000
2024/02/26 21:53:42 INFO : 
2024/02/26 21:58:18 INFO : Epoch 80
2024/02/26 21:58:18 INFO : train_loss       0.81885
2024/02/26 21:58:18 INFO : train_acc       72.15321
2024/02/26 21:58:18 INFO : test_loss       1.79196
2024/02/26 21:58:18 INFO : test_acc       25.00000
2024/02/26 21:58:18 INFO : 
2024/02/26 22:02:32 INFO : Epoch 100
2024/02/26 22:02:32 INFO : train_loss       0.66527
2024/02/26 22:02:32 INFO : train_acc       81.26294
2024/02/26 22:02:32 INFO : test_loss       1.85286
2024/02/26 22:02:32 INFO : test_acc       30.00000
2024/02/26 22:02:32 INFO : 
2024/02/26 22:07:31 INFO : Epoch 120
2024/02/26 22:07:31 INFO : train_loss       0.67741
2024/02/26 22:07:31 INFO : train_acc       75.05176
2024/02/26 22:07:31 INFO : test_loss       1.88643
2024/02/26 22:07:31 INFO : test_acc       30.00000
2024/02/26 22:07:31 INFO : 
2024/02/26 22:10:23 INFO : Epoch 140
2024/02/26 22:10:23 INFO : train_loss       0.62725
2024/02/26 22:10:23 INFO : train_acc       85.09317
2024/02/26 22:10:23 INFO : test_loss       1.88490
2024/02/26 22:10:23 INFO : test_acc       25.00000
2024/02/26 22:10:23 INFO : 
2024/02/26 22:13:19 INFO : Epoch 160
2024/02/26 22:13:19 INFO : train_loss       0.52330
2024/02/26 22:13:19 INFO : train_acc       96.16977
2024/02/26 22:13:19 INFO : test_loss       1.93308
2024/02/26 22:13:19 INFO : test_acc       20.00000
2024/02/26 22:13:19 INFO : 
2024/02/26 22:16:22 INFO : Epoch 180
2024/02/26 22:16:22 INFO : train_loss       0.55436
2024/02/26 22:16:22 INFO : train_acc       80.74534
2024/02/26 22:16:22 INFO : test_loss       1.94084
2024/02/26 22:16:22 INFO : test_acc       20.00000
2024/02/26 22:16:22 INFO : 
2024/02/26 22:19:23 INFO : Epoch 200
2024/02/26 22:19:23 INFO : train_loss       0.43606
2024/02/26 22:19:23 INFO : train_acc       88.50932
2024/02/26 22:19:23 INFO : test_loss       1.97840
2024/02/26 22:19:23 INFO : test_acc       20.00000
2024/02/26 22:19:23 INFO : 
2024/02/26 22:22:27 INFO : Epoch 220
2024/02/26 22:22:27 INFO : train_loss       0.41077
2024/02/26 22:22:27 INFO : train_acc       94.72050
2024/02/26 22:22:27 INFO : test_loss       2.03723
2024/02/26 22:22:27 INFO : test_acc       20.00000
2024/02/26 22:22:27 INFO : 
2024/02/26 22:25:31 INFO : Epoch 240
2024/02/26 22:25:31 INFO : train_loss       0.35898
2024/02/26 22:25:31 INFO : train_acc       94.20290
2024/02/26 22:25:31 INFO : test_loss       2.07153
2024/02/26 22:25:31 INFO : test_acc       20.00000
2024/02/26 22:25:31 INFO : 
2024/02/26 22:27:07 INFO : Epoch 251
2024/02/26 22:27:07 INFO : train_loss       0.35361
2024/02/26 22:27:07 INFO : train_acc       97.10145
2024/02/26 22:27:07 INFO : test_loss       2.09861
2024/02/26 22:27:07 INFO : test_acc       20.00000
2024/02/26 22:27:07 INFO : 
2024/02/26 22:27:16 INFO : Epoch 252
2024/02/26 22:27:16 INFO : train_loss       0.41833
2024/02/26 22:27:16 INFO : train_acc       94.72050
2024/02/26 22:27:16 INFO : test_loss       2.09690
2024/02/26 22:27:16 INFO : test_acc       20.00000
2024/02/26 22:27:16 INFO : 
2024/02/26 22:27:25 INFO : Epoch 253
2024/02/26 22:27:25 INFO : train_loss       0.36757
2024/02/26 22:27:25 INFO : train_acc       95.65217
2024/02/26 22:27:25 INFO : test_loss       2.09510
2024/02/26 22:27:25 INFO : test_acc       20.00000
2024/02/26 22:27:25 INFO : 
2024/02/26 22:27:33 INFO : Epoch 254
2024/02/26 22:27:33 INFO : train_loss       0.40389
2024/02/26 22:27:33 INFO : train_acc       91.30435
2024/02/26 22:27:33 INFO : test_loss       2.11595
2024/02/26 22:27:33 INFO : test_acc       20.00000
2024/02/26 22:27:33 INFO : 
2024/02/26 22:27:42 INFO : Epoch 255
2024/02/26 22:27:42 INFO : train_loss       0.44578
2024/02/26 22:27:42 INFO : train_acc       91.40787
2024/02/26 22:27:42 INFO : test_loss       2.12036
2024/02/26 22:27:42 INFO : test_acc       20.00000
2024/02/26 22:27:42 INFO : 
2024/02/26 22:27:50 INFO : Epoch 256
2024/02/26 22:27:50 INFO : train_loss       0.41198
2024/02/26 22:27:50 INFO : train_acc       88.50932
2024/02/26 22:27:50 INFO : test_loss       2.12014
2024/02/26 22:27:50 INFO : test_acc       20.00000
2024/02/26 22:27:50 INFO : 
2024/02/26 22:27:59 INFO : Epoch 257
2024/02/26 22:27:59 INFO : train_loss       0.41437
2024/02/26 22:27:59 INFO : train_acc       94.72050
2024/02/26 22:27:59 INFO : test_loss       2.11168
2024/02/26 22:27:59 INFO : test_acc       20.00000
2024/02/26 22:27:59 INFO : 
2024/02/26 22:28:07 INFO : Epoch 258
2024/02/26 22:28:07 INFO : train_loss       0.48800
2024/02/26 22:28:07 INFO : train_acc       87.06004
2024/02/26 22:28:07 INFO : test_loss       2.10576
2024/02/26 22:28:07 INFO : test_acc       20.00000
2024/02/26 22:28:07 INFO : 
2024/02/26 22:28:16 INFO : Epoch 259
2024/02/26 22:28:16 INFO : train_loss       0.34535
2024/02/26 22:28:16 INFO : train_acc       97.10145
2024/02/26 22:28:16 INFO : test_loss       2.10113
2024/02/26 22:28:16 INFO : test_acc       20.00000
2024/02/26 22:28:16 INFO : 
2024/02/26 22:28:24 INFO : Epoch 260
2024/02/26 22:28:24 INFO : train_loss       0.36457
2024/02/26 22:28:24 INFO : train_acc       95.65217
2024/02/26 22:28:24 INFO : test_loss       2.09868
2024/02/26 22:28:24 INFO : test_acc       20.00000
2024/02/26 22:28:24 INFO : 
2024/02/26 22:28:33 INFO : Epoch 261
2024/02/26 22:28:33 INFO : train_loss       0.51715
2024/02/26 22:28:33 INFO : train_acc       84.67909
2024/02/26 22:28:33 INFO : test_loss       2.09908
2024/02/26 22:28:33 INFO : test_acc       20.00000
2024/02/26 22:28:33 INFO : 
2024/02/26 22:28:42 INFO : Epoch 262
2024/02/26 22:28:42 INFO : train_loss       0.37751
2024/02/26 22:28:42 INFO : train_acc       97.10145
2024/02/26 22:28:42 INFO : test_loss       2.08712
2024/02/26 22:28:42 INFO : test_acc       20.00000
2024/02/26 22:28:42 INFO : 
2024/02/26 22:28:51 INFO : Epoch 263
2024/02/26 22:28:51 INFO : train_loss       0.42581
2024/02/26 22:28:51 INFO : train_acc       95.65217
2024/02/26 22:28:51 INFO : test_loss       2.06909
2024/02/26 22:28:51 INFO : test_acc       20.00000
2024/02/26 22:28:51 INFO : 
2024/02/26 22:29:01 INFO : Epoch 264
2024/02/26 22:29:01 INFO : train_loss       0.38868
2024/02/26 22:29:01 INFO : train_acc       90.37267
2024/02/26 22:29:01 INFO : test_loss       2.06391
2024/02/26 22:29:01 INFO : test_acc       20.00000
2024/02/26 22:29:01 INFO : 
2024/02/26 22:29:10 INFO : Epoch 265
2024/02/26 22:29:10 INFO : train_loss       0.45246
2024/02/26 22:29:10 INFO : train_acc       93.27122
2024/02/26 22:29:10 INFO : test_loss       2.07717
2024/02/26 22:29:10 INFO : test_acc       20.00000
2024/02/26 22:29:10 INFO : 
2024/02/26 22:29:20 INFO : Epoch 266
2024/02/26 22:29:20 INFO : train_loss       0.44636
2024/02/26 22:29:20 INFO : train_acc       90.89027
2024/02/26 22:29:20 INFO : test_loss       2.10700
2024/02/26 22:29:20 INFO : test_acc       20.00000
2024/02/26 22:29:20 INFO : 
2024/02/26 22:29:29 INFO : Epoch 267
2024/02/26 22:29:29 INFO : train_loss       0.45674
2024/02/26 22:29:29 INFO : train_acc       94.20290
2024/02/26 22:29:29 INFO : test_loss       2.11770
2024/02/26 22:29:29 INFO : test_acc       20.00000
2024/02/26 22:29:29 INFO : 
2024/02/26 22:29:38 INFO : Epoch 268
2024/02/26 22:29:38 INFO : train_loss       0.38734
2024/02/26 22:29:38 INFO : train_acc       95.65217
2024/02/26 22:29:38 INFO : test_loss       2.10314
2024/02/26 22:29:38 INFO : test_acc       20.00000
2024/02/26 22:29:38 INFO : 
2024/02/26 22:29:47 INFO : Epoch 269
2024/02/26 22:29:47 INFO : train_loss       0.35429
2024/02/26 22:29:47 INFO : train_acc       94.72050
2024/02/26 22:29:47 INFO : test_loss       2.07157
2024/02/26 22:29:47 INFO : test_acc       20.00000
2024/02/26 22:29:47 INFO : 
2024/02/26 22:29:56 INFO : Epoch 270
2024/02/26 22:29:56 INFO : train_loss       0.37048
2024/02/26 22:29:56 INFO : train_acc       96.16977
2024/02/26 22:29:56 INFO : test_loss       2.05700
2024/02/26 22:29:56 INFO : test_acc       20.00000
2024/02/26 22:29:56 INFO : 
2024/02/26 22:30:05 INFO : Epoch 271
2024/02/26 22:30:05 INFO : train_loss       0.44552
2024/02/26 22:30:05 INFO : train_acc       91.82195
2024/02/26 22:30:05 INFO : test_loss       2.06975
2024/02/26 22:30:05 INFO : test_acc       20.00000
2024/02/26 22:30:05 INFO : 
2024/02/26 22:30:13 INFO : Epoch 272
2024/02/26 22:30:13 INFO : train_loss       0.37255
2024/02/26 22:30:13 INFO : train_acc       93.78882
2024/02/26 22:30:13 INFO : test_loss       2.07878
2024/02/26 22:30:13 INFO : test_acc       20.00000
2024/02/26 22:30:13 INFO : 
2024/02/26 22:30:23 INFO : Epoch 273
2024/02/26 22:30:23 INFO : train_loss       0.45726
2024/02/26 22:30:23 INFO : train_acc       97.10145
2024/02/26 22:30:23 INFO : test_loss       2.09623
2024/02/26 22:30:23 INFO : test_acc       20.00000
2024/02/26 22:30:23 INFO : 
2024/02/26 22:30:32 INFO : Epoch 274
2024/02/26 22:30:32 INFO : train_loss       0.42556
2024/02/26 22:30:32 INFO : train_acc       90.37267
2024/02/26 22:30:32 INFO : test_loss       2.10924
2024/02/26 22:30:32 INFO : test_acc       20.00000
2024/02/26 22:30:32 INFO : 
2024/02/26 22:30:40 INFO : Epoch 275
2024/02/26 22:30:40 INFO : train_loss       0.44167
2024/02/26 22:30:40 INFO : train_acc       94.72050
2024/02/26 22:30:40 INFO : test_loss       2.11355
2024/02/26 22:30:40 INFO : test_acc       20.00000
2024/02/26 22:30:40 INFO : 
2024/02/26 22:30:49 INFO : Epoch 276
2024/02/26 22:30:49 INFO : train_loss       0.40678
2024/02/26 22:30:49 INFO : train_acc       89.44099
2024/02/26 22:30:49 INFO : test_loss       2.10373
2024/02/26 22:30:49 INFO : test_acc       20.00000
2024/02/26 22:30:49 INFO : 
2024/02/26 22:30:58 INFO : Epoch 277
2024/02/26 22:30:58 INFO : train_loss       0.42259
2024/02/26 22:30:58 INFO : train_acc       90.37267
2024/02/26 22:30:58 INFO : test_loss       2.10314
2024/02/26 22:30:58 INFO : test_acc       20.00000
2024/02/26 22:30:58 INFO : 
2024/02/26 22:31:07 INFO : Epoch 278
2024/02/26 22:31:07 INFO : train_loss       0.36992
2024/02/26 22:31:07 INFO : train_acc       98.55072
2024/02/26 22:31:07 INFO : test_loss       2.11937
2024/02/26 22:31:07 INFO : test_acc       20.00000
2024/02/26 22:31:07 INFO : 
2024/02/26 22:31:16 INFO : Epoch 279
2024/02/26 22:31:16 INFO : train_loss       0.38153
2024/02/26 22:31:16 INFO : train_acc       90.37267
2024/02/26 22:31:16 INFO : test_loss       2.12481
2024/02/26 22:31:16 INFO : test_acc       20.00000
2024/02/26 22:31:16 INFO : 
2024/02/26 22:31:25 INFO : Epoch 280
2024/02/26 22:31:25 INFO : train_loss       0.34567
2024/02/26 22:31:25 INFO : train_acc       96.16977
2024/02/26 22:31:25 INFO : test_loss       2.10853
2024/02/26 22:31:25 INFO : test_acc       15.00000
2024/02/26 22:31:25 INFO : 
2024/02/26 22:31:34 INFO : Epoch 281
2024/02/26 22:31:34 INFO : train_loss       0.41443
2024/02/26 22:31:34 INFO : train_acc       97.10145
2024/02/26 22:31:34 INFO : test_loss       2.11234
2024/02/26 22:31:34 INFO : test_acc       15.00000
2024/02/26 22:31:34 INFO : 
2024/02/26 22:31:42 INFO : Epoch 282
2024/02/26 22:31:42 INFO : train_loss       0.43013
2024/02/26 22:31:42 INFO : train_acc       87.06004
2024/02/26 22:31:42 INFO : test_loss       2.09777
2024/02/26 22:31:42 INFO : test_acc       15.00000
2024/02/26 22:31:42 INFO : 
2024/02/26 22:31:52 INFO : Epoch 283
2024/02/26 22:31:52 INFO : train_loss       0.37997
2024/02/26 22:31:52 INFO : train_acc       96.16977
2024/02/26 22:31:52 INFO : test_loss       2.08738
2024/02/26 22:31:52 INFO : test_acc       15.00000
2024/02/26 22:31:52 INFO : 
2024/02/26 22:32:01 INFO : Epoch 284
2024/02/26 22:32:01 INFO : train_loss       0.39447
2024/02/26 22:32:01 INFO : train_acc       92.75362
2024/02/26 22:32:01 INFO : test_loss       2.09663
2024/02/26 22:32:01 INFO : test_acc       15.00000
2024/02/26 22:32:01 INFO : 
2024/02/26 22:32:10 INFO : Epoch 285
2024/02/26 22:32:10 INFO : train_loss       0.36150
2024/02/26 22:32:10 INFO : train_acc       95.65217
2024/02/26 22:32:10 INFO : test_loss       2.10593
2024/02/26 22:32:10 INFO : test_acc       15.00000
2024/02/26 22:32:10 INFO : 
2024/02/26 22:32:19 INFO : Epoch 286
2024/02/26 22:32:19 INFO : train_loss       0.44811
2024/02/26 22:32:19 INFO : train_acc       87.99172
2024/02/26 22:32:19 INFO : test_loss       2.10357
2024/02/26 22:32:19 INFO : test_acc       15.00000
2024/02/26 22:32:19 INFO : 
2024/02/26 22:32:28 INFO : Epoch 287
2024/02/26 22:32:28 INFO : train_loss       0.37748
2024/02/26 22:32:28 INFO : train_acc       92.85714
2024/02/26 22:32:28 INFO : test_loss       2.10364
2024/02/26 22:32:28 INFO : test_acc       20.00000
2024/02/26 22:32:28 INFO : 
2024/02/26 22:32:37 INFO : Epoch 288
2024/02/26 22:32:37 INFO : train_loss       0.44245
2024/02/26 22:32:37 INFO : train_acc       97.61905
2024/02/26 22:32:37 INFO : test_loss       2.11190
2024/02/26 22:32:37 INFO : test_acc       20.00000
2024/02/26 22:32:37 INFO : 
2024/02/26 22:32:46 INFO : Epoch 289
2024/02/26 22:32:46 INFO : train_loss       0.37088
2024/02/26 22:32:46 INFO : train_acc       94.20290
2024/02/26 22:32:46 INFO : test_loss       2.14193
2024/02/26 22:32:46 INFO : test_acc       20.00000
2024/02/26 22:32:46 INFO : 
2024/02/26 22:32:55 INFO : Epoch 290
2024/02/26 22:32:55 INFO : train_loss       0.33228
2024/02/26 22:32:55 INFO : train_acc       94.72050
2024/02/26 22:32:55 INFO : test_loss       2.17430
2024/02/26 22:32:55 INFO : test_acc       20.00000
2024/02/26 22:32:55 INFO : 
2024/02/26 22:33:05 INFO : Epoch 291
2024/02/26 22:33:05 INFO : train_loss       0.38724
2024/02/26 22:33:05 INFO : train_acc       91.30435
2024/02/26 22:33:05 INFO : test_loss       2.18351
2024/02/26 22:33:05 INFO : test_acc       20.00000
2024/02/26 22:33:05 INFO : 
2024/02/26 22:33:14 INFO : Epoch 292
2024/02/26 22:33:14 INFO : train_loss       0.42672
2024/02/26 22:33:14 INFO : train_acc       92.33954
2024/02/26 22:33:14 INFO : test_loss       2.19567
2024/02/26 22:33:14 INFO : test_acc       20.00000
2024/02/26 22:33:14 INFO : 
2024/02/26 22:33:23 INFO : Epoch 293
2024/02/26 22:33:23 INFO : train_loss       0.36978
2024/02/26 22:33:23 INFO : train_acc       95.23810
2024/02/26 22:33:23 INFO : test_loss       2.20547
2024/02/26 22:33:23 INFO : test_acc       20.00000
2024/02/26 22:33:23 INFO : 
2024/02/26 22:33:32 INFO : Epoch 294
2024/02/26 22:33:32 INFO : train_loss       0.40548
2024/02/26 22:33:32 INFO : train_acc       90.89027
2024/02/26 22:33:32 INFO : test_loss       2.20382
2024/02/26 22:33:32 INFO : test_acc       20.00000
2024/02/26 22:33:32 INFO : 
2024/02/26 22:33:41 INFO : Epoch 295
2024/02/26 22:33:41 INFO : train_loss       0.32754
2024/02/26 22:33:41 INFO : train_acc       96.16977
2024/02/26 22:33:41 INFO : test_loss       2.18440
2024/02/26 22:33:41 INFO : test_acc       20.00000
2024/02/26 22:33:41 INFO : 
2024/02/26 22:33:50 INFO : Epoch 296
2024/02/26 22:33:50 INFO : train_loss       0.38203
2024/02/26 22:33:50 INFO : train_acc       96.16977
2024/02/26 22:33:50 INFO : test_loss       2.16081
2024/02/26 22:33:50 INFO : test_acc       20.00000
2024/02/26 22:33:50 INFO : 
2024/02/26 22:33:59 INFO : Epoch 297
2024/02/26 22:33:59 INFO : train_loss       0.38310
2024/02/26 22:33:59 INFO : train_acc       93.27122
2024/02/26 22:33:59 INFO : test_loss       2.15326
2024/02/26 22:33:59 INFO : test_acc       20.00000
2024/02/26 22:33:59 INFO : 
2024/02/26 22:34:08 INFO : Epoch 298
2024/02/26 22:34:08 INFO : train_loss       0.40116
2024/02/26 22:34:08 INFO : train_acc       95.23810
2024/02/26 22:34:08 INFO : test_loss       2.16119
2024/02/26 22:34:08 INFO : test_acc       20.00000
2024/02/26 22:34:08 INFO : 
2024/02/26 22:34:17 INFO : Epoch 299
2024/02/26 22:34:17 INFO : train_loss       0.39303
2024/02/26 22:34:17 INFO : train_acc       90.89027
2024/02/26 22:34:17 INFO : test_loss       2.16574
2024/02/26 22:34:17 INFO : test_acc       20.00000
2024/02/26 22:34:17 INFO : 
2024/02/26 22:34:17 INFO : Best test acc 30.00000 
2024/02/26 22:34:17 INFO : mean acc of last 10 epochs 20.00000 
2024/02/26 22:34:17 INFO : std of last 10 epochs 0.00000 
2024/02/26 22:34:17 INFO : * * * * * * * * * * * * * * * * * * * * 
2024/02/26 22:34:59 INFO : ****************  LMDA for 13! ***************************
2024/02/26 22:34:59 INFO : {'num_classes': 4, 'chans': 24, 'channel_depth1': 26, 'channel_depth2': 9, 'kernel': 75, 'depth': 9, 'pool_depth': 1, 'avepool': 50, 'avgpool_step1': 1}
2024/02/26 22:34:59 INFO : ****** Run until first stop... ********
2024/02/26 22:34:59 INFO : Train size: 4
2024/02/26 22:34:59 INFO : Test size: 2
2024/02/26 22:35:08 INFO : New best test acc 29.629630
2024/02/26 22:35:08 INFO : Epoch 0
2024/02/26 22:35:08 INFO : train_loss       1.53077
2024/02/26 22:35:08 INFO : train_acc       34.05797
2024/02/26 22:35:08 INFO : test_loss       1.38161
2024/02/26 22:35:08 INFO : test_acc       29.62963
2024/02/26 22:35:08 INFO : 
2024/02/26 22:38:19 INFO : Epoch 20
2024/02/26 22:38:19 INFO : train_loss       1.17677
2024/02/26 22:38:19 INFO : train_acc       51.53986
2024/02/26 22:38:19 INFO : test_loss       1.37055
2024/02/26 22:38:19 INFO : test_acc       29.62963
2024/02/26 22:38:19 INFO : 
2024/02/26 22:39:23 INFO : New best test acc 33.333333
2024/02/26 22:41:28 INFO : Epoch 40
2024/02/26 22:41:28 INFO : train_loss       1.05195
2024/02/26 22:41:28 INFO : train_acc       59.23913
2024/02/26 22:41:28 INFO : test_loss       1.38389
2024/02/26 22:41:28 INFO : test_acc       22.22222
2024/02/26 22:41:28 INFO : 
2024/02/26 22:42:35 INFO : New best test acc 37.037037
2024/02/26 22:44:02 INFO : New best test acc 44.444444
2024/02/26 22:44:41 INFO : Epoch 60
2024/02/26 22:44:41 INFO : train_loss       0.94805
2024/02/26 22:44:41 INFO : train_acc       61.50362
2024/02/26 22:44:41 INFO : test_loss       1.41852
2024/02/26 22:44:41 INFO : test_acc       33.33333
2024/02/26 22:44:41 INFO : 
2024/02/26 22:47:35 INFO : Epoch 80
2024/02/26 22:47:35 INFO : train_loss       0.90510
2024/02/26 22:47:35 INFO : train_acc       75.09058
2024/02/26 22:47:35 INFO : test_loss       1.39481
2024/02/26 22:47:35 INFO : test_acc       37.03704
2024/02/26 22:47:35 INFO : 
2024/02/26 22:49:46 INFO : Epoch 100
2024/02/26 22:49:46 INFO : train_loss       0.80687
2024/02/26 22:49:46 INFO : train_acc       75.36232
2024/02/26 22:49:46 INFO : test_loss       1.42363
2024/02/26 22:49:46 INFO : test_acc       33.33333
2024/02/26 22:49:46 INFO : 
2024/02/26 22:51:56 INFO : Epoch 120
2024/02/26 22:51:56 INFO : train_loss       0.77056
2024/02/26 22:51:56 INFO : train_acc       79.61957
2024/02/26 22:51:56 INFO : test_loss       1.40922
2024/02/26 22:51:56 INFO : test_acc       25.92593
2024/02/26 22:51:56 INFO : 
2024/02/26 22:54:04 INFO : Epoch 140
2024/02/26 22:54:04 INFO : train_loss       0.62290
2024/02/26 22:54:04 INFO : train_acc       84.87319
2024/02/26 22:54:04 INFO : test_loss       1.38472
2024/02/26 22:54:04 INFO : test_acc       25.92593
2024/02/26 22:54:04 INFO : 
2024/02/26 22:56:12 INFO : Epoch 160
2024/02/26 22:56:12 INFO : train_loss       0.67988
2024/02/26 22:56:12 INFO : train_acc       86.05072
2024/02/26 22:56:12 INFO : test_loss       1.41990
2024/02/26 22:56:12 INFO : test_acc       25.92593
2024/02/26 22:56:12 INFO : 
2024/02/26 22:58:20 INFO : Epoch 180
2024/02/26 22:58:20 INFO : train_loss       0.57629
2024/02/26 22:58:20 INFO : train_acc       88.13406
2024/02/26 22:58:20 INFO : test_loss       1.37671
2024/02/26 22:58:20 INFO : test_acc       29.62963
2024/02/26 22:58:20 INFO : 
2024/02/26 23:00:28 INFO : Epoch 200
2024/02/26 23:00:28 INFO : train_loss       0.60266
2024/02/26 23:00:28 INFO : train_acc       83.87681
2024/02/26 23:00:28 INFO : test_loss       1.41220
2024/02/26 23:00:28 INFO : test_acc       29.62963
2024/02/26 23:00:28 INFO : 
2024/02/26 23:02:36 INFO : Epoch 220
2024/02/26 23:02:36 INFO : train_loss       0.51302
2024/02/26 23:02:36 INFO : train_acc       90.39855
2024/02/26 23:02:36 INFO : test_loss       1.39288
2024/02/26 23:02:36 INFO : test_acc       29.62963
2024/02/26 23:02:36 INFO : 
2024/02/26 23:04:44 INFO : Epoch 240
2024/02/26 23:04:44 INFO : train_loss       0.50911
2024/02/26 23:04:44 INFO : train_acc       86.05072
2024/02/26 23:04:44 INFO : test_loss       1.39026
2024/02/26 23:04:44 INFO : test_acc       33.33333
2024/02/26 23:04:44 INFO : 
2024/02/26 23:05:55 INFO : Epoch 251
2024/02/26 23:05:55 INFO : train_loss       0.55303
2024/02/26 23:05:55 INFO : train_acc       82.78986
2024/02/26 23:05:55 INFO : test_loss       1.39169
2024/02/26 23:05:55 INFO : test_acc       33.33333
2024/02/26 23:05:55 INFO : 
2024/02/26 23:06:01 INFO : Epoch 252
2024/02/26 23:06:01 INFO : train_loss       0.56063
2024/02/26 23:06:01 INFO : train_acc       87.13768
2024/02/26 23:06:01 INFO : test_loss       1.39114
2024/02/26 23:06:01 INFO : test_acc       33.33333
2024/02/26 23:06:01 INFO : 
2024/02/26 23:06:08 INFO : Epoch 253
2024/02/26 23:06:08 INFO : train_loss       0.51392
2024/02/26 23:06:08 INFO : train_acc       91.30435
2024/02/26 23:06:08 INFO : test_loss       1.38703
2024/02/26 23:06:08 INFO : test_acc       33.33333
2024/02/26 23:06:08 INFO : 
2024/02/26 23:06:14 INFO : Epoch 254
2024/02/26 23:06:14 INFO : train_loss       0.57559
2024/02/26 23:06:14 INFO : train_acc       82.78986
2024/02/26 23:06:14 INFO : test_loss       1.39178
2024/02/26 23:06:14 INFO : test_acc       29.62963
2024/02/26 23:06:14 INFO : 
2024/02/26 23:06:20 INFO : Epoch 255
2024/02/26 23:06:20 INFO : train_loss       0.55183
2024/02/26 23:06:20 INFO : train_acc       87.13768
2024/02/26 23:06:20 INFO : test_loss       1.38446
2024/02/26 23:06:20 INFO : test_acc       29.62963
2024/02/26 23:06:20 INFO : 
2024/02/26 23:06:27 INFO : Epoch 256
2024/02/26 23:06:27 INFO : train_loss       0.50901
2024/02/26 23:06:27 INFO : train_acc       84.96377
2024/02/26 23:06:27 INFO : test_loss       1.37356
2024/02/26 23:06:27 INFO : test_acc       29.62963
2024/02/26 23:06:27 INFO : 
2024/02/26 23:06:33 INFO : Epoch 257
2024/02/26 23:06:33 INFO : train_loss       0.56771
2024/02/26 23:06:33 INFO : train_acc       87.13768
2024/02/26 23:06:33 INFO : test_loss       1.36206
2024/02/26 23:06:33 INFO : test_acc       29.62963
2024/02/26 23:06:33 INFO : 
2024/02/26 23:06:40 INFO : Epoch 258
2024/02/26 23:06:40 INFO : train_loss       0.51294
2024/02/26 23:06:40 INFO : train_acc       86.14130
2024/02/26 23:06:40 INFO : test_loss       1.37185
2024/02/26 23:06:40 INFO : test_acc       29.62963
2024/02/26 23:06:40 INFO : 
2024/02/26 23:06:46 INFO : Epoch 259
2024/02/26 23:06:46 INFO : train_loss       0.60265
2024/02/26 23:06:46 INFO : train_acc       88.22464
2024/02/26 23:06:46 INFO : test_loss       1.39189
2024/02/26 23:06:46 INFO : test_acc       29.62963
2024/02/26 23:06:46 INFO : 
2024/02/26 23:06:53 INFO : Epoch 260
2024/02/26 23:06:53 INFO : train_loss       0.49017
2024/02/26 23:06:53 INFO : train_acc       90.21739
2024/02/26 23:06:53 INFO : test_loss       1.40723
2024/02/26 23:06:53 INFO : test_acc       29.62963
2024/02/26 23:06:53 INFO : 
2024/02/26 23:06:59 INFO : Epoch 261
2024/02/26 23:06:59 INFO : train_loss       0.50834
2024/02/26 23:06:59 INFO : train_acc       86.05072
2024/02/26 23:06:59 INFO : test_loss       1.41102
2024/02/26 23:06:59 INFO : test_acc       29.62963
2024/02/26 23:06:59 INFO : 
2024/02/26 23:07:05 INFO : Epoch 262
2024/02/26 23:07:05 INFO : train_loss       0.51736
2024/02/26 23:07:05 INFO : train_acc       90.39855
2024/02/26 23:07:05 INFO : test_loss       1.40686
2024/02/26 23:07:05 INFO : test_acc       29.62963
2024/02/26 23:07:05 INFO : 
2024/02/26 23:07:12 INFO : Epoch 263
2024/02/26 23:07:12 INFO : train_loss       0.51361
2024/02/26 23:07:12 INFO : train_acc       88.22464
2024/02/26 23:07:12 INFO : test_loss       1.38639
2024/02/26 23:07:12 INFO : test_acc       29.62963
2024/02/26 23:07:12 INFO : 
2024/02/26 23:07:18 INFO : Epoch 264
2024/02/26 23:07:18 INFO : train_loss       0.53579
2024/02/26 23:07:18 INFO : train_acc       91.30435
2024/02/26 23:07:18 INFO : test_loss       1.37479
2024/02/26 23:07:18 INFO : test_acc       29.62963
2024/02/26 23:07:18 INFO : 
2024/02/26 23:07:25 INFO : Epoch 265
2024/02/26 23:07:25 INFO : train_loss       0.61720
2024/02/26 23:07:25 INFO : train_acc       77.44565
2024/02/26 23:07:25 INFO : test_loss       1.40652
2024/02/26 23:07:25 INFO : test_acc       29.62963
2024/02/26 23:07:25 INFO : 
2024/02/26 23:07:31 INFO : Epoch 266
2024/02/26 23:07:31 INFO : train_loss       0.53805
2024/02/26 23:07:31 INFO : train_acc       82.88043
2024/02/26 23:07:31 INFO : test_loss       1.42974
2024/02/26 23:07:31 INFO : test_acc       29.62963
2024/02/26 23:07:31 INFO : 
2024/02/26 23:07:38 INFO : Epoch 267
2024/02/26 23:07:38 INFO : train_loss       0.57669
2024/02/26 23:07:38 INFO : train_acc       81.79348
2024/02/26 23:07:38 INFO : test_loss       1.43775
2024/02/26 23:07:38 INFO : test_acc       29.62963
2024/02/26 23:07:38 INFO : 
2024/02/26 23:07:44 INFO : Epoch 268
2024/02/26 23:07:44 INFO : train_loss       0.47124
2024/02/26 23:07:44 INFO : train_acc       89.22101
2024/02/26 23:07:44 INFO : test_loss       1.43885
2024/02/26 23:07:44 INFO : test_acc       29.62963
2024/02/26 23:07:44 INFO : 
2024/02/26 23:07:50 INFO : Epoch 269
2024/02/26 23:07:50 INFO : train_loss       0.51105
2024/02/26 23:07:50 INFO : train_acc       91.30435
2024/02/26 23:07:50 INFO : test_loss       1.43048
2024/02/26 23:07:50 INFO : test_acc       29.62963
2024/02/26 23:07:50 INFO : 
2024/02/26 23:07:57 INFO : Epoch 270
2024/02/26 23:07:57 INFO : train_loss       0.51856
2024/02/26 23:07:57 INFO : train_acc       87.04710
2024/02/26 23:07:57 INFO : test_loss       1.41090
2024/02/26 23:07:57 INFO : test_acc       29.62963
2024/02/26 23:07:57 INFO : 
2024/02/26 23:08:03 INFO : Epoch 271
2024/02/26 23:08:03 INFO : train_loss       0.48981
2024/02/26 23:08:03 INFO : train_acc       83.78623
2024/02/26 23:08:03 INFO : test_loss       1.38240
2024/02/26 23:08:03 INFO : test_acc       29.62963
2024/02/26 23:08:03 INFO : 
2024/02/26 23:08:10 INFO : Epoch 272
2024/02/26 23:08:10 INFO : train_loss       0.54755
2024/02/26 23:08:10 INFO : train_acc       86.14130
2024/02/26 23:08:10 INFO : test_loss       1.36476
2024/02/26 23:08:10 INFO : test_acc       29.62963
2024/02/26 23:08:10 INFO : 
2024/02/26 23:08:16 INFO : Epoch 273
2024/02/26 23:08:16 INFO : train_loss       0.51735
2024/02/26 23:08:16 INFO : train_acc       85.86957
2024/02/26 23:08:16 INFO : test_loss       1.36291
2024/02/26 23:08:16 INFO : test_acc       29.62963
2024/02/26 23:08:16 INFO : 
2024/02/26 23:08:22 INFO : Epoch 274
2024/02/26 23:08:22 INFO : train_loss       0.59154
2024/02/26 23:08:22 INFO : train_acc       83.78623
2024/02/26 23:08:22 INFO : test_loss       1.34975
2024/02/26 23:08:22 INFO : test_acc       29.62963
2024/02/26 23:08:22 INFO : 
2024/02/26 23:08:29 INFO : Epoch 275
2024/02/26 23:08:29 INFO : train_loss       0.53306
2024/02/26 23:08:29 INFO : train_acc       83.96739
2024/02/26 23:08:29 INFO : test_loss       1.33268
2024/02/26 23:08:29 INFO : test_acc       29.62963
2024/02/26 23:08:29 INFO : 
2024/02/26 23:08:35 INFO : Epoch 276
2024/02/26 23:08:35 INFO : train_loss       0.53584
2024/02/26 23:08:35 INFO : train_acc       87.22826
2024/02/26 23:08:35 INFO : test_loss       1.32021
2024/02/26 23:08:35 INFO : test_acc       29.62963
2024/02/26 23:08:35 INFO : 
2024/02/26 23:08:42 INFO : Epoch 277
2024/02/26 23:08:42 INFO : train_loss       0.47218
2024/02/26 23:08:42 INFO : train_acc       90.39855
2024/02/26 23:08:42 INFO : test_loss       1.33164
2024/02/26 23:08:42 INFO : test_acc       29.62963
2024/02/26 23:08:42 INFO : 
2024/02/26 23:08:48 INFO : Epoch 278
2024/02/26 23:08:48 INFO : train_loss       0.49703
2024/02/26 23:08:48 INFO : train_acc       90.21739
2024/02/26 23:08:48 INFO : test_loss       1.35863
2024/02/26 23:08:48 INFO : test_acc       29.62963
2024/02/26 23:08:48 INFO : 
2024/02/26 23:08:54 INFO : Epoch 279
2024/02/26 23:08:54 INFO : train_loss       0.57363
2024/02/26 23:08:54 INFO : train_acc       79.71014
2024/02/26 23:08:54 INFO : test_loss       1.37308
2024/02/26 23:08:54 INFO : test_acc       33.33333
2024/02/26 23:08:54 INFO : 
2024/02/26 23:09:01 INFO : Epoch 280
2024/02/26 23:09:01 INFO : train_loss       0.51032
2024/02/26 23:09:01 INFO : train_acc       90.30797
2024/02/26 23:09:01 INFO : test_loss       1.36620
2024/02/26 23:09:01 INFO : test_acc       33.33333
2024/02/26 23:09:01 INFO : 
2024/02/26 23:09:07 INFO : Epoch 281
2024/02/26 23:09:07 INFO : train_loss       0.53177
2024/02/26 23:09:07 INFO : train_acc       89.22101
2024/02/26 23:09:07 INFO : test_loss       1.35437
2024/02/26 23:09:07 INFO : test_acc       33.33333
2024/02/26 23:09:07 INFO : 
2024/02/26 23:09:14 INFO : Epoch 282
2024/02/26 23:09:14 INFO : train_loss       0.53690
2024/02/26 23:09:14 INFO : train_acc       81.61232
2024/02/26 23:09:14 INFO : test_loss       1.33691
2024/02/26 23:09:14 INFO : test_acc       33.33333
2024/02/26 23:09:14 INFO : 
2024/02/26 23:09:20 INFO : Epoch 283
2024/02/26 23:09:20 INFO : train_loss       0.51276
2024/02/26 23:09:20 INFO : train_acc       88.04348
2024/02/26 23:09:20 INFO : test_loss       1.32499
2024/02/26 23:09:20 INFO : test_acc       29.62963
2024/02/26 23:09:20 INFO : 
2024/02/26 23:09:26 INFO : Epoch 284
2024/02/26 23:09:26 INFO : train_loss       0.47414
2024/02/26 23:09:26 INFO : train_acc       91.30435
2024/02/26 23:09:26 INFO : test_loss       1.32903
2024/02/26 23:09:26 INFO : test_acc       25.92593
2024/02/26 23:09:26 INFO : 
2024/02/26 23:09:33 INFO : Epoch 285
2024/02/26 23:09:33 INFO : train_loss       0.54552
2024/02/26 23:09:33 INFO : train_acc       82.78986
2024/02/26 23:09:33 INFO : test_loss       1.34893
2024/02/26 23:09:33 INFO : test_acc       25.92593
2024/02/26 23:09:33 INFO : 
2024/02/26 23:09:39 INFO : Epoch 286
2024/02/26 23:09:39 INFO : train_loss       0.52591
2024/02/26 23:09:39 INFO : train_acc       87.04710
2024/02/26 23:09:39 INFO : test_loss       1.35095
2024/02/26 23:09:39 INFO : test_acc       25.92593
2024/02/26 23:09:39 INFO : 
2024/02/26 23:09:46 INFO : Epoch 287
2024/02/26 23:09:46 INFO : train_loss       0.52190
2024/02/26 23:09:46 INFO : train_acc       90.21739
2024/02/26 23:09:46 INFO : test_loss       1.35193
2024/02/26 23:09:46 INFO : test_acc       25.92593
2024/02/26 23:09:46 INFO : 
2024/02/26 23:09:52 INFO : Epoch 288
2024/02/26 23:09:52 INFO : train_loss       0.49357
2024/02/26 23:09:52 INFO : train_acc       88.04348
2024/02/26 23:09:52 INFO : test_loss       1.33915
2024/02/26 23:09:52 INFO : test_acc       25.92593
2024/02/26 23:09:52 INFO : 
2024/02/26 23:09:58 INFO : Epoch 289
2024/02/26 23:09:58 INFO : train_loss       0.47902
2024/02/26 23:09:58 INFO : train_acc       85.96014
2024/02/26 23:09:58 INFO : test_loss       1.31765
2024/02/26 23:09:58 INFO : test_acc       25.92593
2024/02/26 23:09:58 INFO : 
2024/02/26 23:10:05 INFO : Epoch 290
2024/02/26 23:10:05 INFO : train_loss       0.46723
2024/02/26 23:10:05 INFO : train_acc       89.22101
2024/02/26 23:10:05 INFO : test_loss       1.30787
2024/02/26 23:10:05 INFO : test_acc       25.92593
2024/02/26 23:10:05 INFO : 
2024/02/26 23:10:11 INFO : Epoch 291
2024/02/26 23:10:11 INFO : train_loss       0.44907
2024/02/26 23:10:11 INFO : train_acc       89.40217
2024/02/26 23:10:11 INFO : test_loss       1.30355
2024/02/26 23:10:11 INFO : test_acc       25.92593
2024/02/26 23:10:11 INFO : 
2024/02/26 23:10:18 INFO : Epoch 292
2024/02/26 23:10:18 INFO : train_loss       0.49208
2024/02/26 23:10:18 INFO : train_acc       85.96014
2024/02/26 23:10:18 INFO : test_loss       1.31702
2024/02/26 23:10:18 INFO : test_acc       29.62963
2024/02/26 23:10:18 INFO : 
2024/02/26 23:10:24 INFO : Epoch 293
2024/02/26 23:10:24 INFO : train_loss       0.48483
2024/02/26 23:10:24 INFO : train_acc       89.13043
2024/02/26 23:10:24 INFO : test_loss       1.32755
2024/02/26 23:10:24 INFO : test_acc       29.62963
2024/02/26 23:10:24 INFO : 
2024/02/26 23:10:30 INFO : Epoch 294
2024/02/26 23:10:30 INFO : train_loss       0.51762
2024/02/26 23:10:30 INFO : train_acc       85.05435
2024/02/26 23:10:30 INFO : test_loss       1.33934
2024/02/26 23:10:30 INFO : test_acc       29.62963
2024/02/26 23:10:30 INFO : 
2024/02/26 23:10:37 INFO : Epoch 295
2024/02/26 23:10:37 INFO : train_loss       0.44921
2024/02/26 23:10:37 INFO : train_acc       91.30435
2024/02/26 23:10:37 INFO : test_loss       1.35186
2024/02/26 23:10:37 INFO : test_acc       29.62963
2024/02/26 23:10:37 INFO : 
2024/02/26 23:10:43 INFO : Epoch 296
2024/02/26 23:10:43 INFO : train_loss       0.44280
2024/02/26 23:10:43 INFO : train_acc       90.30797
2024/02/26 23:10:43 INFO : test_loss       1.35626
2024/02/26 23:10:43 INFO : test_acc       29.62963
2024/02/26 23:10:43 INFO : 
2024/02/26 23:10:50 INFO : Epoch 297
2024/02/26 23:10:50 INFO : train_loss       0.52580
2024/02/26 23:10:50 INFO : train_acc       84.78261
2024/02/26 23:10:50 INFO : test_loss       1.36859
2024/02/26 23:10:50 INFO : test_acc       29.62963
2024/02/26 23:10:50 INFO : 
2024/02/26 23:10:56 INFO : Epoch 298
2024/02/26 23:10:56 INFO : train_loss       0.56986
2024/02/26 23:10:56 INFO : train_acc       77.53623
2024/02/26 23:10:56 INFO : test_loss       1.36963
2024/02/26 23:10:56 INFO : test_acc       29.62963
2024/02/26 23:10:56 INFO : 
2024/02/26 23:11:02 INFO : Epoch 299
2024/02/26 23:11:02 INFO : train_loss       0.47778
2024/02/26 23:11:02 INFO : train_acc       91.30435
2024/02/26 23:11:02 INFO : test_loss       1.36989
2024/02/26 23:11:02 INFO : test_acc       29.62963
2024/02/26 23:11:02 INFO : 
2024/02/26 23:11:02 INFO : Best test acc 44.44444 
2024/02/26 23:11:02 INFO : mean acc of last 10 epochs 28.88889 
2024/02/26 23:11:02 INFO : std of last 10 epochs 1.48148 
2024/02/26 23:11:02 INFO : * * * * * * * * * * * * * * * * * * * * 
2024/02/26 23:11:25 INFO : ****************  LMDA for 14! ***************************
2024/02/26 23:11:26 INFO : {'num_classes': 4, 'chans': 24, 'channel_depth1': 26, 'channel_depth2': 9, 'kernel': 75, 'depth': 9, 'pool_depth': 1, 'avepool': 50, 'avgpool_step1': 1}
2024/02/26 23:11:26 INFO : ****** Run until first stop... ********
2024/02/26 23:11:26 INFO : Train size: 4
2024/02/26 23:11:26 INFO : Test size: 2
2024/02/26 23:11:32 INFO : New best test acc 25.000000
2024/02/26 23:11:32 INFO : Epoch 0
2024/02/26 23:11:32 INFO : train_loss       1.41572
2024/02/26 23:11:32 INFO : train_acc       30.00000
2024/02/26 23:11:32 INFO : test_loss       1.38045
2024/02/26 23:11:32 INFO : test_acc       25.00000
2024/02/26 23:11:32 INFO : 
2024/02/26 23:13:41 INFO : Epoch 20
2024/02/26 23:13:41 INFO : train_loss       1.10118
2024/02/26 23:13:41 INFO : train_acc       55.65217
2024/02/26 23:13:41 INFO : test_loss       1.39018
2024/02/26 23:13:41 INFO : test_acc       21.42857
2024/02/26 23:13:41 INFO : 
2024/02/26 23:14:06 INFO : New best test acc 28.571429
2024/02/26 23:15:49 INFO : Epoch 40
2024/02/26 23:15:49 INFO : train_loss       0.94762
2024/02/26 23:15:49 INFO : train_acc       67.17391
2024/02/26 23:15:49 INFO : test_loss       1.58502
2024/02/26 23:15:49 INFO : test_acc       10.71429
2024/02/26 23:15:49 INFO : 
2024/02/26 23:17:57 INFO : Epoch 60
2024/02/26 23:17:57 INFO : train_loss       0.85618
2024/02/26 23:17:57 INFO : train_acc       71.52174
2024/02/26 23:17:57 INFO : test_loss       1.64720
2024/02/26 23:17:57 INFO : test_acc       21.42857
2024/02/26 23:17:57 INFO : 
2024/02/26 23:20:05 INFO : Epoch 80
2024/02/26 23:20:05 INFO : train_loss       0.80752
2024/02/26 23:20:05 INFO : train_acc       73.11594
2024/02/26 23:20:05 INFO : test_loss       1.63920
2024/02/26 23:20:05 INFO : test_acc       21.42857
2024/02/26 23:20:05 INFO : 
2024/02/26 23:22:14 INFO : Epoch 100
2024/02/26 23:22:14 INFO : train_loss       0.67954
2024/02/26 23:22:14 INFO : train_acc       79.20290
2024/02/26 23:22:14 INFO : test_loss       1.67978
2024/02/26 23:22:14 INFO : test_acc       21.42857
2024/02/26 23:22:14 INFO : 
2024/02/26 23:24:22 INFO : Epoch 120
2024/02/26 23:24:22 INFO : train_loss       0.64632
2024/02/26 23:24:22 INFO : train_acc       84.13043
2024/02/26 23:24:22 INFO : test_loss       1.68482
2024/02/26 23:24:22 INFO : test_acc       17.85714
2024/02/26 23:24:22 INFO : 
2024/02/26 23:26:30 INFO : Epoch 140
2024/02/26 23:26:30 INFO : train_loss       0.54628
2024/02/26 23:26:30 INFO : train_acc       89.13043
2024/02/26 23:26:30 INFO : test_loss       1.66976
2024/02/26 23:26:30 INFO : test_acc       17.85714
2024/02/26 23:26:30 INFO : 
2024/02/26 23:28:39 INFO : Epoch 160
2024/02/26 23:28:39 INFO : train_loss       0.51468
2024/02/26 23:28:39 INFO : train_acc       92.31884
2024/02/26 23:28:39 INFO : test_loss       1.69978
2024/02/26 23:28:39 INFO : test_acc       21.42857
2024/02/26 23:28:39 INFO : 
2024/02/26 23:30:48 INFO : Epoch 180
2024/02/26 23:30:48 INFO : train_loss       0.53580
2024/02/26 23:30:48 INFO : train_acc       87.97101
2024/02/26 23:30:48 INFO : test_loss       1.68996
2024/02/26 23:30:48 INFO : test_acc       25.00000
2024/02/26 23:30:48 INFO : 
2024/02/26 23:32:57 INFO : Epoch 200
2024/02/26 23:32:57 INFO : train_loss       0.54720
2024/02/26 23:32:57 INFO : train_acc       89.13043
2024/02/26 23:32:57 INFO : test_loss       1.72981
2024/02/26 23:32:57 INFO : test_acc       17.85714
2024/02/26 23:32:57 INFO : 
2024/02/26 23:35:07 INFO : Epoch 220
2024/02/26 23:35:07 INFO : train_loss       0.49657
2024/02/26 23:35:07 INFO : train_acc       89.63768
2024/02/26 23:35:07 INFO : test_loss       1.66002
2024/02/26 23:35:07 INFO : test_acc       21.42857
2024/02/26 23:35:07 INFO : 
2024/02/26 23:37:18 INFO : Epoch 240
2024/02/26 23:37:18 INFO : train_loss       0.43473
2024/02/26 23:37:18 INFO : train_acc       85.21739
2024/02/26 23:37:18 INFO : test_loss       1.68966
2024/02/26 23:37:18 INFO : test_acc       21.42857
2024/02/26 23:37:18 INFO : 
2024/02/26 23:38:29 INFO : Epoch 251
2024/02/26 23:38:29 INFO : train_loss       0.44262
2024/02/26 23:38:29 INFO : train_acc       90.21739
2024/02/26 23:38:29 INFO : test_loss       1.65072
2024/02/26 23:38:29 INFO : test_acc       25.00000
2024/02/26 23:38:29 INFO : 
2024/02/26 23:38:35 INFO : Epoch 252
2024/02/26 23:38:35 INFO : train_loss       0.40102
2024/02/26 23:38:35 INFO : train_acc       95.65217
2024/02/26 23:38:35 INFO : test_loss       1.65638
2024/02/26 23:38:35 INFO : test_acc       25.00000
2024/02/26 23:38:35 INFO : 
2024/02/26 23:38:42 INFO : Epoch 253
2024/02/26 23:38:42 INFO : train_loss       0.47073
2024/02/26 23:38:42 INFO : train_acc       90.21739
2024/02/26 23:38:42 INFO : test_loss       1.68192
2024/02/26 23:38:42 INFO : test_acc       25.00000
2024/02/26 23:38:42 INFO : 
2024/02/26 23:38:48 INFO : Epoch 254
2024/02/26 23:38:48 INFO : train_loss       0.40940
2024/02/26 23:38:48 INFO : train_acc       87.97101
2024/02/26 23:38:48 INFO : test_loss       1.69731
2024/02/26 23:38:48 INFO : test_acc       25.00000
2024/02/26 23:38:48 INFO : 
2024/02/26 23:38:55 INFO : Epoch 255
2024/02/26 23:38:55 INFO : train_loss       0.42016
2024/02/26 23:38:55 INFO : train_acc       92.39130
2024/02/26 23:38:55 INFO : test_loss       1.69466
2024/02/26 23:38:55 INFO : test_acc       25.00000
2024/02/26 23:38:55 INFO : 
2024/02/26 23:39:01 INFO : Epoch 256
2024/02/26 23:39:01 INFO : train_loss       0.45455
2024/02/26 23:39:01 INFO : train_acc       84.71014
2024/02/26 23:39:01 INFO : test_loss       1.68371
2024/02/26 23:39:01 INFO : test_acc       25.00000
2024/02/26 23:39:01 INFO : 
2024/02/26 23:39:08 INFO : Epoch 257
2024/02/26 23:39:08 INFO : train_loss       0.47768
2024/02/26 23:39:08 INFO : train_acc       87.97101
2024/02/26 23:39:08 INFO : test_loss       1.67863
2024/02/26 23:39:08 INFO : test_acc       25.00000
2024/02/26 23:39:08 INFO : 
2024/02/26 23:39:14 INFO : Epoch 258
2024/02/26 23:39:14 INFO : train_loss       0.40780
2024/02/26 23:39:14 INFO : train_acc       89.56522
2024/02/26 23:39:14 INFO : test_loss       1.68387
2024/02/26 23:39:14 INFO : test_acc       25.00000
2024/02/26 23:39:14 INFO : 
2024/02/26 23:39:21 INFO : Epoch 259
2024/02/26 23:39:21 INFO : train_loss       0.42043
2024/02/26 23:39:21 INFO : train_acc       90.21739
2024/02/26 23:39:21 INFO : test_loss       1.69781
2024/02/26 23:39:21 INFO : test_acc       17.85714
2024/02/26 23:39:21 INFO : 
2024/02/26 23:39:27 INFO : Epoch 260
2024/02/26 23:39:27 INFO : train_loss       0.37615
2024/02/26 23:39:27 INFO : train_acc       94.56522
2024/02/26 23:39:27 INFO : test_loss       1.72074
2024/02/26 23:39:27 INFO : test_acc       17.85714
2024/02/26 23:39:27 INFO : 
2024/02/26 23:39:34 INFO : Epoch 261
2024/02/26 23:39:34 INFO : train_loss       0.46998
2024/02/26 23:39:34 INFO : train_acc       86.88406
2024/02/26 23:39:34 INFO : test_loss       1.71095
2024/02/26 23:39:34 INFO : test_acc       17.85714
2024/02/26 23:39:34 INFO : 
2024/02/26 23:39:40 INFO : Epoch 262
2024/02/26 23:39:40 INFO : train_loss       0.38611
2024/02/26 23:39:40 INFO : train_acc       90.14493
2024/02/26 23:39:40 INFO : test_loss       1.69755
2024/02/26 23:39:40 INFO : test_acc       17.85714
2024/02/26 23:39:40 INFO : 
2024/02/26 23:39:47 INFO : Epoch 263
2024/02/26 23:39:47 INFO : train_loss       0.44311
2024/02/26 23:39:47 INFO : train_acc       88.47826
2024/02/26 23:39:47 INFO : test_loss       1.68494
2024/02/26 23:39:47 INFO : test_acc       17.85714
2024/02/26 23:39:47 INFO : 
2024/02/26 23:39:54 INFO : Epoch 264
2024/02/26 23:39:54 INFO : train_loss       0.43569
2024/02/26 23:39:54 INFO : train_acc       90.14493
2024/02/26 23:39:54 INFO : test_loss       1.67562
2024/02/26 23:39:54 INFO : test_acc       21.42857
2024/02/26 23:39:54 INFO : 
2024/02/26 23:40:01 INFO : Epoch 265
2024/02/26 23:40:01 INFO : train_loss       0.43687
2024/02/26 23:40:01 INFO : train_acc       88.55072
2024/02/26 23:40:01 INFO : test_loss       1.69332
2024/02/26 23:40:01 INFO : test_acc       21.42857
2024/02/26 23:40:01 INFO : 
2024/02/26 23:40:07 INFO : Epoch 266
2024/02/26 23:40:07 INFO : train_loss       0.51049
2024/02/26 23:40:07 INFO : train_acc       83.62319
2024/02/26 23:40:07 INFO : test_loss       1.69821
2024/02/26 23:40:07 INFO : test_acc       25.00000
2024/02/26 23:40:07 INFO : 
2024/02/26 23:40:14 INFO : Epoch 267
2024/02/26 23:40:14 INFO : train_loss       0.44952
2024/02/26 23:40:14 INFO : train_acc       92.39130
2024/02/26 23:40:14 INFO : test_loss       1.69179
2024/02/26 23:40:14 INFO : test_acc       25.00000
2024/02/26 23:40:14 INFO : 
2024/02/26 23:40:21 INFO : Epoch 268
2024/02/26 23:40:21 INFO : train_loss       0.45605
2024/02/26 23:40:21 INFO : train_acc       92.89855
2024/02/26 23:40:21 INFO : test_loss       1.68750
2024/02/26 23:40:21 INFO : test_acc       21.42857
2024/02/26 23:40:21 INFO : 
2024/02/26 23:40:28 INFO : Epoch 269
2024/02/26 23:40:28 INFO : train_loss       0.41603
2024/02/26 23:40:28 INFO : train_acc       89.05797
2024/02/26 23:40:28 INFO : test_loss       1.70200
2024/02/26 23:40:28 INFO : test_acc       25.00000
2024/02/26 23:40:28 INFO : 
2024/02/26 23:40:34 INFO : Epoch 270
2024/02/26 23:40:34 INFO : train_loss       0.42421
2024/02/26 23:40:34 INFO : train_acc       91.23188
2024/02/26 23:40:34 INFO : test_loss       1.71983
2024/02/26 23:40:34 INFO : test_acc       25.00000
2024/02/26 23:40:34 INFO : 
2024/02/26 23:40:41 INFO : Epoch 271
2024/02/26 23:40:41 INFO : train_loss       0.50912
2024/02/26 23:40:41 INFO : train_acc       84.05797
2024/02/26 23:40:41 INFO : test_loss       1.73785
2024/02/26 23:40:41 INFO : test_acc       25.00000
2024/02/26 23:40:41 INFO : 
2024/02/26 23:40:48 INFO : Epoch 272
2024/02/26 23:40:48 INFO : train_loss       0.38679
2024/02/26 23:40:48 INFO : train_acc       96.15942
2024/02/26 23:40:48 INFO : test_loss       1.76007
2024/02/26 23:40:48 INFO : test_acc       25.00000
2024/02/26 23:40:48 INFO : 
2024/02/26 23:40:55 INFO : Epoch 273
2024/02/26 23:40:55 INFO : train_loss       0.44867
2024/02/26 23:40:55 INFO : train_acc       87.39130
2024/02/26 23:40:55 INFO : test_loss       1.75475
2024/02/26 23:40:55 INFO : test_acc       25.00000
2024/02/26 23:40:55 INFO : 
2024/02/26 23:41:02 INFO : Epoch 274
2024/02/26 23:41:02 INFO : train_loss       0.48842
2024/02/26 23:41:02 INFO : train_acc       80.36232
2024/02/26 23:41:02 INFO : test_loss       1.75362
2024/02/26 23:41:02 INFO : test_acc       25.00000
2024/02/26 23:41:02 INFO : 
2024/02/26 23:41:08 INFO : Epoch 275
2024/02/26 23:41:08 INFO : train_loss       0.45548
2024/02/26 23:41:08 INFO : train_acc       91.23188
2024/02/26 23:41:08 INFO : test_loss       1.74920
2024/02/26 23:41:08 INFO : test_acc       25.00000
2024/02/26 23:41:08 INFO : 
2024/02/26 23:41:15 INFO : Epoch 276
2024/02/26 23:41:15 INFO : train_loss       0.42394
2024/02/26 23:41:15 INFO : train_acc       93.98551
2024/02/26 23:41:15 INFO : test_loss       1.76411
2024/02/26 23:41:15 INFO : test_acc       25.00000
2024/02/26 23:41:15 INFO : 
2024/02/26 23:41:22 INFO : Epoch 277
2024/02/26 23:41:22 INFO : train_loss       0.37360
2024/02/26 23:41:22 INFO : train_acc       93.47826
2024/02/26 23:41:22 INFO : test_loss       1.76779
2024/02/26 23:41:22 INFO : test_acc       25.00000
2024/02/26 23:41:22 INFO : 
2024/02/26 23:41:29 INFO : Epoch 278
2024/02/26 23:41:29 INFO : train_loss       0.38793
2024/02/26 23:41:29 INFO : train_acc       90.21739
2024/02/26 23:41:29 INFO : test_loss       1.75911
2024/02/26 23:41:29 INFO : test_acc       25.00000
2024/02/26 23:41:29 INFO : 
2024/02/26 23:41:36 INFO : Epoch 279
2024/02/26 23:41:36 INFO : train_loss       0.45369
2024/02/26 23:41:36 INFO : train_acc       90.21739
2024/02/26 23:41:36 INFO : test_loss       1.73835
2024/02/26 23:41:36 INFO : test_acc       17.85714
2024/02/26 23:41:36 INFO : 
2024/02/26 23:41:42 INFO : Epoch 280
2024/02/26 23:41:42 INFO : train_loss       0.41308
2024/02/26 23:41:42 INFO : train_acc       87.39130
2024/02/26 23:41:42 INFO : test_loss       1.73512
2024/02/26 23:41:42 INFO : test_acc       17.85714
2024/02/26 23:41:42 INFO : 
2024/02/26 23:41:49 INFO : Epoch 281
2024/02/26 23:41:49 INFO : train_loss       0.38784
2024/02/26 23:41:49 INFO : train_acc       92.39130
2024/02/26 23:41:49 INFO : test_loss       1.75325
2024/02/26 23:41:49 INFO : test_acc       17.85714
2024/02/26 23:41:49 INFO : 
2024/02/26 23:41:56 INFO : Epoch 282
2024/02/26 23:41:56 INFO : train_loss       0.38647
2024/02/26 23:41:56 INFO : train_acc       93.98551
2024/02/26 23:41:56 INFO : test_loss       1.76321
2024/02/26 23:41:56 INFO : test_acc       17.85714
2024/02/26 23:41:56 INFO : 
2024/02/26 23:42:03 INFO : Epoch 283
2024/02/26 23:42:03 INFO : train_loss       0.42079
2024/02/26 23:42:03 INFO : train_acc       91.23188
2024/02/26 23:42:03 INFO : test_loss       1.78130
2024/02/26 23:42:03 INFO : test_acc       17.85714
2024/02/26 23:42:03 INFO : 
2024/02/26 23:42:09 INFO : Epoch 284
2024/02/26 23:42:09 INFO : train_loss       0.37354
2024/02/26 23:42:09 INFO : train_acc       93.98551
2024/02/26 23:42:09 INFO : test_loss       1.78458
2024/02/26 23:42:09 INFO : test_acc       21.42857
2024/02/26 23:42:09 INFO : 
2024/02/26 23:42:16 INFO : Epoch 285
2024/02/26 23:42:16 INFO : train_loss       0.42399
2024/02/26 23:42:16 INFO : train_acc       91.81159
2024/02/26 23:42:16 INFO : test_loss       1.78453
2024/02/26 23:42:16 INFO : test_acc       21.42857
2024/02/26 23:42:16 INFO : 
2024/02/26 23:42:23 INFO : Epoch 286
2024/02/26 23:42:23 INFO : train_loss       0.41888
2024/02/26 23:42:23 INFO : train_acc       92.31884
2024/02/26 23:42:23 INFO : test_loss       1.79611
2024/02/26 23:42:23 INFO : test_acc       21.42857
2024/02/26 23:42:23 INFO : 
2024/02/26 23:42:30 INFO : Epoch 287
2024/02/26 23:42:30 INFO : train_loss       0.44228
2024/02/26 23:42:30 INFO : train_acc       90.65217
2024/02/26 23:42:30 INFO : test_loss       1.80190
2024/02/26 23:42:30 INFO : test_acc       17.85714
2024/02/26 23:42:30 INFO : 
2024/02/26 23:42:37 INFO : Epoch 288
2024/02/26 23:42:37 INFO : train_loss       0.45195
2024/02/26 23:42:37 INFO : train_acc       86.88406
2024/02/26 23:42:37 INFO : test_loss       1.77604
2024/02/26 23:42:37 INFO : test_acc       17.85714
2024/02/26 23:42:37 INFO : 
2024/02/26 23:42:43 INFO : Epoch 289
2024/02/26 23:42:43 INFO : train_loss       0.43416
2024/02/26 23:42:43 INFO : train_acc       88.55072
2024/02/26 23:42:43 INFO : test_loss       1.76200
2024/02/26 23:42:43 INFO : test_acc       17.85714
2024/02/26 23:42:43 INFO : 
2024/02/26 23:42:50 INFO : Epoch 290
2024/02/26 23:42:50 INFO : train_loss       0.37367
2024/02/26 23:42:50 INFO : train_acc       91.23188
2024/02/26 23:42:50 INFO : test_loss       1.79508
2024/02/26 23:42:50 INFO : test_acc       17.85714
2024/02/26 23:42:50 INFO : 
2024/02/26 23:42:57 INFO : Epoch 291
2024/02/26 23:42:57 INFO : train_loss       0.38240
2024/02/26 23:42:57 INFO : train_acc       90.21739
2024/02/26 23:42:57 INFO : test_loss       1.81630
2024/02/26 23:42:57 INFO : test_acc       17.85714
2024/02/26 23:42:57 INFO : 
2024/02/26 23:43:04 INFO : Epoch 292
2024/02/26 23:43:04 INFO : train_loss       0.42002
2024/02/26 23:43:04 INFO : train_acc       87.39130
2024/02/26 23:43:04 INFO : test_loss       1.81966
2024/02/26 23:43:04 INFO : test_acc       17.85714
2024/02/26 23:43:04 INFO : 
2024/02/26 23:43:10 INFO : Epoch 293
2024/02/26 23:43:10 INFO : train_loss       0.41896
2024/02/26 23:43:10 INFO : train_acc       91.81159
2024/02/26 23:43:10 INFO : test_loss       1.78338
2024/02/26 23:43:10 INFO : test_acc       17.85714
2024/02/26 23:43:10 INFO : 
2024/02/26 23:43:17 INFO : Epoch 294
2024/02/26 23:43:17 INFO : train_loss       0.44801
2024/02/26 23:43:17 INFO : train_acc       86.37681
2024/02/26 23:43:17 INFO : test_loss       1.75743
2024/02/26 23:43:17 INFO : test_acc       17.85714
2024/02/26 23:43:17 INFO : 
2024/02/26 23:43:24 INFO : Epoch 295
2024/02/26 23:43:24 INFO : train_loss       0.39992
2024/02/26 23:43:24 INFO : train_acc       88.55072
2024/02/26 23:43:24 INFO : test_loss       1.74219
2024/02/26 23:43:24 INFO : test_acc       17.85714
2024/02/26 23:43:24 INFO : 
2024/02/26 23:43:30 INFO : Epoch 296
2024/02/26 23:43:30 INFO : train_loss       0.47840
2024/02/26 23:43:30 INFO : train_acc       83.62319
2024/02/26 23:43:30 INFO : test_loss       1.71876
2024/02/26 23:43:30 INFO : test_acc       17.85714
2024/02/26 23:43:30 INFO : 
2024/02/26 23:43:37 INFO : Epoch 297
2024/02/26 23:43:37 INFO : train_loss       0.43031
2024/02/26 23:43:37 INFO : train_acc       91.23188
2024/02/26 23:43:37 INFO : test_loss       1.72342
2024/02/26 23:43:37 INFO : test_acc       17.85714
2024/02/26 23:43:37 INFO : 
2024/02/26 23:43:44 INFO : Epoch 298
2024/02/26 23:43:44 INFO : train_loss       0.41175
2024/02/26 23:43:44 INFO : train_acc       88.55072
2024/02/26 23:43:44 INFO : test_loss       1.72066
2024/02/26 23:43:44 INFO : test_acc       17.85714
2024/02/26 23:43:44 INFO : 
2024/02/26 23:43:50 INFO : Epoch 299
2024/02/26 23:43:50 INFO : train_loss       0.41658
2024/02/26 23:43:50 INFO : train_acc       86.81159
2024/02/26 23:43:50 INFO : test_loss       1.73256
2024/02/26 23:43:50 INFO : test_acc       17.85714
2024/02/26 23:43:50 INFO : 
2024/02/26 23:43:50 INFO : Best test acc 28.57143 
2024/02/26 23:43:50 INFO : mean acc of last 10 epochs 17.85714 
2024/02/26 23:43:50 INFO : std of last 10 epochs 0.00000 
2024/02/26 23:43:50 INFO : * * * * * * * * * * * * * * * * * * * * 
2024/02/26 23:44:12 INFO : ****************  LMDA for 15! ***************************
2024/02/26 23:44:13 INFO : {'num_classes': 4, 'chans': 24, 'channel_depth1': 26, 'channel_depth2': 9, 'kernel': 75, 'depth': 9, 'pool_depth': 1, 'avepool': 50, 'avgpool_step1': 1}
2024/02/26 23:44:13 INFO : ****** Run until first stop... ********
2024/02/26 23:44:13 INFO : Train size: 4
2024/02/26 23:44:13 INFO : Test size: 2
2024/02/26 23:44:20 INFO : New best test acc 23.333333
2024/02/26 23:44:20 INFO : Epoch 0
2024/02/26 23:44:20 INFO : train_loss       1.36563
2024/02/26 23:44:20 INFO : train_acc       31.35011
2024/02/26 23:44:20 INFO : test_loss       1.38621
2024/02/26 23:44:20 INFO : test_acc       23.33333
2024/02/26 23:44:20 INFO : 
2024/02/26 23:46:34 INFO : New best test acc 33.333333
2024/02/26 23:46:34 INFO : Epoch 20
2024/02/26 23:46:34 INFO : train_loss       1.15214
2024/02/26 23:46:34 INFO : train_acc       54.23341
2024/02/26 23:46:34 INFO : test_loss       1.38046
2024/02/26 23:46:34 INFO : test_acc       33.33333
2024/02/26 23:46:34 INFO : 
2024/02/26 23:48:50 INFO : Epoch 40
2024/02/26 23:48:50 INFO : train_loss       0.95915
2024/02/26 23:48:50 INFO : train_acc       68.87872
2024/02/26 23:48:50 INFO : test_loss       1.41544
2024/02/26 23:48:50 INFO : test_acc       26.66667
2024/02/26 23:48:50 INFO : 
2024/02/26 23:51:02 INFO : Epoch 60
2024/02/26 23:51:02 INFO : train_loss       0.88770
2024/02/26 23:51:02 INFO : train_acc       71.05263
2024/02/26 23:51:02 INFO : test_loss       1.45242
2024/02/26 23:51:02 INFO : test_acc       23.33333
2024/02/26 23:51:02 INFO : 
2024/02/26 23:53:17 INFO : Epoch 80
2024/02/26 23:53:17 INFO : train_loss       0.72574
2024/02/26 23:53:17 INFO : train_acc       84.95423
2024/02/26 23:53:17 INFO : test_loss       1.48589
2024/02/26 23:53:17 INFO : test_acc       20.00000
2024/02/26 23:53:17 INFO : 
2024/02/26 23:55:30 INFO : Epoch 100
2024/02/26 23:55:30 INFO : train_loss       0.79041
2024/02/26 23:55:30 INFO : train_acc       71.68192
2024/02/26 23:55:30 INFO : test_loss       1.48441
2024/02/26 23:55:30 INFO : test_acc       20.00000
2024/02/26 23:55:30 INFO : 
2024/02/26 23:57:42 INFO : Epoch 120
2024/02/26 23:57:42 INFO : train_loss       0.63223
2024/02/26 23:57:42 INFO : train_acc       88.67277
2024/02/26 23:57:42 INFO : test_loss       1.50717
2024/02/26 23:57:42 INFO : test_acc       23.33333
2024/02/26 23:57:42 INFO : 
2024/02/26 23:59:54 INFO : Epoch 140
2024/02/26 23:59:54 INFO : train_loss       0.62761
2024/02/26 23:59:54 INFO : train_acc       77.34554
2024/02/26 23:59:54 INFO : test_loss       1.50913
2024/02/26 23:59:54 INFO : test_acc       30.00000
2024/02/26 23:59:54 INFO : 
2024/02/27 00:02:07 INFO : Epoch 160
2024/02/27 00:02:07 INFO : train_loss       0.58205
2024/02/27 00:02:07 INFO : train_acc       88.44394
2024/02/27 00:02:07 INFO : test_loss       1.53157
2024/02/27 00:02:07 INFO : test_acc       26.66667
2024/02/27 00:02:07 INFO : 
2024/02/27 00:04:20 INFO : Epoch 180
2024/02/27 00:04:20 INFO : train_loss       0.60217
2024/02/27 00:04:20 INFO : train_acc       80.83524
2024/02/27 00:04:20 INFO : test_loss       1.59493
2024/02/27 00:04:20 INFO : test_acc       30.00000
2024/02/27 00:04:20 INFO : 
2024/02/27 00:06:34 INFO : Epoch 200
2024/02/27 00:06:34 INFO : train_loss       0.57877
2024/02/27 00:06:34 INFO : train_acc       83.86728
2024/02/27 00:06:34 INFO : test_loss       1.63328
2024/02/27 00:06:34 INFO : test_acc       26.66667
2024/02/27 00:06:34 INFO : 
2024/02/27 00:08:46 INFO : Epoch 220
2024/02/27 00:08:46 INFO : train_loss       0.61955
2024/02/27 00:08:46 INFO : train_acc       84.09611
2024/02/27 00:08:46 INFO : test_loss       1.67047
2024/02/27 00:08:46 INFO : test_acc       23.33333
2024/02/27 00:08:46 INFO : 
2024/02/27 00:10:58 INFO : Epoch 240
2024/02/27 00:10:58 INFO : train_loss       0.50580
2024/02/27 00:10:58 INFO : train_acc       88.44394
2024/02/27 00:10:58 INFO : test_loss       1.68226
2024/02/27 00:10:58 INFO : test_acc       23.33333
2024/02/27 00:10:58 INFO : 
2024/02/27 00:12:12 INFO : Epoch 251
2024/02/27 00:12:12 INFO : train_loss       0.56981
2024/02/27 00:12:12 INFO : train_acc       86.04119
2024/02/27 00:12:12 INFO : test_loss       1.69803
2024/02/27 00:12:12 INFO : test_acc       20.00000
2024/02/27 00:12:12 INFO : 
2024/02/27 00:12:19 INFO : Epoch 252
2024/02/27 00:12:19 INFO : train_loss       0.51323
2024/02/27 00:12:19 INFO : train_acc       80.83524
2024/02/27 00:12:19 INFO : test_loss       1.69779
2024/02/27 00:12:19 INFO : test_acc       20.00000
2024/02/27 00:12:19 INFO : 
2024/02/27 00:12:25 INFO : Epoch 253
2024/02/27 00:12:25 INFO : train_loss       0.50288
2024/02/27 00:12:25 INFO : train_acc       83.23799
2024/02/27 00:12:25 INFO : test_loss       1.69840
2024/02/27 00:12:25 INFO : test_acc       20.00000
2024/02/27 00:12:25 INFO : 
2024/02/27 00:12:32 INFO : Epoch 254
2024/02/27 00:12:32 INFO : train_loss       0.56480
2024/02/27 00:12:32 INFO : train_acc       80.60641
2024/02/27 00:12:32 INFO : test_loss       1.69445
2024/02/27 00:12:32 INFO : test_acc       20.00000
2024/02/27 00:12:32 INFO : 
2024/02/27 00:12:39 INFO : Epoch 255
2024/02/27 00:12:39 INFO : train_loss       0.50317
2024/02/27 00:12:39 INFO : train_acc       86.27002
2024/02/27 00:12:39 INFO : test_loss       1.69070
2024/02/27 00:12:39 INFO : test_acc       20.00000
2024/02/27 00:12:39 INFO : 
2024/02/27 00:12:45 INFO : Epoch 256
2024/02/27 00:12:45 INFO : train_loss       0.59309
2024/02/27 00:12:45 INFO : train_acc       83.00915
2024/02/27 00:12:45 INFO : test_loss       1.68765
2024/02/27 00:12:45 INFO : test_acc       20.00000
2024/02/27 00:12:45 INFO : 
2024/02/27 00:12:52 INFO : Epoch 257
2024/02/27 00:12:52 INFO : train_loss       0.52898
2024/02/27 00:12:52 INFO : train_acc       90.84668
2024/02/27 00:12:52 INFO : test_loss       1.69728
2024/02/27 00:12:52 INFO : test_acc       20.00000
2024/02/27 00:12:52 INFO : 
2024/02/27 00:12:58 INFO : Epoch 258
2024/02/27 00:12:58 INFO : train_loss       0.52762
2024/02/27 00:12:58 INFO : train_acc       87.98627
2024/02/27 00:12:58 INFO : test_loss       1.71077
2024/02/27 00:12:58 INFO : test_acc       20.00000
2024/02/27 00:12:58 INFO : 
2024/02/27 00:13:05 INFO : Epoch 259
2024/02/27 00:13:05 INFO : train_loss       0.48911
2024/02/27 00:13:05 INFO : train_acc       84.49657
2024/02/27 00:13:05 INFO : test_loss       1.74020
2024/02/27 00:13:05 INFO : test_acc       20.00000
2024/02/27 00:13:05 INFO : 
2024/02/27 00:13:11 INFO : Epoch 260
2024/02/27 00:13:11 INFO : train_loss       0.49271
2024/02/27 00:13:11 INFO : train_acc       90.21739
2024/02/27 00:13:11 INFO : test_loss       1.75530
2024/02/27 00:13:11 INFO : test_acc       20.00000
2024/02/27 00:13:11 INFO : 
2024/02/27 00:13:18 INFO : Epoch 261
2024/02/27 00:13:18 INFO : train_loss       0.49776
2024/02/27 00:13:18 INFO : train_acc       86.89931
2024/02/27 00:13:18 INFO : test_loss       1.75902
2024/02/27 00:13:18 INFO : test_acc       20.00000
2024/02/27 00:13:18 INFO : 
2024/02/27 00:13:24 INFO : Epoch 262
2024/02/27 00:13:24 INFO : train_loss       0.60605
2024/02/27 00:13:24 INFO : train_acc       73.39817
2024/02/27 00:13:24 INFO : test_loss       1.74628
2024/02/27 00:13:24 INFO : test_acc       20.00000
2024/02/27 00:13:24 INFO : 
2024/02/27 00:13:31 INFO : Epoch 263
2024/02/27 00:13:31 INFO : train_loss       0.51609
2024/02/27 00:13:31 INFO : train_acc       87.81465
2024/02/27 00:13:31 INFO : test_loss       1.73512
2024/02/27 00:13:31 INFO : test_acc       23.33333
2024/02/27 00:13:31 INFO : 
2024/02/27 00:13:38 INFO : Epoch 264
2024/02/27 00:13:38 INFO : train_loss       0.50624
2024/02/27 00:13:38 INFO : train_acc       86.27002
2024/02/27 00:13:38 INFO : test_loss       1.72295
2024/02/27 00:13:38 INFO : test_acc       23.33333
2024/02/27 00:13:38 INFO : 
2024/02/27 00:13:44 INFO : Epoch 265
2024/02/27 00:13:44 INFO : train_loss       0.48273
2024/02/27 00:13:44 INFO : train_acc       89.75973
2024/02/27 00:13:44 INFO : test_loss       1.71332
2024/02/27 00:13:44 INFO : test_acc       23.33333
2024/02/27 00:13:44 INFO : 
2024/02/27 00:13:51 INFO : Epoch 266
2024/02/27 00:13:51 INFO : train_loss       0.52461
2024/02/27 00:13:51 INFO : train_acc       84.95423
2024/02/27 00:13:51 INFO : test_loss       1.70719
2024/02/27 00:13:51 INFO : test_acc       23.33333
2024/02/27 00:13:51 INFO : 
2024/02/27 00:13:57 INFO : Epoch 267
2024/02/27 00:13:57 INFO : train_loss       0.58261
2024/02/27 00:13:57 INFO : train_acc       76.65904
2024/02/27 00:13:57 INFO : test_loss       1.70495
2024/02/27 00:13:57 INFO : test_acc       20.00000
2024/02/27 00:13:57 INFO : 
2024/02/27 00:14:04 INFO : Epoch 268
2024/02/27 00:14:04 INFO : train_loss       0.53730
2024/02/27 00:14:04 INFO : train_acc       84.32494
2024/02/27 00:14:04 INFO : test_loss       1.71434
2024/02/27 00:14:04 INFO : test_acc       20.00000
2024/02/27 00:14:04 INFO : 
2024/02/27 00:14:11 INFO : Epoch 269
2024/02/27 00:14:11 INFO : train_loss       0.59198
2024/02/27 00:14:11 INFO : train_acc       84.32494
2024/02/27 00:14:11 INFO : test_loss       1.71605
2024/02/27 00:14:11 INFO : test_acc       20.00000
2024/02/27 00:14:11 INFO : 
2024/02/27 00:14:17 INFO : Epoch 270
2024/02/27 00:14:17 INFO : train_loss       0.47975
2024/02/27 00:14:17 INFO : train_acc       88.67277
2024/02/27 00:14:17 INFO : test_loss       1.72313
2024/02/27 00:14:17 INFO : test_acc       20.00000
2024/02/27 00:14:17 INFO : 
2024/02/27 00:14:24 INFO : Epoch 271
2024/02/27 00:14:24 INFO : train_loss       0.50142
2024/02/27 00:14:24 INFO : train_acc       90.84668
2024/02/27 00:14:24 INFO : test_loss       1.72142
2024/02/27 00:14:24 INFO : test_acc       20.00000
2024/02/27 00:14:24 INFO : 
2024/02/27 00:14:30 INFO : Epoch 272
2024/02/27 00:14:30 INFO : train_loss       0.50491
2024/02/27 00:14:30 INFO : train_acc       87.58581
2024/02/27 00:14:30 INFO : test_loss       1.71819
2024/02/27 00:14:30 INFO : test_acc       20.00000
2024/02/27 00:14:30 INFO : 
2024/02/27 00:14:37 INFO : Epoch 273
2024/02/27 00:14:37 INFO : train_loss       0.58508
2024/02/27 00:14:37 INFO : train_acc       81.92220
2024/02/27 00:14:37 INFO : test_loss       1.71346
2024/02/27 00:14:37 INFO : test_acc       20.00000
2024/02/27 00:14:37 INFO : 
2024/02/27 00:14:43 INFO : Epoch 274
2024/02/27 00:14:43 INFO : train_loss       0.46967
2024/02/27 00:14:43 INFO : train_acc       91.07551
2024/02/27 00:14:43 INFO : test_loss       1.70632
2024/02/27 00:14:43 INFO : test_acc       23.33333
2024/02/27 00:14:43 INFO : 
2024/02/27 00:14:50 INFO : Epoch 275
2024/02/27 00:14:50 INFO : train_loss       0.54251
2024/02/27 00:14:50 INFO : train_acc       88.90160
2024/02/27 00:14:50 INFO : test_loss       1.70165
2024/02/27 00:14:50 INFO : test_acc       20.00000
2024/02/27 00:14:50 INFO : 
2024/02/27 00:14:57 INFO : Epoch 276
2024/02/27 00:14:57 INFO : train_loss       0.47334
2024/02/27 00:14:57 INFO : train_acc       88.44394
2024/02/27 00:14:57 INFO : test_loss       1.69973
2024/02/27 00:14:57 INFO : test_acc       23.33333
2024/02/27 00:14:57 INFO : 
2024/02/27 00:15:03 INFO : Epoch 277
2024/02/27 00:15:03 INFO : train_loss       0.52738
2024/02/27 00:15:03 INFO : train_acc       89.53089
2024/02/27 00:15:03 INFO : test_loss       1.70301
2024/02/27 00:15:03 INFO : test_acc       23.33333
2024/02/27 00:15:03 INFO : 
2024/02/27 00:15:10 INFO : Epoch 278
2024/02/27 00:15:10 INFO : train_loss       0.47535
2024/02/27 00:15:10 INFO : train_acc       91.93364
2024/02/27 00:15:10 INFO : test_loss       1.71426
2024/02/27 00:15:10 INFO : test_acc       20.00000
2024/02/27 00:15:10 INFO : 
2024/02/27 00:15:16 INFO : Epoch 279
2024/02/27 00:15:16 INFO : train_loss       0.48297
2024/02/27 00:15:16 INFO : train_acc       87.58581
2024/02/27 00:15:16 INFO : test_loss       1.72393
2024/02/27 00:15:16 INFO : test_acc       20.00000
2024/02/27 00:15:16 INFO : 
2024/02/27 00:15:23 INFO : Epoch 280
2024/02/27 00:15:23 INFO : train_loss       0.50621
2024/02/27 00:15:23 INFO : train_acc       88.04348
2024/02/27 00:15:23 INFO : test_loss       1.73754
2024/02/27 00:15:23 INFO : test_acc       23.33333
2024/02/27 00:15:23 INFO : 
2024/02/27 00:15:29 INFO : Epoch 281
2024/02/27 00:15:29 INFO : train_loss       0.46162
2024/02/27 00:15:29 INFO : train_acc       89.75973
2024/02/27 00:15:29 INFO : test_loss       1.74142
2024/02/27 00:15:29 INFO : test_acc       23.33333
2024/02/27 00:15:29 INFO : 
2024/02/27 00:15:36 INFO : Epoch 282
2024/02/27 00:15:36 INFO : train_loss       0.48461
2024/02/27 00:15:36 INFO : train_acc       87.58581
2024/02/27 00:15:36 INFO : test_loss       1.74473
2024/02/27 00:15:36 INFO : test_acc       23.33333
2024/02/27 00:15:36 INFO : 
2024/02/27 00:15:43 INFO : Epoch 283
2024/02/27 00:15:43 INFO : train_loss       0.46056
2024/02/27 00:15:43 INFO : train_acc       89.53089
2024/02/27 00:15:43 INFO : test_loss       1.75652
2024/02/27 00:15:43 INFO : test_acc       23.33333
2024/02/27 00:15:43 INFO : 
2024/02/27 00:15:49 INFO : Epoch 284
2024/02/27 00:15:49 INFO : train_loss       0.50812
2024/02/27 00:15:49 INFO : train_acc       86.04119
2024/02/27 00:15:49 INFO : test_loss       1.75568
2024/02/27 00:15:49 INFO : test_acc       23.33333
2024/02/27 00:15:49 INFO : 
2024/02/27 00:15:56 INFO : Epoch 285
2024/02/27 00:15:56 INFO : train_loss       0.47858
2024/02/27 00:15:56 INFO : train_acc       87.81465
2024/02/27 00:15:56 INFO : test_loss       1.76009
2024/02/27 00:15:56 INFO : test_acc       23.33333
2024/02/27 00:15:56 INFO : 
2024/02/27 00:16:02 INFO : Epoch 286
2024/02/27 00:16:02 INFO : train_loss       0.54578
2024/02/27 00:16:02 INFO : train_acc       88.44394
2024/02/27 00:16:02 INFO : test_loss       1.76584
2024/02/27 00:16:02 INFO : test_acc       23.33333
2024/02/27 00:16:02 INFO : 
2024/02/27 00:16:09 INFO : Epoch 287
2024/02/27 00:16:09 INFO : train_loss       0.52236
2024/02/27 00:16:09 INFO : train_acc       86.27002
2024/02/27 00:16:09 INFO : test_loss       1.77461
2024/02/27 00:16:09 INFO : test_acc       23.33333
2024/02/27 00:16:09 INFO : 
2024/02/27 00:16:15 INFO : Epoch 288
2024/02/27 00:16:15 INFO : train_loss       0.46705
2024/02/27 00:16:15 INFO : train_acc       91.07551
2024/02/27 00:16:15 INFO : test_loss       1.77545
2024/02/27 00:16:15 INFO : test_acc       23.33333
2024/02/27 00:16:15 INFO : 
2024/02/27 00:16:22 INFO : Epoch 289
2024/02/27 00:16:22 INFO : train_loss       0.54941
2024/02/27 00:16:22 INFO : train_acc       82.55149
2024/02/27 00:16:22 INFO : test_loss       1.78181
2024/02/27 00:16:22 INFO : test_acc       23.33333
2024/02/27 00:16:22 INFO : 
2024/02/27 00:16:29 INFO : Epoch 290
2024/02/27 00:16:29 INFO : train_loss       0.54822
2024/02/27 00:16:29 INFO : train_acc       81.23570
2024/02/27 00:16:29 INFO : test_loss       1.78038
2024/02/27 00:16:29 INFO : test_acc       23.33333
2024/02/27 00:16:29 INFO : 
2024/02/27 00:16:35 INFO : Epoch 291
2024/02/27 00:16:35 INFO : train_loss       0.52862
2024/02/27 00:16:35 INFO : train_acc       79.91991
2024/02/27 00:16:35 INFO : test_loss       1.77912
2024/02/27 00:16:35 INFO : test_acc       23.33333
2024/02/27 00:16:35 INFO : 
2024/02/27 00:16:42 INFO : Epoch 292
2024/02/27 00:16:42 INFO : train_loss       0.44244
2024/02/27 00:16:42 INFO : train_acc       86.72769
2024/02/27 00:16:42 INFO : test_loss       1.77180
2024/02/27 00:16:42 INFO : test_acc       26.66667
2024/02/27 00:16:42 INFO : 
2024/02/27 00:16:48 INFO : Epoch 293
2024/02/27 00:16:48 INFO : train_loss       0.50128
2024/02/27 00:16:48 INFO : train_acc       88.04348
2024/02/27 00:16:48 INFO : test_loss       1.76019
2024/02/27 00:16:48 INFO : test_acc       23.33333
2024/02/27 00:16:48 INFO : 
2024/02/27 00:16:55 INFO : Epoch 294
2024/02/27 00:16:55 INFO : train_loss       0.43845
2024/02/27 00:16:55 INFO : train_acc       88.67277
2024/02/27 00:16:55 INFO : test_loss       1.76038
2024/02/27 00:16:55 INFO : test_acc       23.33333
2024/02/27 00:16:55 INFO : 
2024/02/27 00:17:02 INFO : Epoch 295
2024/02/27 00:17:02 INFO : train_loss       0.52773
2024/02/27 00:17:02 INFO : train_acc       85.41190
2024/02/27 00:17:02 INFO : test_loss       1.77347
2024/02/27 00:17:02 INFO : test_acc       23.33333
2024/02/27 00:17:02 INFO : 
2024/02/27 00:17:08 INFO : Epoch 296
2024/02/27 00:17:08 INFO : train_loss       0.51667
2024/02/27 00:17:08 INFO : train_acc       85.41190
2024/02/27 00:17:08 INFO : test_loss       1.78634
2024/02/27 00:17:08 INFO : test_acc       23.33333
2024/02/27 00:17:08 INFO : 
2024/02/27 00:17:15 INFO : Epoch 297
2024/02/27 00:17:15 INFO : train_loss       0.46574
2024/02/27 00:17:15 INFO : train_acc       90.61785
2024/02/27 00:17:15 INFO : test_loss       1.80588
2024/02/27 00:17:15 INFO : test_acc       23.33333
2024/02/27 00:17:15 INFO : 
2024/02/27 00:17:22 INFO : Epoch 298
2024/02/27 00:17:22 INFO : train_loss       0.49625
2024/02/27 00:17:22 INFO : train_acc       87.12815
2024/02/27 00:17:22 INFO : test_loss       1.81454
2024/02/27 00:17:22 INFO : test_acc       23.33333
2024/02/27 00:17:22 INFO : 
2024/02/27 00:17:29 INFO : Epoch 299
2024/02/27 00:17:29 INFO : train_loss       0.48523
2024/02/27 00:17:29 INFO : train_acc       88.21510
2024/02/27 00:17:29 INFO : test_loss       1.82456
2024/02/27 00:17:29 INFO : test_acc       20.00000
2024/02/27 00:17:29 INFO : 
2024/02/27 00:17:29 INFO : Best test acc 33.33333 
2024/02/27 00:17:29 INFO : mean acc of last 10 epochs 23.33333 
2024/02/27 00:17:29 INFO : std of last 10 epochs 1.49071 
2024/02/27 00:17:29 INFO : * * * * * * * * * * * * * * * * * * * * 
2024/02/27 00:17:29 INFO : Param again {'num_classes': 4, 'chans': 24, 'channel_depth1': 26, 'channel_depth2': 9, 'kernel': 75, 'depth': 9, 'pool_depth': 1, 'avepool': 50, 'avgpool_step1': 1}
2024/02/27 00:17:29 INFO : Done! Running time 23249.03018
