2023/10/20 22:07:10 INFO : ****************  LMDA for 10! ***************************
2023/10/20 22:07:11 INFO : {'num_classes': 6, 'chans': 6, 'channel_depth1': 8, 'channel_depth2': 9, 'kernel': 75, 'depth': 9, 'pool_depth': 1, 'avepool': 102, 'avgpool_step1': 1}
2023/10/20 22:07:11 INFO : =================================================================
Layer (type:depth-idx)                   Param #
=================================================================
\u251c\u2500Sequential: 1-1                        --
|    \u2514\u2500Conv2d: 2-1                       72
|    \u2514\u2500BatchNorm2d: 2-2                  16
|    \u2514\u2500Conv2d: 2-3                       600
|    \u2514\u2500BatchNorm2d: 2-4                  16
|    \u2514\u2500GELU: 2-5                         --
\u251c\u2500Sequential: 1-2                        --
|    \u2514\u2500Conv2d: 2-6                       72
|    \u2514\u2500BatchNorm2d: 2-7                  18
|    \u2514\u2500Conv2d: 2-8                       54
|    \u2514\u2500BatchNorm2d: 2-9                  18
|    \u2514\u2500GELU: 2-10                        --
\u251c\u2500Sequential: 1-3                        --
|    \u2514\u2500AvgPool3d: 2-11                   --
|    \u2514\u2500Dropout: 2-12                     --
\u251c\u2500EEGDepthAttention: 1-4                 --
|    \u2514\u2500AdaptiveAvgPool2d: 2-13           --
|    \u2514\u2500Conv2d: 2-14                      8
|    \u2514\u2500Softmax: 2-15                     --
\u251c\u2500Linear: 1-5                            654
=================================================================
Total params: 1,528
Trainable params: 1,528
Non-trainable params: 0
=================================================================
2023/10/20 22:07:11 INFO : ****** Run until first stop... ********
2023/10/20 22:07:11 INFO : Train size: 18
2023/10/20 22:07:11 INFO : Test size: 6
2023/10/22 11:15:35 INFO : ****************  LMDA for 10! ***************************
2023/10/22 11:15:37 INFO : {'num_classes': 6, 'chans': 6, 'channel_depth1': 8, 'channel_depth2': 9, 'kernel': 75, 'depth': 9, 'pool_depth': 1, 'avepool': 102, 'avgpool_step1': 1}
2023/10/22 11:15:37 INFO : =================================================================
Layer (type:depth-idx)                   Param #
=================================================================
\u251c\u2500Sequential: 1-1                        --
|    \u2514\u2500Conv2d: 2-1                       72
|    \u2514\u2500BatchNorm2d: 2-2                  16
|    \u2514\u2500Conv2d: 2-3                       600
|    \u2514\u2500BatchNorm2d: 2-4                  16
|    \u2514\u2500GELU: 2-5                         --
\u251c\u2500Sequential: 1-2                        --
|    \u2514\u2500Conv2d: 2-6                       72
|    \u2514\u2500BatchNorm2d: 2-7                  18
|    \u2514\u2500Conv2d: 2-8                       54
|    \u2514\u2500BatchNorm2d: 2-9                  18
|    \u2514\u2500GELU: 2-10                        --
\u251c\u2500Sequential: 1-3                        --
|    \u2514\u2500AvgPool3d: 2-11                   --
|    \u2514\u2500Dropout: 2-12                     --
\u251c\u2500EEGDepthAttention: 1-4                 --
|    \u2514\u2500AdaptiveAvgPool2d: 2-13           --
|    \u2514\u2500Conv2d: 2-14                      8
|    \u2514\u2500Softmax: 2-15                     --
\u251c\u2500Linear: 1-5                            654
=================================================================
Total params: 1,528
Trainable params: 1,528
Non-trainable params: 0
=================================================================
2023/10/22 11:15:37 INFO : ****** Run until first stop... ********
2023/10/22 11:15:37 INFO : Train size: 18
2023/10/22 11:15:37 INFO : Test size: 6
