2024/02/27 06:24:21 INFO : ****************  LMDA for 1! ***************************
2024/02/27 06:24:22 INFO : {'num_classes': 4, 'chans': 24, 'channel_depth1': 26, 'channel_depth2': 9, 'kernel': 75, 'depth': 9, 'pool_depth': 1, 'avepool': 50, 'avgpool_step1': 1}
2024/02/27 06:24:22 INFO : ****** Run until first stop... ********
2024/02/27 06:24:22 INFO : Train size: 4
2024/02/27 06:24:22 INFO : Test size: 2
2024/02/27 06:24:29 INFO : New best test acc 25.000000
2024/02/27 06:24:29 INFO : Epoch 0
2024/02/27 06:24:29 INFO : train_loss       1.56993
2024/02/27 06:24:29 INFO : train_acc       23.91304
2024/02/27 06:24:29 INFO : test_loss       1.39503
2024/02/27 06:24:29 INFO : test_acc       25.00000
2024/02/27 06:24:29 INFO : 
2024/02/27 06:26:41 INFO : Epoch 20
2024/02/27 06:26:41 INFO : train_loss       1.09386
2024/02/27 06:26:41 INFO : train_acc       63.04348
2024/02/27 06:26:41 INFO : test_loss       1.55911
2024/02/27 06:26:41 INFO : test_acc       25.00000
2024/02/27 06:26:41 INFO : 
2024/02/27 06:27:07 INFO : New best test acc 33.333333
2024/02/27 06:28:53 INFO : Epoch 40
2024/02/27 06:28:53 INFO : train_loss       1.21638
2024/02/27 06:28:53 INFO : train_acc       52.89855
2024/02/27 06:28:53 INFO : test_loss       1.48271
2024/02/27 06:28:53 INFO : test_acc       29.16667
2024/02/27 06:28:53 INFO : 
2024/02/27 06:31:05 INFO : Epoch 60
2024/02/27 06:31:05 INFO : train_loss       0.96596
2024/02/27 06:31:05 INFO : train_acc       75.00000
2024/02/27 06:31:05 INFO : test_loss       1.59093
2024/02/27 06:31:05 INFO : test_acc       16.66667
2024/02/27 06:31:05 INFO : 
2024/02/27 06:33:16 INFO : Epoch 80
2024/02/27 06:33:16 INFO : train_loss       0.83962
2024/02/27 06:33:16 INFO : train_acc       79.71014
2024/02/27 06:33:16 INFO : test_loss       1.54291
2024/02/27 06:33:16 INFO : test_acc       20.83333
2024/02/27 06:33:16 INFO : 
2024/02/27 06:35:29 INFO : Epoch 100
2024/02/27 06:35:29 INFO : train_loss       0.90225
2024/02/27 06:35:29 INFO : train_acc       76.44928
2024/02/27 06:35:29 INFO : test_loss       1.69460
2024/02/27 06:35:29 INFO : test_acc       29.16667
2024/02/27 06:35:29 INFO : 
2024/02/27 06:37:40 INFO : Epoch 120
2024/02/27 06:37:40 INFO : train_loss       0.98515
2024/02/27 06:37:40 INFO : train_acc       64.85507
2024/02/27 06:37:40 INFO : test_loss       1.75841
2024/02/27 06:37:40 INFO : test_acc       16.66667
2024/02/27 06:37:40 INFO : 
2024/02/27 06:39:51 INFO : Epoch 140
2024/02/27 06:39:51 INFO : train_loss       0.78010
2024/02/27 06:39:51 INFO : train_acc       75.36232
2024/02/27 06:39:51 INFO : test_loss       1.60612
2024/02/27 06:39:51 INFO : test_acc       20.83333
2024/02/27 06:39:51 INFO : 
2024/02/27 06:42:03 INFO : Epoch 160
2024/02/27 06:42:03 INFO : train_loss       0.83745
2024/02/27 06:42:03 INFO : train_acc       68.11594
2024/02/27 06:42:03 INFO : test_loss       1.52898
2024/02/27 06:42:03 INFO : test_acc       29.16667
2024/02/27 06:42:03 INFO : 
2024/02/27 06:44:13 INFO : Epoch 180
2024/02/27 06:44:13 INFO : train_loss       0.68824
2024/02/27 06:44:13 INFO : train_acc       81.88406
2024/02/27 06:44:13 INFO : test_loss       1.75994
2024/02/27 06:44:13 INFO : test_acc       29.16667
2024/02/27 06:44:13 INFO : 
2024/02/27 06:46:25 INFO : Epoch 200
2024/02/27 06:46:25 INFO : train_loss       0.76466
2024/02/27 06:46:25 INFO : train_acc       69.20290
2024/02/27 06:46:25 INFO : test_loss       1.73990
2024/02/27 06:46:25 INFO : test_acc       25.00000
2024/02/27 06:46:25 INFO : 
2024/02/27 06:48:37 INFO : Epoch 220
2024/02/27 06:48:37 INFO : train_loss       0.59165
2024/02/27 06:48:37 INFO : train_acc       90.21739
2024/02/27 06:48:37 INFO : test_loss       1.68727
2024/02/27 06:48:37 INFO : test_acc       25.00000
2024/02/27 06:48:37 INFO : 
2024/02/27 06:50:46 INFO : Epoch 240
2024/02/27 06:50:46 INFO : train_loss       0.57156
2024/02/27 06:50:46 INFO : train_acc       78.62319
2024/02/27 06:50:46 INFO : test_loss       1.68152
2024/02/27 06:50:46 INFO : test_acc       29.16667
2024/02/27 06:50:46 INFO : 
2024/02/27 06:51:58 INFO : Epoch 251
2024/02/27 06:51:58 INFO : train_loss       0.54512
2024/02/27 06:51:58 INFO : train_acc       86.23188
2024/02/27 06:51:58 INFO : test_loss       1.62305
2024/02/27 06:51:58 INFO : test_acc       25.00000
2024/02/27 06:51:58 INFO : 
2024/02/27 06:52:05 INFO : Epoch 252
2024/02/27 06:52:05 INFO : train_loss       0.63796
2024/02/27 06:52:05 INFO : train_acc       86.95652
2024/02/27 06:52:05 INFO : test_loss       1.65180
2024/02/27 06:52:05 INFO : test_acc       25.00000
2024/02/27 06:52:05 INFO : 
2024/02/27 06:52:11 INFO : Epoch 253
2024/02/27 06:52:11 INFO : train_loss       0.69137
2024/02/27 06:52:11 INFO : train_acc       83.69565
2024/02/27 06:52:11 INFO : test_loss       1.63921
2024/02/27 06:52:11 INFO : test_acc       29.16667
2024/02/27 06:52:11 INFO : 
2024/02/27 06:52:18 INFO : Epoch 254
2024/02/27 06:52:18 INFO : train_loss       0.57274
2024/02/27 06:52:18 INFO : train_acc       81.88406
2024/02/27 06:52:18 INFO : test_loss       1.69785
2024/02/27 06:52:18 INFO : test_acc       29.16667
2024/02/27 06:52:18 INFO : 
2024/02/27 06:52:24 INFO : Epoch 255
2024/02/27 06:52:24 INFO : train_loss       0.53563
2024/02/27 06:52:24 INFO : train_acc       91.30435
2024/02/27 06:52:24 INFO : test_loss       1.78919
2024/02/27 06:52:24 INFO : test_acc       29.16667
2024/02/27 06:52:24 INFO : 
2024/02/27 06:52:31 INFO : Epoch 256
2024/02/27 06:52:31 INFO : train_loss       0.62049
2024/02/27 06:52:31 INFO : train_acc       80.79710
2024/02/27 06:52:31 INFO : test_loss       1.83612
2024/02/27 06:52:31 INFO : test_acc       33.33333
2024/02/27 06:52:31 INFO : 
2024/02/27 06:52:37 INFO : Epoch 257
2024/02/27 06:52:37 INFO : train_loss       0.66226
2024/02/27 06:52:37 INFO : train_acc       83.69565
2024/02/27 06:52:37 INFO : test_loss       1.78467
2024/02/27 06:52:37 INFO : test_acc       29.16667
2024/02/27 06:52:37 INFO : 
2024/02/27 06:52:44 INFO : New best test acc 37.500000
2024/02/27 06:52:44 INFO : Epoch 258
2024/02/27 06:52:44 INFO : train_loss       0.64063
2024/02/27 06:52:44 INFO : train_acc       82.97101
2024/02/27 06:52:44 INFO : test_loss       1.82524
2024/02/27 06:52:44 INFO : test_acc       37.50000
2024/02/27 06:52:44 INFO : 
2024/02/27 06:52:51 INFO : Epoch 259
2024/02/27 06:52:51 INFO : train_loss       0.55445
2024/02/27 06:52:51 INFO : train_acc       91.30435
2024/02/27 06:52:51 INFO : test_loss       1.75203
2024/02/27 06:52:51 INFO : test_acc       33.33333
2024/02/27 06:52:51 INFO : 
2024/02/27 06:52:57 INFO : Epoch 260
2024/02/27 06:52:57 INFO : train_loss       0.63148
2024/02/27 06:52:57 INFO : train_acc       88.04348
2024/02/27 06:52:57 INFO : test_loss       1.71999
2024/02/27 06:52:57 INFO : test_acc       29.16667
2024/02/27 06:52:57 INFO : 
2024/02/27 06:53:04 INFO : Epoch 261
2024/02/27 06:53:04 INFO : train_loss       0.61018
2024/02/27 06:53:04 INFO : train_acc       75.36232
2024/02/27 06:53:04 INFO : test_loss       1.75422
2024/02/27 06:53:04 INFO : test_acc       33.33333
2024/02/27 06:53:04 INFO : 
2024/02/27 06:53:10 INFO : Epoch 262
2024/02/27 06:53:10 INFO : train_loss       0.59921
2024/02/27 06:53:10 INFO : train_acc       88.04348
2024/02/27 06:53:10 INFO : test_loss       1.69825
2024/02/27 06:53:10 INFO : test_acc       33.33333
2024/02/27 06:53:10 INFO : 
2024/02/27 06:53:17 INFO : Epoch 263
2024/02/27 06:53:17 INFO : train_loss       0.50249
2024/02/27 06:53:17 INFO : train_acc       89.13043
2024/02/27 06:53:17 INFO : test_loss       1.67228
2024/02/27 06:53:17 INFO : test_acc       37.50000
2024/02/27 06:53:17 INFO : 
2024/02/27 06:53:24 INFO : Epoch 264
2024/02/27 06:53:24 INFO : train_loss       0.67676
2024/02/27 06:53:24 INFO : train_acc       75.72464
2024/02/27 06:53:24 INFO : test_loss       1.64864
2024/02/27 06:53:24 INFO : test_acc       37.50000
2024/02/27 06:53:24 INFO : 
2024/02/27 06:53:30 INFO : Epoch 265
2024/02/27 06:53:30 INFO : train_loss       0.60932
2024/02/27 06:53:30 INFO : train_acc       92.39130
2024/02/27 06:53:30 INFO : test_loss       1.66877
2024/02/27 06:53:30 INFO : test_acc       37.50000
2024/02/27 06:53:30 INFO : 
2024/02/27 06:53:37 INFO : Epoch 266
2024/02/27 06:53:37 INFO : train_loss       0.69128
2024/02/27 06:53:37 INFO : train_acc       81.88406
2024/02/27 06:53:37 INFO : test_loss       1.67513
2024/02/27 06:53:37 INFO : test_acc       37.50000
2024/02/27 06:53:37 INFO : 
2024/02/27 06:53:43 INFO : Epoch 267
2024/02/27 06:53:43 INFO : train_loss       0.46276
2024/02/27 06:53:43 INFO : train_acc       90.21739
2024/02/27 06:53:43 INFO : test_loss       1.62689
2024/02/27 06:53:43 INFO : test_acc       37.50000
2024/02/27 06:53:43 INFO : 
2024/02/27 06:53:50 INFO : Epoch 268
2024/02/27 06:53:50 INFO : train_loss       0.58265
2024/02/27 06:53:50 INFO : train_acc       81.88406
2024/02/27 06:53:50 INFO : test_loss       1.62967
2024/02/27 06:53:50 INFO : test_acc       33.33333
2024/02/27 06:53:50 INFO : 
2024/02/27 06:53:57 INFO : Epoch 269
2024/02/27 06:53:57 INFO : train_loss       0.45835
2024/02/27 06:53:57 INFO : train_acc       89.13043
2024/02/27 06:53:57 INFO : test_loss       1.62993
2024/02/27 06:53:57 INFO : test_acc       33.33333
2024/02/27 06:53:57 INFO : 
2024/02/27 06:54:03 INFO : Epoch 270
2024/02/27 06:54:03 INFO : train_loss       0.69060
2024/02/27 06:54:03 INFO : train_acc       79.71014
2024/02/27 06:54:03 INFO : test_loss       1.61377
2024/02/27 06:54:03 INFO : test_acc       33.33333
2024/02/27 06:54:03 INFO : 
2024/02/27 06:54:10 INFO : Epoch 271
2024/02/27 06:54:10 INFO : train_loss       0.57422
2024/02/27 06:54:10 INFO : train_acc       88.04348
2024/02/27 06:54:10 INFO : test_loss       1.61709
2024/02/27 06:54:10 INFO : test_acc       33.33333
2024/02/27 06:54:10 INFO : 
2024/02/27 06:54:16 INFO : Epoch 272
2024/02/27 06:54:16 INFO : train_loss       0.66454
2024/02/27 06:54:16 INFO : train_acc       88.04348
2024/02/27 06:54:16 INFO : test_loss       1.58975
2024/02/27 06:54:16 INFO : test_acc       33.33333
2024/02/27 06:54:16 INFO : 
2024/02/27 06:54:23 INFO : Epoch 273
2024/02/27 06:54:23 INFO : train_loss       0.67442
2024/02/27 06:54:23 INFO : train_acc       79.71014
2024/02/27 06:54:23 INFO : test_loss       1.58455
2024/02/27 06:54:23 INFO : test_acc       37.50000
2024/02/27 06:54:23 INFO : 
2024/02/27 06:54:29 INFO : Epoch 274
2024/02/27 06:54:29 INFO : train_loss       0.55494
2024/02/27 06:54:29 INFO : train_acc       86.23188
2024/02/27 06:54:29 INFO : test_loss       1.53485
2024/02/27 06:54:29 INFO : test_acc       33.33333
2024/02/27 06:54:29 INFO : 
2024/02/27 06:54:36 INFO : Epoch 275
2024/02/27 06:54:36 INFO : train_loss       0.55367
2024/02/27 06:54:36 INFO : train_acc       90.21739
2024/02/27 06:54:36 INFO : test_loss       1.48824
2024/02/27 06:54:36 INFO : test_acc       29.16667
2024/02/27 06:54:36 INFO : 
2024/02/27 06:54:42 INFO : Epoch 276
2024/02/27 06:54:42 INFO : train_loss       0.75974
2024/02/27 06:54:42 INFO : train_acc       72.10145
2024/02/27 06:54:42 INFO : test_loss       1.47953
2024/02/27 06:54:42 INFO : test_acc       29.16667
2024/02/27 06:54:42 INFO : 
2024/02/27 06:54:49 INFO : Epoch 277
2024/02/27 06:54:49 INFO : train_loss       0.70011
2024/02/27 06:54:49 INFO : train_acc       73.55072
2024/02/27 06:54:49 INFO : test_loss       1.54905
2024/02/27 06:54:49 INFO : test_acc       29.16667
2024/02/27 06:54:49 INFO : 
2024/02/27 06:54:56 INFO : Epoch 278
2024/02/27 06:54:56 INFO : train_loss       0.62458
2024/02/27 06:54:56 INFO : train_acc       86.95652
2024/02/27 06:54:56 INFO : test_loss       1.55611
2024/02/27 06:54:56 INFO : test_acc       29.16667
2024/02/27 06:54:56 INFO : 
2024/02/27 06:55:02 INFO : Epoch 279
2024/02/27 06:55:02 INFO : train_loss       0.76542
2024/02/27 06:55:02 INFO : train_acc       84.05797
2024/02/27 06:55:02 INFO : test_loss       1.53639
2024/02/27 06:55:02 INFO : test_acc       29.16667
2024/02/27 06:55:02 INFO : 
2024/02/27 06:55:09 INFO : Epoch 280
2024/02/27 06:55:09 INFO : train_loss       0.67789
2024/02/27 06:55:09 INFO : train_acc       76.81159
2024/02/27 06:55:09 INFO : test_loss       1.47941
2024/02/27 06:55:09 INFO : test_acc       29.16667
2024/02/27 06:55:09 INFO : 
2024/02/27 06:55:15 INFO : Epoch 281
2024/02/27 06:55:15 INFO : train_loss       0.54141
2024/02/27 06:55:15 INFO : train_acc       90.21739
2024/02/27 06:55:15 INFO : test_loss       1.47396
2024/02/27 06:55:15 INFO : test_acc       29.16667
2024/02/27 06:55:15 INFO : 
2024/02/27 06:55:22 INFO : Epoch 282
2024/02/27 06:55:22 INFO : train_loss       0.52089
2024/02/27 06:55:22 INFO : train_acc       89.13043
2024/02/27 06:55:22 INFO : test_loss       1.47857
2024/02/27 06:55:22 INFO : test_acc       29.16667
2024/02/27 06:55:22 INFO : 
2024/02/27 06:55:29 INFO : Epoch 283
2024/02/27 06:55:29 INFO : train_loss       0.49876
2024/02/27 06:55:29 INFO : train_acc       92.39130
2024/02/27 06:55:29 INFO : test_loss       1.50394
2024/02/27 06:55:29 INFO : test_acc       29.16667
2024/02/27 06:55:29 INFO : 
2024/02/27 06:55:35 INFO : Epoch 284
2024/02/27 06:55:35 INFO : train_loss       0.54034
2024/02/27 06:55:35 INFO : train_acc       89.13043
2024/02/27 06:55:35 INFO : test_loss       1.50779
2024/02/27 06:55:35 INFO : test_acc       25.00000
2024/02/27 06:55:35 INFO : 
2024/02/27 06:55:42 INFO : Epoch 285
2024/02/27 06:55:42 INFO : train_loss       0.59254
2024/02/27 06:55:42 INFO : train_acc       80.79710
2024/02/27 06:55:42 INFO : test_loss       1.54203
2024/02/27 06:55:42 INFO : test_acc       25.00000
2024/02/27 06:55:42 INFO : 
2024/02/27 06:55:48 INFO : Epoch 286
2024/02/27 06:55:48 INFO : train_loss       0.71837
2024/02/27 06:55:48 INFO : train_acc       76.81159
2024/02/27 06:55:48 INFO : test_loss       1.58502
2024/02/27 06:55:48 INFO : test_acc       25.00000
2024/02/27 06:55:48 INFO : 
2024/02/27 06:55:55 INFO : Epoch 287
2024/02/27 06:55:55 INFO : train_loss       0.58313
2024/02/27 06:55:55 INFO : train_acc       80.79710
2024/02/27 06:55:55 INFO : test_loss       1.61093
2024/02/27 06:55:55 INFO : test_acc       25.00000
2024/02/27 06:55:55 INFO : 
2024/02/27 06:56:01 INFO : Epoch 288
2024/02/27 06:56:01 INFO : train_loss       0.62904
2024/02/27 06:56:01 INFO : train_acc       76.44928
2024/02/27 06:56:01 INFO : test_loss       1.63006
2024/02/27 06:56:01 INFO : test_acc       25.00000
2024/02/27 06:56:01 INFO : 
2024/02/27 06:56:08 INFO : Epoch 289
2024/02/27 06:56:08 INFO : train_loss       0.53982
2024/02/27 06:56:08 INFO : train_acc       80.79710
2024/02/27 06:56:08 INFO : test_loss       1.61823
2024/02/27 06:56:08 INFO : test_acc       25.00000
2024/02/27 06:56:08 INFO : 
2024/02/27 06:56:14 INFO : Epoch 290
2024/02/27 06:56:14 INFO : train_loss       0.55813
2024/02/27 06:56:14 INFO : train_acc       91.30435
2024/02/27 06:56:14 INFO : test_loss       1.61779
2024/02/27 06:56:14 INFO : test_acc       25.00000
2024/02/27 06:56:14 INFO : 
2024/02/27 06:56:21 INFO : Epoch 291
2024/02/27 06:56:21 INFO : train_loss       0.54655
2024/02/27 06:56:21 INFO : train_acc       90.21739
2024/02/27 06:56:21 INFO : test_loss       1.60939
2024/02/27 06:56:21 INFO : test_acc       25.00000
2024/02/27 06:56:21 INFO : 
2024/02/27 06:56:27 INFO : Epoch 292
2024/02/27 06:56:27 INFO : train_loss       0.59795
2024/02/27 06:56:27 INFO : train_acc       82.60870
2024/02/27 06:56:27 INFO : test_loss       1.59818
2024/02/27 06:56:27 INFO : test_acc       29.16667
2024/02/27 06:56:27 INFO : 
2024/02/27 06:56:34 INFO : Epoch 293
2024/02/27 06:56:34 INFO : train_loss       0.60888
2024/02/27 06:56:34 INFO : train_acc       82.97101
2024/02/27 06:56:34 INFO : test_loss       1.59590
2024/02/27 06:56:34 INFO : test_acc       29.16667
2024/02/27 06:56:34 INFO : 
2024/02/27 06:56:40 INFO : Epoch 294
2024/02/27 06:56:40 INFO : train_loss       0.51497
2024/02/27 06:56:40 INFO : train_acc       82.97101
2024/02/27 06:56:40 INFO : test_loss       1.57181
2024/02/27 06:56:40 INFO : test_acc       29.16667
2024/02/27 06:56:40 INFO : 
2024/02/27 06:56:47 INFO : Epoch 295
2024/02/27 06:56:47 INFO : train_loss       0.61510
2024/02/27 06:56:47 INFO : train_acc       82.60870
2024/02/27 06:56:47 INFO : test_loss       1.57613
2024/02/27 06:56:47 INFO : test_acc       29.16667
2024/02/27 06:56:47 INFO : 
2024/02/27 06:56:53 INFO : Epoch 296
2024/02/27 06:56:53 INFO : train_loss       0.44454
2024/02/27 06:56:53 INFO : train_acc       94.56522
2024/02/27 06:56:53 INFO : test_loss       1.54798
2024/02/27 06:56:53 INFO : test_acc       25.00000
2024/02/27 06:56:53 INFO : 
2024/02/27 06:57:00 INFO : Epoch 297
2024/02/27 06:57:00 INFO : train_loss       0.62782
2024/02/27 06:57:00 INFO : train_acc       86.95652
2024/02/27 06:57:00 INFO : test_loss       1.50427
2024/02/27 06:57:00 INFO : test_acc       25.00000
2024/02/27 06:57:00 INFO : 
2024/02/27 06:57:06 INFO : Epoch 298
2024/02/27 06:57:06 INFO : train_loss       0.52754
2024/02/27 06:57:06 INFO : train_acc       94.56522
2024/02/27 06:57:06 INFO : test_loss       1.53255
2024/02/27 06:57:06 INFO : test_acc       20.83333
2024/02/27 06:57:06 INFO : 
2024/02/27 06:57:13 INFO : Epoch 299
2024/02/27 06:57:13 INFO : train_loss       0.49562
2024/02/27 06:57:13 INFO : train_acc       93.47826
2024/02/27 06:57:13 INFO : test_loss       1.53069
2024/02/27 06:57:13 INFO : test_acc       20.83333
2024/02/27 06:57:13 INFO : 
2024/02/27 06:57:13 INFO : Best test acc 37.50000 
2024/02/27 06:57:13 INFO : mean acc of last 10 epochs 25.83333 
2024/02/27 06:57:13 INFO : std of last 10 epochs 3.11805 
2024/02/27 06:57:13 INFO : * * * * * * * * * * * * * * * * * * * * 
2024/02/27 06:57:36 INFO : ****************  LMDA for 2! ***************************
2024/02/27 06:57:36 INFO : {'num_classes': 4, 'chans': 24, 'channel_depth1': 26, 'channel_depth2': 9, 'kernel': 75, 'depth': 9, 'pool_depth': 1, 'avepool': 50, 'avgpool_step1': 1}
2024/02/27 06:57:36 INFO : ****** Run until first stop... ********
2024/02/27 06:57:36 INFO : Train size: 4
2024/02/27 06:57:36 INFO : Test size: 2
2024/02/27 06:57:43 INFO : New best test acc 20.689655
2024/02/27 06:57:43 INFO : Epoch 0
2024/02/27 06:57:43 INFO : train_loss       1.66464
2024/02/27 06:57:43 INFO : train_acc       27.29469
2024/02/27 06:57:43 INFO : test_loss       1.38588
2024/02/27 06:57:43 INFO : test_acc       20.68966
2024/02/27 06:57:43 INFO : 
2024/02/27 06:57:56 INFO : New best test acc 24.137931
2024/02/27 06:59:35 INFO : New best test acc 27.586207
2024/02/27 06:59:55 INFO : Epoch 20
2024/02/27 06:59:55 INFO : train_loss       1.21132
2024/02/27 06:59:55 INFO : train_acc       42.63285
2024/02/27 06:59:55 INFO : test_loss       1.40106
2024/02/27 06:59:55 INFO : test_acc       27.58621
2024/02/27 06:59:55 INFO : 
2024/02/27 07:00:08 INFO : New best test acc 31.034483
2024/02/27 07:00:15 INFO : New best test acc 34.482759
2024/02/27 07:00:35 INFO : New best test acc 37.931034
2024/02/27 07:02:06 INFO : Epoch 40
2024/02/27 07:02:06 INFO : train_loss       1.08495
2024/02/27 07:02:06 INFO : train_acc       61.71498
2024/02/27 07:02:06 INFO : test_loss       1.45666
2024/02/27 07:02:06 INFO : test_acc       31.03448
2024/02/27 07:02:06 INFO : 
2024/02/27 07:04:17 INFO : Epoch 60
2024/02/27 07:04:17 INFO : train_loss       1.04668
2024/02/27 07:04:17 INFO : train_acc       58.45411
2024/02/27 07:04:17 INFO : test_loss       1.49209
2024/02/27 07:04:17 INFO : test_acc       20.68966
2024/02/27 07:04:17 INFO : 
2024/02/27 07:06:29 INFO : Epoch 80
2024/02/27 07:06:29 INFO : train_loss       0.89746
2024/02/27 07:06:29 INFO : train_acc       70.53140
2024/02/27 07:06:29 INFO : test_loss       1.50064
2024/02/27 07:06:29 INFO : test_acc       24.13793
2024/02/27 07:06:29 INFO : 
2024/02/27 07:08:39 INFO : Epoch 100
2024/02/27 07:08:39 INFO : train_loss       0.88834
2024/02/27 07:08:39 INFO : train_acc       66.96860
2024/02/27 07:08:39 INFO : test_loss       1.49013
2024/02/27 07:08:39 INFO : test_acc       27.58621
2024/02/27 07:08:39 INFO : 
2024/02/27 07:10:51 INFO : Epoch 120
2024/02/27 07:10:51 INFO : train_loss       0.82672
2024/02/27 07:10:51 INFO : train_acc       67.14976
2024/02/27 07:10:51 INFO : test_loss       1.47241
2024/02/27 07:10:51 INFO : test_acc       27.58621
2024/02/27 07:10:51 INFO : 
2024/02/27 07:13:03 INFO : Epoch 140
2024/02/27 07:13:03 INFO : train_loss       0.73486
2024/02/27 07:13:03 INFO : train_acc       74.57729
2024/02/27 07:13:03 INFO : test_loss       1.47470
2024/02/27 07:13:03 INFO : test_acc       24.13793
2024/02/27 07:13:03 INFO : 
2024/02/27 07:15:14 INFO : Epoch 160
2024/02/27 07:15:14 INFO : train_loss       0.69920
2024/02/27 07:15:14 INFO : train_acc       80.01208
2024/02/27 07:15:14 INFO : test_loss       1.44842
2024/02/27 07:15:14 INFO : test_acc       27.58621
2024/02/27 07:15:14 INFO : 
2024/02/27 07:17:27 INFO : Epoch 180
2024/02/27 07:17:27 INFO : train_loss       0.74384
2024/02/27 07:17:27 INFO : train_acc       70.89372
2024/02/27 07:17:27 INFO : test_loss       1.46121
2024/02/27 07:17:27 INFO : test_acc       31.03448
2024/02/27 07:17:27 INFO : 
2024/02/27 07:19:37 INFO : Epoch 200
2024/02/27 07:19:37 INFO : train_loss       0.70754
2024/02/27 07:19:37 INFO : train_acc       78.92512
2024/02/27 07:19:37 INFO : test_loss       1.48001
2024/02/27 07:19:37 INFO : test_acc       31.03448
2024/02/27 07:19:37 INFO : 
2024/02/27 07:21:49 INFO : Epoch 220
2024/02/27 07:21:49 INFO : train_loss       0.69632
2024/02/27 07:21:49 INFO : train_acc       77.35507
2024/02/27 07:21:49 INFO : test_loss       1.49202
2024/02/27 07:21:49 INFO : test_acc       34.48276
2024/02/27 07:21:49 INFO : 
2024/02/27 07:24:01 INFO : Epoch 240
2024/02/27 07:24:01 INFO : train_loss       0.62734
2024/02/27 07:24:01 INFO : train_acc       77.53623
2024/02/27 07:24:01 INFO : test_loss       1.48733
2024/02/27 07:24:01 INFO : test_acc       34.48276
2024/02/27 07:24:01 INFO : 
2024/02/27 07:25:14 INFO : Epoch 251
2024/02/27 07:25:14 INFO : train_loss       0.65078
2024/02/27 07:25:14 INFO : train_acc       78.14010
2024/02/27 07:25:14 INFO : test_loss       1.48577
2024/02/27 07:25:14 INFO : test_acc       31.03448
2024/02/27 07:25:14 INFO : 
2024/02/27 07:25:21 INFO : Epoch 252
2024/02/27 07:25:21 INFO : train_loss       0.64078
2024/02/27 07:25:21 INFO : train_acc       78.74396
2024/02/27 07:25:21 INFO : test_loss       1.48163
2024/02/27 07:25:21 INFO : test_acc       34.48276
2024/02/27 07:25:21 INFO : 
2024/02/27 07:25:27 INFO : Epoch 253
2024/02/27 07:25:27 INFO : train_loss       0.63198
2024/02/27 07:25:27 INFO : train_acc       84.78261
2024/02/27 07:25:27 INFO : test_loss       1.48508
2024/02/27 07:25:27 INFO : test_acc       34.48276
2024/02/27 07:25:27 INFO : 
2024/02/27 07:25:34 INFO : Epoch 254
2024/02/27 07:25:34 INFO : train_loss       0.61868
2024/02/27 07:25:34 INFO : train_acc       77.05314
2024/02/27 07:25:34 INFO : test_loss       1.49495
2024/02/27 07:25:34 INFO : test_acc       31.03448
2024/02/27 07:25:34 INFO : 
2024/02/27 07:25:40 INFO : Epoch 255
2024/02/27 07:25:40 INFO : train_loss       0.61674
2024/02/27 07:25:40 INFO : train_acc       81.09903
2024/02/27 07:25:40 INFO : test_loss       1.49688
2024/02/27 07:25:40 INFO : test_acc       34.48276
2024/02/27 07:25:40 INFO : 
2024/02/27 07:25:47 INFO : Epoch 256
2024/02/27 07:25:47 INFO : train_loss       0.63025
2024/02/27 07:25:47 INFO : train_acc       80.79710
2024/02/27 07:25:47 INFO : test_loss       1.49331
2024/02/27 07:25:47 INFO : test_acc       34.48276
2024/02/27 07:25:47 INFO : 
2024/02/27 07:25:53 INFO : Epoch 257
2024/02/27 07:25:53 INFO : train_loss       0.56924
2024/02/27 07:25:53 INFO : train_acc       83.27295
2024/02/27 07:25:53 INFO : test_loss       1.49963
2024/02/27 07:25:53 INFO : test_acc       31.03448
2024/02/27 07:25:53 INFO : 
2024/02/27 07:26:00 INFO : Epoch 258
2024/02/27 07:26:00 INFO : train_loss       0.60450
2024/02/27 07:26:00 INFO : train_acc       85.56763
2024/02/27 07:26:00 INFO : test_loss       1.50272
2024/02/27 07:26:00 INFO : test_acc       27.58621
2024/02/27 07:26:00 INFO : 
2024/02/27 07:26:06 INFO : Epoch 259
2024/02/27 07:26:06 INFO : train_loss       0.65519
2024/02/27 07:26:06 INFO : train_acc       76.44928
2024/02/27 07:26:06 INFO : test_loss       1.49888
2024/02/27 07:26:06 INFO : test_acc       31.03448
2024/02/27 07:26:06 INFO : 
2024/02/27 07:26:13 INFO : Epoch 260
2024/02/27 07:26:13 INFO : train_loss       0.58732
2024/02/27 07:26:13 INFO : train_acc       85.74879
2024/02/27 07:26:13 INFO : test_loss       1.50213
2024/02/27 07:26:13 INFO : test_acc       31.03448
2024/02/27 07:26:13 INFO : 
2024/02/27 07:26:19 INFO : Epoch 261
2024/02/27 07:26:19 INFO : train_loss       0.59723
2024/02/27 07:26:19 INFO : train_acc       82.30676
2024/02/27 07:26:19 INFO : test_loss       1.50103
2024/02/27 07:26:19 INFO : test_acc       31.03448
2024/02/27 07:26:19 INFO : 
2024/02/27 07:26:26 INFO : Epoch 262
2024/02/27 07:26:26 INFO : train_loss       0.67872
2024/02/27 07:26:26 INFO : train_acc       77.35507
2024/02/27 07:26:26 INFO : test_loss       1.49584
2024/02/27 07:26:26 INFO : test_acc       34.48276
2024/02/27 07:26:26 INFO : 
2024/02/27 07:26:32 INFO : Epoch 263
2024/02/27 07:26:32 INFO : train_loss       0.61639
2024/02/27 07:26:32 INFO : train_acc       80.13285
2024/02/27 07:26:32 INFO : test_loss       1.49123
2024/02/27 07:26:32 INFO : test_acc       34.48276
2024/02/27 07:26:32 INFO : 
2024/02/27 07:26:39 INFO : Epoch 264
2024/02/27 07:26:39 INFO : train_loss       0.63307
2024/02/27 07:26:39 INFO : train_acc       84.17874
2024/02/27 07:26:39 INFO : test_loss       1.48458
2024/02/27 07:26:39 INFO : test_acc       37.93103
2024/02/27 07:26:39 INFO : 
2024/02/27 07:26:45 INFO : Epoch 265
2024/02/27 07:26:45 INFO : train_loss       0.70361
2024/02/27 07:26:45 INFO : train_acc       73.49034
2024/02/27 07:26:45 INFO : test_loss       1.48262
2024/02/27 07:26:45 INFO : test_acc       37.93103
2024/02/27 07:26:45 INFO : 
2024/02/27 07:26:52 INFO : Epoch 266
2024/02/27 07:26:52 INFO : train_loss       0.60658
2024/02/27 07:26:52 INFO : train_acc       80.13285
2024/02/27 07:26:52 INFO : test_loss       1.48086
2024/02/27 07:26:52 INFO : test_acc       37.93103
2024/02/27 07:26:52 INFO : 
2024/02/27 07:26:58 INFO : Epoch 267
2024/02/27 07:26:58 INFO : train_loss       0.65180
2024/02/27 07:26:58 INFO : train_acc       78.44203
2024/02/27 07:26:58 INFO : test_loss       1.48004
2024/02/27 07:26:58 INFO : test_acc       34.48276
2024/02/27 07:26:58 INFO : 
2024/02/27 07:27:05 INFO : Epoch 268
2024/02/27 07:27:05 INFO : train_loss       0.59141
2024/02/27 07:27:05 INFO : train_acc       80.91787
2024/02/27 07:27:05 INFO : test_loss       1.48414
2024/02/27 07:27:05 INFO : test_acc       34.48276
2024/02/27 07:27:05 INFO : 
2024/02/27 07:27:11 INFO : Epoch 269
2024/02/27 07:27:11 INFO : train_loss       0.60146
2024/02/27 07:27:11 INFO : train_acc       77.05314
2024/02/27 07:27:11 INFO : test_loss       1.48759
2024/02/27 07:27:11 INFO : test_acc       34.48276
2024/02/27 07:27:11 INFO : 
2024/02/27 07:27:18 INFO : Epoch 270
2024/02/27 07:27:18 INFO : train_loss       0.66386
2024/02/27 07:27:18 INFO : train_acc       77.05314
2024/02/27 07:27:18 INFO : test_loss       1.48871
2024/02/27 07:27:18 INFO : test_acc       31.03448
2024/02/27 07:27:18 INFO : 
2024/02/27 07:27:24 INFO : Epoch 271
2024/02/27 07:27:24 INFO : train_loss       0.58820
2024/02/27 07:27:24 INFO : train_acc       78.44203
2024/02/27 07:27:24 INFO : test_loss       1.48711
2024/02/27 07:27:24 INFO : test_acc       34.48276
2024/02/27 07:27:24 INFO : 
2024/02/27 07:27:31 INFO : Epoch 272
2024/02/27 07:27:31 INFO : train_loss       0.55164
2024/02/27 07:27:31 INFO : train_acc       87.31884
2024/02/27 07:27:31 INFO : test_loss       1.48317
2024/02/27 07:27:31 INFO : test_acc       34.48276
2024/02/27 07:27:31 INFO : 
2024/02/27 07:27:38 INFO : Epoch 273
2024/02/27 07:27:38 INFO : train_loss       0.63409
2024/02/27 07:27:38 INFO : train_acc       82.78986
2024/02/27 07:27:38 INFO : test_loss       1.48312
2024/02/27 07:27:38 INFO : test_acc       34.48276
2024/02/27 07:27:38 INFO : 
2024/02/27 07:27:44 INFO : Epoch 274
2024/02/27 07:27:44 INFO : train_loss       0.60693
2024/02/27 07:27:44 INFO : train_acc       76.26812
2024/02/27 07:27:44 INFO : test_loss       1.48091
2024/02/27 07:27:44 INFO : test_acc       34.48276
2024/02/27 07:27:44 INFO : 
2024/02/27 07:27:51 INFO : Epoch 275
2024/02/27 07:27:51 INFO : train_loss       0.66485
2024/02/27 07:27:51 INFO : train_acc       77.83816
2024/02/27 07:27:51 INFO : test_loss       1.47864
2024/02/27 07:27:51 INFO : test_acc       34.48276
2024/02/27 07:27:51 INFO : 
2024/02/27 07:27:57 INFO : Epoch 276
2024/02/27 07:27:57 INFO : train_loss       0.56319
2024/02/27 07:27:57 INFO : train_acc       79.52899
2024/02/27 07:27:57 INFO : test_loss       1.47686
2024/02/27 07:27:57 INFO : test_acc       34.48276
2024/02/27 07:27:57 INFO : 
2024/02/27 07:28:04 INFO : Epoch 277
2024/02/27 07:28:04 INFO : train_loss       0.54986
2024/02/27 07:28:04 INFO : train_acc       83.09179
2024/02/27 07:28:04 INFO : test_loss       1.47531
2024/02/27 07:28:04 INFO : test_acc       34.48276
2024/02/27 07:28:04 INFO : 
2024/02/27 07:28:10 INFO : Epoch 278
2024/02/27 07:28:10 INFO : train_loss       0.60311
2024/02/27 07:28:10 INFO : train_acc       81.70290
2024/02/27 07:28:10 INFO : test_loss       1.47877
2024/02/27 07:28:10 INFO : test_acc       34.48276
2024/02/27 07:28:10 INFO : 
2024/02/27 07:28:17 INFO : Epoch 279
2024/02/27 07:28:17 INFO : train_loss       0.58647
2024/02/27 07:28:17 INFO : train_acc       83.57488
2024/02/27 07:28:17 INFO : test_loss       1.47739
2024/02/27 07:28:17 INFO : test_acc       34.48276
2024/02/27 07:28:17 INFO : 
2024/02/27 07:28:23 INFO : Epoch 280
2024/02/27 07:28:23 INFO : train_loss       0.58524
2024/02/27 07:28:23 INFO : train_acc       86.35266
2024/02/27 07:28:23 INFO : test_loss       1.47013
2024/02/27 07:28:23 INFO : test_acc       37.93103
2024/02/27 07:28:23 INFO : 
2024/02/27 07:28:30 INFO : Epoch 281
2024/02/27 07:28:30 INFO : train_loss       0.64738
2024/02/27 07:28:30 INFO : train_acc       79.52899
2024/02/27 07:28:30 INFO : test_loss       1.46949
2024/02/27 07:28:30 INFO : test_acc       34.48276
2024/02/27 07:28:30 INFO : 
2024/02/27 07:28:37 INFO : Epoch 282
2024/02/27 07:28:37 INFO : train_loss       0.57186
2024/02/27 07:28:37 INFO : train_acc       85.56763
2024/02/27 07:28:37 INFO : test_loss       1.46918
2024/02/27 07:28:37 INFO : test_acc       37.93103
2024/02/27 07:28:37 INFO : 
2024/02/27 07:28:43 INFO : Epoch 283
2024/02/27 07:28:43 INFO : train_loss       0.56588
2024/02/27 07:28:43 INFO : train_acc       81.70290
2024/02/27 07:28:43 INFO : test_loss       1.48255
2024/02/27 07:28:43 INFO : test_acc       34.48276
2024/02/27 07:28:43 INFO : 
2024/02/27 07:28:50 INFO : Epoch 284
2024/02/27 07:28:50 INFO : train_loss       0.59877
2024/02/27 07:28:50 INFO : train_acc       81.88406
2024/02/27 07:28:50 INFO : test_loss       1.50050
2024/02/27 07:28:50 INFO : test_acc       34.48276
2024/02/27 07:28:50 INFO : 
2024/02/27 07:28:57 INFO : Epoch 285
2024/02/27 07:28:57 INFO : train_loss       0.62557
2024/02/27 07:28:57 INFO : train_acc       83.39372
2024/02/27 07:28:57 INFO : test_loss       1.51332
2024/02/27 07:28:57 INFO : test_acc       34.48276
2024/02/27 07:28:57 INFO : 
2024/02/27 07:29:04 INFO : Epoch 286
2024/02/27 07:29:04 INFO : train_loss       0.65030
2024/02/27 07:29:04 INFO : train_acc       80.01208
2024/02/27 07:29:04 INFO : test_loss       1.50799
2024/02/27 07:29:04 INFO : test_acc       34.48276
2024/02/27 07:29:04 INFO : 
2024/02/27 07:29:10 INFO : Epoch 287
2024/02/27 07:29:10 INFO : train_loss       0.60845
2024/02/27 07:29:10 INFO : train_acc       80.49517
2024/02/27 07:29:10 INFO : test_loss       1.50390
2024/02/27 07:29:10 INFO : test_acc       31.03448
2024/02/27 07:29:10 INFO : 
2024/02/27 07:29:17 INFO : Epoch 288
2024/02/27 07:29:17 INFO : train_loss       0.61413
2024/02/27 07:29:17 INFO : train_acc       77.35507
2024/02/27 07:29:17 INFO : test_loss       1.49089
2024/02/27 07:29:17 INFO : test_acc       27.58621
2024/02/27 07:29:17 INFO : 
2024/02/27 07:29:24 INFO : Epoch 289
2024/02/27 07:29:24 INFO : train_loss       0.60061
2024/02/27 07:29:24 INFO : train_acc       81.40097
2024/02/27 07:29:24 INFO : test_loss       1.48386
2024/02/27 07:29:24 INFO : test_acc       31.03448
2024/02/27 07:29:24 INFO : 
2024/02/27 07:29:30 INFO : Epoch 290
2024/02/27 07:29:30 INFO : train_loss       0.59490
2024/02/27 07:29:30 INFO : train_acc       82.48792
2024/02/27 07:29:30 INFO : test_loss       1.47401
2024/02/27 07:29:30 INFO : test_acc       27.58621
2024/02/27 07:29:30 INFO : 
2024/02/27 07:29:37 INFO : Epoch 291
2024/02/27 07:29:37 INFO : train_loss       0.55730
2024/02/27 07:29:37 INFO : train_acc       80.61594
2024/02/27 07:29:37 INFO : test_loss       1.47384
2024/02/27 07:29:37 INFO : test_acc       27.58621
2024/02/27 07:29:37 INFO : 
2024/02/27 07:29:44 INFO : Epoch 292
2024/02/27 07:29:44 INFO : train_loss       0.58128
2024/02/27 07:29:44 INFO : train_acc       81.09903
2024/02/27 07:29:44 INFO : test_loss       1.47199
2024/02/27 07:29:44 INFO : test_acc       31.03448
2024/02/27 07:29:44 INFO : 
2024/02/27 07:29:50 INFO : Epoch 293
2024/02/27 07:29:50 INFO : train_loss       0.62783
2024/02/27 07:29:50 INFO : train_acc       78.92512
2024/02/27 07:29:50 INFO : test_loss       1.47189
2024/02/27 07:29:50 INFO : test_acc       31.03448
2024/02/27 07:29:50 INFO : 
2024/02/27 07:29:57 INFO : Epoch 294
2024/02/27 07:29:57 INFO : train_loss       0.58811
2024/02/27 07:29:57 INFO : train_acc       81.40097
2024/02/27 07:29:57 INFO : test_loss       1.47533
2024/02/27 07:29:57 INFO : test_acc       27.58621
2024/02/27 07:29:57 INFO : 
2024/02/27 07:30:03 INFO : Epoch 295
2024/02/27 07:30:03 INFO : train_loss       0.55460
2024/02/27 07:30:03 INFO : train_acc       84.35990
2024/02/27 07:30:03 INFO : test_loss       1.47527
2024/02/27 07:30:03 INFO : test_acc       31.03448
2024/02/27 07:30:03 INFO : 
2024/02/27 07:30:10 INFO : Epoch 296
2024/02/27 07:30:10 INFO : train_loss       0.54465
2024/02/27 07:30:10 INFO : train_acc       84.96377
2024/02/27 07:30:10 INFO : test_loss       1.47908
2024/02/27 07:30:10 INFO : test_acc       27.58621
2024/02/27 07:30:10 INFO : 
2024/02/27 07:30:17 INFO : Epoch 297
2024/02/27 07:30:17 INFO : train_loss       0.58749
2024/02/27 07:30:17 INFO : train_acc       83.09179
2024/02/27 07:30:17 INFO : test_loss       1.48508
2024/02/27 07:30:17 INFO : test_acc       24.13793
2024/02/27 07:30:17 INFO : 
2024/02/27 07:30:23 INFO : Epoch 298
2024/02/27 07:30:23 INFO : train_loss       0.57512
2024/02/27 07:30:23 INFO : train_acc       82.48792
2024/02/27 07:30:23 INFO : test_loss       1.48650
2024/02/27 07:30:23 INFO : test_acc       24.13793
2024/02/27 07:30:23 INFO : 
2024/02/27 07:30:30 INFO : Epoch 299
2024/02/27 07:30:30 INFO : train_loss       0.60221
2024/02/27 07:30:30 INFO : train_acc       76.57005
2024/02/27 07:30:30 INFO : test_loss       1.49050
2024/02/27 07:30:30 INFO : test_acc       27.58621
2024/02/27 07:30:30 INFO : 
2024/02/27 07:30:30 INFO : Best test acc 37.93103 
2024/02/27 07:30:30 INFO : mean acc of last 10 epochs 27.93103 
2024/02/27 07:30:30 INFO : std of last 10 epochs 2.41379 
2024/02/27 07:30:30 INFO : * * * * * * * * * * * * * * * * * * * * 
2024/02/27 07:30:53 INFO : ****************  LMDA for 3! ***************************
2024/02/27 07:30:54 INFO : {'num_classes': 4, 'chans': 24, 'channel_depth1': 26, 'channel_depth2': 9, 'kernel': 75, 'depth': 9, 'pool_depth': 1, 'avepool': 50, 'avgpool_step1': 1}
2024/02/27 07:30:54 INFO : ****** Run until first stop... ********
2024/02/27 07:30:54 INFO : Train size: 4
2024/02/27 07:30:54 INFO : Test size: 2
2024/02/27 07:31:00 INFO : New best test acc 6.896552
2024/02/27 07:31:00 INFO : Epoch 0
2024/02/27 07:31:00 INFO : train_loss       1.52497
2024/02/27 07:31:00 INFO : train_acc       18.15857
2024/02/27 07:31:00 INFO : test_loss       1.39535
2024/02/27 07:31:00 INFO : test_acc       6.89655
2024/02/27 07:31:00 INFO : 
2024/02/27 07:32:32 INFO : New best test acc 10.344828
2024/02/27 07:33:11 INFO : Epoch 20
2024/02/27 07:33:11 INFO : train_loss       1.18065
2024/02/27 07:33:11 INFO : train_acc       47.95396
2024/02/27 07:33:11 INFO : test_loss       1.42226
2024/02/27 07:33:11 INFO : test_acc       6.89655
2024/02/27 07:33:11 INFO : 
2024/02/27 07:33:38 INFO : New best test acc 13.793103
2024/02/27 07:33:51 INFO : New best test acc 20.689655
2024/02/27 07:34:17 INFO : New best test acc 24.137931
2024/02/27 07:35:24 INFO : Epoch 40
2024/02/27 07:35:24 INFO : train_loss       1.02276
2024/02/27 07:35:24 INFO : train_acc       68.73402
2024/02/27 07:35:24 INFO : test_loss       1.56517
2024/02/27 07:35:24 INFO : test_acc       17.24138
2024/02/27 07:35:24 INFO : 
2024/02/27 07:37:30 INFO : New best test acc 27.586207
2024/02/27 07:37:37 INFO : Epoch 60
2024/02/27 07:37:37 INFO : train_loss       0.92941
2024/02/27 07:37:37 INFO : train_acc       70.52430
2024/02/27 07:37:37 INFO : test_loss       1.59798
2024/02/27 07:37:37 INFO : test_acc       27.58621
2024/02/27 07:37:37 INFO : 
2024/02/27 07:39:48 INFO : Epoch 80
2024/02/27 07:39:48 INFO : train_loss       0.81166
2024/02/27 07:39:48 INFO : train_acc       74.16880
2024/02/27 07:39:48 INFO : test_loss       1.63263
2024/02/27 07:39:48 INFO : test_acc       20.68966
2024/02/27 07:39:48 INFO : 
2024/02/27 07:42:01 INFO : Epoch 100
2024/02/27 07:42:01 INFO : train_loss       0.79098
2024/02/27 07:42:01 INFO : train_acc       79.98721
2024/02/27 07:42:01 INFO : test_loss       1.65919
2024/02/27 07:42:01 INFO : test_acc       20.68966
2024/02/27 07:42:01 INFO : 
2024/02/27 07:44:14 INFO : Epoch 120
2024/02/27 07:44:14 INFO : train_loss       0.67559
2024/02/27 07:44:14 INFO : train_acc       84.33504
2024/02/27 07:44:14 INFO : test_loss       1.71284
2024/02/27 07:44:14 INFO : test_acc       17.24138
2024/02/27 07:44:14 INFO : 
2024/02/27 07:46:27 INFO : Epoch 140
2024/02/27 07:46:27 INFO : train_loss       0.66555
2024/02/27 07:46:27 INFO : train_acc       83.63171
2024/02/27 07:46:27 INFO : test_loss       1.75336
2024/02/27 07:46:27 INFO : test_acc       17.24138
2024/02/27 07:46:27 INFO : 
2024/02/27 07:48:41 INFO : Epoch 160
2024/02/27 07:48:41 INFO : train_loss       0.67714
2024/02/27 07:48:41 INFO : train_acc       82.09719
2024/02/27 07:48:41 INFO : test_loss       1.75031
2024/02/27 07:48:41 INFO : test_acc       13.79310
2024/02/27 07:48:41 INFO : 
2024/02/27 07:50:54 INFO : Epoch 180
2024/02/27 07:50:54 INFO : train_loss       0.59928
2024/02/27 07:50:54 INFO : train_acc       83.24808
2024/02/27 07:50:54 INFO : test_loss       1.81405
2024/02/27 07:50:54 INFO : test_acc       17.24138
2024/02/27 07:50:54 INFO : 
2024/02/27 07:53:08 INFO : Epoch 200
2024/02/27 07:53:08 INFO : train_loss       0.57672
2024/02/27 07:53:08 INFO : train_acc       83.63171
2024/02/27 07:53:08 INFO : test_loss       1.79547
2024/02/27 07:53:08 INFO : test_acc       17.24138
2024/02/27 07:53:08 INFO : 
2024/02/27 07:55:23 INFO : Epoch 220
2024/02/27 07:55:23 INFO : train_loss       0.57188
2024/02/27 07:55:23 INFO : train_acc       85.10230
2024/02/27 07:55:23 INFO : test_loss       1.88384
2024/02/27 07:55:23 INFO : test_acc       17.24138
2024/02/27 07:55:23 INFO : 
2024/02/27 07:57:36 INFO : Epoch 240
2024/02/27 07:57:36 INFO : train_loss       0.51996
2024/02/27 07:57:36 INFO : train_acc       88.36317
2024/02/27 07:57:36 INFO : test_loss       1.90611
2024/02/27 07:57:36 INFO : test_acc       13.79310
2024/02/27 07:57:36 INFO : 
2024/02/27 07:58:50 INFO : Epoch 251
2024/02/27 07:58:50 INFO : train_loss       0.55763
2024/02/27 07:58:50 INFO : train_acc       86.89258
2024/02/27 07:58:50 INFO : test_loss       1.94611
2024/02/27 07:58:50 INFO : test_acc       17.24138
2024/02/27 07:58:50 INFO : 
2024/02/27 07:58:57 INFO : Epoch 252
2024/02/27 07:58:57 INFO : train_loss       0.45574
2024/02/27 07:58:57 INFO : train_acc       90.53708
2024/02/27 07:58:57 INFO : test_loss       1.94185
2024/02/27 07:58:57 INFO : test_acc       17.24138
2024/02/27 07:58:57 INFO : 
2024/02/27 07:59:04 INFO : Epoch 253
2024/02/27 07:59:04 INFO : train_loss       0.50879
2024/02/27 07:59:04 INFO : train_acc       88.04348
2024/02/27 07:59:04 INFO : test_loss       1.94068
2024/02/27 07:59:04 INFO : test_acc       17.24138
2024/02/27 07:59:04 INFO : 
2024/02/27 07:59:11 INFO : Epoch 254
2024/02/27 07:59:11 INFO : train_loss       0.48901
2024/02/27 07:59:11 INFO : train_acc       89.83376
2024/02/27 07:59:11 INFO : test_loss       1.93634
2024/02/27 07:59:11 INFO : test_acc       17.24138
2024/02/27 07:59:11 INFO : 
2024/02/27 07:59:17 INFO : Epoch 255
2024/02/27 07:59:17 INFO : train_loss       0.51527
2024/02/27 07:59:17 INFO : train_acc       85.10230
2024/02/27 07:59:17 INFO : test_loss       1.96181
2024/02/27 07:59:17 INFO : test_acc       17.24138
2024/02/27 07:59:17 INFO : 
2024/02/27 07:59:24 INFO : Epoch 256
2024/02/27 07:59:24 INFO : train_loss       0.54850
2024/02/27 07:59:24 INFO : train_acc       87.97954
2024/02/27 07:59:24 INFO : test_loss       1.97205
2024/02/27 07:59:24 INFO : test_acc       17.24138
2024/02/27 07:59:24 INFO : 
2024/02/27 07:59:31 INFO : Epoch 257
2024/02/27 07:59:31 INFO : train_loss       0.51897
2024/02/27 07:59:31 INFO : train_acc       89.45013
2024/02/27 07:59:31 INFO : test_loss       1.95806
2024/02/27 07:59:31 INFO : test_acc       17.24138
2024/02/27 07:59:31 INFO : 
2024/02/27 07:59:38 INFO : Epoch 258
2024/02/27 07:59:38 INFO : train_loss       0.49379
2024/02/27 07:59:38 INFO : train_acc       87.65985
2024/02/27 07:59:38 INFO : test_loss       1.94419
2024/02/27 07:59:38 INFO : test_acc       17.24138
2024/02/27 07:59:38 INFO : 
2024/02/27 07:59:44 INFO : Epoch 259
2024/02/27 07:59:44 INFO : train_loss       0.48286
2024/02/27 07:59:44 INFO : train_acc       88.36317
2024/02/27 07:59:44 INFO : test_loss       1.94136
2024/02/27 07:59:44 INFO : test_acc       13.79310
2024/02/27 07:59:44 INFO : 
2024/02/27 07:59:51 INFO : Epoch 260
2024/02/27 07:59:51 INFO : train_loss       0.53976
2024/02/27 07:59:51 INFO : train_acc       87.27621
2024/02/27 07:59:51 INFO : test_loss       1.94359
2024/02/27 07:59:51 INFO : test_acc       13.79310
2024/02/27 07:59:51 INFO : 
2024/02/27 07:59:58 INFO : Epoch 261
2024/02/27 07:59:58 INFO : train_loss       0.47471
2024/02/27 07:59:58 INFO : train_acc       93.09463
2024/02/27 07:59:58 INFO : test_loss       1.93816
2024/02/27 07:59:58 INFO : test_acc       13.79310
2024/02/27 07:59:58 INFO : 
2024/02/27 08:00:05 INFO : Epoch 262
2024/02/27 08:00:05 INFO : train_loss       0.52982
2024/02/27 08:00:05 INFO : train_acc       85.10230
2024/02/27 08:00:05 INFO : test_loss       1.95714
2024/02/27 08:00:05 INFO : test_acc       13.79310
2024/02/27 08:00:05 INFO : 
2024/02/27 08:00:11 INFO : Epoch 263
2024/02/27 08:00:11 INFO : train_loss       0.57195
2024/02/27 08:00:11 INFO : train_acc       80.69054
2024/02/27 08:00:11 INFO : test_loss       1.97468
2024/02/27 08:00:11 INFO : test_acc       17.24138
2024/02/27 08:00:11 INFO : 
2024/02/27 08:00:18 INFO : Epoch 264
2024/02/27 08:00:18 INFO : train_loss       0.52134
2024/02/27 08:00:18 INFO : train_acc       81.84143
2024/02/27 08:00:18 INFO : test_loss       1.99647
2024/02/27 08:00:18 INFO : test_acc       17.24138
2024/02/27 08:00:18 INFO : 
2024/02/27 08:00:25 INFO : Epoch 265
2024/02/27 08:00:25 INFO : train_loss       0.44934
2024/02/27 08:00:25 INFO : train_acc       87.27621
2024/02/27 08:00:25 INFO : test_loss       2.01142
2024/02/27 08:00:25 INFO : test_acc       17.24138
2024/02/27 08:00:25 INFO : 
2024/02/27 08:00:32 INFO : Epoch 266
2024/02/27 08:00:32 INFO : train_loss       0.52136
2024/02/27 08:00:32 INFO : train_acc       88.74680
2024/02/27 08:00:32 INFO : test_loss       2.00991
2024/02/27 08:00:32 INFO : test_acc       17.24138
2024/02/27 08:00:32 INFO : 
2024/02/27 08:00:38 INFO : Epoch 267
2024/02/27 08:00:38 INFO : train_loss       0.52561
2024/02/27 08:00:38 INFO : train_acc       81.84143
2024/02/27 08:00:38 INFO : test_loss       2.00657
2024/02/27 08:00:38 INFO : test_acc       17.24138
2024/02/27 08:00:38 INFO : 
2024/02/27 08:00:45 INFO : Epoch 268
2024/02/27 08:00:45 INFO : train_loss       0.50740
2024/02/27 08:00:45 INFO : train_acc       89.45013
2024/02/27 08:00:45 INFO : test_loss       1.99713
2024/02/27 08:00:45 INFO : test_acc       17.24138
2024/02/27 08:00:45 INFO : 
2024/02/27 08:00:52 INFO : Epoch 269
2024/02/27 08:00:52 INFO : train_loss       0.50459
2024/02/27 08:00:52 INFO : train_acc       81.01023
2024/02/27 08:00:52 INFO : test_loss       1.97581
2024/02/27 08:00:52 INFO : test_acc       20.68966
2024/02/27 08:00:52 INFO : 
2024/02/27 08:00:58 INFO : Epoch 270
2024/02/27 08:00:58 INFO : train_loss       0.53021
2024/02/27 08:00:58 INFO : train_acc       83.63171
2024/02/27 08:00:58 INFO : test_loss       1.95809
2024/02/27 08:00:58 INFO : test_acc       17.24138
2024/02/27 08:00:58 INFO : 
2024/02/27 08:01:05 INFO : Epoch 271
2024/02/27 08:01:05 INFO : train_loss       0.55325
2024/02/27 08:01:05 INFO : train_acc       88.74680
2024/02/27 08:01:05 INFO : test_loss       1.94857
2024/02/27 08:01:05 INFO : test_acc       17.24138
2024/02/27 08:01:05 INFO : 
2024/02/27 08:01:12 INFO : Epoch 272
2024/02/27 08:01:12 INFO : train_loss       0.51786
2024/02/27 08:01:12 INFO : train_acc       88.36317
2024/02/27 08:01:12 INFO : test_loss       1.95414
2024/02/27 08:01:12 INFO : test_acc       20.68966
2024/02/27 08:01:12 INFO : 
2024/02/27 08:01:18 INFO : Epoch 273
2024/02/27 08:01:18 INFO : train_loss       0.54441
2024/02/27 08:01:18 INFO : train_acc       82.86445
2024/02/27 08:01:18 INFO : test_loss       1.96132
2024/02/27 08:01:18 INFO : test_acc       20.68966
2024/02/27 08:01:18 INFO : 
2024/02/27 08:01:25 INFO : Epoch 274
2024/02/27 08:01:25 INFO : train_loss       0.47514
2024/02/27 08:01:25 INFO : train_acc       85.42199
2024/02/27 08:01:25 INFO : test_loss       1.96727
2024/02/27 08:01:25 INFO : test_acc       20.68966
2024/02/27 08:01:25 INFO : 
2024/02/27 08:01:32 INFO : Epoch 275
2024/02/27 08:01:32 INFO : train_loss       0.46244
2024/02/27 08:01:32 INFO : train_acc       89.83376
2024/02/27 08:01:32 INFO : test_loss       1.97501
2024/02/27 08:01:32 INFO : test_acc       20.68966
2024/02/27 08:01:32 INFO : 
2024/02/27 08:01:38 INFO : Epoch 276
2024/02/27 08:01:38 INFO : train_loss       0.50664
2024/02/27 08:01:38 INFO : train_acc       87.97954
2024/02/27 08:01:38 INFO : test_loss       1.99663
2024/02/27 08:01:38 INFO : test_acc       20.68966
2024/02/27 08:01:38 INFO : 
2024/02/27 08:01:45 INFO : Epoch 277
2024/02/27 08:01:45 INFO : train_loss       0.47290
2024/02/27 08:01:45 INFO : train_acc       89.45013
2024/02/27 08:01:45 INFO : test_loss       2.00325
2024/02/27 08:01:45 INFO : test_acc       20.68966
2024/02/27 08:01:45 INFO : 
2024/02/27 08:01:52 INFO : Epoch 278
2024/02/27 08:01:52 INFO : train_loss       0.53172
2024/02/27 08:01:52 INFO : train_acc       83.63171
2024/02/27 08:01:52 INFO : test_loss       2.01198
2024/02/27 08:01:52 INFO : test_acc       20.68966
2024/02/27 08:01:52 INFO : 
2024/02/27 08:01:58 INFO : Epoch 279
2024/02/27 08:01:58 INFO : train_loss       0.46152
2024/02/27 08:01:58 INFO : train_acc       91.62404
2024/02/27 08:01:58 INFO : test_loss       2.00559
2024/02/27 08:01:58 INFO : test_acc       20.68966
2024/02/27 08:01:58 INFO : 
2024/02/27 08:02:05 INFO : Epoch 280
2024/02/27 08:02:05 INFO : train_loss       0.51822
2024/02/27 08:02:05 INFO : train_acc       90.92072
2024/02/27 08:02:05 INFO : test_loss       1.99458
2024/02/27 08:02:05 INFO : test_acc       24.13793
2024/02/27 08:02:05 INFO : 
2024/02/27 08:02:12 INFO : Epoch 281
2024/02/27 08:02:12 INFO : train_loss       0.53493
2024/02/27 08:02:12 INFO : train_acc       83.24808
2024/02/27 08:02:12 INFO : test_loss       1.99501
2024/02/27 08:02:12 INFO : test_acc       17.24138
2024/02/27 08:02:12 INFO : 
2024/02/27 08:02:18 INFO : Epoch 282
2024/02/27 08:02:18 INFO : train_loss       0.48925
2024/02/27 08:02:18 INFO : train_acc       83.63171
2024/02/27 08:02:18 INFO : test_loss       1.99087
2024/02/27 08:02:18 INFO : test_acc       17.24138
2024/02/27 08:02:18 INFO : 
2024/02/27 08:02:25 INFO : Epoch 283
2024/02/27 08:02:25 INFO : train_loss       0.53024
2024/02/27 08:02:25 INFO : train_acc       86.57289
2024/02/27 08:02:25 INFO : test_loss       1.98722
2024/02/27 08:02:25 INFO : test_acc       13.79310
2024/02/27 08:02:25 INFO : 
2024/02/27 08:02:31 INFO : Epoch 284
2024/02/27 08:02:31 INFO : train_loss       0.58044
2024/02/27 08:02:31 INFO : train_acc       84.01535
2024/02/27 08:02:31 INFO : test_loss       1.98960
2024/02/27 08:02:31 INFO : test_acc       17.24138
2024/02/27 08:02:31 INFO : 
2024/02/27 08:02:38 INFO : Epoch 285
2024/02/27 08:02:38 INFO : train_loss       0.52947
2024/02/27 08:02:38 INFO : train_acc       82.16113
2024/02/27 08:02:38 INFO : test_loss       2.00244
2024/02/27 08:02:38 INFO : test_acc       20.68966
2024/02/27 08:02:38 INFO : 
2024/02/27 08:02:45 INFO : Epoch 286
2024/02/27 08:02:45 INFO : train_loss       0.41719
2024/02/27 08:02:45 INFO : train_acc       93.47826
2024/02/27 08:02:45 INFO : test_loss       2.00228
2024/02/27 08:02:45 INFO : test_acc       24.13793
2024/02/27 08:02:45 INFO : 
2024/02/27 08:02:51 INFO : Epoch 287
2024/02/27 08:02:51 INFO : train_loss       0.47845
2024/02/27 08:02:51 INFO : train_acc       89.45013
2024/02/27 08:02:51 INFO : test_loss       2.00643
2024/02/27 08:02:51 INFO : test_acc       24.13793
2024/02/27 08:02:51 INFO : 
2024/02/27 08:02:58 INFO : Epoch 288
2024/02/27 08:02:58 INFO : train_loss       0.41624
2024/02/27 08:02:58 INFO : train_acc       93.09463
2024/02/27 08:02:58 INFO : test_loss       2.00452
2024/02/27 08:02:58 INFO : test_acc       20.68966
2024/02/27 08:02:58 INFO : 
2024/02/27 08:03:05 INFO : Epoch 289
2024/02/27 08:03:05 INFO : train_loss       0.49315
2024/02/27 08:03:05 INFO : train_acc       88.68286
2024/02/27 08:03:05 INFO : test_loss       2.01184
2024/02/27 08:03:05 INFO : test_acc       20.68966
2024/02/27 08:03:05 INFO : 
2024/02/27 08:03:12 INFO : Epoch 290
2024/02/27 08:03:12 INFO : train_loss       0.49433
2024/02/27 08:03:12 INFO : train_acc       83.95141
2024/02/27 08:03:12 INFO : test_loss       2.02567
2024/02/27 08:03:12 INFO : test_acc       20.68966
2024/02/27 08:03:12 INFO : 
2024/02/27 08:03:18 INFO : Epoch 291
2024/02/27 08:03:18 INFO : train_loss       0.48261
2024/02/27 08:03:18 INFO : train_acc       85.80563
2024/02/27 08:03:18 INFO : test_loss       2.04099
2024/02/27 08:03:18 INFO : test_acc       20.68966
2024/02/27 08:03:18 INFO : 
2024/02/27 08:03:25 INFO : Epoch 292
2024/02/27 08:03:25 INFO : train_loss       0.49042
2024/02/27 08:03:25 INFO : train_acc       89.45013
2024/02/27 08:03:25 INFO : test_loss       2.03085
2024/02/27 08:03:25 INFO : test_acc       20.68966
2024/02/27 08:03:25 INFO : 
2024/02/27 08:03:31 INFO : Epoch 293
2024/02/27 08:03:31 INFO : train_loss       0.54045
2024/02/27 08:03:31 INFO : train_acc       81.13811
2024/02/27 08:03:31 INFO : test_loss       2.00850
2024/02/27 08:03:31 INFO : test_acc       20.68966
2024/02/27 08:03:31 INFO : 
2024/02/27 08:03:38 INFO : Epoch 294
2024/02/27 08:03:38 INFO : train_loss       0.48482
2024/02/27 08:03:38 INFO : train_acc       88.36317
2024/02/27 08:03:38 INFO : test_loss       1.98967
2024/02/27 08:03:38 INFO : test_acc       17.24138
2024/02/27 08:03:38 INFO : 
2024/02/27 08:03:45 INFO : Epoch 295
2024/02/27 08:03:45 INFO : train_loss       0.49312
2024/02/27 08:03:45 INFO : train_acc       92.32737
2024/02/27 08:03:45 INFO : test_loss       1.99101
2024/02/27 08:03:45 INFO : test_acc       24.13793
2024/02/27 08:03:45 INFO : 
2024/02/27 08:03:52 INFO : Epoch 296
2024/02/27 08:03:52 INFO : train_loss       0.47800
2024/02/27 08:03:52 INFO : train_acc       84.65473
2024/02/27 08:03:52 INFO : test_loss       1.99590
2024/02/27 08:03:52 INFO : test_acc       27.58621
2024/02/27 08:03:52 INFO : 
2024/02/27 08:03:58 INFO : Epoch 297
2024/02/27 08:03:58 INFO : train_loss       0.47166
2024/02/27 08:03:58 INFO : train_acc       90.53708
2024/02/27 08:03:58 INFO : test_loss       2.01795
2024/02/27 08:03:58 INFO : test_acc       24.13793
2024/02/27 08:03:58 INFO : 
2024/02/27 08:04:05 INFO : Epoch 298
2024/02/27 08:04:05 INFO : train_loss       0.54354
2024/02/27 08:04:05 INFO : train_acc       79.92327
2024/02/27 08:04:05 INFO : test_loss       2.02847
2024/02/27 08:04:05 INFO : test_acc       24.13793
2024/02/27 08:04:05 INFO : 
2024/02/27 08:04:12 INFO : Epoch 299
2024/02/27 08:04:12 INFO : train_loss       0.53151
2024/02/27 08:04:12 INFO : train_acc       83.63171
2024/02/27 08:04:12 INFO : test_loss       2.02221
2024/02/27 08:04:12 INFO : test_acc       20.68966
2024/02/27 08:04:12 INFO : 
2024/02/27 08:04:12 INFO : Best test acc 27.58621 
2024/02/27 08:04:12 INFO : mean acc of last 10 epochs 22.06897 
2024/02/27 08:04:12 INFO : std of last 10 epochs 2.75862 
2024/02/27 08:04:12 INFO : * * * * * * * * * * * * * * * * * * * * 
2024/02/27 08:04:36 INFO : ****************  LMDA for 4! ***************************
2024/02/27 08:04:37 INFO : {'num_classes': 4, 'chans': 24, 'channel_depth1': 26, 'channel_depth2': 9, 'kernel': 75, 'depth': 9, 'pool_depth': 1, 'avepool': 50, 'avgpool_step1': 1}
2024/02/27 08:04:37 INFO : ****** Run until first stop... ********
2024/02/27 08:04:37 INFO : Train size: 4
2024/02/27 08:04:37 INFO : Test size: 2
2024/02/27 08:04:43 INFO : New best test acc 26.666667
2024/02/27 08:04:43 INFO : Epoch 0
2024/02/27 08:04:43 INFO : train_loss       1.54715
2024/02/27 08:04:43 INFO : train_acc       22.64493
2024/02/27 08:04:43 INFO : test_loss       1.38644
2024/02/27 08:04:43 INFO : test_acc       26.66667
2024/02/27 08:04:43 INFO : 
2024/02/27 08:06:25 INFO : New best test acc 33.333333
2024/02/27 08:06:59 INFO : Epoch 20
2024/02/27 08:06:59 INFO : train_loss       1.13831
2024/02/27 08:06:59 INFO : train_acc       57.36715
2024/02/27 08:06:59 INFO : test_loss       1.38630
2024/02/27 08:06:59 INFO : test_acc       23.33333
2024/02/27 08:06:59 INFO : 
2024/02/27 08:09:11 INFO : Epoch 40
2024/02/27 08:09:11 INFO : train_loss       1.05853
2024/02/27 08:09:11 INFO : train_acc       54.58937
2024/02/27 08:09:11 INFO : test_loss       1.54471
2024/02/27 08:09:11 INFO : test_acc       23.33333
2024/02/27 08:09:11 INFO : 
2024/02/27 08:11:25 INFO : Epoch 60
2024/02/27 08:11:25 INFO : train_loss       0.97048
2024/02/27 08:11:25 INFO : train_acc       66.96860
2024/02/27 08:11:25 INFO : test_loss       1.58358
2024/02/27 08:11:25 INFO : test_acc       23.33333
2024/02/27 08:11:25 INFO : 
2024/02/27 08:13:39 INFO : Epoch 80
2024/02/27 08:13:39 INFO : train_loss       0.90034
2024/02/27 08:13:39 INFO : train_acc       66.96860
2024/02/27 08:13:39 INFO : test_loss       1.63905
2024/02/27 08:13:39 INFO : test_acc       23.33333
2024/02/27 08:13:39 INFO : 
2024/02/27 08:15:53 INFO : Epoch 100
2024/02/27 08:15:53 INFO : train_loss       0.80325
2024/02/27 08:15:53 INFO : train_acc       72.10145
2024/02/27 08:15:53 INFO : test_loss       1.69291
2024/02/27 08:15:53 INFO : test_acc       20.00000
2024/02/27 08:15:53 INFO : 
2024/02/27 08:18:09 INFO : Epoch 120
2024/02/27 08:18:09 INFO : train_loss       0.77210
2024/02/27 08:18:09 INFO : train_acc       76.57005
2024/02/27 08:18:09 INFO : test_loss       1.73240
2024/02/27 08:18:09 INFO : test_acc       23.33333
2024/02/27 08:18:09 INFO : 
2024/02/27 08:20:22 INFO : Epoch 140
2024/02/27 08:20:22 INFO : train_loss       0.76726
2024/02/27 08:20:22 INFO : train_acc       77.53623
2024/02/27 08:20:22 INFO : test_loss       1.71352
2024/02/27 08:20:22 INFO : test_acc       23.33333
2024/02/27 08:20:22 INFO : 
2024/02/27 08:22:35 INFO : Epoch 160
2024/02/27 08:22:35 INFO : train_loss       0.72867
2024/02/27 08:22:35 INFO : train_acc       77.95894
2024/02/27 08:22:35 INFO : test_loss       1.74038
2024/02/27 08:22:35 INFO : test_acc       23.33333
2024/02/27 08:22:35 INFO : 
2024/02/27 08:24:51 INFO : Epoch 180
2024/02/27 08:24:51 INFO : train_loss       0.72660
2024/02/27 08:24:51 INFO : train_acc       78.74396
2024/02/27 08:24:51 INFO : test_loss       1.74806
2024/02/27 08:24:51 INFO : test_acc       23.33333
2024/02/27 08:24:51 INFO : 
2024/02/27 08:27:04 INFO : Epoch 200
2024/02/27 08:27:04 INFO : train_loss       0.62655
2024/02/27 08:27:04 INFO : train_acc       84.35990
2024/02/27 08:27:04 INFO : test_loss       1.81217
2024/02/27 08:27:04 INFO : test_acc       20.00000
2024/02/27 08:27:04 INFO : 
2024/02/27 08:30:18 INFO : Epoch 220
2024/02/27 08:30:18 INFO : train_loss       0.71123
2024/02/27 08:30:18 INFO : train_acc       74.87923
2024/02/27 08:30:18 INFO : test_loss       1.86109
2024/02/27 08:30:18 INFO : test_acc       16.66667
2024/02/27 08:30:18 INFO : 
2024/02/27 08:34:05 INFO : Epoch 240
2024/02/27 08:34:05 INFO : train_loss       0.64109
2024/02/27 08:34:05 INFO : train_acc       80.01208
2024/02/27 08:34:05 INFO : test_loss       1.86144
2024/02/27 08:34:05 INFO : test_acc       16.66667
2024/02/27 08:34:05 INFO : 
2024/02/27 08:35:58 INFO : Epoch 251
2024/02/27 08:35:58 INFO : train_loss       0.62600
2024/02/27 08:35:58 INFO : train_acc       80.79710
2024/02/27 08:35:58 INFO : test_loss       1.87863
2024/02/27 08:35:58 INFO : test_acc       16.66667
2024/02/27 08:35:58 INFO : 
2024/02/27 08:36:08 INFO : Epoch 252
2024/02/27 08:36:08 INFO : train_loss       0.64646
2024/02/27 08:36:08 INFO : train_acc       80.01208
2024/02/27 08:36:08 INFO : test_loss       1.87199
2024/02/27 08:36:08 INFO : test_acc       16.66667
2024/02/27 08:36:08 INFO : 
2024/02/27 08:36:18 INFO : Epoch 253
2024/02/27 08:36:18 INFO : train_loss       0.68786
2024/02/27 08:36:18 INFO : train_acc       78.74396
2024/02/27 08:36:18 INFO : test_loss       1.87058
2024/02/27 08:36:18 INFO : test_acc       16.66667
2024/02/27 08:36:18 INFO : 
2024/02/27 08:36:28 INFO : Epoch 254
2024/02/27 08:36:28 INFO : train_loss       0.56452
2024/02/27 08:36:28 INFO : train_acc       83.87681
2024/02/27 08:36:28 INFO : test_loss       1.87047
2024/02/27 08:36:28 INFO : test_acc       16.66667
2024/02/27 08:36:28 INFO : 
2024/02/27 08:36:39 INFO : Epoch 255
2024/02/27 08:36:39 INFO : train_loss       0.63510
2024/02/27 08:36:39 INFO : train_acc       82.78986
2024/02/27 08:36:39 INFO : test_loss       1.86150
2024/02/27 08:36:39 INFO : test_acc       16.66667
2024/02/27 08:36:39 INFO : 
2024/02/27 08:36:49 INFO : Epoch 256
2024/02/27 08:36:49 INFO : train_loss       0.64346
2024/02/27 08:36:49 INFO : train_acc       85.56763
2024/02/27 08:36:49 INFO : test_loss       1.87231
2024/02/27 08:36:49 INFO : test_acc       16.66667
2024/02/27 08:36:49 INFO : 
2024/02/27 08:37:00 INFO : Epoch 257
2024/02/27 08:37:00 INFO : train_loss       0.62330
2024/02/27 08:37:00 INFO : train_acc       82.00483
2024/02/27 08:37:00 INFO : test_loss       1.87181
2024/02/27 08:37:00 INFO : test_acc       16.66667
2024/02/27 08:37:00 INFO : 
2024/02/27 08:37:10 INFO : Epoch 258
2024/02/27 08:37:10 INFO : train_loss       0.65202
2024/02/27 08:37:10 INFO : train_acc       79.52899
2024/02/27 08:37:10 INFO : test_loss       1.86773
2024/02/27 08:37:10 INFO : test_acc       20.00000
2024/02/27 08:37:10 INFO : 
2024/02/27 08:37:20 INFO : Epoch 259
2024/02/27 08:37:20 INFO : train_loss       0.67117
2024/02/27 08:37:20 INFO : train_acc       77.83816
2024/02/27 08:37:20 INFO : test_loss       1.87112
2024/02/27 08:37:20 INFO : test_acc       16.66667
2024/02/27 08:37:20 INFO : 
2024/02/27 08:37:31 INFO : Epoch 260
2024/02/27 08:37:31 INFO : train_loss       0.60531
2024/02/27 08:37:31 INFO : train_acc       84.17874
2024/02/27 08:37:31 INFO : test_loss       1.89171
2024/02/27 08:37:31 INFO : test_acc       13.33333
2024/02/27 08:37:31 INFO : 
2024/02/27 08:37:46 INFO : Epoch 261
2024/02/27 08:37:46 INFO : train_loss       0.57613
2024/02/27 08:37:46 INFO : train_acc       84.35990
2024/02/27 08:37:46 INFO : test_loss       1.89833
2024/02/27 08:37:46 INFO : test_acc       13.33333
2024/02/27 08:37:46 INFO : 
2024/02/27 08:37:57 INFO : Epoch 262
2024/02/27 08:37:57 INFO : train_loss       0.56470
2024/02/27 08:37:57 INFO : train_acc       89.61353
2024/02/27 08:37:57 INFO : test_loss       1.90921
2024/02/27 08:37:57 INFO : test_acc       13.33333
2024/02/27 08:37:57 INFO : 
2024/02/27 08:38:08 INFO : Epoch 263
2024/02/27 08:38:08 INFO : train_loss       0.59789
2024/02/27 08:38:08 INFO : train_acc       83.27295
2024/02/27 08:38:08 INFO : test_loss       1.89942
2024/02/27 08:38:08 INFO : test_acc       13.33333
2024/02/27 08:38:08 INFO : 
2024/02/27 08:38:19 INFO : Epoch 264
2024/02/27 08:38:19 INFO : train_loss       0.63142
2024/02/27 08:38:19 INFO : train_acc       81.70290
2024/02/27 08:38:19 INFO : test_loss       1.89595
2024/02/27 08:38:19 INFO : test_acc       20.00000
2024/02/27 08:38:19 INFO : 
2024/02/27 08:38:30 INFO : Epoch 265
2024/02/27 08:38:30 INFO : train_loss       0.61871
2024/02/27 08:38:30 INFO : train_acc       78.74396
2024/02/27 08:38:30 INFO : test_loss       1.89211
2024/02/27 08:38:30 INFO : test_acc       16.66667
2024/02/27 08:38:30 INFO : 
2024/02/27 08:38:40 INFO : Epoch 266
2024/02/27 08:38:40 INFO : train_loss       0.56001
2024/02/27 08:38:40 INFO : train_acc       88.22464
2024/02/27 08:38:40 INFO : test_loss       1.89890
2024/02/27 08:38:40 INFO : test_acc       16.66667
2024/02/27 08:38:40 INFO : 
2024/02/27 08:38:52 INFO : Epoch 267
2024/02/27 08:38:52 INFO : train_loss       0.60140
2024/02/27 08:38:52 INFO : train_acc       79.52899
2024/02/27 08:38:52 INFO : test_loss       1.91094
2024/02/27 08:38:52 INFO : test_acc       16.66667
2024/02/27 08:38:52 INFO : 
2024/02/27 08:39:02 INFO : Epoch 268
2024/02/27 08:39:02 INFO : train_loss       0.64709
2024/02/27 08:39:02 INFO : train_acc       78.44203
2024/02/27 08:39:02 INFO : test_loss       1.92444
2024/02/27 08:39:02 INFO : test_acc       16.66667
2024/02/27 08:39:02 INFO : 
2024/02/27 08:39:14 INFO : Epoch 269
2024/02/27 08:39:14 INFO : train_loss       0.58459
2024/02/27 08:39:14 INFO : train_acc       81.70290
2024/02/27 08:39:14 INFO : test_loss       1.91814
2024/02/27 08:39:14 INFO : test_acc       13.33333
2024/02/27 08:39:14 INFO : 
2024/02/27 08:39:25 INFO : Epoch 270
2024/02/27 08:39:25 INFO : train_loss       0.55523
2024/02/27 08:39:25 INFO : train_acc       82.48792
2024/02/27 08:39:25 INFO : test_loss       1.91704
2024/02/27 08:39:25 INFO : test_acc       13.33333
2024/02/27 08:39:25 INFO : 
2024/02/27 08:39:37 INFO : Epoch 271
2024/02/27 08:39:37 INFO : train_loss       0.64471
2024/02/27 08:39:37 INFO : train_acc       83.39372
2024/02/27 08:39:37 INFO : test_loss       1.91165
2024/02/27 08:39:37 INFO : test_acc       10.00000
2024/02/27 08:39:37 INFO : 
2024/02/27 08:39:48 INFO : Epoch 272
2024/02/27 08:39:48 INFO : train_loss       0.55375
2024/02/27 08:39:48 INFO : train_acc       85.14493
2024/02/27 08:39:48 INFO : test_loss       1.91057
2024/02/27 08:39:48 INFO : test_acc       13.33333
2024/02/27 08:39:48 INFO : 
2024/02/27 08:39:58 INFO : Epoch 273
2024/02/27 08:39:58 INFO : train_loss       0.64319
2024/02/27 08:39:58 INFO : train_acc       80.61594
2024/02/27 08:39:58 INFO : test_loss       1.92711
2024/02/27 08:39:58 INFO : test_acc       13.33333
2024/02/27 08:39:58 INFO : 
2024/02/27 08:40:08 INFO : Epoch 274
2024/02/27 08:40:08 INFO : train_loss       0.60677
2024/02/27 08:40:08 INFO : train_acc       82.48792
2024/02/27 08:40:08 INFO : test_loss       1.95211
2024/02/27 08:40:08 INFO : test_acc       13.33333
2024/02/27 08:40:08 INFO : 
2024/02/27 08:40:21 INFO : Epoch 275
2024/02/27 08:40:21 INFO : train_loss       0.58968
2024/02/27 08:40:21 INFO : train_acc       82.97101
2024/02/27 08:40:21 INFO : test_loss       1.98879
2024/02/27 08:40:21 INFO : test_acc       10.00000
2024/02/27 08:40:21 INFO : 
2024/02/27 08:40:36 INFO : Epoch 276
2024/02/27 08:40:36 INFO : train_loss       0.59983
2024/02/27 08:40:36 INFO : train_acc       78.74396
2024/02/27 08:40:36 INFO : test_loss       1.98767
2024/02/27 08:40:36 INFO : test_acc       10.00000
2024/02/27 08:40:36 INFO : 
2024/02/27 08:40:50 INFO : Epoch 277
2024/02/27 08:40:50 INFO : train_loss       0.60506
2024/02/27 08:40:50 INFO : train_acc       77.65700
2024/02/27 08:40:50 INFO : test_loss       1.97718
2024/02/27 08:40:50 INFO : test_acc       16.66667
2024/02/27 08:40:50 INFO : 
2024/02/27 08:41:04 INFO : Epoch 278
2024/02/27 08:41:04 INFO : train_loss       0.53992
2024/02/27 08:41:04 INFO : train_acc       83.09179
2024/02/27 08:41:04 INFO : test_loss       1.97553
2024/02/27 08:41:04 INFO : test_acc       16.66667
2024/02/27 08:41:04 INFO : 
2024/02/27 08:41:21 INFO : Epoch 279
2024/02/27 08:41:21 INFO : train_loss       0.59628
2024/02/27 08:41:21 INFO : train_acc       82.18599
2024/02/27 08:41:21 INFO : test_loss       1.94033
2024/02/27 08:41:21 INFO : test_acc       16.66667
2024/02/27 08:41:21 INFO : 
2024/02/27 08:41:45 INFO : Epoch 280
2024/02/27 08:41:45 INFO : train_loss       0.60743
2024/02/27 08:41:45 INFO : train_acc       82.00483
2024/02/27 08:41:45 INFO : test_loss       1.90419
2024/02/27 08:41:45 INFO : test_acc       13.33333
2024/02/27 08:41:45 INFO : 
2024/02/27 08:42:05 INFO : Epoch 281
2024/02/27 08:42:05 INFO : train_loss       0.61455
2024/02/27 08:42:05 INFO : train_acc       82.97101
2024/02/27 08:42:05 INFO : test_loss       1.88564
2024/02/27 08:42:05 INFO : test_acc       13.33333
2024/02/27 08:42:05 INFO : 
2024/02/27 08:42:18 INFO : Epoch 282
2024/02/27 08:42:18 INFO : train_loss       0.55651
2024/02/27 08:42:18 INFO : train_acc       83.39372
2024/02/27 08:42:18 INFO : test_loss       1.88593
2024/02/27 08:42:18 INFO : test_acc       13.33333
2024/02/27 08:42:18 INFO : 
2024/02/27 08:42:31 INFO : Epoch 283
2024/02/27 08:42:31 INFO : train_loss       0.61825
2024/02/27 08:42:31 INFO : train_acc       81.40097
2024/02/27 08:42:31 INFO : test_loss       1.88584
2024/02/27 08:42:31 INFO : test_acc       13.33333
2024/02/27 08:42:31 INFO : 
2024/02/27 08:42:42 INFO : Epoch 284
2024/02/27 08:42:42 INFO : train_loss       0.57777
2024/02/27 08:42:42 INFO : train_acc       83.87681
2024/02/27 08:42:42 INFO : test_loss       1.89004
2024/02/27 08:42:42 INFO : test_acc       13.33333
2024/02/27 08:42:42 INFO : 
2024/02/27 08:42:53 INFO : Epoch 285
2024/02/27 08:42:53 INFO : train_loss       0.53402
2024/02/27 08:42:53 INFO : train_acc       83.09179
2024/02/27 08:42:53 INFO : test_loss       1.88258
2024/02/27 08:42:53 INFO : test_acc       13.33333
2024/02/27 08:42:53 INFO : 
2024/02/27 08:43:04 INFO : Epoch 286
2024/02/27 08:43:04 INFO : train_loss       0.60973
2024/02/27 08:43:04 INFO : train_acc       75.18116
2024/02/27 08:43:04 INFO : test_loss       1.87910
2024/02/27 08:43:04 INFO : test_acc       13.33333
2024/02/27 08:43:04 INFO : 
2024/02/27 08:43:15 INFO : Epoch 287
2024/02/27 08:43:15 INFO : train_loss       0.55439
2024/02/27 08:43:15 INFO : train_acc       80.91787
2024/02/27 08:43:15 INFO : test_loss       1.88269
2024/02/27 08:43:15 INFO : test_acc       13.33333
2024/02/27 08:43:15 INFO : 
2024/02/27 08:43:26 INFO : Epoch 288
2024/02/27 08:43:26 INFO : train_loss       0.56231
2024/02/27 08:43:26 INFO : train_acc       84.48068
2024/02/27 08:43:26 INFO : test_loss       1.88119
2024/02/27 08:43:26 INFO : test_acc       13.33333
2024/02/27 08:43:26 INFO : 
2024/02/27 08:43:38 INFO : Epoch 289
2024/02/27 08:43:38 INFO : train_loss       0.63444
2024/02/27 08:43:38 INFO : train_acc       83.27295
2024/02/27 08:43:38 INFO : test_loss       1.88357
2024/02/27 08:43:38 INFO : test_acc       13.33333
2024/02/27 08:43:38 INFO : 
2024/02/27 08:43:50 INFO : Epoch 290
2024/02/27 08:43:50 INFO : train_loss       0.55011
2024/02/27 08:43:50 INFO : train_acc       85.26570
2024/02/27 08:43:50 INFO : test_loss       1.88908
2024/02/27 08:43:50 INFO : test_acc       13.33333
2024/02/27 08:43:50 INFO : 
2024/02/27 08:44:01 INFO : Epoch 291
2024/02/27 08:44:01 INFO : train_loss       0.60876
2024/02/27 08:44:01 INFO : train_acc       80.13285
2024/02/27 08:44:01 INFO : test_loss       1.88612
2024/02/27 08:44:01 INFO : test_acc       13.33333
2024/02/27 08:44:01 INFO : 
2024/02/27 08:44:12 INFO : Epoch 292
2024/02/27 08:44:12 INFO : train_loss       0.55643
2024/02/27 08:44:12 INFO : train_acc       84.96377
2024/02/27 08:44:12 INFO : test_loss       1.88763
2024/02/27 08:44:12 INFO : test_acc       10.00000
2024/02/27 08:44:12 INFO : 
2024/02/27 08:44:23 INFO : Epoch 293
2024/02/27 08:44:23 INFO : train_loss       0.63962
2024/02/27 08:44:23 INFO : train_acc       80.31401
2024/02/27 08:44:23 INFO : test_loss       1.89069
2024/02/27 08:44:23 INFO : test_acc       10.00000
2024/02/27 08:44:23 INFO : 
2024/02/27 08:44:35 INFO : Epoch 294
2024/02/27 08:44:35 INFO : train_loss       0.60428
2024/02/27 08:44:35 INFO : train_acc       84.48068
2024/02/27 08:44:35 INFO : test_loss       1.89433
2024/02/27 08:44:35 INFO : test_acc       13.33333
2024/02/27 08:44:35 INFO : 
2024/02/27 08:44:45 INFO : Epoch 295
2024/02/27 08:44:45 INFO : train_loss       0.55651
2024/02/27 08:44:45 INFO : train_acc       86.65459
2024/02/27 08:44:45 INFO : test_loss       1.88630
2024/02/27 08:44:45 INFO : test_acc       13.33333
2024/02/27 08:44:45 INFO : 
2024/02/27 08:44:57 INFO : Epoch 296
2024/02/27 08:44:57 INFO : train_loss       0.57678
2024/02/27 08:44:57 INFO : train_acc       80.61594
2024/02/27 08:44:57 INFO : test_loss       1.87266
2024/02/27 08:44:57 INFO : test_acc       13.33333
2024/02/27 08:44:57 INFO : 
2024/02/27 08:45:08 INFO : Epoch 297
2024/02/27 08:45:08 INFO : train_loss       0.61221
2024/02/27 08:45:08 INFO : train_acc       80.31401
2024/02/27 08:45:08 INFO : test_loss       1.84985
2024/02/27 08:45:08 INFO : test_acc       13.33333
2024/02/27 08:45:08 INFO : 
2024/02/27 08:45:19 INFO : Epoch 298
2024/02/27 08:45:19 INFO : train_loss       0.54680
2024/02/27 08:45:19 INFO : train_acc       83.87681
2024/02/27 08:45:19 INFO : test_loss       1.83518
2024/02/27 08:45:19 INFO : test_acc       10.00000
2024/02/27 08:45:19 INFO : 
2024/02/27 08:45:30 INFO : Epoch 299
2024/02/27 08:45:30 INFO : train_loss       0.60065
2024/02/27 08:45:30 INFO : train_acc       81.09903
2024/02/27 08:45:30 INFO : test_loss       1.83142
2024/02/27 08:45:30 INFO : test_acc       10.00000
2024/02/27 08:45:30 INFO : 
2024/02/27 08:45:30 INFO : Best test acc 33.33333 
2024/02/27 08:45:30 INFO : mean acc of last 10 epochs 12.00000 
2024/02/27 08:45:30 INFO : std of last 10 epochs 1.63299 
2024/02/27 08:45:30 INFO : * * * * * * * * * * * * * * * * * * * * 
2024/02/27 08:46:07 INFO : ****************  LMDA for 5! ***************************
2024/02/27 08:46:07 INFO : {'num_classes': 4, 'chans': 24, 'channel_depth1': 26, 'channel_depth2': 9, 'kernel': 75, 'depth': 9, 'pool_depth': 1, 'avepool': 50, 'avgpool_step1': 1}
2024/02/27 08:46:07 INFO : ****** Run until first stop... ********
2024/02/27 08:46:07 INFO : Train size: 4
2024/02/27 08:46:07 INFO : Test size: 2
2024/02/27 08:46:18 INFO : New best test acc 24.137931
2024/02/27 08:46:18 INFO : Epoch 0
2024/02/27 08:46:18 INFO : train_loss       1.56935
2024/02/27 08:46:18 INFO : train_acc       27.59662
2024/02/27 08:46:18 INFO : test_loss       1.38631
2024/02/27 08:46:18 INFO : test_acc       24.13793
2024/02/27 08:46:18 INFO : 
2024/02/27 08:50:01 INFO : Epoch 20
2024/02/27 08:50:01 INFO : train_loss       1.13864
2024/02/27 08:50:01 INFO : train_acc       55.67633
2024/02/27 08:50:01 INFO : test_loss       1.37790
2024/02/27 08:50:01 INFO : test_acc       24.13793
2024/02/27 08:50:01 INFO : 
2024/02/27 08:50:13 INFO : New best test acc 27.586207
2024/02/27 08:52:29 INFO : New best test acc 31.034483
2024/02/27 08:53:50 INFO : Epoch 40
2024/02/27 08:53:50 INFO : train_loss       0.94400
2024/02/27 08:53:50 INFO : train_acc       70.53140
2024/02/27 08:53:50 INFO : test_loss       1.41074
2024/02/27 08:53:50 INFO : test_acc       27.58621
2024/02/27 08:53:50 INFO : 
