2023/10/18 19:21:40 INFO : ****************  LMDA for 10! ***************************
2023/10/18 19:21:41 INFO : {'num_classes': 4, 'chans': 128, 'channel_depth1': 130, 'channel_depth2': 9, 'kernel': 75, 'depth': 9, 'pool_depth': 1, 'avepool': 25, 'avgpool_step1': 1}
2023/10/18 19:21:41 INFO : =================================================================
Layer (type:depth-idx)                   Param #
=================================================================
\u251c\u2500Sequential: 1-1                        --
|    \u2514\u2500Conv2d: 2-1                       1,170
|    \u2514\u2500BatchNorm2d: 2-2                  260
|    \u2514\u2500Conv2d: 2-3                       9,750
|    \u2514\u2500BatchNorm2d: 2-4                  260
|    \u2514\u2500GELU: 2-5                         --
\u251c\u2500Sequential: 1-2                        --
|    \u2514\u2500Conv2d: 2-6                       1,170
|    \u2514\u2500BatchNorm2d: 2-7                  18
|    \u2514\u2500Conv2d: 2-8                       1,152
|    \u2514\u2500BatchNorm2d: 2-9                  18
|    \u2514\u2500GELU: 2-10                        --
\u251c\u2500Sequential: 1-3                        --
|    \u2514\u2500AvgPool3d: 2-11                   --
|    \u2514\u2500Dropout: 2-12                     --
\u251c\u2500EEGDepthAttention: 1-4                 --
|    \u2514\u2500AdaptiveAvgPool2d: 2-13           --
|    \u2514\u2500Conv2d: 2-14                      8
|    \u2514\u2500Softmax: 2-15                     --
\u251c\u2500Linear: 1-5                            616
=================================================================
Total params: 14,422
Trainable params: 14,422
Non-trainable params: 0
=================================================================
2023/10/18 19:21:41 INFO : ****** Run until first stop... ********
2023/10/18 19:21:41 INFO : Train size: 8
2023/10/18 19:21:41 INFO : Test size: 3
2023/10/18 19:22:31 INFO : New best test acc 23.333333
2023/10/18 19:22:31 INFO : Epoch 0
2023/10/18 19:22:31 INFO : train_loss       1.53881
2023/10/18 19:22:31 INFO : train_acc       21.76773
2023/10/18 19:22:31 INFO : test_loss       1.39617
2023/10/18 19:22:31 INFO : test_acc       23.33333
2023/10/18 19:22:31 INFO : 
2023/10/18 19:29:40 INFO : New best test acc 26.666667
2023/10/18 19:30:28 INFO : New best test acc 35.000000
2023/10/18 19:38:25 INFO : Epoch 20
2023/10/18 19:38:25 INFO : train_loss       0.65246
2023/10/18 19:38:25 INFO : train_acc       89.55950
2023/10/18 19:38:25 INFO : test_loss       1.35827
2023/10/18 19:38:25 INFO : test_acc       31.66667
2023/10/18 19:38:25 INFO : 
2023/10/18 19:54:18 INFO : Epoch 40
2023/10/18 19:54:18 INFO : train_loss       0.38041
2023/10/18 19:54:18 INFO : train_acc       95.42334
2023/10/18 19:54:18 INFO : test_loss       1.42829
2023/10/18 19:54:18 INFO : test_acc       25.00000
2023/10/18 19:54:18 INFO : 
2023/10/18 20:10:10 INFO : Epoch 60
2023/10/18 20:10:10 INFO : train_loss       0.27779
2023/10/18 20:10:10 INFO : train_acc       98.25515
2023/10/18 20:10:10 INFO : test_loss       1.58017
2023/10/18 20:10:10 INFO : test_acc       23.33333
2023/10/18 20:10:10 INFO : 
2023/10/18 20:26:04 INFO : Epoch 80
2023/10/18 20:26:04 INFO : train_loss       0.17303
2023/10/18 20:26:04 INFO : train_acc       98.36957
2023/10/18 20:26:04 INFO : test_loss       1.69390
2023/10/18 20:26:04 INFO : test_acc       23.33333
2023/10/18 20:26:04 INFO : 
2023/10/18 20:41:57 INFO : Epoch 100
2023/10/18 20:41:57 INFO : train_loss       0.13264
2023/10/18 20:41:57 INFO : train_acc       99.45652
2023/10/18 20:41:57 INFO : test_loss       1.83869
2023/10/18 20:41:57 INFO : test_acc       21.66667
2023/10/18 20:41:57 INFO : 
2023/10/18 20:57:50 INFO : Epoch 120
2023/10/18 20:57:50 INFO : train_loss       0.11242
2023/10/18 20:57:50 INFO : train_acc       99.45652
2023/10/18 20:57:50 INFO : test_loss       1.96816
2023/10/18 20:57:50 INFO : test_acc       18.33333
2023/10/18 20:57:50 INFO : 
2023/10/18 21:13:41 INFO : Epoch 140
2023/10/18 21:13:41 INFO : train_loss       0.10113
2023/10/18 21:13:41 INFO : train_acc       98.91304
2023/10/18 21:13:41 INFO : test_loss       1.91086
2023/10/18 21:13:41 INFO : test_acc       21.66667
2023/10/18 21:13:41 INFO : 
2023/10/18 21:29:33 INFO : Epoch 160
2023/10/18 21:29:33 INFO : train_loss       0.07001
2023/10/18 21:29:33 INFO : train_acc       100.00000
2023/10/18 21:29:33 INFO : test_loss       2.04272
2023/10/18 21:29:33 INFO : test_acc       23.33333
2023/10/18 21:29:33 INFO : 
2023/10/18 21:45:25 INFO : Epoch 180
2023/10/18 21:45:25 INFO : train_loss       0.07908
2023/10/18 21:45:25 INFO : train_acc       99.45652
2023/10/18 21:45:25 INFO : test_loss       1.97935
2023/10/18 21:45:25 INFO : test_acc       25.00000
2023/10/18 21:45:25 INFO : 
2023/10/18 22:01:18 INFO : Epoch 200
2023/10/18 22:01:18 INFO : train_loss       0.07351
2023/10/18 22:01:18 INFO : train_acc       99.45652
2023/10/18 22:01:18 INFO : test_loss       2.07704
2023/10/18 22:01:18 INFO : test_acc       26.66667
2023/10/18 22:01:18 INFO : 
2023/10/18 22:17:10 INFO : Epoch 220
2023/10/18 22:17:10 INFO : train_loss       0.07108
2023/10/18 22:17:10 INFO : train_acc       100.00000
2023/10/18 22:17:10 INFO : test_loss       2.09914
2023/10/18 22:17:10 INFO : test_acc       25.00000
2023/10/18 22:17:10 INFO : 
2023/10/18 22:33:02 INFO : Epoch 240
2023/10/18 22:33:02 INFO : train_loss       0.04239
2023/10/18 22:33:02 INFO : train_acc       100.00000
2023/10/18 22:33:02 INFO : test_loss       2.15711
2023/10/18 22:33:02 INFO : test_acc       23.33333
2023/10/18 22:33:02 INFO : 
2023/10/18 22:41:46 INFO : Epoch 251
2023/10/18 22:41:46 INFO : train_loss       0.06013
2023/10/18 22:41:46 INFO : train_acc       100.00000
2023/10/18 22:41:46 INFO : test_loss       2.20620
2023/10/18 22:41:46 INFO : test_acc       25.00000
2023/10/18 22:41:46 INFO : 
2023/10/18 22:42:34 INFO : Epoch 252
2023/10/18 22:42:34 INFO : train_loss       0.04632
2023/10/18 22:42:34 INFO : train_acc       100.00000
2023/10/18 22:42:34 INFO : test_loss       2.20110
2023/10/18 22:42:34 INFO : test_acc       28.33333
2023/10/18 22:42:34 INFO : 
2023/10/18 22:43:21 INFO : Epoch 253
2023/10/18 22:43:21 INFO : train_loss       0.07204
2023/10/18 22:43:21 INFO : train_acc       98.91304
2023/10/18 22:43:21 INFO : test_loss       2.18642
2023/10/18 22:43:21 INFO : test_acc       26.66667
2023/10/18 22:43:21 INFO : 
2023/10/18 22:44:09 INFO : Epoch 254
2023/10/18 22:44:09 INFO : train_loss       0.06377
2023/10/18 22:44:09 INFO : train_acc       98.79863
2023/10/18 22:44:09 INFO : test_loss       2.20174
2023/10/18 22:44:09 INFO : test_acc       25.00000
2023/10/18 22:44:09 INFO : 
2023/10/18 22:44:56 INFO : Epoch 255
2023/10/18 22:44:56 INFO : train_loss       0.05484
2023/10/18 22:44:56 INFO : train_acc       100.00000
2023/10/18 22:44:56 INFO : test_loss       2.20396
2023/10/18 22:44:56 INFO : test_acc       25.00000
2023/10/18 22:44:56 INFO : 
2023/10/18 22:45:44 INFO : Epoch 256
2023/10/18 22:45:44 INFO : train_loss       0.06059
2023/10/18 22:45:44 INFO : train_acc       100.00000
2023/10/18 22:45:44 INFO : test_loss       2.13414
2023/10/18 22:45:44 INFO : test_acc       26.66667
2023/10/18 22:45:44 INFO : 
2023/10/18 22:46:31 INFO : Epoch 257
2023/10/18 22:46:31 INFO : train_loss       0.05426
2023/10/18 22:46:31 INFO : train_acc       98.91304
2023/10/18 22:46:31 INFO : test_loss       2.16917
2023/10/18 22:46:31 INFO : test_acc       25.00000
2023/10/18 22:46:31 INFO : 
2023/10/18 22:47:19 INFO : Epoch 258
2023/10/18 22:47:19 INFO : train_loss       0.04996
2023/10/18 22:47:19 INFO : train_acc       98.79863
2023/10/18 22:47:19 INFO : test_loss       2.20768
2023/10/18 22:47:19 INFO : test_acc       23.33333
2023/10/18 22:47:19 INFO : 
2023/10/18 22:48:07 INFO : Epoch 259
2023/10/18 22:48:07 INFO : train_loss       0.04353
2023/10/18 22:48:07 INFO : train_acc       100.00000
2023/10/18 22:48:07 INFO : test_loss       2.21879
2023/10/18 22:48:07 INFO : test_acc       21.66667
2023/10/18 22:48:07 INFO : 
2023/10/18 22:48:54 INFO : Epoch 260
2023/10/18 22:48:54 INFO : train_loss       0.04752
2023/10/18 22:48:54 INFO : train_acc       100.00000
2023/10/18 22:48:54 INFO : test_loss       2.20380
2023/10/18 22:48:54 INFO : test_acc       25.00000
2023/10/18 22:48:54 INFO : 
2023/10/18 22:49:42 INFO : Epoch 261
2023/10/18 22:49:42 INFO : train_loss       0.05189
2023/10/18 22:49:42 INFO : train_acc       99.45652
2023/10/18 22:49:42 INFO : test_loss       2.19894
2023/10/18 22:49:42 INFO : test_acc       26.66667
2023/10/18 22:49:42 INFO : 
2023/10/18 22:50:29 INFO : Epoch 262
2023/10/18 22:50:29 INFO : train_loss       0.07040
2023/10/18 22:50:29 INFO : train_acc       99.45652
2023/10/18 22:50:29 INFO : test_loss       2.24326
2023/10/18 22:50:29 INFO : test_acc       25.00000
2023/10/18 22:50:29 INFO : 
2023/10/18 22:51:17 INFO : Epoch 263
2023/10/18 22:51:17 INFO : train_loss       0.04477
2023/10/18 22:51:17 INFO : train_acc       100.00000
2023/10/18 22:51:17 INFO : test_loss       2.27331
2023/10/18 22:51:17 INFO : test_acc       25.00000
2023/10/18 22:51:17 INFO : 
2023/10/18 22:52:05 INFO : Epoch 264
2023/10/18 22:52:05 INFO : train_loss       0.04899
2023/10/18 22:52:05 INFO : train_acc       100.00000
2023/10/18 22:52:05 INFO : test_loss       2.30513
2023/10/18 22:52:05 INFO : test_acc       25.00000
2023/10/18 22:52:05 INFO : 
2023/10/18 22:52:52 INFO : Epoch 265
2023/10/18 22:52:52 INFO : train_loss       0.04417
2023/10/18 22:52:52 INFO : train_acc       100.00000
2023/10/18 22:52:52 INFO : test_loss       2.34576
2023/10/18 22:52:52 INFO : test_acc       23.33333
2023/10/18 22:52:52 INFO : 
2023/10/18 22:53:40 INFO : Epoch 266
2023/10/18 22:53:40 INFO : train_loss       0.06641
2023/10/18 22:53:40 INFO : train_acc       99.45652
2023/10/18 22:53:40 INFO : test_loss       2.25645
2023/10/18 22:53:40 INFO : test_acc       25.00000
2023/10/18 22:53:40 INFO : 
2023/10/18 22:54:27 INFO : Epoch 267
2023/10/18 22:54:27 INFO : train_loss       0.05930
2023/10/18 22:54:27 INFO : train_acc       99.45652
2023/10/18 22:54:27 INFO : test_loss       2.27451
2023/10/18 22:54:27 INFO : test_acc       23.33333
2023/10/18 22:54:27 INFO : 
2023/10/18 22:55:15 INFO : Epoch 268
2023/10/18 22:55:15 INFO : train_loss       0.05985
2023/10/18 22:55:15 INFO : train_acc       100.00000
2023/10/18 22:55:15 INFO : test_loss       2.29922
2023/10/18 22:55:15 INFO : test_acc       25.00000
2023/10/18 22:55:15 INFO : 
2023/10/18 22:56:02 INFO : Epoch 269
2023/10/18 22:56:02 INFO : train_loss       0.04833
2023/10/18 22:56:02 INFO : train_acc       99.45652
2023/10/18 22:56:02 INFO : test_loss       2.39036
2023/10/18 22:56:02 INFO : test_acc       23.33333
2023/10/18 22:56:02 INFO : 
2023/10/18 22:56:50 INFO : Epoch 270
2023/10/18 22:56:50 INFO : train_loss       0.05677
2023/10/18 22:56:50 INFO : train_acc       100.00000
2023/10/18 22:56:50 INFO : test_loss       2.33657
2023/10/18 22:56:50 INFO : test_acc       25.00000
2023/10/18 22:56:50 INFO : 
2023/10/18 22:57:38 INFO : Epoch 271
2023/10/18 22:57:38 INFO : train_loss       0.05524
2023/10/18 22:57:38 INFO : train_acc       99.45652
2023/10/18 22:57:38 INFO : test_loss       2.33610
2023/10/18 22:57:38 INFO : test_acc       25.00000
2023/10/18 22:57:38 INFO : 
2023/10/18 22:58:25 INFO : Epoch 272
2023/10/18 22:58:25 INFO : train_loss       0.05469
2023/10/18 22:58:25 INFO : train_acc       99.45652
2023/10/18 22:58:25 INFO : test_loss       2.32720
2023/10/18 22:58:25 INFO : test_acc       26.66667
2023/10/18 22:58:25 INFO : 
2023/10/18 22:59:13 INFO : Epoch 273
2023/10/18 22:59:13 INFO : train_loss       0.04327
2023/10/18 22:59:13 INFO : train_acc       99.45652
2023/10/18 22:59:13 INFO : test_loss       2.27433
2023/10/18 22:59:13 INFO : test_acc       25.00000
2023/10/18 22:59:13 INFO : 
2023/10/18 23:00:00 INFO : Epoch 274
2023/10/18 23:00:00 INFO : train_loss       0.04865
2023/10/18 23:00:00 INFO : train_acc       100.00000
2023/10/18 23:00:00 INFO : test_loss       2.25844
2023/10/18 23:00:00 INFO : test_acc       26.66667
2023/10/18 23:00:00 INFO : 
2023/10/18 23:00:48 INFO : Epoch 275
2023/10/18 23:00:48 INFO : train_loss       0.07479
2023/10/18 23:00:48 INFO : train_acc       99.34211
2023/10/18 23:00:48 INFO : test_loss       2.29338
2023/10/18 23:00:48 INFO : test_acc       28.33333
2023/10/18 23:00:48 INFO : 
2023/10/18 23:01:36 INFO : Epoch 276
2023/10/18 23:01:36 INFO : train_loss       0.04877
2023/10/18 23:01:36 INFO : train_acc       100.00000
2023/10/18 23:01:36 INFO : test_loss       2.31599
2023/10/18 23:01:36 INFO : test_acc       26.66667
2023/10/18 23:01:36 INFO : 
2023/10/18 23:02:23 INFO : Epoch 277
2023/10/18 23:02:23 INFO : train_loss       0.04560
2023/10/18 23:02:23 INFO : train_acc       100.00000
2023/10/18 23:02:23 INFO : test_loss       2.34544
2023/10/18 23:02:23 INFO : test_acc       25.00000
2023/10/18 23:02:23 INFO : 
2023/10/18 23:03:11 INFO : Epoch 278
2023/10/18 23:03:11 INFO : train_loss       0.04948
2023/10/18 23:03:11 INFO : train_acc       99.45652
2023/10/18 23:03:11 INFO : test_loss       2.34875
2023/10/18 23:03:11 INFO : test_acc       23.33333
2023/10/18 23:03:11 INFO : 
2023/10/18 23:03:59 INFO : Epoch 279
2023/10/18 23:03:59 INFO : train_loss       0.05793
2023/10/18 23:03:59 INFO : train_acc       100.00000
2023/10/18 23:03:59 INFO : test_loss       2.28713
2023/10/18 23:03:59 INFO : test_acc       23.33333
2023/10/18 23:03:59 INFO : 
2023/10/18 23:04:46 INFO : Epoch 280
2023/10/18 23:04:46 INFO : train_loss       0.04708
2023/10/18 23:04:46 INFO : train_acc       100.00000
2023/10/18 23:04:46 INFO : test_loss       2.27019
2023/10/18 23:04:46 INFO : test_acc       26.66667
2023/10/18 23:04:46 INFO : 
2023/10/18 23:05:34 INFO : Epoch 281
2023/10/18 23:05:34 INFO : train_loss       0.04691
2023/10/18 23:05:34 INFO : train_acc       99.45652
2023/10/18 23:05:34 INFO : test_loss       2.25291
2023/10/18 23:05:34 INFO : test_acc       26.66667
2023/10/18 23:05:34 INFO : 
2023/10/18 23:06:22 INFO : Epoch 282
2023/10/18 23:06:22 INFO : train_loss       0.04002
2023/10/18 23:06:22 INFO : train_acc       100.00000
2023/10/18 23:06:22 INFO : test_loss       2.24886
2023/10/18 23:06:22 INFO : test_acc       25.00000
2023/10/18 23:06:22 INFO : 
2023/10/18 23:07:09 INFO : Epoch 283
2023/10/18 23:07:09 INFO : train_loss       0.04562
2023/10/18 23:07:09 INFO : train_acc       99.45652
2023/10/18 23:07:09 INFO : test_loss       2.23593
2023/10/18 23:07:09 INFO : test_acc       23.33333
2023/10/18 23:07:09 INFO : 
2023/10/18 23:07:57 INFO : Epoch 284
2023/10/18 23:07:57 INFO : train_loss       0.05309
2023/10/18 23:07:57 INFO : train_acc       100.00000
2023/10/18 23:07:57 INFO : test_loss       2.25285
2023/10/18 23:07:57 INFO : test_acc       23.33333
2023/10/18 23:07:57 INFO : 
2023/10/18 23:08:45 INFO : Epoch 285
2023/10/18 23:08:45 INFO : train_loss       0.03902
2023/10/18 23:08:45 INFO : train_acc       99.45652
2023/10/18 23:08:45 INFO : test_loss       2.29680
2023/10/18 23:08:45 INFO : test_acc       25.00000
2023/10/18 23:08:45 INFO : 
2023/10/18 23:09:33 INFO : Epoch 286
2023/10/18 23:09:33 INFO : train_loss       0.04472
2023/10/18 23:09:33 INFO : train_acc       100.00000
2023/10/18 23:09:33 INFO : test_loss       2.25984
2023/10/18 23:09:33 INFO : test_acc       25.00000
2023/10/18 23:09:33 INFO : 
2023/10/18 23:10:20 INFO : Epoch 287
2023/10/18 23:10:20 INFO : train_loss       0.04675
2023/10/18 23:10:20 INFO : train_acc       99.45652
2023/10/18 23:10:20 INFO : test_loss       2.25658
2023/10/18 23:10:20 INFO : test_acc       25.00000
2023/10/18 23:10:20 INFO : 
2023/10/18 23:11:08 INFO : Epoch 288
2023/10/18 23:11:08 INFO : train_loss       0.04115
2023/10/18 23:11:08 INFO : train_acc       100.00000
2023/10/18 23:11:08 INFO : test_loss       2.27647
2023/10/18 23:11:08 INFO : test_acc       28.33333
2023/10/18 23:11:08 INFO : 
2023/10/18 23:11:56 INFO : Epoch 289
2023/10/18 23:11:56 INFO : train_loss       0.05408
2023/10/18 23:11:56 INFO : train_acc       99.34211
2023/10/18 23:11:56 INFO : test_loss       2.25508
2023/10/18 23:11:56 INFO : test_acc       25.00000
2023/10/18 23:11:56 INFO : 
2023/10/18 23:12:43 INFO : Epoch 290
2023/10/18 23:12:43 INFO : train_loss       0.05511
2023/10/18 23:12:43 INFO : train_acc       98.91304
2023/10/18 23:12:43 INFO : test_loss       2.26285
2023/10/18 23:12:43 INFO : test_acc       23.33333
2023/10/18 23:12:43 INFO : 
2023/10/18 23:13:31 INFO : Epoch 291
2023/10/18 23:13:31 INFO : train_loss       0.03721
2023/10/18 23:13:31 INFO : train_acc       100.00000
2023/10/18 23:13:31 INFO : test_loss       2.24247
2023/10/18 23:13:31 INFO : test_acc       23.33333
2023/10/18 23:13:31 INFO : 
2023/10/18 23:14:18 INFO : Epoch 292
2023/10/18 23:14:18 INFO : train_loss       0.05029
2023/10/18 23:14:18 INFO : train_acc       99.34211
2023/10/18 23:14:18 INFO : test_loss       2.34094
2023/10/18 23:14:18 INFO : test_acc       23.33333
2023/10/18 23:14:18 INFO : 
2023/10/18 23:15:06 INFO : Epoch 293
2023/10/18 23:15:06 INFO : train_loss       0.05109
2023/10/18 23:15:06 INFO : train_acc       99.45652
2023/10/18 23:15:06 INFO : test_loss       2.36594
2023/10/18 23:15:06 INFO : test_acc       28.33333
2023/10/18 23:15:06 INFO : 
2023/10/18 23:15:54 INFO : Epoch 294
2023/10/18 23:15:54 INFO : train_loss       0.04966
2023/10/18 23:15:54 INFO : train_acc       100.00000
2023/10/18 23:15:54 INFO : test_loss       2.32862
2023/10/18 23:15:54 INFO : test_acc       26.66667
2023/10/18 23:15:54 INFO : 
2023/10/18 23:16:41 INFO : Epoch 295
2023/10/18 23:16:41 INFO : train_loss       0.05684
2023/10/18 23:16:41 INFO : train_acc       98.91304
2023/10/18 23:16:41 INFO : test_loss       2.34616
2023/10/18 23:16:41 INFO : test_acc       25.00000
2023/10/18 23:16:41 INFO : 
2023/10/18 23:17:29 INFO : Epoch 296
2023/10/18 23:17:29 INFO : train_loss       0.05504
2023/10/18 23:17:29 INFO : train_acc       100.00000
2023/10/18 23:17:29 INFO : test_loss       2.29903
2023/10/18 23:17:29 INFO : test_acc       23.33333
2023/10/18 23:17:29 INFO : 
2023/10/18 23:18:17 INFO : Epoch 297
2023/10/18 23:18:17 INFO : train_loss       0.04397
2023/10/18 23:18:17 INFO : train_acc       100.00000
2023/10/18 23:18:17 INFO : test_loss       2.27254
2023/10/18 23:18:17 INFO : test_acc       26.66667
2023/10/18 23:18:17 INFO : 
2023/10/18 23:19:04 INFO : Epoch 298
2023/10/18 23:19:04 INFO : train_loss       0.05579
2023/10/18 23:19:04 INFO : train_acc       98.91304
2023/10/18 23:19:04 INFO : test_loss       2.25643
2023/10/18 23:19:04 INFO : test_acc       26.66667
2023/10/18 23:19:04 INFO : 
2023/10/18 23:19:52 INFO : Epoch 299
2023/10/18 23:19:52 INFO : train_loss       0.04642
2023/10/18 23:19:52 INFO : train_acc       99.45652
2023/10/18 23:19:52 INFO : test_loss       2.18837
2023/10/18 23:19:52 INFO : test_acc       25.00000
2023/10/18 23:19:52 INFO : 
2023/10/18 23:19:52 INFO : Best test acc 35.00000 
2023/10/18 23:19:52 INFO : mean acc of last 10 epochs 25.16667 
2023/10/18 23:19:52 INFO : std of last 10 epochs 1.74005 
2023/10/18 23:19:52 INFO : * * * * * * * * * * * * * * * * * * * * 
2023/10/18 23:19:55 INFO : Param again {'num_classes': 4, 'chans': 128, 'channel_depth1': 130, 'channel_depth2': 9, 'kernel': 75, 'depth': 9, 'pool_depth': 1, 'avepool': 25, 'avgpool_step1': 1}
2023/10/18 23:19:55 INFO : Done! Running time 14302.03561
