2024/02/26 16:37:07 INFO : ****************  LMDA for 10! ***************************
2024/02/26 16:37:08 INFO : {'num_classes': 4, 'chans': 24, 'channel_depth1': 26, 'channel_depth2': 9, 'kernel': 75, 'depth': 9, 'pool_depth': 1, 'avepool': 50, 'avgpool_step1': 1}
2024/02/26 16:37:58 INFO : ****************  LMDA for 10! ***************************
2024/02/26 16:37:58 INFO : {'num_classes': 4, 'chans': 24, 'channel_depth1': 26, 'channel_depth2': 9, 'kernel': 75, 'depth': 9, 'pool_depth': 1, 'avepool': 50, 'avgpool_step1': 1}
2024/02/26 16:40:29 INFO : ****************  LMDA for 10! ***************************
2024/02/26 16:40:29 INFO : {'num_classes': 4, 'chans': 24, 'channel_depth1': 26, 'channel_depth2': 9, 'kernel': 75, 'depth': 9, 'pool_depth': 1, 'avepool': 50, 'avgpool_step1': 1}
2024/02/26 16:40:29 INFO : ****** Run until first stop... ********
2024/02/26 16:40:29 INFO : Train size: 4
2024/02/26 16:40:29 INFO : Test size: 2
2024/02/26 16:40:37 INFO : New best test acc 20.000000
2024/02/26 16:40:37 INFO : Epoch 0
2024/02/26 16:40:37 INFO : train_loss       1.50765
2024/02/26 16:40:37 INFO : train_acc       25.62112
2024/02/26 16:40:37 INFO : test_loss       1.38579
2024/02/26 16:40:37 INFO : test_acc       20.00000
2024/02/26 16:40:37 INFO : 
2024/02/26 16:40:51 INFO : New best test acc 36.666667
2024/02/26 16:42:57 INFO : Epoch 20
2024/02/26 16:42:57 INFO : train_loss       1.14303
2024/02/26 16:42:57 INFO : train_acc       55.38302
2024/02/26 16:42:57 INFO : test_loss       1.35463
2024/02/26 16:42:57 INFO : test_acc       33.33333
2024/02/26 16:42:57 INFO : 
2024/02/26 16:45:14 INFO : Epoch 40
2024/02/26 16:45:14 INFO : train_loss       0.95407
2024/02/26 16:45:14 INFO : train_acc       72.30849
2024/02/26 16:45:14 INFO : test_loss       1.40399
2024/02/26 16:45:14 INFO : test_acc       20.00000
2024/02/26 16:45:14 INFO : 
2024/02/26 16:47:31 INFO : Epoch 60
2024/02/26 16:47:31 INFO : train_loss       0.88917
2024/02/26 16:47:31 INFO : train_acc       73.29193
2024/02/26 16:47:31 INFO : test_loss       1.45841
2024/02/26 16:47:31 INFO : test_acc       13.33333
2024/02/26 16:47:31 INFO : 
2024/02/26 16:49:52 INFO : Epoch 80
2024/02/26 16:49:52 INFO : train_loss       0.81000
2024/02/26 16:49:52 INFO : train_acc       74.58592
2024/02/26 16:49:52 INFO : test_loss       1.47243
2024/02/26 16:49:52 INFO : test_acc       10.00000
2024/02/26 16:49:52 INFO : 
2024/02/26 16:52:13 INFO : Epoch 100
2024/02/26 16:52:13 INFO : train_loss       0.71238
2024/02/26 16:52:13 INFO : train_acc       78.62319
2024/02/26 16:52:13 INFO : test_loss       1.46048
2024/02/26 16:52:13 INFO : test_acc       16.66667
2024/02/26 16:52:13 INFO : 
2024/02/26 16:54:36 INFO : Epoch 120
2024/02/26 16:54:36 INFO : train_loss       0.68118
2024/02/26 16:54:36 INFO : train_acc       83.38509
2024/02/26 16:54:36 INFO : test_loss       1.46615
2024/02/26 16:54:36 INFO : test_acc       23.33333
2024/02/26 16:54:36 INFO : 
2024/02/26 16:57:01 INFO : Epoch 140
2024/02/26 16:57:01 INFO : train_loss       0.62983
2024/02/26 16:57:01 INFO : train_acc       82.29814
2024/02/26 16:57:01 INFO : test_loss       1.45409
2024/02/26 16:57:01 INFO : test_acc       26.66667
2024/02/26 16:57:01 INFO : 
2024/02/26 16:59:28 INFO : Epoch 160
2024/02/26 16:59:28 INFO : train_loss       0.60467
2024/02/26 16:59:28 INFO : train_acc       80.12422
2024/02/26 16:59:28 INFO : test_loss       1.42855
2024/02/26 16:59:28 INFO : test_acc       23.33333
2024/02/26 16:59:28 INFO : 
2024/02/26 17:01:52 INFO : Epoch 180
2024/02/26 17:01:52 INFO : train_loss       0.51952
2024/02/26 17:01:52 INFO : train_acc       86.64596
2024/02/26 17:01:52 INFO : test_loss       1.48276
2024/02/26 17:01:52 INFO : test_acc       16.66667
2024/02/26 17:01:52 INFO : 
2024/02/26 17:04:15 INFO : Epoch 200
2024/02/26 17:04:15 INFO : train_loss       0.54446
2024/02/26 17:04:15 INFO : train_acc       81.31470
2024/02/26 17:04:15 INFO : test_loss       1.46302
2024/02/26 17:04:15 INFO : test_acc       20.00000
2024/02/26 17:04:15 INFO : 
2024/02/26 17:06:34 INFO : Epoch 220
2024/02/26 17:06:34 INFO : train_loss       0.55263
2024/02/26 17:06:34 INFO : train_acc       83.17805
2024/02/26 17:06:34 INFO : test_loss       1.47999
2024/02/26 17:06:34 INFO : test_acc       26.66667
2024/02/26 17:06:34 INFO : 
2024/02/26 17:08:50 INFO : Epoch 240
2024/02/26 17:08:50 INFO : train_loss       0.56863
2024/02/26 17:08:50 INFO : train_acc       81.21118
2024/02/26 17:08:50 INFO : test_loss       1.51922
2024/02/26 17:08:50 INFO : test_acc       26.66667
2024/02/26 17:08:50 INFO : 
2024/02/26 17:10:04 INFO : Epoch 251
2024/02/26 17:10:04 INFO : train_loss       0.49938
2024/02/26 17:10:04 INFO : train_acc       85.66253
2024/02/26 17:10:04 INFO : test_loss       1.55625
2024/02/26 17:10:04 INFO : test_acc       20.00000
2024/02/26 17:10:04 INFO : 
2024/02/26 17:10:10 INFO : Epoch 252
2024/02/26 17:10:10 INFO : train_loss       0.48998
2024/02/26 17:10:10 INFO : train_acc       90.01035
2024/02/26 17:10:10 INFO : test_loss       1.54987
2024/02/26 17:10:10 INFO : test_acc       20.00000
2024/02/26 17:10:10 INFO : 
2024/02/26 17:10:17 INFO : Epoch 253
2024/02/26 17:10:17 INFO : train_loss       0.45650
2024/02/26 17:10:17 INFO : train_acc       86.43892
2024/02/26 17:10:17 INFO : test_loss       1.55050
2024/02/26 17:10:17 INFO : test_acc       20.00000
2024/02/26 17:10:17 INFO : 
2024/02/26 17:10:24 INFO : Epoch 254
2024/02/26 17:10:24 INFO : train_loss       0.50540
2024/02/26 17:10:24 INFO : train_acc       85.55901
2024/02/26 17:10:24 INFO : test_loss       1.54800
2024/02/26 17:10:24 INFO : test_acc       23.33333
2024/02/26 17:10:24 INFO : 
2024/02/26 17:10:31 INFO : Epoch 255
2024/02/26 17:10:31 INFO : train_loss       0.52361
2024/02/26 17:10:31 INFO : train_acc       81.10766
2024/02/26 17:10:31 INFO : test_loss       1.54538
2024/02/26 17:10:31 INFO : test_acc       26.66667
2024/02/26 17:10:31 INFO : 
2024/02/26 17:10:38 INFO : Epoch 256
2024/02/26 17:10:38 INFO : train_loss       0.53557
2024/02/26 17:10:38 INFO : train_acc       84.57557
2024/02/26 17:10:38 INFO : test_loss       1.54598
2024/02/26 17:10:38 INFO : test_acc       23.33333
2024/02/26 17:10:38 INFO : 
2024/02/26 17:10:45 INFO : Epoch 257
2024/02/26 17:10:45 INFO : train_loss       0.52607
2024/02/26 17:10:45 INFO : train_acc       85.55901
2024/02/26 17:10:45 INFO : test_loss       1.54568
2024/02/26 17:10:45 INFO : test_acc       23.33333
2024/02/26 17:10:45 INFO : 
2024/02/26 17:10:51 INFO : Epoch 258
2024/02/26 17:10:51 INFO : train_loss       0.48156
2024/02/26 17:10:51 INFO : train_acc       86.95652
2024/02/26 17:10:51 INFO : test_loss       1.54594
2024/02/26 17:10:51 INFO : test_acc       20.00000
2024/02/26 17:10:51 INFO : 
2024/02/26 17:10:58 INFO : Epoch 259
2024/02/26 17:10:58 INFO : train_loss       0.50948
2024/02/26 17:10:58 INFO : train_acc       87.73292
2024/02/26 17:10:58 INFO : test_loss       1.53819
2024/02/26 17:10:58 INFO : test_acc       23.33333
2024/02/26 17:10:58 INFO : 
2024/02/26 17:11:05 INFO : Epoch 260
2024/02/26 17:11:05 INFO : train_loss       0.49449
2024/02/26 17:11:05 INFO : train_acc       85.55901
2024/02/26 17:11:05 INFO : test_loss       1.52466
2024/02/26 17:11:05 INFO : test_acc       26.66667
2024/02/26 17:11:05 INFO : 
2024/02/26 17:11:11 INFO : Epoch 261
2024/02/26 17:11:11 INFO : train_loss       0.51827
2024/02/26 17:11:11 INFO : train_acc       83.28157
2024/02/26 17:11:11 INFO : test_loss       1.51775
2024/02/26 17:11:11 INFO : test_acc       26.66667
2024/02/26 17:11:11 INFO : 
2024/02/26 17:11:18 INFO : Epoch 262
2024/02/26 17:11:18 INFO : train_loss       0.48942
2024/02/26 17:11:18 INFO : train_acc       91.20083
2024/02/26 17:11:18 INFO : test_loss       1.51760
2024/02/26 17:11:18 INFO : test_acc       26.66667
2024/02/26 17:11:18 INFO : 
2024/02/26 17:11:24 INFO : Epoch 263
2024/02/26 17:11:24 INFO : train_loss       0.55657
2024/02/26 17:11:24 INFO : train_acc       84.36853
2024/02/26 17:11:24 INFO : test_loss       1.51339
2024/02/26 17:11:24 INFO : test_acc       26.66667
2024/02/26 17:11:24 INFO : 
2024/02/26 17:11:31 INFO : Epoch 264
2024/02/26 17:11:31 INFO : train_loss       0.50750
2024/02/26 17:11:31 INFO : train_acc       90.01035
2024/02/26 17:11:31 INFO : test_loss       1.51673
2024/02/26 17:11:31 INFO : test_acc       26.66667
2024/02/26 17:11:31 INFO : 
2024/02/26 17:11:37 INFO : Epoch 265
2024/02/26 17:11:37 INFO : train_loss       0.44776
2024/02/26 17:11:37 INFO : train_acc       91.09731
2024/02/26 17:11:37 INFO : test_loss       1.52683
2024/02/26 17:11:37 INFO : test_acc       23.33333
2024/02/26 17:11:37 INFO : 
2024/02/26 17:11:44 INFO : Epoch 266
2024/02/26 17:11:44 INFO : train_loss       0.53631
2024/02/26 17:11:44 INFO : train_acc       82.40166
2024/02/26 17:11:44 INFO : test_loss       1.54854
2024/02/26 17:11:44 INFO : test_acc       30.00000
2024/02/26 17:11:44 INFO : 
2024/02/26 17:11:51 INFO : Epoch 267
2024/02/26 17:11:51 INFO : train_loss       0.46347
2024/02/26 17:11:51 INFO : train_acc       85.55901
2024/02/26 17:11:51 INFO : test_loss       1.54964
2024/02/26 17:11:51 INFO : test_acc       30.00000
2024/02/26 17:11:51 INFO : 
2024/02/26 17:11:57 INFO : Epoch 268
2024/02/26 17:11:57 INFO : train_loss       0.48184
2024/02/26 17:11:57 INFO : train_acc       84.57557
2024/02/26 17:11:57 INFO : test_loss       1.55683
2024/02/26 17:11:57 INFO : test_acc       30.00000
2024/02/26 17:11:57 INFO : 
2024/02/26 17:12:04 INFO : Epoch 269
2024/02/26 17:12:04 INFO : train_loss       0.47374
2024/02/26 17:12:04 INFO : train_acc       90.11387
2024/02/26 17:12:04 INFO : test_loss       1.55520
2024/02/26 17:12:04 INFO : test_acc       26.66667
2024/02/26 17:12:04 INFO : 
2024/02/26 17:12:10 INFO : Epoch 270
2024/02/26 17:12:10 INFO : train_loss       0.47179
2024/02/26 17:12:10 INFO : train_acc       85.45549
2024/02/26 17:12:10 INFO : test_loss       1.54449
2024/02/26 17:12:10 INFO : test_acc       20.00000
2024/02/26 17:12:10 INFO : 
2024/02/26 17:12:17 INFO : Epoch 271
2024/02/26 17:12:17 INFO : train_loss       0.42028
2024/02/26 17:12:17 INFO : train_acc       88.92340
2024/02/26 17:12:17 INFO : test_loss       1.53604
2024/02/26 17:12:17 INFO : test_acc       20.00000
2024/02/26 17:12:17 INFO : 
2024/02/26 17:12:23 INFO : Epoch 272
2024/02/26 17:12:23 INFO : train_loss       0.54792
2024/02/26 17:12:23 INFO : train_acc       80.02070
2024/02/26 17:12:23 INFO : test_loss       1.52692
2024/02/26 17:12:23 INFO : test_acc       23.33333
2024/02/26 17:12:23 INFO : 
2024/02/26 17:12:30 INFO : Epoch 273
2024/02/26 17:12:30 INFO : train_loss       0.49565
2024/02/26 17:12:30 INFO : train_acc       79.03727
2024/02/26 17:12:30 INFO : test_loss       1.53049
2024/02/26 17:12:30 INFO : test_acc       23.33333
2024/02/26 17:12:30 INFO : 
2024/02/26 17:12:37 INFO : Epoch 274
2024/02/26 17:12:37 INFO : train_loss       0.48710
2024/02/26 17:12:37 INFO : train_acc       85.45549
2024/02/26 17:12:37 INFO : test_loss       1.53444
2024/02/26 17:12:37 INFO : test_acc       26.66667
2024/02/26 17:12:37 INFO : 
2024/02/26 17:12:43 INFO : Epoch 275
2024/02/26 17:12:43 INFO : train_loss       0.53810
2024/02/26 17:12:43 INFO : train_acc       83.48861
2024/02/26 17:12:43 INFO : test_loss       1.54078
2024/02/26 17:12:43 INFO : test_acc       26.66667
2024/02/26 17:12:43 INFO : 
2024/02/26 17:12:50 INFO : Epoch 276
2024/02/26 17:12:50 INFO : train_loss       0.48146
2024/02/26 17:12:50 INFO : train_acc       88.92340
2024/02/26 17:12:50 INFO : test_loss       1.54832
2024/02/26 17:12:50 INFO : test_acc       30.00000
2024/02/26 17:12:50 INFO : 
2024/02/26 17:12:56 INFO : Epoch 277
2024/02/26 17:12:56 INFO : train_loss       0.49229
2024/02/26 17:12:56 INFO : train_acc       86.64596
2024/02/26 17:12:56 INFO : test_loss       1.55038
2024/02/26 17:12:56 INFO : test_acc       26.66667
2024/02/26 17:12:56 INFO : 
2024/02/26 17:13:03 INFO : Epoch 278
2024/02/26 17:13:03 INFO : train_loss       0.49441
2024/02/26 17:13:03 INFO : train_acc       86.64596
2024/02/26 17:13:03 INFO : test_loss       1.55947
2024/02/26 17:13:03 INFO : test_acc       23.33333
2024/02/26 17:13:03 INFO : 
2024/02/26 17:13:09 INFO : Epoch 279
2024/02/26 17:13:09 INFO : train_loss       0.50066
2024/02/26 17:13:09 INFO : train_acc       88.81988
2024/02/26 17:13:09 INFO : test_loss       1.57454
2024/02/26 17:13:09 INFO : test_acc       30.00000
2024/02/26 17:13:09 INFO : 
2024/02/26 17:13:16 INFO : Epoch 280
2024/02/26 17:13:16 INFO : train_loss       0.53720
2024/02/26 17:13:16 INFO : train_acc       84.67909
2024/02/26 17:13:16 INFO : test_loss       1.57520
2024/02/26 17:13:16 INFO : test_acc       30.00000
2024/02/26 17:13:16 INFO : 
2024/02/26 17:13:22 INFO : Epoch 281
2024/02/26 17:13:22 INFO : train_loss       0.45513
2024/02/26 17:13:22 INFO : train_acc       85.35197
2024/02/26 17:13:22 INFO : test_loss       1.56672
2024/02/26 17:13:22 INFO : test_acc       30.00000
2024/02/26 17:13:22 INFO : 
2024/02/26 17:13:29 INFO : Epoch 282
2024/02/26 17:13:29 INFO : train_loss       0.49421
2024/02/26 17:13:29 INFO : train_acc       84.36853
2024/02/26 17:13:29 INFO : test_loss       1.55048
2024/02/26 17:13:29 INFO : test_acc       26.66667
2024/02/26 17:13:29 INFO : 
2024/02/26 17:13:35 INFO : Epoch 283
2024/02/26 17:13:35 INFO : train_loss       0.48183
2024/02/26 17:13:35 INFO : train_acc       91.20083
2024/02/26 17:13:35 INFO : test_loss       1.54089
2024/02/26 17:13:35 INFO : test_acc       26.66667
2024/02/26 17:13:35 INFO : 
2024/02/26 17:13:42 INFO : Epoch 284
2024/02/26 17:13:42 INFO : train_loss       0.43609
2024/02/26 17:13:42 INFO : train_acc       93.37474
2024/02/26 17:13:42 INFO : test_loss       1.52910
2024/02/26 17:13:42 INFO : test_acc       26.66667
2024/02/26 17:13:42 INFO : 
2024/02/26 17:13:48 INFO : Epoch 285
2024/02/26 17:13:48 INFO : train_loss       0.45521
2024/02/26 17:13:48 INFO : train_acc       88.04348
2024/02/26 17:13:48 INFO : test_loss       1.51409
2024/02/26 17:13:48 INFO : test_acc       23.33333
2024/02/26 17:13:48 INFO : 
2024/02/26 17:13:55 INFO : Epoch 286
2024/02/26 17:13:55 INFO : train_loss       0.50066
2024/02/26 17:13:55 INFO : train_acc       84.67909
2024/02/26 17:13:55 INFO : test_loss       1.51404
2024/02/26 17:13:55 INFO : test_acc       26.66667
2024/02/26 17:13:55 INFO : 
2024/02/26 17:14:01 INFO : Epoch 287
2024/02/26 17:14:01 INFO : train_loss       0.48802
2024/02/26 17:14:01 INFO : train_acc       80.90062
2024/02/26 17:14:01 INFO : test_loss       1.51638
2024/02/26 17:14:01 INFO : test_acc       30.00000
2024/02/26 17:14:01 INFO : 
2024/02/26 17:14:08 INFO : Epoch 288
2024/02/26 17:14:08 INFO : train_loss       0.50257
2024/02/26 17:14:08 INFO : train_acc       86.85300
2024/02/26 17:14:08 INFO : test_loss       1.51262
2024/02/26 17:14:08 INFO : test_acc       30.00000
2024/02/26 17:14:08 INFO : 
2024/02/26 17:14:14 INFO : Epoch 289
2024/02/26 17:14:14 INFO : train_loss       0.50298
2024/02/26 17:14:14 INFO : train_acc       85.24845
2024/02/26 17:14:14 INFO : test_loss       1.50313
2024/02/26 17:14:14 INFO : test_acc       30.00000
2024/02/26 17:14:14 INFO : 
2024/02/26 17:14:21 INFO : Epoch 290
2024/02/26 17:14:21 INFO : train_loss       0.47992
2024/02/26 17:14:21 INFO : train_acc       87.93996
2024/02/26 17:14:21 INFO : test_loss       1.50624
2024/02/26 17:14:21 INFO : test_acc       33.33333
2024/02/26 17:14:21 INFO : 
2024/02/26 17:14:27 INFO : Epoch 291
2024/02/26 17:14:27 INFO : train_loss       0.44799
2024/02/26 17:14:27 INFO : train_acc       88.92340
2024/02/26 17:14:27 INFO : test_loss       1.51363
2024/02/26 17:14:27 INFO : test_acc       36.66667
2024/02/26 17:14:27 INFO : 
2024/02/26 17:14:34 INFO : Epoch 292
2024/02/26 17:14:34 INFO : train_loss       0.43509
2024/02/26 17:14:34 INFO : train_acc       88.71636
2024/02/26 17:14:34 INFO : test_loss       1.52964
2024/02/26 17:14:34 INFO : test_acc       26.66667
2024/02/26 17:14:34 INFO : 
2024/02/26 17:14:40 INFO : Epoch 293
2024/02/26 17:14:40 INFO : train_loss       0.54877
2024/02/26 17:14:40 INFO : train_acc       80.02070
2024/02/26 17:14:40 INFO : test_loss       1.53171
2024/02/26 17:14:40 INFO : test_acc       26.66667
2024/02/26 17:14:40 INFO : 
2024/02/26 17:14:47 INFO : Epoch 294
2024/02/26 17:14:47 INFO : train_loss       0.49730
2024/02/26 17:14:47 INFO : train_acc       84.36853
2024/02/26 17:14:47 INFO : test_loss       1.52989
2024/02/26 17:14:47 INFO : test_acc       20.00000
2024/02/26 17:14:47 INFO : 
2024/02/26 17:14:53 INFO : Epoch 295
2024/02/26 17:14:53 INFO : train_loss       0.51928
2024/02/26 17:14:53 INFO : train_acc       84.47205
2024/02/26 17:14:53 INFO : test_loss       1.54221
2024/02/26 17:14:53 INFO : test_acc       23.33333
2024/02/26 17:14:53 INFO : 
2024/02/26 17:15:00 INFO : Epoch 296
2024/02/26 17:15:00 INFO : train_loss       0.44775
2024/02/26 17:15:00 INFO : train_acc       90.11387
2024/02/26 17:15:00 INFO : test_loss       1.55468
2024/02/26 17:15:00 INFO : test_acc       26.66667
2024/02/26 17:15:00 INFO : 
2024/02/26 17:15:06 INFO : Epoch 297
2024/02/26 17:15:06 INFO : train_loss       0.46260
2024/02/26 17:15:06 INFO : train_acc       85.86957
2024/02/26 17:15:06 INFO : test_loss       1.56347
2024/02/26 17:15:06 INFO : test_acc       26.66667
2024/02/26 17:15:06 INFO : 
2024/02/26 17:15:12 INFO : Epoch 298
2024/02/26 17:15:12 INFO : train_loss       0.48445
2024/02/26 17:15:12 INFO : train_acc       84.47205
2024/02/26 17:15:12 INFO : test_loss       1.56826
2024/02/26 17:15:12 INFO : test_acc       23.33333
2024/02/26 17:15:12 INFO : 
2024/02/26 17:15:19 INFO : Epoch 299
2024/02/26 17:15:19 INFO : train_loss       0.47601
2024/02/26 17:15:19 INFO : train_acc       84.67909
2024/02/26 17:15:19 INFO : test_loss       1.56071
2024/02/26 17:15:19 INFO : test_acc       23.33333
2024/02/26 17:15:19 INFO : 
2024/02/26 17:15:19 INFO : Best test acc 36.66667 
2024/02/26 17:15:19 INFO : mean acc of last 10 epochs 26.66667 
2024/02/26 17:15:19 INFO : std of last 10 epochs 4.71405 
2024/02/26 17:15:19 INFO : * * * * * * * * * * * * * * * * * * * * 
2024/02/26 17:15:21 INFO : ****************  LMDA for 11! ***************************
2024/02/26 17:15:21 INFO : {'num_classes': 4, 'chans': 24, 'channel_depth1': 26, 'channel_depth2': 9, 'kernel': 75, 'depth': 9, 'pool_depth': 1, 'avepool': 50, 'avgpool_step1': 1}
2024/02/26 17:15:21 INFO : ****** Run until first stop... ********
2024/02/26 17:15:21 INFO : Train size: 4
2024/02/26 17:15:21 INFO : Test size: 2
2024/02/26 17:15:27 INFO : New best test acc 23.333333
2024/02/26 17:15:27 INFO : Epoch 0
2024/02/26 17:15:27 INFO : train_loss       1.49640
2024/02/26 17:15:27 INFO : train_acc       26.39752
2024/02/26 17:15:27 INFO : test_loss       1.38593
2024/02/26 17:15:27 INFO : test_acc       23.33333
2024/02/26 17:15:27 INFO : 
2024/02/26 17:15:34 INFO : New best test acc 33.333333
2024/02/26 17:17:53 INFO : Epoch 20
2024/02/26 17:17:53 INFO : train_loss       1.19266
2024/02/26 17:17:53 INFO : train_acc       51.81159
2024/02/26 17:17:53 INFO : test_loss       1.40838
2024/02/26 17:17:53 INFO : test_acc       20.00000
2024/02/26 17:17:53 INFO : 
2024/02/26 17:20:11 INFO : Epoch 40
2024/02/26 17:20:11 INFO : train_loss       1.03900
2024/02/26 17:20:11 INFO : train_acc       57.86749
2024/02/26 17:20:11 INFO : test_loss       1.44288
2024/02/26 17:20:11 INFO : test_acc       16.66667
2024/02/26 17:20:11 INFO : 
2024/02/26 17:22:32 INFO : Epoch 60
2024/02/26 17:22:32 INFO : train_loss       0.98386
2024/02/26 17:22:32 INFO : train_acc       69.15114
2024/02/26 17:22:32 INFO : test_loss       1.52006
2024/02/26 17:22:32 INFO : test_acc       26.66667
2024/02/26 17:22:32 INFO : 
