2023/10/12 06:32:50 INFO : ****************  LMDA for 1! ***************************
2023/10/12 06:32:51 INFO : {'num_classes': 4, 'chans': 128, 'channel_depth1': 130, 'channel_depth2': 9, 'kernel': 75, 'depth': 9, 'pool_depth': 1, 'avepool': 25, 'avgpool_step1': 1}
2023/10/12 06:32:51 INFO : =================================================================
Layer (type:depth-idx)                   Param #
=================================================================
\u251c\u2500Sequential: 1-1                        --
|    \u2514\u2500Conv2d: 2-1                       1,170
|    \u2514\u2500BatchNorm2d: 2-2                  260
|    \u2514\u2500Conv2d: 2-3                       9,750
|    \u2514\u2500BatchNorm2d: 2-4                  260
|    \u2514\u2500GELU: 2-5                         --
\u251c\u2500Sequential: 1-2                        --
|    \u2514\u2500Conv2d: 2-6                       1,170
|    \u2514\u2500BatchNorm2d: 2-7                  18
|    \u2514\u2500Conv2d: 2-8                       1,152
|    \u2514\u2500BatchNorm2d: 2-9                  18
|    \u2514\u2500GELU: 2-10                        --
\u251c\u2500Sequential: 1-3                        --
|    \u2514\u2500AvgPool3d: 2-11                   --
|    \u2514\u2500Dropout: 2-12                     --
\u251c\u2500EEGDepthAttention: 1-4                 --
|    \u2514\u2500AdaptiveAvgPool2d: 2-13           --
|    \u2514\u2500Conv2d: 2-14                      8
|    \u2514\u2500Softmax: 2-15                     --
\u251c\u2500Linear: 1-5                            616
=================================================================
Total params: 14,422
Trainable params: 14,422
Non-trainable params: 0
=================================================================
2023/10/12 06:32:51 INFO : ****** Run until first stop... ********
2023/10/12 06:32:51 INFO : Train size: 7
2023/10/12 06:32:51 INFO : Test size: 3
2023/10/12 06:33:32 INFO : New best test acc 26.000000
2023/10/12 06:33:32 INFO : Epoch 0
2023/10/12 06:33:32 INFO : train_loss       1.50983
2023/10/12 06:33:32 INFO : train_acc       24.22360
2023/10/12 06:33:32 INFO : test_loss       1.38416
2023/10/12 06:33:32 INFO : test_acc       26.00000
2023/10/12 06:33:32 INFO : 
2023/10/12 06:34:11 INFO : New best test acc 28.000000
2023/10/12 06:42:54 INFO : New best test acc 30.000000
2023/10/12 06:45:59 INFO : Epoch 20
2023/10/12 06:45:59 INFO : train_loss       0.63410
2023/10/12 06:45:59 INFO : train_acc       88.81988
2023/10/12 06:45:59 INFO : test_loss       1.48156
2023/10/12 06:45:59 INFO : test_acc       28.00000
2023/10/12 06:45:59 INFO : 
2023/10/12 06:58:23 INFO : Epoch 40
2023/10/12 06:58:23 INFO : train_loss       0.32436
2023/10/12 06:58:23 INFO : train_acc       95.65217
2023/10/12 06:58:23 INFO : test_loss       1.62278
2023/10/12 06:58:23 INFO : test_acc       28.00000
2023/10/12 06:58:23 INFO : 
2023/10/12 07:10:46 INFO : Epoch 60
2023/10/12 07:10:46 INFO : train_loss       0.19254
2023/10/12 07:10:46 INFO : train_acc       99.37888
2023/10/12 07:10:46 INFO : test_loss       1.82995
2023/10/12 07:10:46 INFO : test_acc       22.00000
2023/10/12 07:10:46 INFO : 
2023/10/12 07:23:08 INFO : Epoch 80
2023/10/12 07:23:08 INFO : train_loss       0.14888
2023/10/12 07:23:08 INFO : train_acc       99.37888
2023/10/12 07:23:08 INFO : test_loss       1.83927
2023/10/12 07:23:08 INFO : test_acc       26.00000
2023/10/12 07:23:08 INFO : 
2023/10/12 07:26:51 INFO : New best test acc 32.000000
2023/10/12 07:35:34 INFO : Epoch 100
2023/10/12 07:35:34 INFO : train_loss       0.13153
2023/10/12 07:35:34 INFO : train_acc       99.37888
2023/10/12 07:35:34 INFO : test_loss       1.89988
2023/10/12 07:35:34 INFO : test_acc       26.00000
2023/10/12 07:35:34 INFO : 
2023/10/12 07:46:06 INFO : New best test acc 34.000000
2023/10/12 07:47:58 INFO : Epoch 120
2023/10/12 07:47:58 INFO : train_loss       0.10759
2023/10/12 07:47:58 INFO : train_acc       99.37888
2023/10/12 07:47:58 INFO : test_loss       1.81675
2023/10/12 07:47:58 INFO : test_acc       30.00000
2023/10/12 07:47:58 INFO : 
2023/10/12 08:00:20 INFO : Epoch 140
2023/10/12 08:00:20 INFO : train_loss       0.11104
2023/10/12 08:00:20 INFO : train_acc       99.37888
2023/10/12 08:00:20 INFO : test_loss       1.99374
2023/10/12 08:00:20 INFO : test_acc       22.00000
2023/10/12 08:00:20 INFO : 
2023/10/12 08:12:47 INFO : Epoch 160
2023/10/12 08:12:47 INFO : train_loss       0.07536
2023/10/12 08:12:47 INFO : train_acc       99.37888
2023/10/12 08:12:47 INFO : test_loss       2.18071
2023/10/12 08:12:47 INFO : test_acc       18.00000
2023/10/12 08:12:47 INFO : 
2023/10/12 08:25:10 INFO : Epoch 180
2023/10/12 08:25:10 INFO : train_loss       0.07614
2023/10/12 08:25:10 INFO : train_acc       99.37888
2023/10/12 08:25:10 INFO : test_loss       2.01263
2023/10/12 08:25:10 INFO : test_acc       22.00000
2023/10/12 08:25:10 INFO : 
2023/10/12 08:37:48 INFO : Epoch 200
2023/10/12 08:37:48 INFO : train_loss       0.06338
2023/10/12 08:37:48 INFO : train_acc       99.37888
2023/10/12 08:37:48 INFO : test_loss       2.15896
2023/10/12 08:37:48 INFO : test_acc       24.00000
2023/10/12 08:37:48 INFO : 
