2023/10/17 19:48:49 INFO : ****************  LMDA for 5! ***************************
2023/10/17 19:48:51 INFO : {'num_classes': 4, 'chans': 128, 'channel_depth1': 130, 'channel_depth2': 9, 'kernel': 75, 'depth': 9, 'pool_depth': 1, 'avepool': 25, 'avgpool_step1': 1}
2023/10/17 19:48:51 INFO : =================================================================
Layer (type:depth-idx)                   Param #
=================================================================
\u251c\u2500Sequential: 1-1                        --
|    \u2514\u2500Conv2d: 2-1                       1,170
|    \u2514\u2500BatchNorm2d: 2-2                  260
|    \u2514\u2500Conv2d: 2-3                       9,750
|    \u2514\u2500BatchNorm2d: 2-4                  260
|    \u2514\u2500GELU: 2-5                         --
\u251c\u2500Sequential: 1-2                        --
|    \u2514\u2500Conv2d: 2-6                       1,170
|    \u2514\u2500BatchNorm2d: 2-7                  18
|    \u2514\u2500Conv2d: 2-8                       1,152
|    \u2514\u2500BatchNorm2d: 2-9                  18
|    \u2514\u2500GELU: 2-10                        --
\u251c\u2500Sequential: 1-3                        --
|    \u2514\u2500AvgPool3d: 2-11                   --
|    \u2514\u2500Dropout: 2-12                     --
\u251c\u2500EEGDepthAttention: 1-4                 --
|    \u2514\u2500AdaptiveAvgPool2d: 2-13           --
|    \u2514\u2500Conv2d: 2-14                      8
|    \u2514\u2500Softmax: 2-15                     --
\u251c\u2500Linear: 1-5                            616
=================================================================
Total params: 14,422
Trainable params: 14,422
Non-trainable params: 0
=================================================================
2023/10/17 19:48:51 INFO : ****** Run until first stop... ********
2023/10/17 19:48:51 INFO : Train size: 8
2023/10/17 19:48:51 INFO : Test size: 3
2023/10/17 19:49:40 INFO : New best test acc 23.333333
2023/10/17 19:49:40 INFO : Epoch 0
2023/10/17 19:49:40 INFO : train_loss       1.49224
2023/10/17 19:49:40 INFO : train_acc       24.05606
2023/10/17 19:49:40 INFO : test_loss       1.39049
2023/10/17 19:49:40 INFO : test_acc       23.33333
2023/10/17 19:49:40 INFO : 
2023/10/17 20:05:14 INFO : Epoch 20
2023/10/17 20:05:14 INFO : train_loss       0.73765
2023/10/17 20:05:14 INFO : train_acc       81.17849
2023/10/17 20:05:14 INFO : test_loss       1.50250
2023/10/17 20:05:14 INFO : test_acc       23.33333
2023/10/17 20:05:14 INFO : 
2023/10/17 20:15:22 INFO : New best test acc 26.666667
2023/10/17 20:20:03 INFO : New best test acc 28.333333
2023/10/17 20:20:49 INFO : Epoch 40
2023/10/17 20:20:49 INFO : train_loss       0.43943
2023/10/17 20:20:49 INFO : train_acc       92.93478
2023/10/17 20:20:49 INFO : test_loss       1.60173
2023/10/17 20:20:49 INFO : test_acc       28.33333
2023/10/17 20:20:49 INFO : 
2023/10/17 20:34:04 INFO : New best test acc 31.666667
2023/10/17 20:35:37 INFO : New best test acc 33.333333
2023/10/17 20:36:24 INFO : Epoch 60
2023/10/17 20:36:24 INFO : train_loss       0.28123
2023/10/17 20:36:24 INFO : train_acc       98.36957
2023/10/17 20:36:24 INFO : test_loss       1.62303
2023/10/17 20:36:24 INFO : test_acc       33.33333
2023/10/17 20:36:24 INFO : 
2023/10/17 20:37:10 INFO : New best test acc 35.000000
2023/10/17 20:44:12 INFO : New best test acc 36.666667
2023/10/17 20:51:13 INFO : New best test acc 38.333333
2023/10/17 20:52:00 INFO : Epoch 80
2023/10/17 20:52:00 INFO : train_loss       0.18096
2023/10/17 20:52:00 INFO : train_acc       98.79863
2023/10/17 20:52:00 INFO : test_loss       1.66193
2023/10/17 20:52:00 INFO : test_acc       36.66667
2023/10/17 20:52:00 INFO : 
2023/10/17 21:07:35 INFO : Epoch 100
2023/10/17 21:07:35 INFO : train_loss       0.16752
2023/10/17 21:07:35 INFO : train_acc       99.45652
2023/10/17 21:07:35 INFO : test_loss       1.80460
2023/10/17 21:07:35 INFO : test_acc       38.33333
2023/10/17 21:07:35 INFO : 
2023/10/17 21:16:10 INFO : New best test acc 40.000000
2023/10/17 21:23:11 INFO : Epoch 120
2023/10/17 21:23:11 INFO : train_loss       0.15505
2023/10/17 21:23:11 INFO : train_acc       99.45652
2023/10/17 21:23:11 INFO : test_loss       1.90169
2023/10/17 21:23:11 INFO : test_acc       30.00000
2023/10/17 21:23:11 INFO : 
2023/10/17 21:38:46 INFO : Epoch 140
2023/10/17 21:38:46 INFO : train_loss       0.11090
2023/10/17 21:38:46 INFO : train_acc       99.45652
2023/10/17 21:38:46 INFO : test_loss       1.80886
2023/10/17 21:38:46 INFO : test_acc       36.66667
2023/10/17 21:38:46 INFO : 
2023/10/17 21:54:21 INFO : Epoch 160
2023/10/17 21:54:21 INFO : train_loss       0.09173
2023/10/17 21:54:21 INFO : train_acc       99.45652
2023/10/17 21:54:21 INFO : test_loss       1.92509
2023/10/17 21:54:21 INFO : test_acc       28.33333
2023/10/17 21:54:21 INFO : 
2023/10/17 22:09:56 INFO : Epoch 180
2023/10/17 22:09:56 INFO : train_loss       0.11206
2023/10/17 22:09:56 INFO : train_acc       97.82609
2023/10/17 22:09:56 INFO : test_loss       1.97533
2023/10/17 22:09:56 INFO : test_acc       23.33333
2023/10/17 22:09:56 INFO : 
2023/10/17 22:25:31 INFO : Epoch 200
2023/10/17 22:25:31 INFO : train_loss       0.07797
2023/10/17 22:25:31 INFO : train_acc       99.45652
2023/10/17 22:25:31 INFO : test_loss       2.11985
2023/10/17 22:25:31 INFO : test_acc       26.66667
2023/10/17 22:25:31 INFO : 
2023/10/17 22:41:06 INFO : Epoch 220
2023/10/17 22:41:06 INFO : train_loss       0.09406
2023/10/17 22:41:06 INFO : train_acc       98.25515
2023/10/17 22:41:06 INFO : test_loss       2.01848
2023/10/17 22:41:06 INFO : test_acc       30.00000
2023/10/17 22:41:06 INFO : 
2023/10/17 22:56:41 INFO : Epoch 240
2023/10/17 22:56:41 INFO : train_loss       0.06226
2023/10/17 22:56:41 INFO : train_acc       100.00000
2023/10/17 22:56:41 INFO : test_loss       2.01116
2023/10/17 22:56:41 INFO : test_acc       40.00000
2023/10/17 22:56:41 INFO : 
2023/10/17 23:05:16 INFO : Epoch 251
2023/10/17 23:05:16 INFO : train_loss       0.07239
2023/10/17 23:05:16 INFO : train_acc       98.91304
2023/10/17 23:05:16 INFO : test_loss       2.12728
2023/10/17 23:05:16 INFO : test_acc       36.66667
2023/10/17 23:05:16 INFO : 
2023/10/17 23:06:03 INFO : Epoch 252
2023/10/17 23:06:03 INFO : train_loss       0.07147
2023/10/17 23:06:03 INFO : train_acc       99.45652
2023/10/17 23:06:03 INFO : test_loss       2.06703
2023/10/17 23:06:03 INFO : test_acc       33.33333
2023/10/17 23:06:03 INFO : 
2023/10/17 23:06:50 INFO : Epoch 253
2023/10/17 23:06:50 INFO : train_loss       0.06457
2023/10/17 23:06:50 INFO : train_acc       99.45652
2023/10/17 23:06:50 INFO : test_loss       2.00430
2023/10/17 23:06:50 INFO : test_acc       35.00000
2023/10/17 23:06:50 INFO : 
2023/10/17 23:07:37 INFO : Epoch 254
2023/10/17 23:07:37 INFO : train_loss       0.06136
2023/10/17 23:07:37 INFO : train_acc       100.00000
2023/10/17 23:07:37 INFO : test_loss       1.92602
2023/10/17 23:07:37 INFO : test_acc       38.33333
2023/10/17 23:07:37 INFO : 
2023/10/17 23:08:24 INFO : Epoch 255
2023/10/17 23:08:24 INFO : train_loss       0.06663
2023/10/17 23:08:24 INFO : train_acc       100.00000
2023/10/17 23:08:24 INFO : test_loss       1.95960
2023/10/17 23:08:24 INFO : test_acc       40.00000
2023/10/17 23:08:24 INFO : 
2023/10/17 23:09:10 INFO : New best test acc 41.666667
2023/10/17 23:09:10 INFO : Epoch 256
2023/10/17 23:09:10 INFO : train_loss       0.06885
2023/10/17 23:09:10 INFO : train_acc       99.45652
2023/10/17 23:09:10 INFO : test_loss       2.06794
2023/10/17 23:09:10 INFO : test_acc       41.66667
2023/10/17 23:09:10 INFO : 
2023/10/17 23:09:57 INFO : Epoch 257
2023/10/17 23:09:57 INFO : train_loss       0.05760
2023/10/17 23:09:57 INFO : train_acc       99.45652
2023/10/17 23:09:57 INFO : test_loss       2.15136
2023/10/17 23:09:57 INFO : test_acc       40.00000
2023/10/17 23:09:57 INFO : 
2023/10/17 23:10:44 INFO : Epoch 258
2023/10/17 23:10:44 INFO : train_loss       0.07263
2023/10/17 23:10:44 INFO : train_acc       98.91304
2023/10/17 23:10:44 INFO : test_loss       2.15233
2023/10/17 23:10:44 INFO : test_acc       36.66667
2023/10/17 23:10:44 INFO : 
2023/10/17 23:11:31 INFO : Epoch 259
2023/10/17 23:11:31 INFO : train_loss       0.05685
2023/10/17 23:11:31 INFO : train_acc       100.00000
2023/10/17 23:11:31 INFO : test_loss       2.07661
2023/10/17 23:11:31 INFO : test_acc       36.66667
2023/10/17 23:11:31 INFO : 
2023/10/17 23:12:18 INFO : Epoch 260
2023/10/17 23:12:18 INFO : train_loss       0.07302
2023/10/17 23:12:18 INFO : train_acc       98.14073
2023/10/17 23:12:18 INFO : test_loss       2.08955
2023/10/17 23:12:18 INFO : test_acc       40.00000
2023/10/17 23:12:18 INFO : 
2023/10/17 23:13:05 INFO : Epoch 261
2023/10/17 23:13:05 INFO : train_loss       0.06240
2023/10/17 23:13:05 INFO : train_acc       100.00000
2023/10/17 23:13:05 INFO : test_loss       2.13765
2023/10/17 23:13:05 INFO : test_acc       36.66667
2023/10/17 23:13:05 INFO : 
2023/10/17 23:13:51 INFO : Epoch 262
2023/10/17 23:13:51 INFO : train_loss       0.05410
2023/10/17 23:13:51 INFO : train_acc       100.00000
2023/10/17 23:13:51 INFO : test_loss       2.19101
2023/10/17 23:13:51 INFO : test_acc       33.33333
2023/10/17 23:13:51 INFO : 
2023/10/17 23:14:38 INFO : Epoch 263
2023/10/17 23:14:38 INFO : train_loss       0.05157
2023/10/17 23:14:38 INFO : train_acc       99.45652
2023/10/17 23:14:38 INFO : test_loss       2.20830
2023/10/17 23:14:38 INFO : test_acc       26.66667
2023/10/17 23:14:38 INFO : 
2023/10/17 23:15:25 INFO : Epoch 264
2023/10/17 23:15:25 INFO : train_loss       0.04574
2023/10/17 23:15:25 INFO : train_acc       100.00000
2023/10/17 23:15:25 INFO : test_loss       2.17453
2023/10/17 23:15:25 INFO : test_acc       33.33333
2023/10/17 23:15:25 INFO : 
2023/10/17 23:16:12 INFO : Epoch 265
2023/10/17 23:16:12 INFO : train_loss       0.04823
2023/10/17 23:16:12 INFO : train_acc       100.00000
2023/10/17 23:16:12 INFO : test_loss       2.17674
2023/10/17 23:16:12 INFO : test_acc       33.33333
2023/10/17 23:16:12 INFO : 
2023/10/17 23:16:58 INFO : Epoch 266
2023/10/17 23:16:58 INFO : train_loss       0.06358
2023/10/17 23:16:58 INFO : train_acc       100.00000
2023/10/17 23:16:58 INFO : test_loss       2.19234
2023/10/17 23:16:58 INFO : test_acc       28.33333
2023/10/17 23:16:58 INFO : 
2023/10/17 23:17:45 INFO : Epoch 267
2023/10/17 23:17:45 INFO : train_loss       0.05197
2023/10/17 23:17:45 INFO : train_acc       99.45652
2023/10/17 23:17:45 INFO : test_loss       2.17696
2023/10/17 23:17:45 INFO : test_acc       30.00000
2023/10/17 23:17:45 INFO : 
2023/10/17 23:18:32 INFO : Epoch 268
2023/10/17 23:18:32 INFO : train_loss       0.05899
2023/10/17 23:18:32 INFO : train_acc       100.00000
2023/10/17 23:18:32 INFO : test_loss       2.21205
2023/10/17 23:18:32 INFO : test_acc       35.00000
2023/10/17 23:18:32 INFO : 
2023/10/17 23:19:19 INFO : Epoch 269
2023/10/17 23:19:19 INFO : train_loss       0.07330
2023/10/17 23:19:19 INFO : train_acc       99.45652
2023/10/17 23:19:19 INFO : test_loss       2.20245
2023/10/17 23:19:19 INFO : test_acc       33.33333
2023/10/17 23:19:19 INFO : 
2023/10/17 23:20:06 INFO : Epoch 270
2023/10/17 23:20:06 INFO : train_loss       0.05868
2023/10/17 23:20:06 INFO : train_acc       100.00000
2023/10/17 23:20:06 INFO : test_loss       2.16391
2023/10/17 23:20:06 INFO : test_acc       31.66667
2023/10/17 23:20:06 INFO : 
2023/10/17 23:20:52 INFO : Epoch 271
2023/10/17 23:20:52 INFO : train_loss       0.04715
2023/10/17 23:20:52 INFO : train_acc       100.00000
2023/10/17 23:20:52 INFO : test_loss       2.14185
2023/10/17 23:20:52 INFO : test_acc       31.66667
2023/10/17 23:20:52 INFO : 
2023/10/17 23:21:39 INFO : Epoch 272
2023/10/17 23:21:39 INFO : train_loss       0.07009
2023/10/17 23:21:39 INFO : train_acc       99.45652
2023/10/17 23:21:39 INFO : test_loss       2.17639
2023/10/17 23:21:39 INFO : test_acc       33.33333
2023/10/17 23:21:39 INFO : 
2023/10/17 23:22:26 INFO : Epoch 273
2023/10/17 23:22:26 INFO : train_loss       0.06164
2023/10/17 23:22:26 INFO : train_acc       99.45652
2023/10/17 23:22:26 INFO : test_loss       2.21798
2023/10/17 23:22:26 INFO : test_acc       33.33333
2023/10/17 23:22:26 INFO : 
2023/10/17 23:23:13 INFO : Epoch 274
2023/10/17 23:23:13 INFO : train_loss       0.06401
2023/10/17 23:23:13 INFO : train_acc       98.91304
2023/10/17 23:23:13 INFO : test_loss       2.24193
2023/10/17 23:23:13 INFO : test_acc       28.33333
2023/10/17 23:23:13 INFO : 
2023/10/17 23:24:00 INFO : Epoch 275
2023/10/17 23:24:00 INFO : train_loss       0.05432
2023/10/17 23:24:00 INFO : train_acc       100.00000
2023/10/17 23:24:00 INFO : test_loss       2.23355
2023/10/17 23:24:00 INFO : test_acc       31.66667
2023/10/17 23:24:00 INFO : 
2023/10/17 23:24:46 INFO : Epoch 276
2023/10/17 23:24:46 INFO : train_loss       0.04608
2023/10/17 23:24:46 INFO : train_acc       99.45652
2023/10/17 23:24:46 INFO : test_loss       2.13752
2023/10/17 23:24:46 INFO : test_acc       33.33333
2023/10/17 23:24:46 INFO : 
2023/10/17 23:25:33 INFO : Epoch 277
2023/10/17 23:25:33 INFO : train_loss       0.06203
2023/10/17 23:25:33 INFO : train_acc       100.00000
2023/10/17 23:25:33 INFO : test_loss       2.11499
2023/10/17 23:25:33 INFO : test_acc       33.33333
2023/10/17 23:25:33 INFO : 
2023/10/17 23:26:20 INFO : Epoch 278
2023/10/17 23:26:20 INFO : train_loss       0.05446
2023/10/17 23:26:20 INFO : train_acc       99.34211
2023/10/17 23:26:20 INFO : test_loss       2.12855
2023/10/17 23:26:20 INFO : test_acc       36.66667
2023/10/17 23:26:20 INFO : 
2023/10/17 23:27:07 INFO : Epoch 279
2023/10/17 23:27:07 INFO : train_loss       0.05462
2023/10/17 23:27:07 INFO : train_acc       99.45652
2023/10/17 23:27:07 INFO : test_loss       2.25164
2023/10/17 23:27:07 INFO : test_acc       36.66667
2023/10/17 23:27:07 INFO : 
2023/10/17 23:27:54 INFO : Epoch 280
2023/10/17 23:27:54 INFO : train_loss       0.06646
2023/10/17 23:27:54 INFO : train_acc       98.91304
2023/10/17 23:27:54 INFO : test_loss       2.27938
2023/10/17 23:27:54 INFO : test_acc       30.00000
2023/10/17 23:27:54 INFO : 
2023/10/17 23:28:41 INFO : Epoch 281
2023/10/17 23:28:41 INFO : train_loss       0.06125
2023/10/17 23:28:41 INFO : train_acc       100.00000
2023/10/17 23:28:41 INFO : test_loss       2.17649
2023/10/17 23:28:41 INFO : test_acc       36.66667
2023/10/17 23:28:41 INFO : 
2023/10/17 23:29:27 INFO : Epoch 282
2023/10/17 23:29:27 INFO : train_loss       0.06687
2023/10/17 23:29:27 INFO : train_acc       99.45652
2023/10/17 23:29:27 INFO : test_loss       2.09082
2023/10/17 23:29:27 INFO : test_acc       38.33333
2023/10/17 23:29:27 INFO : 
2023/10/17 23:30:14 INFO : Epoch 283
2023/10/17 23:30:14 INFO : train_loss       0.06082
2023/10/17 23:30:14 INFO : train_acc       99.45652
2023/10/17 23:30:14 INFO : test_loss       2.08529
2023/10/17 23:30:14 INFO : test_acc       38.33333
2023/10/17 23:30:14 INFO : 
2023/10/17 23:31:01 INFO : Epoch 284
2023/10/17 23:31:01 INFO : train_loss       0.08455
2023/10/17 23:31:01 INFO : train_acc       98.91304
2023/10/17 23:31:01 INFO : test_loss       2.10948
2023/10/17 23:31:01 INFO : test_acc       36.66667
2023/10/17 23:31:01 INFO : 
2023/10/17 23:31:48 INFO : Epoch 285
2023/10/17 23:31:48 INFO : train_loss       0.06948
2023/10/17 23:31:48 INFO : train_acc       98.91304
2023/10/17 23:31:48 INFO : test_loss       2.09108
2023/10/17 23:31:48 INFO : test_acc       35.00000
2023/10/17 23:31:48 INFO : 
2023/10/17 23:32:35 INFO : Epoch 286
2023/10/17 23:32:35 INFO : train_loss       0.04609
2023/10/17 23:32:35 INFO : train_acc       100.00000
2023/10/17 23:32:35 INFO : test_loss       2.06885
2023/10/17 23:32:35 INFO : test_acc       35.00000
2023/10/17 23:32:35 INFO : 
2023/10/17 23:33:22 INFO : Epoch 287
2023/10/17 23:33:22 INFO : train_loss       0.05192
2023/10/17 23:33:22 INFO : train_acc       100.00000
2023/10/17 23:33:22 INFO : test_loss       2.06448
2023/10/17 23:33:22 INFO : test_acc       35.00000
2023/10/17 23:33:22 INFO : 
2023/10/17 23:34:08 INFO : Epoch 288
2023/10/17 23:34:08 INFO : train_loss       0.04654
2023/10/17 23:34:08 INFO : train_acc       100.00000
2023/10/17 23:34:08 INFO : test_loss       2.07455
2023/10/17 23:34:08 INFO : test_acc       31.66667
2023/10/17 23:34:08 INFO : 
2023/10/17 23:34:55 INFO : Epoch 289
2023/10/17 23:34:55 INFO : train_loss       0.05356
2023/10/17 23:34:55 INFO : train_acc       99.45652
2023/10/17 23:34:55 INFO : test_loss       2.11092
2023/10/17 23:34:55 INFO : test_acc       33.33333
2023/10/17 23:34:55 INFO : 
2023/10/17 23:35:42 INFO : Epoch 290
2023/10/17 23:35:42 INFO : train_loss       0.06810
2023/10/17 23:35:42 INFO : train_acc       98.36957
2023/10/17 23:35:42 INFO : test_loss       2.11747
2023/10/17 23:35:42 INFO : test_acc       33.33333
2023/10/17 23:35:42 INFO : 
2023/10/17 23:36:28 INFO : Epoch 291
2023/10/17 23:36:28 INFO : train_loss       0.03934
2023/10/17 23:36:28 INFO : train_acc       100.00000
2023/10/17 23:36:28 INFO : test_loss       2.13747
2023/10/17 23:36:28 INFO : test_acc       31.66667
2023/10/17 23:36:28 INFO : 
2023/10/17 23:37:15 INFO : Epoch 292
2023/10/17 23:37:15 INFO : train_loss       0.05759
2023/10/17 23:37:15 INFO : train_acc       100.00000
2023/10/17 23:37:15 INFO : test_loss       2.11131
2023/10/17 23:37:15 INFO : test_acc       35.00000
2023/10/17 23:37:15 INFO : 
2023/10/17 23:38:02 INFO : Epoch 293
2023/10/17 23:38:02 INFO : train_loss       0.03813
2023/10/17 23:38:02 INFO : train_acc       100.00000
2023/10/17 23:38:02 INFO : test_loss       2.16744
2023/10/17 23:38:02 INFO : test_acc       33.33333
2023/10/17 23:38:02 INFO : 
2023/10/17 23:38:49 INFO : Epoch 294
2023/10/17 23:38:49 INFO : train_loss       0.04648
2023/10/17 23:38:49 INFO : train_acc       100.00000
2023/10/17 23:38:49 INFO : test_loss       2.12697
2023/10/17 23:38:49 INFO : test_acc       31.66667
2023/10/17 23:38:49 INFO : 
2023/10/17 23:39:35 INFO : Epoch 295
2023/10/17 23:39:35 INFO : train_loss       0.05587
2023/10/17 23:39:35 INFO : train_acc       99.45652
2023/10/17 23:39:35 INFO : test_loss       2.14425
2023/10/17 23:39:35 INFO : test_acc       33.33333
2023/10/17 23:39:35 INFO : 
2023/10/17 23:40:22 INFO : Epoch 296
2023/10/17 23:40:22 INFO : train_loss       0.05462
2023/10/17 23:40:22 INFO : train_acc       100.00000
2023/10/17 23:40:22 INFO : test_loss       2.20386
2023/10/17 23:40:22 INFO : test_acc       33.33333
2023/10/17 23:40:22 INFO : 
2023/10/17 23:41:09 INFO : Epoch 297
2023/10/17 23:41:09 INFO : train_loss       0.05283
2023/10/17 23:41:09 INFO : train_acc       99.45652
2023/10/17 23:41:09 INFO : test_loss       2.17603
2023/10/17 23:41:09 INFO : test_acc       31.66667
2023/10/17 23:41:09 INFO : 
2023/10/17 23:41:56 INFO : Epoch 298
2023/10/17 23:41:56 INFO : train_loss       0.03798
2023/10/17 23:41:56 INFO : train_acc       100.00000
2023/10/17 23:41:56 INFO : test_loss       2.12893
2023/10/17 23:41:56 INFO : test_acc       38.33333
2023/10/17 23:41:56 INFO : 
2023/10/17 23:42:42 INFO : Epoch 299
2023/10/17 23:42:42 INFO : train_loss       0.05383
2023/10/17 23:42:42 INFO : train_acc       100.00000
2023/10/17 23:42:42 INFO : test_loss       2.20065
2023/10/17 23:42:42 INFO : test_acc       36.66667
2023/10/17 23:42:42 INFO : 
2023/10/17 23:42:43 INFO : Best test acc 41.66667 
2023/10/17 23:42:43 INFO : mean acc of last 10 epochs 33.83333 
2023/10/17 23:42:43 INFO : std of last 10 epochs 2.11476 
2023/10/17 23:42:43 INFO : * * * * * * * * * * * * * * * * * * * * 
2023/10/17 23:42:52 INFO : ****************  LMDA for 6! ***************************
2023/10/17 23:42:52 INFO : {'num_classes': 4, 'chans': 128, 'channel_depth1': 130, 'channel_depth2': 9, 'kernel': 75, 'depth': 9, 'pool_depth': 1, 'avepool': 25, 'avgpool_step1': 1}
2023/10/17 23:42:52 INFO : =================================================================
Layer (type:depth-idx)                   Param #
=================================================================
\u251c\u2500Sequential: 1-1                        --
|    \u2514\u2500Conv2d: 2-1                       1,170
|    \u2514\u2500BatchNorm2d: 2-2                  260
|    \u2514\u2500Conv2d: 2-3                       9,750
|    \u2514\u2500BatchNorm2d: 2-4                  260
|    \u2514\u2500GELU: 2-5                         --
\u251c\u2500Sequential: 1-2                        --
|    \u2514\u2500Conv2d: 2-6                       1,170
|    \u2514\u2500BatchNorm2d: 2-7                  18
|    \u2514\u2500Conv2d: 2-8                       1,152
|    \u2514\u2500BatchNorm2d: 2-9                  18
|    \u2514\u2500GELU: 2-10                        --
\u251c\u2500Sequential: 1-3                        --
|    \u2514\u2500AvgPool3d: 2-11                   --
|    \u2514\u2500Dropout: 2-12                     --
\u251c\u2500EEGDepthAttention: 1-4                 --
|    \u2514\u2500AdaptiveAvgPool2d: 2-13           --
|    \u2514\u2500Conv2d: 2-14                      8
|    \u2514\u2500Softmax: 2-15                     --
\u251c\u2500Linear: 1-5                            616
=================================================================
Total params: 14,422
Trainable params: 14,422
Non-trainable params: 0
=================================================================
2023/10/17 23:42:52 INFO : ****** Run until first stop... ********
2023/10/17 23:42:52 INFO : Train size: 8
2023/10/17 23:42:52 INFO : Test size: 3
2023/10/17 23:43:35 INFO : New best test acc 22.222222
2023/10/17 23:43:35 INFO : Epoch 0
2023/10/17 23:43:35 INFO : train_loss       1.57228
2023/10/17 23:43:35 INFO : train_acc       19.56522
2023/10/17 23:43:35 INFO : test_loss       1.38924
2023/10/17 23:43:35 INFO : test_acc       22.22222
2023/10/17 23:43:35 INFO : 
2023/10/17 23:52:45 INFO : New best test acc 24.074074
2023/10/17 23:54:09 INFO : New best test acc 27.777778
2023/10/17 23:54:52 INFO : New best test acc 31.481481
2023/10/17 23:57:40 INFO : Epoch 20
2023/10/17 23:57:40 INFO : train_loss       0.87674
2023/10/17 23:57:40 INFO : train_acc       78.80435
2023/10/17 23:57:40 INFO : test_loss       1.49003
2023/10/17 23:57:40 INFO : test_acc       24.07407
2023/10/17 23:57:40 INFO : 
2023/10/18 00:11:50 INFO : Epoch 40
2023/10/18 00:11:50 INFO : train_loss       0.57385
2023/10/18 00:11:50 INFO : train_acc       86.95652
2023/10/18 00:11:50 INFO : test_loss       1.58992
2023/10/18 00:11:50 INFO : test_acc       22.22222
2023/10/18 00:11:50 INFO : 
2023/10/18 00:19:33 INFO : New best test acc 33.333333
2023/10/18 00:22:23 INFO : New best test acc 35.185185
2023/10/18 00:24:29 INFO : New best test acc 37.037037
2023/10/18 00:25:53 INFO : Epoch 60
2023/10/18 00:25:53 INFO : train_loss       0.37884
2023/10/18 00:25:53 INFO : train_acc       94.56522
2023/10/18 00:25:53 INFO : test_loss       1.66777
2023/10/18 00:25:53 INFO : test_acc       33.33333
2023/10/18 00:25:53 INFO : 
2023/10/18 00:39:55 INFO : Epoch 80
2023/10/18 00:39:55 INFO : train_loss       0.40530
2023/10/18 00:39:55 INFO : train_acc       94.02174
2023/10/18 00:39:55 INFO : test_loss       1.80158
2023/10/18 00:39:55 INFO : test_acc       25.92593
2023/10/18 00:39:55 INFO : 
2023/10/18 00:53:57 INFO : Epoch 100
2023/10/18 00:53:57 INFO : train_loss       0.24140
2023/10/18 00:53:57 INFO : train_acc       98.36957
2023/10/18 00:53:57 INFO : test_loss       1.90675
2023/10/18 00:53:57 INFO : test_acc       24.07407
2023/10/18 00:53:57 INFO : 
2023/10/18 01:08:00 INFO : Epoch 120
2023/10/18 01:08:00 INFO : train_loss       0.38114
2023/10/18 01:08:00 INFO : train_acc       85.86957
2023/10/18 01:08:00 INFO : test_loss       2.08515
2023/10/18 01:08:00 INFO : test_acc       22.22222
2023/10/18 01:08:00 INFO : 
2023/10/18 01:22:02 INFO : Epoch 140
2023/10/18 01:22:02 INFO : train_loss       0.23546
2023/10/18 01:22:02 INFO : train_acc       97.28261
2023/10/18 01:22:02 INFO : test_loss       2.10248
2023/10/18 01:22:02 INFO : test_acc       18.51852
2023/10/18 01:22:02 INFO : 
2023/10/18 01:36:05 INFO : Epoch 160
2023/10/18 01:36:05 INFO : train_loss       0.31756
2023/10/18 01:36:05 INFO : train_acc       85.32609
2023/10/18 01:36:05 INFO : test_loss       2.05792
2023/10/18 01:36:05 INFO : test_acc       14.81481
2023/10/18 01:36:05 INFO : 
2023/10/18 01:50:07 INFO : Epoch 180
2023/10/18 01:50:07 INFO : train_loss       0.20596
2023/10/18 01:50:07 INFO : train_acc       97.82609
2023/10/18 01:50:07 INFO : test_loss       2.15249
2023/10/18 01:50:07 INFO : test_acc       16.66667
2023/10/18 01:50:07 INFO : 
2023/10/18 02:04:10 INFO : Epoch 200
2023/10/18 02:04:10 INFO : train_loss       0.25814
2023/10/18 02:04:10 INFO : train_acc       95.10870
2023/10/18 02:04:10 INFO : test_loss       2.15975
2023/10/18 02:04:10 INFO : test_acc       25.92593
2023/10/18 02:04:10 INFO : 
2023/10/18 02:18:14 INFO : Epoch 220
2023/10/18 02:18:14 INFO : train_loss       0.18938
2023/10/18 02:18:14 INFO : train_acc       97.82609
2023/10/18 02:18:14 INFO : test_loss       2.19783
2023/10/18 02:18:14 INFO : test_acc       25.92593
2023/10/18 02:18:14 INFO : 
2023/10/18 02:32:17 INFO : Epoch 240
2023/10/18 02:32:17 INFO : train_loss       0.15487
2023/10/18 02:32:17 INFO : train_acc       98.91304
2023/10/18 02:32:17 INFO : test_loss       2.15854
2023/10/18 02:32:17 INFO : test_acc       20.37037
2023/10/18 02:32:17 INFO : 
2023/10/18 02:39:59 INFO : Epoch 251
2023/10/18 02:39:59 INFO : train_loss       0.15896
2023/10/18 02:39:59 INFO : train_acc       98.91304
2023/10/18 02:39:59 INFO : test_loss       2.14208
2023/10/18 02:39:59 INFO : test_acc       22.22222
2023/10/18 02:39:59 INFO : 
2023/10/18 02:40:41 INFO : Epoch 252
2023/10/18 02:40:41 INFO : train_loss       0.20870
2023/10/18 02:40:41 INFO : train_acc       96.73913
2023/10/18 02:40:41 INFO : test_loss       2.19506
2023/10/18 02:40:41 INFO : test_acc       22.22222
2023/10/18 02:40:41 INFO : 
2023/10/18 02:41:24 INFO : Epoch 253
2023/10/18 02:41:24 INFO : train_loss       0.20943
2023/10/18 02:41:24 INFO : train_acc       96.73913
2023/10/18 02:41:24 INFO : test_loss       2.23284
2023/10/18 02:41:24 INFO : test_acc       25.92593
2023/10/18 02:41:24 INFO : 
2023/10/18 02:42:06 INFO : Epoch 254
2023/10/18 02:42:06 INFO : train_loss       0.12676
2023/10/18 02:42:06 INFO : train_acc       98.36957
2023/10/18 02:42:06 INFO : test_loss       2.24894
2023/10/18 02:42:06 INFO : test_acc       29.62963
2023/10/18 02:42:06 INFO : 
2023/10/18 02:42:48 INFO : Epoch 255
2023/10/18 02:42:48 INFO : train_loss       0.19450
2023/10/18 02:42:48 INFO : train_acc       98.36957
2023/10/18 02:42:48 INFO : test_loss       2.22447
2023/10/18 02:42:48 INFO : test_acc       31.48148
2023/10/18 02:42:48 INFO : 
2023/10/18 02:43:30 INFO : Epoch 256
2023/10/18 02:43:30 INFO : train_loss       0.10529
2023/10/18 02:43:30 INFO : train_acc       99.45652
2023/10/18 02:43:30 INFO : test_loss       2.20319
2023/10/18 02:43:30 INFO : test_acc       27.77778
2023/10/18 02:43:30 INFO : 
2023/10/18 02:44:12 INFO : Epoch 257
2023/10/18 02:44:12 INFO : train_loss       0.16392
2023/10/18 02:44:12 INFO : train_acc       98.36957
2023/10/18 02:44:12 INFO : test_loss       2.24246
2023/10/18 02:44:12 INFO : test_acc       27.77778
2023/10/18 02:44:12 INFO : 
2023/10/18 02:44:54 INFO : Epoch 258
2023/10/18 02:44:54 INFO : train_loss       0.16054
2023/10/18 02:44:54 INFO : train_acc       98.36957
2023/10/18 02:44:54 INFO : test_loss       2.30624
2023/10/18 02:44:54 INFO : test_acc       27.77778
2023/10/18 02:44:54 INFO : 
2023/10/18 02:45:36 INFO : Epoch 259
2023/10/18 02:45:36 INFO : train_loss       0.15162
2023/10/18 02:45:36 INFO : train_acc       98.91304
2023/10/18 02:45:36 INFO : test_loss       2.35544
2023/10/18 02:45:36 INFO : test_acc       27.77778
2023/10/18 02:45:36 INFO : 
2023/10/18 02:46:18 INFO : Epoch 260
2023/10/18 02:46:18 INFO : train_loss       0.12292
2023/10/18 02:46:18 INFO : train_acc       97.82609
2023/10/18 02:46:18 INFO : test_loss       2.32451
2023/10/18 02:46:18 INFO : test_acc       27.77778
2023/10/18 02:46:18 INFO : 
2023/10/18 02:47:00 INFO : Epoch 261
2023/10/18 02:47:00 INFO : train_loss       0.11225
2023/10/18 02:47:00 INFO : train_acc       98.91304
2023/10/18 02:47:00 INFO : test_loss       2.26962
2023/10/18 02:47:00 INFO : test_acc       29.62963
2023/10/18 02:47:00 INFO : 
2023/10/18 02:47:42 INFO : Epoch 262
2023/10/18 02:47:42 INFO : train_loss       0.16037
2023/10/18 02:47:42 INFO : train_acc       98.36957
2023/10/18 02:47:42 INFO : test_loss       2.24953
2023/10/18 02:47:42 INFO : test_acc       25.92593
2023/10/18 02:47:42 INFO : 
2023/10/18 02:48:25 INFO : Epoch 263
2023/10/18 02:48:25 INFO : train_loss       0.15104
2023/10/18 02:48:25 INFO : train_acc       97.28261
2023/10/18 02:48:25 INFO : test_loss       2.20219
2023/10/18 02:48:25 INFO : test_acc       25.92593
2023/10/18 02:48:25 INFO : 
2023/10/18 02:49:07 INFO : Epoch 264
2023/10/18 02:49:07 INFO : train_loss       0.10710
2023/10/18 02:49:07 INFO : train_acc       99.45652
2023/10/18 02:49:07 INFO : test_loss       2.21831
2023/10/18 02:49:07 INFO : test_acc       31.48148
2023/10/18 02:49:07 INFO : 
2023/10/18 02:49:49 INFO : Epoch 265
2023/10/18 02:49:49 INFO : train_loss       0.14869
2023/10/18 02:49:49 INFO : train_acc       98.91304
2023/10/18 02:49:49 INFO : test_loss       2.25796
2023/10/18 02:49:49 INFO : test_acc       31.48148
2023/10/18 02:49:49 INFO : 
2023/10/18 02:50:31 INFO : Epoch 266
2023/10/18 02:50:31 INFO : train_loss       0.12541
2023/10/18 02:50:31 INFO : train_acc       98.91304
2023/10/18 02:50:31 INFO : test_loss       2.28182
2023/10/18 02:50:31 INFO : test_acc       27.77778
2023/10/18 02:50:31 INFO : 
2023/10/18 02:51:13 INFO : Epoch 267
2023/10/18 02:51:13 INFO : train_loss       0.16128
2023/10/18 02:51:13 INFO : train_acc       97.82609
2023/10/18 02:51:13 INFO : test_loss       2.32760
2023/10/18 02:51:13 INFO : test_acc       25.92593
2023/10/18 02:51:13 INFO : 
2023/10/18 02:51:55 INFO : Epoch 268
2023/10/18 02:51:55 INFO : train_loss       0.12501
2023/10/18 02:51:55 INFO : train_acc       100.00000
2023/10/18 02:51:55 INFO : test_loss       2.34038
2023/10/18 02:51:55 INFO : test_acc       25.92593
2023/10/18 02:51:55 INFO : 
2023/10/18 02:52:37 INFO : Epoch 269
2023/10/18 02:52:37 INFO : train_loss       0.15425
2023/10/18 02:52:37 INFO : train_acc       99.45652
2023/10/18 02:52:37 INFO : test_loss       2.32377
2023/10/18 02:52:37 INFO : test_acc       31.48148
2023/10/18 02:52:37 INFO : 
2023/10/18 02:53:20 INFO : Epoch 270
2023/10/18 02:53:20 INFO : train_loss       0.14446
2023/10/18 02:53:20 INFO : train_acc       98.91304
2023/10/18 02:53:20 INFO : test_loss       2.36620
2023/10/18 02:53:20 INFO : test_acc       27.77778
2023/10/18 02:53:20 INFO : 
2023/10/18 02:54:02 INFO : Epoch 271
2023/10/18 02:54:02 INFO : train_loss       0.11296
2023/10/18 02:54:02 INFO : train_acc       98.91304
2023/10/18 02:54:02 INFO : test_loss       2.31214
2023/10/18 02:54:02 INFO : test_acc       27.77778
2023/10/18 02:54:02 INFO : 
2023/10/18 02:54:44 INFO : Epoch 272
2023/10/18 02:54:44 INFO : train_loss       0.14585
2023/10/18 02:54:44 INFO : train_acc       97.82609
2023/10/18 02:54:44 INFO : test_loss       2.24908
2023/10/18 02:54:44 INFO : test_acc       27.77778
2023/10/18 02:54:44 INFO : 
2023/10/18 02:55:26 INFO : Epoch 273
2023/10/18 02:55:26 INFO : train_loss       0.11502
2023/10/18 02:55:26 INFO : train_acc       99.45652
2023/10/18 02:55:26 INFO : test_loss       2.27554
2023/10/18 02:55:26 INFO : test_acc       27.77778
2023/10/18 02:55:26 INFO : 
2023/10/18 02:56:08 INFO : Epoch 274
2023/10/18 02:56:08 INFO : train_loss       0.09602
2023/10/18 02:56:08 INFO : train_acc       98.91304
2023/10/18 02:56:08 INFO : test_loss       2.29079
2023/10/18 02:56:08 INFO : test_acc       29.62963
2023/10/18 02:56:08 INFO : 
2023/10/18 02:56:50 INFO : Epoch 275
2023/10/18 02:56:50 INFO : train_loss       0.12404
2023/10/18 02:56:50 INFO : train_acc       98.91304
2023/10/18 02:56:50 INFO : test_loss       2.27039
2023/10/18 02:56:50 INFO : test_acc       29.62963
2023/10/18 02:56:50 INFO : 
2023/10/18 02:57:32 INFO : Epoch 276
2023/10/18 02:57:32 INFO : train_loss       0.14132
2023/10/18 02:57:32 INFO : train_acc       98.36957
2023/10/18 02:57:32 INFO : test_loss       2.27526
2023/10/18 02:57:32 INFO : test_acc       27.77778
2023/10/18 02:57:32 INFO : 
2023/10/18 02:58:15 INFO : Epoch 277
2023/10/18 02:58:15 INFO : train_loss       0.13504
2023/10/18 02:58:15 INFO : train_acc       97.82609
2023/10/18 02:58:15 INFO : test_loss       2.30267
2023/10/18 02:58:15 INFO : test_acc       27.77778
2023/10/18 02:58:15 INFO : 
2023/10/18 02:58:57 INFO : Epoch 278
2023/10/18 02:58:57 INFO : train_loss       0.14319
2023/10/18 02:58:57 INFO : train_acc       98.91304
2023/10/18 02:58:57 INFO : test_loss       2.30354
2023/10/18 02:58:57 INFO : test_acc       25.92593
2023/10/18 02:58:57 INFO : 
2023/10/18 02:59:39 INFO : Epoch 279
2023/10/18 02:59:39 INFO : train_loss       0.16657
2023/10/18 02:59:39 INFO : train_acc       99.45652
2023/10/18 02:59:39 INFO : test_loss       2.34666
2023/10/18 02:59:39 INFO : test_acc       18.51852
2023/10/18 02:59:39 INFO : 
2023/10/18 03:00:21 INFO : Epoch 280
2023/10/18 03:00:21 INFO : train_loss       0.10906
2023/10/18 03:00:21 INFO : train_acc       98.91304
2023/10/18 03:00:21 INFO : test_loss       2.34662
2023/10/18 03:00:21 INFO : test_acc       25.92593
2023/10/18 03:00:21 INFO : 
2023/10/18 03:01:03 INFO : Epoch 281
2023/10/18 03:01:03 INFO : train_loss       0.10392
2023/10/18 03:01:03 INFO : train_acc       98.91304
2023/10/18 03:01:03 INFO : test_loss       2.32270
2023/10/18 03:01:03 INFO : test_acc       25.92593
2023/10/18 03:01:03 INFO : 
2023/10/18 03:01:45 INFO : Epoch 282
2023/10/18 03:01:45 INFO : train_loss       0.20594
2023/10/18 03:01:45 INFO : train_acc       98.36957
2023/10/18 03:01:45 INFO : test_loss       2.31700
2023/10/18 03:01:45 INFO : test_acc       27.77778
2023/10/18 03:01:45 INFO : 
2023/10/18 03:02:27 INFO : Epoch 283
2023/10/18 03:02:27 INFO : train_loss       0.11541
2023/10/18 03:02:27 INFO : train_acc       98.91304
2023/10/18 03:02:27 INFO : test_loss       2.32770
2023/10/18 03:02:27 INFO : test_acc       27.77778
2023/10/18 03:02:27 INFO : 
2023/10/18 03:03:10 INFO : Epoch 284
2023/10/18 03:03:10 INFO : train_loss       0.12111
2023/10/18 03:03:10 INFO : train_acc       99.45652
2023/10/18 03:03:10 INFO : test_loss       2.31801
2023/10/18 03:03:10 INFO : test_acc       31.48148
2023/10/18 03:03:10 INFO : 
2023/10/18 03:03:52 INFO : Epoch 285
2023/10/18 03:03:52 INFO : train_loss       0.11126
2023/10/18 03:03:52 INFO : train_acc       97.82609
2023/10/18 03:03:52 INFO : test_loss       2.30091
2023/10/18 03:03:52 INFO : test_acc       31.48148
2023/10/18 03:03:52 INFO : 
2023/10/18 03:04:34 INFO : Epoch 286
2023/10/18 03:04:34 INFO : train_loss       0.15293
2023/10/18 03:04:34 INFO : train_acc       98.91304
2023/10/18 03:04:34 INFO : test_loss       2.30416
2023/10/18 03:04:34 INFO : test_acc       31.48148
2023/10/18 03:04:34 INFO : 
2023/10/18 03:05:16 INFO : Epoch 287
2023/10/18 03:05:16 INFO : train_loss       0.13085
2023/10/18 03:05:16 INFO : train_acc       98.36957
2023/10/18 03:05:16 INFO : test_loss       2.28025
2023/10/18 03:05:16 INFO : test_acc       31.48148
2023/10/18 03:05:16 INFO : 
2023/10/18 03:05:59 INFO : Epoch 288
2023/10/18 03:05:59 INFO : train_loss       0.11528
2023/10/18 03:05:59 INFO : train_acc       99.45652
2023/10/18 03:05:59 INFO : test_loss       2.29688
2023/10/18 03:05:59 INFO : test_acc       25.92593
2023/10/18 03:05:59 INFO : 
2023/10/18 03:06:41 INFO : Epoch 289
2023/10/18 03:06:41 INFO : train_loss       0.11749
2023/10/18 03:06:41 INFO : train_acc       100.00000
2023/10/18 03:06:41 INFO : test_loss       2.31587
2023/10/18 03:06:41 INFO : test_acc       29.62963
2023/10/18 03:06:41 INFO : 
2023/10/18 03:07:23 INFO : Epoch 290
2023/10/18 03:07:23 INFO : train_loss       0.12992
2023/10/18 03:07:23 INFO : train_acc       99.45652
2023/10/18 03:07:23 INFO : test_loss       2.30213
2023/10/18 03:07:23 INFO : test_acc       29.62963
2023/10/18 03:07:23 INFO : 
2023/10/18 03:08:05 INFO : Epoch 291
2023/10/18 03:08:05 INFO : train_loss       0.15816
2023/10/18 03:08:05 INFO : train_acc       99.45652
2023/10/18 03:08:05 INFO : test_loss       2.31173
2023/10/18 03:08:05 INFO : test_acc       25.92593
2023/10/18 03:08:05 INFO : 
2023/10/18 03:08:47 INFO : Epoch 292
2023/10/18 03:08:47 INFO : train_loss       0.09383
2023/10/18 03:08:47 INFO : train_acc       98.91304
2023/10/18 03:08:47 INFO : test_loss       2.33600
2023/10/18 03:08:47 INFO : test_acc       18.51852
2023/10/18 03:08:47 INFO : 
2023/10/18 03:09:29 INFO : Epoch 293
2023/10/18 03:09:29 INFO : train_loss       0.11876
2023/10/18 03:09:29 INFO : train_acc       97.82609
2023/10/18 03:09:29 INFO : test_loss       2.34940
2023/10/18 03:09:29 INFO : test_acc       18.51852
2023/10/18 03:09:29 INFO : 
2023/10/18 03:10:12 INFO : Epoch 294
2023/10/18 03:10:12 INFO : train_loss       0.11937
2023/10/18 03:10:12 INFO : train_acc       99.45652
2023/10/18 03:10:12 INFO : test_loss       2.31968
2023/10/18 03:10:12 INFO : test_acc       18.51852
2023/10/18 03:10:12 INFO : 
2023/10/18 03:10:54 INFO : Epoch 295
2023/10/18 03:10:54 INFO : train_loss       0.11326
2023/10/18 03:10:54 INFO : train_acc       98.91304
2023/10/18 03:10:54 INFO : test_loss       2.32431
2023/10/18 03:10:54 INFO : test_acc       18.51852
2023/10/18 03:10:54 INFO : 
2023/10/18 03:11:36 INFO : Epoch 296
2023/10/18 03:11:36 INFO : train_loss       0.09723
2023/10/18 03:11:36 INFO : train_acc       98.36957
2023/10/18 03:11:36 INFO : test_loss       2.32790
2023/10/18 03:11:36 INFO : test_acc       20.37037
2023/10/18 03:11:36 INFO : 
2023/10/18 03:12:18 INFO : Epoch 297
2023/10/18 03:12:18 INFO : train_loss       0.11716
2023/10/18 03:12:18 INFO : train_acc       99.45652
2023/10/18 03:12:18 INFO : test_loss       2.31904
2023/10/18 03:12:18 INFO : test_acc       18.51852
2023/10/18 03:12:18 INFO : 
2023/10/18 03:13:00 INFO : Epoch 298
2023/10/18 03:13:00 INFO : train_loss       0.08843
2023/10/18 03:13:00 INFO : train_acc       98.91304
2023/10/18 03:13:00 INFO : test_loss       2.28477
2023/10/18 03:13:00 INFO : test_acc       20.37037
2023/10/18 03:13:00 INFO : 
2023/10/18 03:13:42 INFO : Epoch 299
2023/10/18 03:13:42 INFO : train_loss       0.11869
2023/10/18 03:13:42 INFO : train_acc       99.45652
2023/10/18 03:13:42 INFO : test_loss       2.29308
2023/10/18 03:13:42 INFO : test_acc       22.22222
2023/10/18 03:13:42 INFO : 
2023/10/18 03:13:42 INFO : Best test acc 37.03704 
2023/10/18 03:13:42 INFO : mean acc of last 10 epochs 21.11111 
2023/10/18 03:13:42 INFO : std of last 10 epochs 3.62887 
2023/10/18 03:13:42 INFO : * * * * * * * * * * * * * * * * * * * * 
2023/10/18 03:13:50 INFO : ****************  LMDA for 7! ***************************
2023/10/18 03:13:50 INFO : {'num_classes': 4, 'chans': 128, 'channel_depth1': 130, 'channel_depth2': 9, 'kernel': 75, 'depth': 9, 'pool_depth': 1, 'avepool': 25, 'avgpool_step1': 1}
2023/10/18 03:13:50 INFO : =================================================================
Layer (type:depth-idx)                   Param #
=================================================================
\u251c\u2500Sequential: 1-1                        --
|    \u2514\u2500Conv2d: 2-1                       1,170
|    \u2514\u2500BatchNorm2d: 2-2                  260
|    \u2514\u2500Conv2d: 2-3                       9,750
|    \u2514\u2500BatchNorm2d: 2-4                  260
|    \u2514\u2500GELU: 2-5                         --
\u251c\u2500Sequential: 1-2                        --
|    \u2514\u2500Conv2d: 2-6                       1,170
|    \u2514\u2500BatchNorm2d: 2-7                  18
|    \u2514\u2500Conv2d: 2-8                       1,152
|    \u2514\u2500BatchNorm2d: 2-9                  18
|    \u2514\u2500GELU: 2-10                        --
\u251c\u2500Sequential: 1-3                        --
|    \u2514\u2500AvgPool3d: 2-11                   --
|    \u2514\u2500Dropout: 2-12                     --
\u251c\u2500EEGDepthAttention: 1-4                 --
|    \u2514\u2500AdaptiveAvgPool2d: 2-13           --
|    \u2514\u2500Conv2d: 2-14                      8
|    \u2514\u2500Softmax: 2-15                     --
\u251c\u2500Linear: 1-5                            616
=================================================================
Total params: 14,422
Trainable params: 14,422
Non-trainable params: 0
=================================================================
2023/10/18 03:13:50 INFO : ****** Run until first stop... ********
2023/10/18 03:13:50 INFO : Train size: 8
2023/10/18 03:13:50 INFO : Test size: 3
2023/10/18 03:14:37 INFO : New best test acc 23.333333
2023/10/18 03:14:37 INFO : Epoch 0
2023/10/18 03:14:37 INFO : train_loss       1.54603
2023/10/18 03:14:37 INFO : train_acc       21.53890
2023/10/18 03:14:37 INFO : test_loss       1.38707
2023/10/18 03:14:37 INFO : test_acc       23.33333
2023/10/18 03:14:37 INFO : 
2023/10/18 03:16:57 INFO : New best test acc 26.666667
2023/10/18 03:21:38 INFO : New best test acc 28.333333
2023/10/18 03:30:12 INFO : Epoch 20
2023/10/18 03:30:12 INFO : train_loss       0.61552
2023/10/18 03:30:12 INFO : train_acc       89.44508
2023/10/18 03:30:12 INFO : test_loss       1.46402
2023/10/18 03:30:12 INFO : test_acc       23.33333
2023/10/18 03:30:12 INFO : 
2023/10/18 03:45:48 INFO : Epoch 40
2023/10/18 03:45:48 INFO : train_loss       0.34191
2023/10/18 03:45:48 INFO : train_acc       97.71167
2023/10/18 03:45:48 INFO : test_loss       1.62538
2023/10/18 03:45:48 INFO : test_acc       28.33333
2023/10/18 03:45:48 INFO : 
2023/10/18 03:52:49 INFO : New best test acc 31.666667
2023/10/18 03:56:42 INFO : New best test acc 35.000000
2023/10/18 04:01:22 INFO : Epoch 60
2023/10/18 04:01:22 INFO : train_loss       0.22201
2023/10/18 04:01:22 INFO : train_acc       96.62471
2023/10/18 04:01:22 INFO : test_loss       1.75655
2023/10/18 04:01:22 INFO : test_acc       31.66667
2023/10/18 04:01:22 INFO : 
2023/10/18 04:17:01 INFO : Epoch 80
2023/10/18 04:17:01 INFO : train_loss       0.18436
2023/10/18 04:17:01 INFO : train_acc       99.45652
2023/10/18 04:17:01 INFO : test_loss       1.77535
2023/10/18 04:17:01 INFO : test_acc       28.33333
2023/10/18 04:17:01 INFO : 
2023/10/18 04:32:37 INFO : Epoch 100
2023/10/18 04:32:37 INFO : train_loss       0.15041
2023/10/18 04:32:37 INFO : train_acc       98.91304
2023/10/18 04:32:37 INFO : test_loss       1.85188
2023/10/18 04:32:37 INFO : test_acc       30.00000
2023/10/18 04:32:37 INFO : 
2023/10/18 04:48:11 INFO : Epoch 120
2023/10/18 04:48:11 INFO : train_loss       0.11137
2023/10/18 04:48:11 INFO : train_acc       100.00000
2023/10/18 04:48:11 INFO : test_loss       1.90815
2023/10/18 04:48:11 INFO : test_acc       23.33333
2023/10/18 04:48:11 INFO : 
2023/10/18 05:03:46 INFO : Epoch 140
2023/10/18 05:03:46 INFO : train_loss       0.09395
2023/10/18 05:03:46 INFO : train_acc       99.45652
2023/10/18 05:03:46 INFO : test_loss       2.01023
2023/10/18 05:03:46 INFO : test_acc       25.00000
2023/10/18 05:03:46 INFO : 
2023/10/18 05:19:21 INFO : Epoch 160
2023/10/18 05:19:21 INFO : train_loss       0.08054
2023/10/18 05:19:21 INFO : train_acc       100.00000
2023/10/18 05:19:21 INFO : test_loss       2.05635
2023/10/18 05:19:21 INFO : test_acc       25.00000
2023/10/18 05:19:21 INFO : 
2023/10/18 05:34:55 INFO : Epoch 180
2023/10/18 05:34:55 INFO : train_loss       0.07649
2023/10/18 05:34:55 INFO : train_acc       99.34211
2023/10/18 05:34:55 INFO : test_loss       2.11527
2023/10/18 05:34:55 INFO : test_acc       25.00000
2023/10/18 05:34:55 INFO : 
2023/10/18 05:50:29 INFO : Epoch 200
2023/10/18 05:50:29 INFO : train_loss       0.07879
2023/10/18 05:50:29 INFO : train_acc       98.91304
2023/10/18 05:50:29 INFO : test_loss       2.10494
2023/10/18 05:50:29 INFO : test_acc       21.66667
2023/10/18 05:50:29 INFO : 
2023/10/18 06:06:06 INFO : Epoch 220
2023/10/18 06:06:06 INFO : train_loss       0.08317
2023/10/18 06:06:06 INFO : train_acc       98.91304
2023/10/18 06:06:06 INFO : test_loss       2.18224
2023/10/18 06:06:06 INFO : test_acc       25.00000
2023/10/18 06:06:06 INFO : 
2023/10/18 06:21:43 INFO : Epoch 240
2023/10/18 06:21:43 INFO : train_loss       0.06343
2023/10/18 06:21:43 INFO : train_acc       99.45652
2023/10/18 06:21:43 INFO : test_loss       2.20210
2023/10/18 06:21:43 INFO : test_acc       25.00000
2023/10/18 06:21:43 INFO : 
2023/10/18 06:30:17 INFO : Epoch 251
2023/10/18 06:30:17 INFO : train_loss       0.04211
2023/10/18 06:30:17 INFO : train_acc       100.00000
2023/10/18 06:30:17 INFO : test_loss       2.24231
2023/10/18 06:30:17 INFO : test_acc       25.00000
2023/10/18 06:30:17 INFO : 
2023/10/18 06:31:04 INFO : Epoch 252
2023/10/18 06:31:04 INFO : train_loss       0.04060
2023/10/18 06:31:04 INFO : train_acc       100.00000
2023/10/18 06:31:04 INFO : test_loss       2.21534
2023/10/18 06:31:04 INFO : test_acc       26.66667
2023/10/18 06:31:04 INFO : 
2023/10/18 06:31:51 INFO : Epoch 253
2023/10/18 06:31:51 INFO : train_loss       0.04481
2023/10/18 06:31:51 INFO : train_acc       100.00000
2023/10/18 06:31:51 INFO : test_loss       2.23869
2023/10/18 06:31:51 INFO : test_acc       26.66667
2023/10/18 06:31:51 INFO : 
2023/10/18 06:32:38 INFO : Epoch 254
2023/10/18 06:32:38 INFO : train_loss       0.04344
2023/10/18 06:32:38 INFO : train_acc       100.00000
2023/10/18 06:32:38 INFO : test_loss       2.24244
2023/10/18 06:32:38 INFO : test_acc       25.00000
2023/10/18 06:32:38 INFO : 
2023/10/18 06:33:24 INFO : Epoch 255
2023/10/18 06:33:24 INFO : train_loss       0.06127
2023/10/18 06:33:24 INFO : train_acc       98.79863
2023/10/18 06:33:24 INFO : test_loss       2.22192
2023/10/18 06:33:24 INFO : test_acc       25.00000
2023/10/18 06:33:24 INFO : 
2023/10/18 06:34:11 INFO : Epoch 256
2023/10/18 06:34:11 INFO : train_loss       0.05334
2023/10/18 06:34:11 INFO : train_acc       99.45652
2023/10/18 06:34:11 INFO : test_loss       2.21917
2023/10/18 06:34:11 INFO : test_acc       25.00000
2023/10/18 06:34:11 INFO : 
2023/10/18 06:34:58 INFO : Epoch 257
2023/10/18 06:34:58 INFO : train_loss       0.04516
2023/10/18 06:34:58 INFO : train_acc       100.00000
2023/10/18 06:34:58 INFO : test_loss       2.18611
2023/10/18 06:34:58 INFO : test_acc       23.33333
2023/10/18 06:34:58 INFO : 
2023/10/18 06:35:45 INFO : Epoch 258
2023/10/18 06:35:45 INFO : train_loss       0.04694
2023/10/18 06:35:45 INFO : train_acc       100.00000
2023/10/18 06:35:45 INFO : test_loss       2.30822
2023/10/18 06:35:45 INFO : test_acc       26.66667
2023/10/18 06:35:45 INFO : 
2023/10/18 06:36:32 INFO : Epoch 259
2023/10/18 06:36:32 INFO : train_loss       0.05133
2023/10/18 06:36:32 INFO : train_acc       99.45652
2023/10/18 06:36:32 INFO : test_loss       2.26000
2023/10/18 06:36:32 INFO : test_acc       28.33333
2023/10/18 06:36:32 INFO : 
2023/10/18 06:37:18 INFO : Epoch 260
2023/10/18 06:37:18 INFO : train_loss       0.05241
2023/10/18 06:37:18 INFO : train_acc       99.45652
2023/10/18 06:37:18 INFO : test_loss       2.14029
2023/10/18 06:37:18 INFO : test_acc       26.66667
2023/10/18 06:37:18 INFO : 
2023/10/18 06:38:05 INFO : Epoch 261
2023/10/18 06:38:05 INFO : train_loss       0.06490
2023/10/18 06:38:05 INFO : train_acc       98.91304
2023/10/18 06:38:05 INFO : test_loss       2.15751
2023/10/18 06:38:05 INFO : test_acc       25.00000
2023/10/18 06:38:05 INFO : 
2023/10/18 06:38:52 INFO : Epoch 262
2023/10/18 06:38:52 INFO : train_loss       0.04573
2023/10/18 06:38:52 INFO : train_acc       100.00000
2023/10/18 06:38:52 INFO : test_loss       2.20582
2023/10/18 06:38:52 INFO : test_acc       23.33333
2023/10/18 06:38:52 INFO : 
2023/10/18 06:39:39 INFO : Epoch 263
2023/10/18 06:39:39 INFO : train_loss       0.05199
2023/10/18 06:39:39 INFO : train_acc       100.00000
2023/10/18 06:39:39 INFO : test_loss       2.22461
2023/10/18 06:39:39 INFO : test_acc       26.66667
2023/10/18 06:39:39 INFO : 
2023/10/18 06:40:25 INFO : Epoch 264
2023/10/18 06:40:25 INFO : train_loss       0.04659
2023/10/18 06:40:25 INFO : train_acc       99.34211
2023/10/18 06:40:25 INFO : test_loss       2.25516
2023/10/18 06:40:25 INFO : test_acc       25.00000
2023/10/18 06:40:25 INFO : 
2023/10/18 06:41:12 INFO : Epoch 265
2023/10/18 06:41:12 INFO : train_loss       0.05414
2023/10/18 06:41:12 INFO : train_acc       99.34211
2023/10/18 06:41:12 INFO : test_loss       2.31550
2023/10/18 06:41:12 INFO : test_acc       26.66667
2023/10/18 06:41:12 INFO : 
2023/10/18 06:41:59 INFO : Epoch 266
2023/10/18 06:41:59 INFO : train_loss       0.05106
2023/10/18 06:41:59 INFO : train_acc       99.34211
2023/10/18 06:41:59 INFO : test_loss       2.32993
2023/10/18 06:41:59 INFO : test_acc       26.66667
2023/10/18 06:41:59 INFO : 
2023/10/18 06:42:46 INFO : Epoch 267
2023/10/18 06:42:46 INFO : train_loss       0.06396
2023/10/18 06:42:46 INFO : train_acc       99.45652
2023/10/18 06:42:46 INFO : test_loss       2.28722
2023/10/18 06:42:46 INFO : test_acc       25.00000
2023/10/18 06:42:46 INFO : 
2023/10/18 06:43:32 INFO : Epoch 268
2023/10/18 06:43:32 INFO : train_loss       0.04156
2023/10/18 06:43:32 INFO : train_acc       100.00000
2023/10/18 06:43:32 INFO : test_loss       2.25544
2023/10/18 06:43:32 INFO : test_acc       25.00000
2023/10/18 06:43:32 INFO : 
2023/10/18 06:44:19 INFO : Epoch 269
2023/10/18 06:44:19 INFO : train_loss       0.05184
2023/10/18 06:44:19 INFO : train_acc       99.45652
2023/10/18 06:44:19 INFO : test_loss       2.26582
2023/10/18 06:44:19 INFO : test_acc       26.66667
2023/10/18 06:44:19 INFO : 
2023/10/18 06:45:06 INFO : Epoch 270
2023/10/18 06:45:06 INFO : train_loss       0.04105
2023/10/18 06:45:06 INFO : train_acc       100.00000
2023/10/18 06:45:06 INFO : test_loss       2.26528
2023/10/18 06:45:06 INFO : test_acc       25.00000
2023/10/18 06:45:06 INFO : 
2023/10/18 06:45:53 INFO : Epoch 271
2023/10/18 06:45:53 INFO : train_loss       0.04209
2023/10/18 06:45:53 INFO : train_acc       100.00000
2023/10/18 06:45:53 INFO : test_loss       2.28330
2023/10/18 06:45:53 INFO : test_acc       26.66667
2023/10/18 06:45:53 INFO : 
2023/10/18 06:46:40 INFO : Epoch 272
2023/10/18 06:46:40 INFO : train_loss       0.05914
2023/10/18 06:46:40 INFO : train_acc       98.91304
2023/10/18 06:46:40 INFO : test_loss       2.35641
2023/10/18 06:46:40 INFO : test_acc       30.00000
2023/10/18 06:46:40 INFO : 
2023/10/18 06:47:26 INFO : Epoch 273
2023/10/18 06:47:26 INFO : train_loss       0.04273
2023/10/18 06:47:26 INFO : train_acc       100.00000
2023/10/18 06:47:26 INFO : test_loss       2.37618
2023/10/18 06:47:26 INFO : test_acc       31.66667
2023/10/18 06:47:26 INFO : 
2023/10/18 06:48:13 INFO : Epoch 274
2023/10/18 06:48:13 INFO : train_loss       0.04572
2023/10/18 06:48:13 INFO : train_acc       99.45652
2023/10/18 06:48:13 INFO : test_loss       2.29077
2023/10/18 06:48:13 INFO : test_acc       28.33333
2023/10/18 06:48:13 INFO : 
2023/10/18 06:49:00 INFO : Epoch 275
2023/10/18 06:49:00 INFO : train_loss       0.04376
2023/10/18 06:49:00 INFO : train_acc       100.00000
2023/10/18 06:49:00 INFO : test_loss       2.25526
2023/10/18 06:49:00 INFO : test_acc       28.33333
2023/10/18 06:49:00 INFO : 
2023/10/18 06:49:47 INFO : Epoch 276
2023/10/18 06:49:47 INFO : train_loss       0.03963
2023/10/18 06:49:47 INFO : train_acc       100.00000
2023/10/18 06:49:47 INFO : test_loss       2.23427
2023/10/18 06:49:47 INFO : test_acc       26.66667
2023/10/18 06:49:47 INFO : 
2023/10/18 06:50:33 INFO : Epoch 277
2023/10/18 06:50:33 INFO : train_loss       0.04877
2023/10/18 06:50:33 INFO : train_acc       99.45652
2023/10/18 06:50:33 INFO : test_loss       2.24704
2023/10/18 06:50:33 INFO : test_acc       26.66667
2023/10/18 06:50:33 INFO : 
2023/10/18 06:51:20 INFO : Epoch 278
2023/10/18 06:51:20 INFO : train_loss       0.04766
2023/10/18 06:51:20 INFO : train_acc       100.00000
2023/10/18 06:51:20 INFO : test_loss       2.28387
2023/10/18 06:51:20 INFO : test_acc       26.66667
2023/10/18 06:51:20 INFO : 
2023/10/18 06:52:07 INFO : Epoch 279
2023/10/18 06:52:07 INFO : train_loss       0.05954
2023/10/18 06:52:07 INFO : train_acc       99.45652
2023/10/18 06:52:07 INFO : test_loss       2.37089
2023/10/18 06:52:07 INFO : test_acc       26.66667
2023/10/18 06:52:07 INFO : 
2023/10/18 06:52:54 INFO : Epoch 280
2023/10/18 06:52:54 INFO : train_loss       0.04403
2023/10/18 06:52:54 INFO : train_acc       100.00000
2023/10/18 06:52:54 INFO : test_loss       2.42057
2023/10/18 06:52:54 INFO : test_acc       26.66667
2023/10/18 06:52:54 INFO : 
2023/10/18 06:53:41 INFO : Epoch 281
2023/10/18 06:53:41 INFO : train_loss       0.04727
2023/10/18 06:53:41 INFO : train_acc       100.00000
2023/10/18 06:53:41 INFO : test_loss       2.41796
2023/10/18 06:53:41 INFO : test_acc       26.66667
2023/10/18 06:53:41 INFO : 
2023/10/18 06:54:27 INFO : Epoch 282
2023/10/18 06:54:27 INFO : train_loss       0.06860
2023/10/18 06:54:27 INFO : train_acc       99.34211
2023/10/18 06:54:27 INFO : test_loss       2.37631
2023/10/18 06:54:27 INFO : test_acc       26.66667
2023/10/18 06:54:27 INFO : 
2023/10/18 06:55:14 INFO : Epoch 283
2023/10/18 06:55:14 INFO : train_loss       0.04838
2023/10/18 06:55:14 INFO : train_acc       99.45652
2023/10/18 06:55:14 INFO : test_loss       2.24593
2023/10/18 06:55:14 INFO : test_acc       25.00000
2023/10/18 06:55:14 INFO : 
2023/10/18 06:56:01 INFO : Epoch 284
2023/10/18 06:56:01 INFO : train_loss       0.04507
2023/10/18 06:56:01 INFO : train_acc       100.00000
2023/10/18 06:56:01 INFO : test_loss       2.22931
2023/10/18 06:56:01 INFO : test_acc       23.33333
2023/10/18 06:56:01 INFO : 
2023/10/18 06:56:48 INFO : Epoch 285
2023/10/18 06:56:48 INFO : train_loss       0.04277
2023/10/18 06:56:48 INFO : train_acc       100.00000
2023/10/18 06:56:48 INFO : test_loss       2.25879
2023/10/18 06:56:48 INFO : test_acc       25.00000
2023/10/18 06:56:48 INFO : 
2023/10/18 06:57:34 INFO : Epoch 286
2023/10/18 06:57:34 INFO : train_loss       0.04115
2023/10/18 06:57:34 INFO : train_acc       100.00000
2023/10/18 06:57:34 INFO : test_loss       2.25286
2023/10/18 06:57:34 INFO : test_acc       23.33333
2023/10/18 06:57:34 INFO : 
2023/10/18 06:58:21 INFO : Epoch 287
2023/10/18 06:58:21 INFO : train_loss       0.03765
2023/10/18 06:58:21 INFO : train_acc       100.00000
2023/10/18 06:58:21 INFO : test_loss       2.28072
2023/10/18 06:58:21 INFO : test_acc       23.33333
2023/10/18 06:58:21 INFO : 
2023/10/18 06:59:08 INFO : Epoch 288
2023/10/18 06:59:08 INFO : train_loss       0.05828
2023/10/18 06:59:08 INFO : train_acc       99.45652
2023/10/18 06:59:08 INFO : test_loss       2.40492
2023/10/18 06:59:08 INFO : test_acc       25.00000
2023/10/18 06:59:08 INFO : 
2023/10/18 06:59:55 INFO : Epoch 289
2023/10/18 06:59:55 INFO : train_loss       0.04178
2023/10/18 06:59:55 INFO : train_acc       100.00000
2023/10/18 06:59:55 INFO : test_loss       2.36931
2023/10/18 06:59:55 INFO : test_acc       23.33333
2023/10/18 06:59:55 INFO : 
2023/10/18 07:00:41 INFO : Epoch 290
2023/10/18 07:00:41 INFO : train_loss       0.03793
2023/10/18 07:00:41 INFO : train_acc       100.00000
2023/10/18 07:00:41 INFO : test_loss       2.26421
2023/10/18 07:00:41 INFO : test_acc       25.00000
2023/10/18 07:00:41 INFO : 
2023/10/18 07:01:28 INFO : Epoch 291
2023/10/18 07:01:28 INFO : train_loss       0.05009
2023/10/18 07:01:28 INFO : train_acc       100.00000
2023/10/18 07:01:28 INFO : test_loss       2.22725
2023/10/18 07:01:28 INFO : test_acc       25.00000
2023/10/18 07:01:28 INFO : 
2023/10/18 07:02:15 INFO : Epoch 292
2023/10/18 07:02:15 INFO : train_loss       0.03454
2023/10/18 07:02:15 INFO : train_acc       99.45652
2023/10/18 07:02:15 INFO : test_loss       2.27318
2023/10/18 07:02:15 INFO : test_acc       26.66667
2023/10/18 07:02:15 INFO : 
2023/10/18 07:03:02 INFO : Epoch 293
2023/10/18 07:03:02 INFO : train_loss       0.03494
2023/10/18 07:03:02 INFO : train_acc       100.00000
2023/10/18 07:03:02 INFO : test_loss       2.23218
2023/10/18 07:03:02 INFO : test_acc       23.33333
2023/10/18 07:03:02 INFO : 
2023/10/18 07:03:48 INFO : Epoch 294
2023/10/18 07:03:48 INFO : train_loss       0.04196
2023/10/18 07:03:48 INFO : train_acc       99.45652
2023/10/18 07:03:48 INFO : test_loss       2.25046
2023/10/18 07:03:48 INFO : test_acc       26.66667
2023/10/18 07:03:48 INFO : 
2023/10/18 07:04:35 INFO : Epoch 295
2023/10/18 07:04:35 INFO : train_loss       0.03986
2023/10/18 07:04:35 INFO : train_acc       100.00000
2023/10/18 07:04:35 INFO : test_loss       2.28635
2023/10/18 07:04:35 INFO : test_acc       25.00000
2023/10/18 07:04:35 INFO : 
2023/10/18 07:05:22 INFO : Epoch 296
2023/10/18 07:05:22 INFO : train_loss       0.04795
2023/10/18 07:05:22 INFO : train_acc       99.45652
2023/10/18 07:05:22 INFO : test_loss       2.30248
2023/10/18 07:05:22 INFO : test_acc       21.66667
2023/10/18 07:05:22 INFO : 
2023/10/18 07:06:09 INFO : Epoch 297
2023/10/18 07:06:09 INFO : train_loss       0.04363
2023/10/18 07:06:09 INFO : train_acc       100.00000
2023/10/18 07:06:09 INFO : test_loss       2.31351
2023/10/18 07:06:09 INFO : test_acc       23.33333
2023/10/18 07:06:09 INFO : 
2023/10/18 07:06:55 INFO : Epoch 298
2023/10/18 07:06:55 INFO : train_loss       0.05059
2023/10/18 07:06:55 INFO : train_acc       99.45652
2023/10/18 07:06:55 INFO : test_loss       2.34954
2023/10/18 07:06:55 INFO : test_acc       25.00000
2023/10/18 07:06:55 INFO : 
2023/10/18 07:07:42 INFO : Epoch 299
2023/10/18 07:07:42 INFO : train_loss       0.03858
2023/10/18 07:07:42 INFO : train_acc       100.00000
2023/10/18 07:07:42 INFO : test_loss       2.36203
2023/10/18 07:07:42 INFO : test_acc       30.00000
2023/10/18 07:07:42 INFO : 
2023/10/18 07:07:42 INFO : Best test acc 35.00000 
2023/10/18 07:07:42 INFO : mean acc of last 10 epochs 25.16667 
2023/10/18 07:07:42 INFO : std of last 10 epochs 2.16667 
2023/10/18 07:07:42 INFO : * * * * * * * * * * * * * * * * * * * * 
2023/10/18 07:07:48 INFO : ****************  LMDA for 8! ***************************
2023/10/18 07:07:48 INFO : {'num_classes': 4, 'chans': 128, 'channel_depth1': 130, 'channel_depth2': 9, 'kernel': 75, 'depth': 9, 'pool_depth': 1, 'avepool': 25, 'avgpool_step1': 1}
2023/10/18 07:07:48 INFO : =================================================================
Layer (type:depth-idx)                   Param #
=================================================================
\u251c\u2500Sequential: 1-1                        --
|    \u2514\u2500Conv2d: 2-1                       1,170
|    \u2514\u2500BatchNorm2d: 2-2                  260
|    \u2514\u2500Conv2d: 2-3                       9,750
|    \u2514\u2500BatchNorm2d: 2-4                  260
|    \u2514\u2500GELU: 2-5                         --
\u251c\u2500Sequential: 1-2                        --
|    \u2514\u2500Conv2d: 2-6                       1,170
|    \u2514\u2500BatchNorm2d: 2-7                  18
|    \u2514\u2500Conv2d: 2-8                       1,152
|    \u2514\u2500BatchNorm2d: 2-9                  18
|    \u2514\u2500GELU: 2-10                        --
\u251c\u2500Sequential: 1-3                        --
|    \u2514\u2500AvgPool3d: 2-11                   --
|    \u2514\u2500Dropout: 2-12                     --
\u251c\u2500EEGDepthAttention: 1-4                 --
|    \u2514\u2500AdaptiveAvgPool2d: 2-13           --
|    \u2514\u2500Conv2d: 2-14                      8
|    \u2514\u2500Softmax: 2-15                     --
\u251c\u2500Linear: 1-5                            616
=================================================================
Total params: 14,422
Trainable params: 14,422
Non-trainable params: 0
=================================================================
2023/10/18 07:07:48 INFO : ****** Run until first stop... ********
2023/10/18 07:07:48 INFO : Train size: 7
2023/10/18 07:07:48 INFO : Test size: 3
2023/10/18 07:08:25 INFO : New best test acc 26.000000
2023/10/18 07:08:25 INFO : Epoch 0
2023/10/18 07:08:25 INFO : train_loss       1.41750
2023/10/18 07:08:25 INFO : train_acc       29.60663
2023/10/18 07:08:25 INFO : test_loss       1.38948
2023/10/18 07:08:25 INFO : test_acc       26.00000
2023/10/18 07:08:25 INFO : 
2023/10/18 07:15:50 INFO : New best test acc 32.000000
2023/10/18 07:16:27 INFO : New best test acc 34.000000
2023/10/18 07:20:46 INFO : Epoch 20
2023/10/18 07:20:46 INFO : train_loss       0.68913
2023/10/18 07:20:46 INFO : train_acc       85.30021
2023/10/18 07:20:46 INFO : test_loss       1.56866
2023/10/18 07:20:46 INFO : test_acc       26.00000
2023/10/18 07:20:46 INFO : 
2023/10/18 07:33:07 INFO : Epoch 40
2023/10/18 07:33:07 INFO : train_loss       0.38935
2023/10/18 07:33:07 INFO : train_acc       91.35611
2023/10/18 07:33:07 INFO : test_loss       1.84490
2023/10/18 07:33:07 INFO : test_acc       32.00000
2023/10/18 07:33:07 INFO : 
2023/10/18 07:45:27 INFO : Epoch 60
2023/10/18 07:45:27 INFO : train_loss       0.27427
2023/10/18 07:45:27 INFO : train_acc       96.89441
2023/10/18 07:45:27 INFO : test_loss       1.80503
2023/10/18 07:45:27 INFO : test_acc       26.00000
2023/10/18 07:45:27 INFO : 
2023/10/18 07:57:47 INFO : Epoch 80
2023/10/18 07:57:47 INFO : train_loss       0.24409
2023/10/18 07:57:47 INFO : train_acc       98.13665
2023/10/18 07:57:47 INFO : test_loss       2.02118
2023/10/18 07:57:47 INFO : test_acc       24.00000
2023/10/18 07:57:47 INFO : 
2023/10/18 08:10:11 INFO : Epoch 100
2023/10/18 08:10:11 INFO : train_loss       0.17151
2023/10/18 08:10:11 INFO : train_acc       98.13665
2023/10/18 08:10:11 INFO : test_loss       2.09888
2023/10/18 08:10:11 INFO : test_acc       28.00000
2023/10/18 08:10:11 INFO : 
2023/10/18 08:22:35 INFO : Epoch 120
2023/10/18 08:22:35 INFO : train_loss       0.14227
2023/10/18 08:22:35 INFO : train_acc       99.37888
2023/10/18 08:22:35 INFO : test_loss       2.17785
2023/10/18 08:22:35 INFO : test_acc       28.00000
2023/10/18 08:22:35 INFO : 
2023/10/18 08:34:56 INFO : Epoch 140
2023/10/18 08:34:56 INFO : train_loss       0.13527
2023/10/18 08:34:56 INFO : train_acc       100.00000
2023/10/18 08:34:56 INFO : test_loss       2.15751
2023/10/18 08:34:56 INFO : test_acc       24.00000
2023/10/18 08:34:56 INFO : 
2023/10/18 08:47:15 INFO : Epoch 160
2023/10/18 08:47:15 INFO : train_loss       0.10540
2023/10/18 08:47:15 INFO : train_acc       99.37888
2023/10/18 08:47:15 INFO : test_loss       2.26466
2023/10/18 08:47:15 INFO : test_acc       24.00000
2023/10/18 08:47:15 INFO : 
2023/10/18 08:59:36 INFO : Epoch 180
2023/10/18 08:59:36 INFO : train_loss       0.09130
2023/10/18 08:59:36 INFO : train_acc       100.00000
2023/10/18 08:59:36 INFO : test_loss       2.26023
2023/10/18 08:59:36 INFO : test_acc       32.00000
2023/10/18 08:59:36 INFO : 
2023/10/18 09:11:55 INFO : Epoch 200
2023/10/18 09:11:55 INFO : train_loss       0.06551
2023/10/18 09:11:55 INFO : train_acc       99.37888
2023/10/18 09:11:55 INFO : test_loss       2.41125
2023/10/18 09:11:55 INFO : test_acc       28.00000
2023/10/18 09:11:55 INFO : 
2023/10/18 09:24:15 INFO : New best test acc 36.000000
2023/10/18 09:24:15 INFO : Epoch 220
2023/10/18 09:24:15 INFO : train_loss       0.10034
2023/10/18 09:24:15 INFO : train_acc       100.00000
2023/10/18 09:24:15 INFO : test_loss       2.37811
2023/10/18 09:24:15 INFO : test_acc       36.00000
2023/10/18 09:24:15 INFO : 
2023/10/18 09:36:37 INFO : Epoch 240
2023/10/18 09:36:37 INFO : train_loss       0.09917
2023/10/18 09:36:37 INFO : train_acc       97.56729
2023/10/18 09:36:37 INFO : test_loss       2.56602
2023/10/18 09:36:37 INFO : test_acc       30.00000
2023/10/18 09:36:37 INFO : 
2023/10/18 09:43:26 INFO : Epoch 251
2023/10/18 09:43:26 INFO : train_loss       0.06262
2023/10/18 09:43:26 INFO : train_acc       99.37888
2023/10/18 09:43:26 INFO : test_loss       2.48980
2023/10/18 09:43:26 INFO : test_acc       32.00000
2023/10/18 09:43:26 INFO : 
2023/10/18 09:44:03 INFO : Epoch 252
2023/10/18 09:44:03 INFO : train_loss       0.05917
2023/10/18 09:44:03 INFO : train_acc       99.37888
2023/10/18 09:44:03 INFO : test_loss       2.49235
2023/10/18 09:44:03 INFO : test_acc       32.00000
2023/10/18 09:44:03 INFO : 
2023/10/18 09:44:40 INFO : Epoch 253
2023/10/18 09:44:40 INFO : train_loss       0.07561
2023/10/18 09:44:40 INFO : train_acc       100.00000
2023/10/18 09:44:40 INFO : test_loss       2.48942
2023/10/18 09:44:40 INFO : test_acc       32.00000
2023/10/18 09:44:40 INFO : 
2023/10/18 09:45:17 INFO : Epoch 254
2023/10/18 09:45:17 INFO : train_loss       0.07127
2023/10/18 09:45:17 INFO : train_acc       99.37888
2023/10/18 09:45:17 INFO : test_loss       2.47774
2023/10/18 09:45:17 INFO : test_acc       34.00000
2023/10/18 09:45:17 INFO : 
2023/10/18 09:45:54 INFO : Epoch 255
2023/10/18 09:45:54 INFO : train_loss       0.07800
2023/10/18 09:45:54 INFO : train_acc       100.00000
2023/10/18 09:45:54 INFO : test_loss       2.43855
2023/10/18 09:45:54 INFO : test_acc       30.00000
2023/10/18 09:45:54 INFO : 
2023/10/18 09:46:31 INFO : Epoch 256
2023/10/18 09:46:31 INFO : train_loss       0.07382
2023/10/18 09:46:31 INFO : train_acc       99.37888
2023/10/18 09:46:31 INFO : test_loss       2.46719
2023/10/18 09:46:31 INFO : test_acc       28.00000
2023/10/18 09:46:31 INFO : 
2023/10/18 09:47:08 INFO : Epoch 257
2023/10/18 09:47:08 INFO : train_loss       0.06169
2023/10/18 09:47:08 INFO : train_acc       100.00000
2023/10/18 09:47:08 INFO : test_loss       2.45422
2023/10/18 09:47:08 INFO : test_acc       28.00000
2023/10/18 09:47:08 INFO : 
2023/10/18 09:47:46 INFO : Epoch 258
2023/10/18 09:47:46 INFO : train_loss       0.05272
2023/10/18 09:47:46 INFO : train_acc       100.00000
2023/10/18 09:47:46 INFO : test_loss       2.44647
2023/10/18 09:47:46 INFO : test_acc       28.00000
2023/10/18 09:47:46 INFO : 
2023/10/18 09:48:23 INFO : Epoch 259
2023/10/18 09:48:23 INFO : train_loss       0.06906
2023/10/18 09:48:23 INFO : train_acc       100.00000
2023/10/18 09:48:23 INFO : test_loss       2.45120
2023/10/18 09:48:23 INFO : test_acc       28.00000
2023/10/18 09:48:23 INFO : 
2023/10/18 09:49:00 INFO : Epoch 260
2023/10/18 09:49:00 INFO : train_loss       0.05568
2023/10/18 09:49:00 INFO : train_acc       100.00000
2023/10/18 09:49:00 INFO : test_loss       2.46122
2023/10/18 09:49:00 INFO : test_acc       26.00000
2023/10/18 09:49:00 INFO : 
2023/10/18 09:49:37 INFO : Epoch 261
2023/10/18 09:49:37 INFO : train_loss       0.05160
2023/10/18 09:49:37 INFO : train_acc       100.00000
2023/10/18 09:49:37 INFO : test_loss       2.45686
2023/10/18 09:49:37 INFO : test_acc       26.00000
2023/10/18 09:49:37 INFO : 
2023/10/18 09:50:15 INFO : Epoch 262
2023/10/18 09:50:15 INFO : train_loss       0.05171
2023/10/18 09:50:15 INFO : train_acc       99.37888
2023/10/18 09:50:15 INFO : test_loss       2.49966
2023/10/18 09:50:15 INFO : test_acc       26.00000
2023/10/18 09:50:15 INFO : 
2023/10/18 09:50:52 INFO : Epoch 263
2023/10/18 09:50:52 INFO : train_loss       0.06922
2023/10/18 09:50:52 INFO : train_acc       98.75776
2023/10/18 09:50:52 INFO : test_loss       2.53715
2023/10/18 09:50:52 INFO : test_acc       30.00000
2023/10/18 09:50:52 INFO : 
2023/10/18 09:51:29 INFO : Epoch 264
2023/10/18 09:51:29 INFO : train_loss       0.05732
2023/10/18 09:51:29 INFO : train_acc       99.37888
2023/10/18 09:51:29 INFO : test_loss       2.54102
2023/10/18 09:51:29 INFO : test_acc       32.00000
2023/10/18 09:51:29 INFO : 
2023/10/18 09:52:06 INFO : Epoch 265
2023/10/18 09:52:06 INFO : train_loss       0.05740
2023/10/18 09:52:06 INFO : train_acc       99.37888
2023/10/18 09:52:06 INFO : test_loss       2.52001
2023/10/18 09:52:06 INFO : test_acc       32.00000
2023/10/18 09:52:06 INFO : 
2023/10/18 09:52:43 INFO : Epoch 266
2023/10/18 09:52:43 INFO : train_loss       0.08618
2023/10/18 09:52:43 INFO : train_acc       97.51553
2023/10/18 09:52:43 INFO : test_loss       2.55816
2023/10/18 09:52:43 INFO : test_acc       30.00000
2023/10/18 09:52:43 INFO : 
2023/10/18 09:53:20 INFO : Epoch 267
2023/10/18 09:53:20 INFO : train_loss       0.06567
2023/10/18 09:53:20 INFO : train_acc       100.00000
2023/10/18 09:53:20 INFO : test_loss       2.57121
2023/10/18 09:53:20 INFO : test_acc       30.00000
2023/10/18 09:53:20 INFO : 
2023/10/18 09:53:57 INFO : Epoch 268
2023/10/18 09:53:57 INFO : train_loss       0.06596
2023/10/18 09:53:57 INFO : train_acc       100.00000
2023/10/18 09:53:57 INFO : test_loss       2.49992
2023/10/18 09:53:57 INFO : test_acc       32.00000
2023/10/18 09:53:57 INFO : 
2023/10/18 09:54:34 INFO : Epoch 269
2023/10/18 09:54:34 INFO : train_loss       0.05516
2023/10/18 09:54:34 INFO : train_acc       100.00000
2023/10/18 09:54:34 INFO : test_loss       2.39770
2023/10/18 09:54:34 INFO : test_acc       36.00000
2023/10/18 09:54:34 INFO : 
2023/10/18 09:55:11 INFO : Epoch 270
2023/10/18 09:55:11 INFO : train_loss       0.07175
2023/10/18 09:55:11 INFO : train_acc       100.00000
2023/10/18 09:55:11 INFO : test_loss       2.36157
2023/10/18 09:55:11 INFO : test_acc       34.00000
2023/10/18 09:55:11 INFO : 
2023/10/18 09:55:49 INFO : Epoch 271
2023/10/18 09:55:49 INFO : train_loss       0.04240
2023/10/18 09:55:49 INFO : train_acc       100.00000
2023/10/18 09:55:49 INFO : test_loss       2.32364
2023/10/18 09:55:49 INFO : test_acc       32.00000
2023/10/18 09:55:49 INFO : 
2023/10/18 09:56:26 INFO : Epoch 272
2023/10/18 09:56:26 INFO : train_loss       0.07226
2023/10/18 09:56:26 INFO : train_acc       99.37888
2023/10/18 09:56:26 INFO : test_loss       2.34863
2023/10/18 09:56:26 INFO : test_acc       30.00000
2023/10/18 09:56:26 INFO : 
2023/10/18 09:57:03 INFO : Epoch 273
2023/10/18 09:57:03 INFO : train_loss       0.07091
2023/10/18 09:57:03 INFO : train_acc       100.00000
2023/10/18 09:57:03 INFO : test_loss       2.41213
2023/10/18 09:57:03 INFO : test_acc       36.00000
2023/10/18 09:57:03 INFO : 
2023/10/18 09:57:40 INFO : Epoch 274
2023/10/18 09:57:40 INFO : train_loss       0.06901
2023/10/18 09:57:40 INFO : train_acc       99.37888
2023/10/18 09:57:40 INFO : test_loss       2.49256
2023/10/18 09:57:40 INFO : test_acc       34.00000
2023/10/18 09:57:40 INFO : 
2023/10/18 09:58:17 INFO : Epoch 275
2023/10/18 09:58:17 INFO : train_loss       0.06588
2023/10/18 09:58:17 INFO : train_acc       100.00000
2023/10/18 09:58:17 INFO : test_loss       2.48030
2023/10/18 09:58:17 INFO : test_acc       30.00000
2023/10/18 09:58:17 INFO : 
2023/10/18 09:58:54 INFO : Epoch 276
2023/10/18 09:58:54 INFO : train_loss       0.06090
2023/10/18 09:58:54 INFO : train_acc       100.00000
2023/10/18 09:58:54 INFO : test_loss       2.54646
2023/10/18 09:58:54 INFO : test_acc       30.00000
2023/10/18 09:58:54 INFO : 
2023/10/18 09:59:31 INFO : Epoch 277
2023/10/18 09:59:31 INFO : train_loss       0.05107
2023/10/18 09:59:31 INFO : train_acc       100.00000
2023/10/18 09:59:31 INFO : test_loss       2.62110
2023/10/18 09:59:31 INFO : test_acc       32.00000
2023/10/18 09:59:31 INFO : 
2023/10/18 10:00:08 INFO : Epoch 278
2023/10/18 10:00:08 INFO : train_loss       0.05212
2023/10/18 10:00:08 INFO : train_acc       100.00000
2023/10/18 10:00:08 INFO : test_loss       2.60152
2023/10/18 10:00:08 INFO : test_acc       34.00000
2023/10/18 10:00:08 INFO : 
2023/10/18 10:00:46 INFO : Epoch 279
2023/10/18 10:00:46 INFO : train_loss       0.05290
2023/10/18 10:00:46 INFO : train_acc       100.00000
2023/10/18 10:00:46 INFO : test_loss       2.57487
2023/10/18 10:00:46 INFO : test_acc       34.00000
2023/10/18 10:00:46 INFO : 
2023/10/18 10:01:23 INFO : Epoch 280
2023/10/18 10:01:23 INFO : train_loss       0.06348
2023/10/18 10:01:23 INFO : train_acc       99.37888
2023/10/18 10:01:23 INFO : test_loss       2.55395
2023/10/18 10:01:23 INFO : test_acc       28.00000
2023/10/18 10:01:23 INFO : 
2023/10/18 10:02:00 INFO : Epoch 281
2023/10/18 10:02:00 INFO : train_loss       0.07347
2023/10/18 10:02:00 INFO : train_acc       98.75776
2023/10/18 10:02:00 INFO : test_loss       2.64570
2023/10/18 10:02:00 INFO : test_acc       26.00000
2023/10/18 10:02:00 INFO : 
2023/10/18 10:02:37 INFO : Epoch 282
2023/10/18 10:02:37 INFO : train_loss       0.06185
2023/10/18 10:02:37 INFO : train_acc       100.00000
2023/10/18 10:02:37 INFO : test_loss       2.71022
2023/10/18 10:02:37 INFO : test_acc       24.00000
2023/10/18 10:02:37 INFO : 
2023/10/18 10:03:15 INFO : Epoch 283
2023/10/18 10:03:15 INFO : train_loss       0.05531
2023/10/18 10:03:15 INFO : train_acc       100.00000
2023/10/18 10:03:15 INFO : test_loss       2.57534
2023/10/18 10:03:15 INFO : test_acc       32.00000
2023/10/18 10:03:15 INFO : 
2023/10/18 10:03:52 INFO : Epoch 284
2023/10/18 10:03:52 INFO : train_loss       0.06684
2023/10/18 10:03:52 INFO : train_acc       98.75776
2023/10/18 10:03:52 INFO : test_loss       2.50633
2023/10/18 10:03:52 INFO : test_acc       32.00000
2023/10/18 10:03:52 INFO : 
2023/10/18 10:04:29 INFO : Epoch 285
2023/10/18 10:04:29 INFO : train_loss       0.05400
2023/10/18 10:04:29 INFO : train_acc       100.00000
2023/10/18 10:04:29 INFO : test_loss       2.48651
2023/10/18 10:04:29 INFO : test_acc       30.00000
2023/10/18 10:04:29 INFO : 
2023/10/18 10:05:06 INFO : Epoch 286
2023/10/18 10:05:06 INFO : train_loss       0.07274
2023/10/18 10:05:06 INFO : train_acc       98.75776
2023/10/18 10:05:06 INFO : test_loss       2.54267
2023/10/18 10:05:06 INFO : test_acc       32.00000
2023/10/18 10:05:06 INFO : 
2023/10/18 10:05:43 INFO : Epoch 287
2023/10/18 10:05:43 INFO : train_loss       0.06652
2023/10/18 10:05:43 INFO : train_acc       99.37888
2023/10/18 10:05:43 INFO : test_loss       2.60834
2023/10/18 10:05:43 INFO : test_acc       32.00000
2023/10/18 10:05:43 INFO : 
2023/10/18 10:06:20 INFO : Epoch 288
2023/10/18 10:06:20 INFO : train_loss       0.06890
2023/10/18 10:06:20 INFO : train_acc       100.00000
2023/10/18 10:06:20 INFO : test_loss       2.54064
2023/10/18 10:06:20 INFO : test_acc       30.00000
2023/10/18 10:06:20 INFO : 
2023/10/18 10:06:57 INFO : Epoch 289
2023/10/18 10:06:57 INFO : train_loss       0.05617
2023/10/18 10:06:57 INFO : train_acc       99.37888
2023/10/18 10:06:57 INFO : test_loss       2.57467
2023/10/18 10:06:57 INFO : test_acc       30.00000
2023/10/18 10:06:57 INFO : 
2023/10/18 10:07:35 INFO : Epoch 290
2023/10/18 10:07:35 INFO : train_loss       0.04890
2023/10/18 10:07:35 INFO : train_acc       100.00000
2023/10/18 10:07:35 INFO : test_loss       2.56435
2023/10/18 10:07:35 INFO : test_acc       30.00000
2023/10/18 10:07:35 INFO : 
2023/10/18 10:08:12 INFO : Epoch 291
2023/10/18 10:08:12 INFO : train_loss       0.05761
2023/10/18 10:08:12 INFO : train_acc       100.00000
2023/10/18 10:08:12 INFO : test_loss       2.51698
2023/10/18 10:08:12 INFO : test_acc       32.00000
2023/10/18 10:08:12 INFO : 
2023/10/18 10:08:49 INFO : Epoch 292
2023/10/18 10:08:49 INFO : train_loss       0.06087
2023/10/18 10:08:49 INFO : train_acc       100.00000
2023/10/18 10:08:49 INFO : test_loss       2.50625
2023/10/18 10:08:49 INFO : test_acc       32.00000
2023/10/18 10:08:49 INFO : 
2023/10/18 10:09:26 INFO : Epoch 293
2023/10/18 10:09:26 INFO : train_loss       0.05854
2023/10/18 10:09:26 INFO : train_acc       100.00000
2023/10/18 10:09:26 INFO : test_loss       2.46371
2023/10/18 10:09:26 INFO : test_acc       28.00000
2023/10/18 10:09:26 INFO : 
2023/10/18 10:10:03 INFO : Epoch 294
2023/10/18 10:10:03 INFO : train_loss       0.05276
2023/10/18 10:10:03 INFO : train_acc       100.00000
2023/10/18 10:10:03 INFO : test_loss       2.47414
2023/10/18 10:10:03 INFO : test_acc       30.00000
2023/10/18 10:10:03 INFO : 
2023/10/18 10:10:40 INFO : Epoch 295
2023/10/18 10:10:40 INFO : train_loss       0.05508
2023/10/18 10:10:40 INFO : train_acc       99.37888
2023/10/18 10:10:40 INFO : test_loss       2.50530
2023/10/18 10:10:40 INFO : test_acc       28.00000
2023/10/18 10:10:40 INFO : 
2023/10/18 10:11:18 INFO : Epoch 296
2023/10/18 10:11:18 INFO : train_loss       0.07133
2023/10/18 10:11:18 INFO : train_acc       98.75776
2023/10/18 10:11:18 INFO : test_loss       2.56242
2023/10/18 10:11:18 INFO : test_acc       30.00000
2023/10/18 10:11:18 INFO : 
2023/10/18 10:11:55 INFO : Epoch 297
2023/10/18 10:11:55 INFO : train_loss       0.05083
2023/10/18 10:11:55 INFO : train_acc       100.00000
2023/10/18 10:11:55 INFO : test_loss       2.56525
2023/10/18 10:11:55 INFO : test_acc       28.00000
2023/10/18 10:11:55 INFO : 
2023/10/18 10:12:32 INFO : Epoch 298
2023/10/18 10:12:32 INFO : train_loss       0.05686
2023/10/18 10:12:32 INFO : train_acc       100.00000
2023/10/18 10:12:32 INFO : test_loss       2.52248
2023/10/18 10:12:32 INFO : test_acc       32.00000
2023/10/18 10:12:32 INFO : 
2023/10/18 10:13:09 INFO : Epoch 299
2023/10/18 10:13:09 INFO : train_loss       0.03875
2023/10/18 10:13:09 INFO : train_acc       100.00000
2023/10/18 10:13:09 INFO : test_loss       2.48259
2023/10/18 10:13:09 INFO : test_acc       32.00000
2023/10/18 10:13:09 INFO : 
2023/10/18 10:13:09 INFO : Best test acc 36.00000 
2023/10/18 10:13:09 INFO : mean acc of last 10 epochs 30.20000 
2023/10/18 10:13:09 INFO : std of last 10 epochs 1.66132 
2023/10/18 10:13:09 INFO : * * * * * * * * * * * * * * * * * * * * 
2023/10/18 10:13:17 INFO : ****************  LMDA for 9! ***************************
2023/10/18 10:13:17 INFO : {'num_classes': 4, 'chans': 128, 'channel_depth1': 130, 'channel_depth2': 9, 'kernel': 75, 'depth': 9, 'pool_depth': 1, 'avepool': 25, 'avgpool_step1': 1}
2023/10/18 10:13:17 INFO : =================================================================
Layer (type:depth-idx)                   Param #
=================================================================
\u251c\u2500Sequential: 1-1                        --
|    \u2514\u2500Conv2d: 2-1                       1,170
|    \u2514\u2500BatchNorm2d: 2-2                  260
|    \u2514\u2500Conv2d: 2-3                       9,750
|    \u2514\u2500BatchNorm2d: 2-4                  260
|    \u2514\u2500GELU: 2-5                         --
\u251c\u2500Sequential: 1-2                        --
|    \u2514\u2500Conv2d: 2-6                       1,170
|    \u2514\u2500BatchNorm2d: 2-7                  18
|    \u2514\u2500Conv2d: 2-8                       1,152
|    \u2514\u2500BatchNorm2d: 2-9                  18
|    \u2514\u2500GELU: 2-10                        --
\u251c\u2500Sequential: 1-3                        --
|    \u2514\u2500AvgPool3d: 2-11                   --
|    \u2514\u2500Dropout: 2-12                     --
\u251c\u2500EEGDepthAttention: 1-4                 --
|    \u2514\u2500AdaptiveAvgPool2d: 2-13           --
|    \u2514\u2500Conv2d: 2-14                      8
|    \u2514\u2500Softmax: 2-15                     --
\u251c\u2500Linear: 1-5                            616
=================================================================
Total params: 14,422
Trainable params: 14,422
Non-trainable params: 0
=================================================================
2023/10/18 10:13:17 INFO : ****** Run until first stop... ********
2023/10/18 10:13:17 INFO : Train size: 8
2023/10/18 10:13:17 INFO : Test size: 3
2023/10/18 10:14:04 INFO : New best test acc 26.666667
2023/10/18 10:14:04 INFO : Epoch 0
2023/10/18 10:14:04 INFO : train_loss       1.49058
2023/10/18 10:14:04 INFO : train_acc       25.02860
2023/10/18 10:14:04 INFO : test_loss       1.38612
2023/10/18 10:14:04 INFO : test_acc       26.66667
2023/10/18 10:14:04 INFO : 
2023/10/18 10:29:40 INFO : Epoch 20
2023/10/18 10:29:40 INFO : train_loss       0.70604
2023/10/18 10:29:40 INFO : train_acc       82.80892
2023/10/18 10:29:40 INFO : test_loss       1.58139
2023/10/18 10:29:40 INFO : test_acc       26.66667
2023/10/18 10:29:40 INFO : 
2023/10/18 10:45:15 INFO : Epoch 40
2023/10/18 10:45:15 INFO : train_loss       0.40333
2023/10/18 10:45:15 INFO : train_acc       92.59153
2023/10/18 10:45:15 INFO : test_loss       1.75522
2023/10/18 10:45:15 INFO : test_acc       18.33333
2023/10/18 10:45:15 INFO : 
2023/10/18 11:00:50 INFO : Epoch 60
2023/10/18 11:00:50 INFO : train_loss       0.24822
2023/10/18 11:00:50 INFO : train_acc       98.91304
2023/10/18 11:00:50 INFO : test_loss       1.91321
2023/10/18 11:00:50 INFO : test_acc       11.66667
2023/10/18 11:00:50 INFO : 
2023/10/18 11:16:25 INFO : Epoch 80
2023/10/18 11:16:25 INFO : train_loss       0.21670
2023/10/18 11:16:25 INFO : train_acc       96.62471
2023/10/18 11:16:25 INFO : test_loss       1.96085
2023/10/18 11:16:25 INFO : test_acc       15.00000
2023/10/18 11:16:25 INFO : 
2023/10/18 11:32:01 INFO : Epoch 100
2023/10/18 11:32:01 INFO : train_loss       0.18958
2023/10/18 11:32:01 INFO : train_acc       97.82609
2023/10/18 11:32:01 INFO : test_loss       2.06177
2023/10/18 11:32:01 INFO : test_acc       16.66667
2023/10/18 11:32:01 INFO : 
2023/10/18 11:47:36 INFO : Epoch 120
2023/10/18 11:47:36 INFO : train_loss       0.12389
2023/10/18 11:47:36 INFO : train_acc       98.79863
2023/10/18 11:47:36 INFO : test_loss       2.12362
2023/10/18 11:47:36 INFO : test_acc       18.33333
2023/10/18 11:47:36 INFO : 
2023/10/18 12:03:10 INFO : Epoch 140
2023/10/18 12:03:10 INFO : train_loss       0.11909
2023/10/18 12:03:10 INFO : train_acc       99.45652
2023/10/18 12:03:10 INFO : test_loss       2.28357
2023/10/18 12:03:10 INFO : test_acc       15.00000
2023/10/18 12:03:10 INFO : 
2023/10/18 12:18:47 INFO : Epoch 160
2023/10/18 12:18:47 INFO : train_loss       0.12582
2023/10/18 12:18:47 INFO : train_acc       98.14073
2023/10/18 12:18:47 INFO : test_loss       2.33636
2023/10/18 12:18:47 INFO : test_acc       11.66667
2023/10/18 12:18:47 INFO : 
2023/10/18 12:34:22 INFO : Epoch 180
2023/10/18 12:34:22 INFO : train_loss       0.10956
2023/10/18 12:34:22 INFO : train_acc       99.45652
2023/10/18 12:34:22 INFO : test_loss       2.36267
2023/10/18 12:34:22 INFO : test_acc       15.00000
2023/10/18 12:34:22 INFO : 
2023/10/18 12:49:57 INFO : Epoch 200
2023/10/18 12:49:57 INFO : train_loss       0.08566
2023/10/18 12:49:57 INFO : train_acc       100.00000
2023/10/18 12:49:57 INFO : test_loss       2.41191
2023/10/18 12:49:57 INFO : test_acc       18.33333
2023/10/18 12:49:57 INFO : 
2023/10/18 13:05:33 INFO : Epoch 220
2023/10/18 13:05:33 INFO : train_loss       0.07257
2023/10/18 13:05:33 INFO : train_acc       100.00000
2023/10/18 13:05:33 INFO : test_loss       2.33667
2023/10/18 13:05:33 INFO : test_acc       21.66667
2023/10/18 13:05:33 INFO : 
2023/10/18 13:21:09 INFO : Epoch 240
2023/10/18 13:21:09 INFO : train_loss       0.06660
2023/10/18 13:21:09 INFO : train_acc       99.45652
2023/10/18 13:21:09 INFO : test_loss       2.49973
2023/10/18 13:21:09 INFO : test_acc       20.00000
2023/10/18 13:21:09 INFO : 
2023/10/18 13:29:42 INFO : Epoch 251
2023/10/18 13:29:42 INFO : train_loss       0.06056
2023/10/18 13:29:42 INFO : train_acc       99.45652
2023/10/18 13:29:42 INFO : test_loss       2.52797
2023/10/18 13:29:42 INFO : test_acc       20.00000
2023/10/18 13:29:42 INFO : 
2023/10/18 13:30:29 INFO : Epoch 252
2023/10/18 13:30:29 INFO : train_loss       0.06436
2023/10/18 13:30:29 INFO : train_acc       99.45652
2023/10/18 13:30:29 INFO : test_loss       2.50899
2023/10/18 13:30:29 INFO : test_acc       21.66667
2023/10/18 13:30:29 INFO : 
2023/10/18 13:31:16 INFO : Epoch 253
2023/10/18 13:31:16 INFO : train_loss       0.08319
2023/10/18 13:31:16 INFO : train_acc       98.36957
2023/10/18 13:31:16 INFO : test_loss       2.59053
2023/10/18 13:31:16 INFO : test_acc       20.00000
2023/10/18 13:31:16 INFO : 
2023/10/18 13:32:03 INFO : Epoch 254
2023/10/18 13:32:03 INFO : train_loss       0.05479
2023/10/18 13:32:03 INFO : train_acc       100.00000
2023/10/18 13:32:03 INFO : test_loss       2.65199
2023/10/18 13:32:03 INFO : test_acc       23.33333
2023/10/18 13:32:03 INFO : 
2023/10/18 13:32:49 INFO : Epoch 255
2023/10/18 13:32:49 INFO : train_loss       0.05333
2023/10/18 13:32:49 INFO : train_acc       100.00000
2023/10/18 13:32:49 INFO : test_loss       2.56871
2023/10/18 13:32:49 INFO : test_acc       20.00000
2023/10/18 13:32:49 INFO : 
2023/10/18 13:33:37 INFO : Epoch 256
2023/10/18 13:33:37 INFO : train_loss       0.05556
2023/10/18 13:33:37 INFO : train_acc       99.45652
2023/10/18 13:33:37 INFO : test_loss       2.51015
2023/10/18 13:33:37 INFO : test_acc       23.33333
2023/10/18 13:33:37 INFO : 
2023/10/18 13:34:24 INFO : Epoch 257
2023/10/18 13:34:24 INFO : train_loss       0.06112
2023/10/18 13:34:24 INFO : train_acc       100.00000
2023/10/18 13:34:24 INFO : test_loss       2.55764
2023/10/18 13:34:24 INFO : test_acc       20.00000
2023/10/18 13:34:24 INFO : 
2023/10/18 13:35:10 INFO : Epoch 258
2023/10/18 13:35:10 INFO : train_loss       0.05914
2023/10/18 13:35:10 INFO : train_acc       100.00000
2023/10/18 13:35:10 INFO : test_loss       2.55310
2023/10/18 13:35:10 INFO : test_acc       18.33333
2023/10/18 13:35:10 INFO : 
2023/10/18 13:35:57 INFO : Epoch 259
2023/10/18 13:35:57 INFO : train_loss       0.05265
2023/10/18 13:35:57 INFO : train_acc       99.45652
2023/10/18 13:35:57 INFO : test_loss       2.55661
2023/10/18 13:35:57 INFO : test_acc       20.00000
2023/10/18 13:35:57 INFO : 
2023/10/18 13:36:44 INFO : Epoch 260
2023/10/18 13:36:44 INFO : train_loss       0.06883
2023/10/18 13:36:44 INFO : train_acc       98.91304
2023/10/18 13:36:44 INFO : test_loss       2.52066
2023/10/18 13:36:44 INFO : test_acc       21.66667
2023/10/18 13:36:44 INFO : 
2023/10/18 13:37:30 INFO : Epoch 261
2023/10/18 13:37:30 INFO : train_loss       0.06792
2023/10/18 13:37:30 INFO : train_acc       97.82609
2023/10/18 13:37:30 INFO : test_loss       2.44641
2023/10/18 13:37:30 INFO : test_acc       21.66667
2023/10/18 13:37:30 INFO : 
2023/10/18 13:38:17 INFO : Epoch 262
2023/10/18 13:38:17 INFO : train_loss       0.04737
2023/10/18 13:38:17 INFO : train_acc       100.00000
2023/10/18 13:38:17 INFO : test_loss       2.54979
2023/10/18 13:38:17 INFO : test_acc       21.66667
2023/10/18 13:38:17 INFO : 
2023/10/18 13:39:04 INFO : Epoch 263
2023/10/18 13:39:04 INFO : train_loss       0.07217
2023/10/18 13:39:04 INFO : train_acc       98.36957
2023/10/18 13:39:04 INFO : test_loss       2.58535
2023/10/18 13:39:04 INFO : test_acc       20.00000
2023/10/18 13:39:04 INFO : 
2023/10/18 13:39:51 INFO : Epoch 264
2023/10/18 13:39:51 INFO : train_loss       0.05333
2023/10/18 13:39:51 INFO : train_acc       99.45652
2023/10/18 13:39:51 INFO : test_loss       2.63678
2023/10/18 13:39:51 INFO : test_acc       18.33333
2023/10/18 13:39:51 INFO : 
2023/10/18 13:40:38 INFO : Epoch 265
2023/10/18 13:40:38 INFO : train_loss       0.05321
2023/10/18 13:40:38 INFO : train_acc       100.00000
2023/10/18 13:40:38 INFO : test_loss       2.63061
2023/10/18 13:40:38 INFO : test_acc       16.66667
2023/10/18 13:40:38 INFO : 
2023/10/18 13:41:25 INFO : Epoch 266
2023/10/18 13:41:25 INFO : train_loss       0.05616
2023/10/18 13:41:25 INFO : train_acc       99.45652
2023/10/18 13:41:25 INFO : test_loss       2.57044
2023/10/18 13:41:25 INFO : test_acc       15.00000
2023/10/18 13:41:25 INFO : 
2023/10/18 13:42:11 INFO : Epoch 267
2023/10/18 13:42:11 INFO : train_loss       0.06134
2023/10/18 13:42:11 INFO : train_acc       99.45652
2023/10/18 13:42:11 INFO : test_loss       2.54687
2023/10/18 13:42:11 INFO : test_acc       20.00000
2023/10/18 13:42:11 INFO : 
2023/10/18 13:42:58 INFO : Epoch 268
2023/10/18 13:42:58 INFO : train_loss       0.08591
2023/10/18 13:42:58 INFO : train_acc       98.91304
2023/10/18 13:42:58 INFO : test_loss       2.63044
2023/10/18 13:42:58 INFO : test_acc       18.33333
2023/10/18 13:42:58 INFO : 
2023/10/18 13:43:45 INFO : Epoch 269
2023/10/18 13:43:45 INFO : train_loss       0.04805
2023/10/18 13:43:45 INFO : train_acc       100.00000
2023/10/18 13:43:45 INFO : test_loss       2.59397
2023/10/18 13:43:45 INFO : test_acc       16.66667
2023/10/18 13:43:45 INFO : 
2023/10/18 13:44:32 INFO : Epoch 270
2023/10/18 13:44:32 INFO : train_loss       0.05216
2023/10/18 13:44:32 INFO : train_acc       99.34211
2023/10/18 13:44:32 INFO : test_loss       2.57584
2023/10/18 13:44:32 INFO : test_acc       16.66667
2023/10/18 13:44:32 INFO : 
2023/10/18 13:45:18 INFO : Epoch 271
2023/10/18 13:45:18 INFO : train_loss       0.06065
2023/10/18 13:45:18 INFO : train_acc       100.00000
2023/10/18 13:45:18 INFO : test_loss       2.59076
2023/10/18 13:45:18 INFO : test_acc       13.33333
2023/10/18 13:45:18 INFO : 
2023/10/18 13:46:05 INFO : Epoch 272
2023/10/18 13:46:05 INFO : train_loss       0.04599
2023/10/18 13:46:05 INFO : train_acc       100.00000
2023/10/18 13:46:05 INFO : test_loss       2.63163
2023/10/18 13:46:05 INFO : test_acc       16.66667
2023/10/18 13:46:05 INFO : 
2023/10/18 13:46:52 INFO : Epoch 273
2023/10/18 13:46:52 INFO : train_loss       0.05471
2023/10/18 13:46:52 INFO : train_acc       99.45652
2023/10/18 13:46:52 INFO : test_loss       2.62681
2023/10/18 13:46:52 INFO : test_acc       16.66667
2023/10/18 13:46:52 INFO : 
2023/10/18 13:47:38 INFO : Epoch 274
2023/10/18 13:47:38 INFO : train_loss       0.04932
2023/10/18 13:47:38 INFO : train_acc       100.00000
2023/10/18 13:47:38 INFO : test_loss       2.71490
2023/10/18 13:47:38 INFO : test_acc       16.66667
2023/10/18 13:47:38 INFO : 
2023/10/18 13:48:25 INFO : Epoch 275
2023/10/18 13:48:25 INFO : train_loss       0.04732
2023/10/18 13:48:25 INFO : train_acc       100.00000
2023/10/18 13:48:25 INFO : test_loss       2.65582
2023/10/18 13:48:25 INFO : test_acc       15.00000
2023/10/18 13:48:25 INFO : 
2023/10/18 13:49:12 INFO : Epoch 276
2023/10/18 13:49:12 INFO : train_loss       0.05766
2023/10/18 13:49:12 INFO : train_acc       100.00000
2023/10/18 13:49:12 INFO : test_loss       2.58710
2023/10/18 13:49:12 INFO : test_acc       15.00000
2023/10/18 13:49:12 INFO : 
2023/10/18 13:49:59 INFO : Epoch 277
2023/10/18 13:49:59 INFO : train_loss       0.06040
2023/10/18 13:49:59 INFO : train_acc       99.45652
2023/10/18 13:49:59 INFO : test_loss       2.57568
2023/10/18 13:49:59 INFO : test_acc       20.00000
2023/10/18 13:49:59 INFO : 
2023/10/18 13:50:47 INFO : Epoch 278
2023/10/18 13:50:47 INFO : train_loss       0.07432
2023/10/18 13:50:47 INFO : train_acc       100.00000
2023/10/18 13:50:47 INFO : test_loss       2.59094
2023/10/18 13:50:47 INFO : test_acc       18.33333
2023/10/18 13:50:47 INFO : 
2023/10/18 13:51:34 INFO : Epoch 279
2023/10/18 13:51:34 INFO : train_loss       0.05092
2023/10/18 13:51:34 INFO : train_acc       98.91304
2023/10/18 13:51:34 INFO : test_loss       2.59904
2023/10/18 13:51:34 INFO : test_acc       16.66667
2023/10/18 13:51:34 INFO : 
2023/10/18 13:52:22 INFO : Epoch 280
2023/10/18 13:52:22 INFO : train_loss       0.06645
2023/10/18 13:52:22 INFO : train_acc       99.45652
2023/10/18 13:52:22 INFO : test_loss       2.61129
2023/10/18 13:52:22 INFO : test_acc       15.00000
2023/10/18 13:52:22 INFO : 
2023/10/18 13:53:09 INFO : Epoch 281
2023/10/18 13:53:09 INFO : train_loss       0.05523
2023/10/18 13:53:09 INFO : train_acc       100.00000
2023/10/18 13:53:09 INFO : test_loss       2.67099
2023/10/18 13:53:09 INFO : test_acc       20.00000
2023/10/18 13:53:09 INFO : 
2023/10/18 13:53:57 INFO : Epoch 282
2023/10/18 13:53:57 INFO : train_loss       0.08241
2023/10/18 13:53:57 INFO : train_acc       98.91304
2023/10/18 13:53:57 INFO : test_loss       2.63733
2023/10/18 13:53:57 INFO : test_acc       16.66667
2023/10/18 13:53:57 INFO : 
2023/10/18 13:54:44 INFO : Epoch 283
2023/10/18 13:54:44 INFO : train_loss       0.05258
2023/10/18 13:54:44 INFO : train_acc       98.91304
2023/10/18 13:54:44 INFO : test_loss       2.59296
2023/10/18 13:54:44 INFO : test_acc       16.66667
2023/10/18 13:54:44 INFO : 
2023/10/18 13:55:32 INFO : Epoch 284
2023/10/18 13:55:32 INFO : train_loss       0.06476
2023/10/18 13:55:32 INFO : train_acc       98.91304
2023/10/18 13:55:32 INFO : test_loss       2.62655
2023/10/18 13:55:32 INFO : test_acc       18.33333
2023/10/18 13:55:32 INFO : 
2023/10/18 13:56:19 INFO : Epoch 285
2023/10/18 13:56:19 INFO : train_loss       0.05415
2023/10/18 13:56:19 INFO : train_acc       100.00000
2023/10/18 13:56:19 INFO : test_loss       2.62867
2023/10/18 13:56:19 INFO : test_acc       18.33333
2023/10/18 13:56:19 INFO : 
2023/10/18 13:57:06 INFO : Epoch 286
2023/10/18 13:57:06 INFO : train_loss       0.06708
2023/10/18 13:57:06 INFO : train_acc       100.00000
2023/10/18 13:57:06 INFO : test_loss       2.62126
2023/10/18 13:57:06 INFO : test_acc       20.00000
2023/10/18 13:57:06 INFO : 
2023/10/18 13:57:54 INFO : Epoch 287
2023/10/18 13:57:54 INFO : train_loss       0.04778
2023/10/18 13:57:54 INFO : train_acc       100.00000
2023/10/18 13:57:54 INFO : test_loss       2.69960
2023/10/18 13:57:54 INFO : test_acc       18.33333
2023/10/18 13:57:54 INFO : 
2023/10/18 13:58:42 INFO : Epoch 288
2023/10/18 13:58:42 INFO : train_loss       0.05098
2023/10/18 13:58:42 INFO : train_acc       99.45652
2023/10/18 13:58:42 INFO : test_loss       2.62180
2023/10/18 13:58:42 INFO : test_acc       20.00000
2023/10/18 13:58:42 INFO : 
2023/10/18 13:59:29 INFO : Epoch 289
2023/10/18 13:59:29 INFO : train_loss       0.04563
2023/10/18 13:59:29 INFO : train_acc       100.00000
2023/10/18 13:59:29 INFO : test_loss       2.62106
2023/10/18 13:59:29 INFO : test_acc       21.66667
2023/10/18 13:59:29 INFO : 
2023/10/18 14:00:17 INFO : Epoch 290
2023/10/18 14:00:17 INFO : train_loss       0.05096
2023/10/18 14:00:17 INFO : train_acc       99.45652
2023/10/18 14:00:17 INFO : test_loss       2.62883
2023/10/18 14:00:17 INFO : test_acc       21.66667
2023/10/18 14:00:17 INFO : 
2023/10/18 14:01:04 INFO : Epoch 291
2023/10/18 14:01:04 INFO : train_loss       0.03627
2023/10/18 14:01:04 INFO : train_acc       100.00000
2023/10/18 14:01:04 INFO : test_loss       2.63444
2023/10/18 14:01:04 INFO : test_acc       20.00000
2023/10/18 14:01:04 INFO : 
2023/10/18 14:01:51 INFO : Epoch 292
2023/10/18 14:01:51 INFO : train_loss       0.04162
2023/10/18 14:01:51 INFO : train_acc       100.00000
2023/10/18 14:01:51 INFO : test_loss       2.59550
2023/10/18 14:01:51 INFO : test_acc       18.33333
2023/10/18 14:01:51 INFO : 
2023/10/18 14:02:39 INFO : Epoch 293
2023/10/18 14:02:39 INFO : train_loss       0.05952
2023/10/18 14:02:39 INFO : train_acc       99.45652
2023/10/18 14:02:39 INFO : test_loss       2.65030
2023/10/18 14:02:39 INFO : test_acc       16.66667
2023/10/18 14:02:39 INFO : 
2023/10/18 14:03:26 INFO : Epoch 294
2023/10/18 14:03:26 INFO : train_loss       0.05495
2023/10/18 14:03:26 INFO : train_acc       99.45652
2023/10/18 14:03:26 INFO : test_loss       2.64374
2023/10/18 14:03:26 INFO : test_acc       18.33333
2023/10/18 14:03:26 INFO : 
2023/10/18 14:04:14 INFO : Epoch 295
2023/10/18 14:04:14 INFO : train_loss       0.05427
2023/10/18 14:04:14 INFO : train_acc       100.00000
2023/10/18 14:04:14 INFO : test_loss       2.61605
2023/10/18 14:04:14 INFO : test_acc       18.33333
2023/10/18 14:04:14 INFO : 
2023/10/18 14:05:01 INFO : Epoch 296
2023/10/18 14:05:01 INFO : train_loss       0.04941
2023/10/18 14:05:01 INFO : train_acc       100.00000
2023/10/18 14:05:01 INFO : test_loss       2.59556
2023/10/18 14:05:01 INFO : test_acc       20.00000
2023/10/18 14:05:01 INFO : 
2023/10/18 14:05:49 INFO : Epoch 297
2023/10/18 14:05:49 INFO : train_loss       0.04706
2023/10/18 14:05:49 INFO : train_acc       100.00000
2023/10/18 14:05:49 INFO : test_loss       2.56732
2023/10/18 14:05:49 INFO : test_acc       20.00000
2023/10/18 14:05:49 INFO : 
2023/10/18 14:06:36 INFO : Epoch 298
2023/10/18 14:06:36 INFO : train_loss       0.04332
2023/10/18 14:06:36 INFO : train_acc       100.00000
2023/10/18 14:06:36 INFO : test_loss       2.52956
2023/10/18 14:06:36 INFO : test_acc       18.33333
2023/10/18 14:06:36 INFO : 
2023/10/18 14:07:24 INFO : Epoch 299
2023/10/18 14:07:24 INFO : train_loss       0.05221
2023/10/18 14:07:24 INFO : train_acc       100.00000
2023/10/18 14:07:24 INFO : test_loss       2.51380
2023/10/18 14:07:24 INFO : test_acc       18.33333
2023/10/18 14:07:24 INFO : 
2023/10/18 14:07:24 INFO : Best test acc 26.66667 
2023/10/18 14:07:24 INFO : mean acc of last 10 epochs 19.00000 
2023/10/18 14:07:24 INFO : std of last 10 epochs 1.33333 
2023/10/18 14:07:24 INFO : * * * * * * * * * * * * * * * * * * * * 
2023/10/18 14:07:24 INFO : Param again {'num_classes': 4, 'chans': 128, 'channel_depth1': 130, 'channel_depth2': 9, 'kernel': 75, 'depth': 9, 'pool_depth': 1, 'avepool': 25, 'avgpool_step1': 1}
2023/10/18 14:07:24 INFO : Done! Running time 65923.03311
