2023/09/26 14:42:12 INFO : ****************  LMDA for A03! ***************************
2023/09/26 14:44:43 INFO : ****************  LMDA for A03! ***************************
2023/09/26 17:35:13 INFO : ****************  LMDA for A03! ***************************
2023/09/26 17:50:30 INFO : ****************  LMDA for A03! ***************************
2023/09/26 18:02:39 INFO : ****************  LMDA for A03! ***************************
2023/09/28 08:56:59 INFO : ****************  LMDA for A03! ***************************
2023/09/28 09:06:39 INFO : ****************  LMDA for A03! ***************************
2023/09/28 09:07:21 INFO : ****************  LMDA for A03! ***************************
2023/09/28 09:07:29 INFO : {'channel_depth1': 24, 'channel_depth2': 9, 'kernel': 75, 'depth': 9, 'pool_depth': 1, 'avepool': 25, 'avgpool_step1': 1}
2023/09/28 09:07:30 INFO : =================================================================
Layer (type:depth-idx)                   Param #
=================================================================
\u251c\u2500Sequential: 1-1                        --
|    \u2514\u2500Conv2d: 2-1                       216
|    \u2514\u2500BatchNorm2d: 2-2                  48
|    \u2514\u2500Conv2d: 2-3                       1,800
|    \u2514\u2500BatchNorm2d: 2-4                  48
|    \u2514\u2500GELU: 2-5                         --
\u251c\u2500Sequential: 1-2                        --
|    \u2514\u2500Conv2d: 2-6                       216
|    \u2514\u2500BatchNorm2d: 2-7                  18
|    \u2514\u2500Conv2d: 2-8                       198
|    \u2514\u2500BatchNorm2d: 2-9                  18
|    \u2514\u2500GELU: 2-10                        --
\u251c\u2500Sequential: 1-3                        --
|    \u2514\u2500AvgPool3d: 2-11                   --
|    \u2514\u2500Dropout: 2-12                     --
\u251c\u2500EEGDepthAttention: 1-4                 --
|    \u2514\u2500AdaptiveAvgPool2d: 2-13           --
|    \u2514\u2500Conv2d: 2-14                      8
|    \u2514\u2500Softmax: 2-15                     --
\u251c\u2500Linear: 1-5                            1,516
=================================================================
Total params: 4,086
Trainable params: 4,086
Non-trainable params: 0
=================================================================
2023/09/28 09:07:31 INFO : ****** Run until first stop... ********
2023/09/28 09:07:31 INFO : Train size: 9
2023/09/28 09:07:31 INFO : Test size: 9
2023/09/28 09:12:56 INFO : ****************  LMDA for A03! ***************************
2023/09/28 09:12:58 INFO : {'channel_depth1': 24, 'channel_depth2': 9, 'kernel': 75, 'depth': 9, 'pool_depth': 1, 'avepool': 25, 'avgpool_step1': 1}
2023/09/28 09:12:59 INFO : =================================================================
Layer (type:depth-idx)                   Param #
=================================================================
\u251c\u2500Sequential: 1-1                        --
|    \u2514\u2500Conv2d: 2-1                       216
|    \u2514\u2500BatchNorm2d: 2-2                  48
|    \u2514\u2500Conv2d: 2-3                       1,800
|    \u2514\u2500BatchNorm2d: 2-4                  48
|    \u2514\u2500GELU: 2-5                         --
\u251c\u2500Sequential: 1-2                        --
|    \u2514\u2500Conv2d: 2-6                       216
|    \u2514\u2500BatchNorm2d: 2-7                  18
|    \u2514\u2500Conv2d: 2-8                       198
|    \u2514\u2500BatchNorm2d: 2-9                  18
|    \u2514\u2500GELU: 2-10                        --
\u251c\u2500Sequential: 1-3                        --
|    \u2514\u2500AvgPool3d: 2-11                   --
|    \u2514\u2500Dropout: 2-12                     --
\u251c\u2500EEGDepthAttention: 1-4                 --
|    \u2514\u2500AdaptiveAvgPool2d: 2-13           --
|    \u2514\u2500Conv2d: 2-14                      8
|    \u2514\u2500Softmax: 2-15                     --
\u251c\u2500Linear: 1-5                            1,516
=================================================================
Total params: 4,086
Trainable params: 4,086
Non-trainable params: 0
=================================================================
2023/09/28 09:12:59 INFO : ****** Run until first stop... ********
2023/09/28 09:12:59 INFO : Train size: 9
2023/09/28 09:12:59 INFO : Test size: 9
2023/09/28 09:13:21 INFO : New best test acc 0.000000
2023/09/28 09:16:05 INFO : ****************  LMDA for A03! ***************************
2023/09/28 09:16:08 INFO : {'channel_depth1': 24, 'channel_depth2': 9, 'kernel': 75, 'depth': 9, 'pool_depth': 1, 'avepool': 25, 'avgpool_step1': 1}
2023/09/28 09:16:09 INFO : =================================================================
Layer (type:depth-idx)                   Param #
=================================================================
\u251c\u2500Sequential: 1-1                        --
|    \u2514\u2500Conv2d: 2-1                       216
|    \u2514\u2500BatchNorm2d: 2-2                  48
|    \u2514\u2500Conv2d: 2-3                       1,800
|    \u2514\u2500BatchNorm2d: 2-4                  48
|    \u2514\u2500GELU: 2-5                         --
\u251c\u2500Sequential: 1-2                        --
|    \u2514\u2500Conv2d: 2-6                       216
|    \u2514\u2500BatchNorm2d: 2-7                  18
|    \u2514\u2500Conv2d: 2-8                       198
|    \u2514\u2500BatchNorm2d: 2-9                  18
|    \u2514\u2500GELU: 2-10                        --
\u251c\u2500Sequential: 1-3                        --
|    \u2514\u2500AvgPool3d: 2-11                   --
|    \u2514\u2500Dropout: 2-12                     --
\u251c\u2500EEGDepthAttention: 1-4                 --
|    \u2514\u2500AdaptiveAvgPool2d: 2-13           --
|    \u2514\u2500Conv2d: 2-14                      8
|    \u2514\u2500Softmax: 2-15                     --
\u251c\u2500Linear: 1-5                            1,516
=================================================================
Total params: 4,086
Trainable params: 4,086
Non-trainable params: 0
=================================================================
2023/09/28 09:16:09 INFO : ****** Run until first stop... ********
2023/09/28 09:16:09 INFO : Train size: 9
2023/09/28 09:16:09 INFO : Test size: 9
2023/09/28 09:17:04 INFO : New best test acc 0.000000
2023/09/28 09:17:04 INFO : Epoch 0
2023/09/28 09:17:32 INFO : ****************  LMDA for A03! ***************************
2023/09/28 09:17:34 INFO : {'channel_depth1': 24, 'channel_depth2': 9, 'kernel': 75, 'depth': 9, 'pool_depth': 1, 'avepool': 25, 'avgpool_step1': 1}
2023/09/28 09:17:34 INFO : =================================================================
Layer (type:depth-idx)                   Param #
=================================================================
\u251c\u2500Sequential: 1-1                        --
|    \u2514\u2500Conv2d: 2-1                       216
|    \u2514\u2500BatchNorm2d: 2-2                  48
|    \u2514\u2500Conv2d: 2-3                       1,800
|    \u2514\u2500BatchNorm2d: 2-4                  48
|    \u2514\u2500GELU: 2-5                         --
\u251c\u2500Sequential: 1-2                        --
|    \u2514\u2500Conv2d: 2-6                       216
|    \u2514\u2500BatchNorm2d: 2-7                  18
|    \u2514\u2500Conv2d: 2-8                       198
|    \u2514\u2500BatchNorm2d: 2-9                  18
|    \u2514\u2500GELU: 2-10                        --
\u251c\u2500Sequential: 1-3                        --
|    \u2514\u2500AvgPool3d: 2-11                   --
|    \u2514\u2500Dropout: 2-12                     --
\u251c\u2500EEGDepthAttention: 1-4                 --
|    \u2514\u2500AdaptiveAvgPool2d: 2-13           --
|    \u2514\u2500Conv2d: 2-14                      8
|    \u2514\u2500Softmax: 2-15                     --
\u251c\u2500Linear: 1-5                            1,516
=================================================================
Total params: 4,086
Trainable params: 4,086
Non-trainable params: 0
=================================================================
2023/09/28 09:17:34 INFO : ****** Run until first stop... ********
2023/09/28 09:17:34 INFO : Train size: 9
2023/09/28 09:17:34 INFO : Test size: 9
2023/09/28 09:17:54 INFO : New best test acc 0.000000
2023/09/28 09:17:54 INFO : Epoch 0
2023/09/28 09:17:54 INFO : train_loss       1.43440
2023/09/28 09:17:54 INFO : train_acc       25.69444
2023/09/28 09:17:54 INFO : test_loss       1.38003
2023/09/28 09:17:54 INFO : test_acc       0.00000
2023/09/28 09:17:54 INFO : 
2023/09/28 09:18:07 INFO : New best test acc 100.000000
2023/09/28 09:22:11 INFO : Epoch 20
2023/09/28 09:22:11 INFO : train_loss       0.69933
2023/09/28 09:22:11 INFO : train_acc       79.86111
2023/09/28 09:22:11 INFO : test_loss       1.36355
2023/09/28 09:22:11 INFO : test_acc       30.90278
2023/09/28 09:22:11 INFO : 
2023/09/28 09:26:30 INFO : Epoch 40
2023/09/28 09:26:30 INFO : train_loss       0.43681
2023/09/28 09:26:30 INFO : train_acc       90.62500
2023/09/28 09:26:30 INFO : test_loss       1.17624
2023/09/28 09:26:30 INFO : test_acc       48.26389
2023/09/28 09:26:30 INFO : 
2023/09/28 09:30:48 INFO : Epoch 60
2023/09/28 09:30:48 INFO : train_loss       0.33212
2023/09/28 09:30:48 INFO : train_acc       92.70833
2023/09/28 09:30:48 INFO : test_loss       1.35095
2023/09/28 09:30:48 INFO : test_acc       41.66667
2023/09/28 09:30:48 INFO : 
2023/09/28 09:34:48 INFO : Epoch 80
2023/09/28 09:34:48 INFO : train_loss       0.25526
2023/09/28 09:34:48 INFO : train_acc       94.79167
2023/09/28 09:34:48 INFO : test_loss       1.31924
2023/09/28 09:34:48 INFO : test_acc       43.40278
2023/09/28 09:34:48 INFO : 
2023/09/28 09:38:48 INFO : Epoch 100
2023/09/28 09:38:48 INFO : train_loss       0.27777
2023/09/28 09:38:48 INFO : train_acc       93.40278
2023/09/28 09:38:48 INFO : test_loss       1.25956
2023/09/28 09:38:48 INFO : test_acc       46.18056
2023/09/28 09:38:48 INFO : 
2023/09/28 09:42:47 INFO : Epoch 120
2023/09/28 09:42:47 INFO : train_loss       0.22712
2023/09/28 09:42:47 INFO : train_acc       93.40278
2023/09/28 09:42:47 INFO : test_loss       1.47283
2023/09/28 09:42:47 INFO : test_acc       38.54167
2023/09/28 09:42:47 INFO : 
2023/09/28 09:46:47 INFO : Epoch 140
2023/09/28 09:46:47 INFO : train_loss       0.19782
2023/09/28 09:46:47 INFO : train_acc       95.13889
2023/09/28 09:46:47 INFO : test_loss       1.12953
2023/09/28 09:46:47 INFO : test_acc       56.25000
2023/09/28 09:46:47 INFO : 
2023/09/28 09:50:47 INFO : Epoch 160
2023/09/28 09:50:47 INFO : train_loss       0.18400
2023/09/28 09:50:47 INFO : train_acc       96.87500
2023/09/28 09:50:47 INFO : test_loss       1.24411
2023/09/28 09:50:47 INFO : test_acc       50.69444
2023/09/28 09:50:47 INFO : 
2023/09/28 09:54:54 INFO : Epoch 180
2023/09/28 09:54:54 INFO : train_loss       0.19376
2023/09/28 09:54:54 INFO : train_acc       95.13889
2023/09/28 09:54:54 INFO : test_loss       1.61858
2023/09/28 09:54:54 INFO : test_acc       37.84722
2023/09/28 09:54:54 INFO : 
2023/09/28 09:59:03 INFO : Epoch 200
2023/09/28 09:59:03 INFO : train_loss       0.18430
2023/09/28 09:59:03 INFO : train_acc       95.48611
2023/09/28 09:59:03 INFO : test_loss       1.49995
2023/09/28 09:59:03 INFO : test_acc       42.36111
2023/09/28 09:59:03 INFO : 
2023/09/28 10:03:06 INFO : Epoch 220
2023/09/28 10:03:06 INFO : train_loss       0.15078
2023/09/28 10:03:06 INFO : train_acc       97.22222
2023/09/28 10:03:06 INFO : test_loss       1.49772
2023/09/28 10:03:06 INFO : test_acc       42.70833
2023/09/28 10:03:06 INFO : 
2023/09/28 10:07:06 INFO : Epoch 240
2023/09/28 10:07:06 INFO : train_loss       0.15149
2023/09/28 10:07:06 INFO : train_acc       96.87500
2023/09/28 10:07:06 INFO : test_loss       1.18144
2023/09/28 10:07:06 INFO : test_acc       57.29167
2023/09/28 10:07:06 INFO : 
2023/09/28 10:09:17 INFO : Epoch 251
2023/09/28 10:09:17 INFO : train_loss       0.13777
2023/09/28 10:09:17 INFO : train_acc       97.91667
2023/09/28 10:09:17 INFO : test_loss       1.58062
2023/09/28 10:09:17 INFO : test_acc       39.58333
2023/09/28 10:09:17 INFO : 
2023/09/28 10:09:29 INFO : Epoch 252
2023/09/28 10:09:29 INFO : train_loss       0.14221
2023/09/28 10:09:29 INFO : train_acc       97.56944
2023/09/28 10:09:29 INFO : test_loss       1.26248
2023/09/28 10:09:29 INFO : test_acc       53.81944
2023/09/28 10:09:29 INFO : 
2023/09/28 10:09:41 INFO : Epoch 253
2023/09/28 10:09:41 INFO : train_loss       0.13236
2023/09/28 10:09:41 INFO : train_acc       97.56944
2023/09/28 10:09:41 INFO : test_loss       1.28449
2023/09/28 10:09:41 INFO : test_acc       51.38889
2023/09/28 10:09:41 INFO : 
2023/09/28 10:09:53 INFO : Epoch 254
2023/09/28 10:09:53 INFO : train_loss       0.15927
2023/09/28 10:09:53 INFO : train_acc       96.52778
2023/09/28 10:09:53 INFO : test_loss       1.32458
2023/09/28 10:09:53 INFO : test_acc       51.38889
2023/09/28 10:09:53 INFO : 
2023/09/28 10:10:05 INFO : Epoch 255
2023/09/28 10:10:05 INFO : train_loss       0.16626
2023/09/28 10:10:05 INFO : train_acc       95.13889
2023/09/28 10:10:05 INFO : test_loss       1.35870
2023/09/28 10:10:05 INFO : test_acc       49.65278
2023/09/28 10:10:05 INFO : 
2023/09/28 10:10:17 INFO : Epoch 256
2023/09/28 10:10:17 INFO : train_loss       0.16785
2023/09/28 10:10:17 INFO : train_acc       95.48611
2023/09/28 10:10:17 INFO : test_loss       1.68660
2023/09/28 10:10:17 INFO : test_acc       40.97222
2023/09/28 10:10:17 INFO : 
2023/09/28 10:10:29 INFO : Epoch 257
2023/09/28 10:10:29 INFO : train_loss       0.14573
2023/09/28 10:10:29 INFO : train_acc       95.83333
2023/09/28 10:10:29 INFO : test_loss       1.14506
2023/09/28 10:10:29 INFO : test_acc       61.80556
2023/09/28 10:10:29 INFO : 
2023/09/28 10:10:41 INFO : Epoch 258
2023/09/28 10:10:41 INFO : train_loss       0.17517
2023/09/28 10:10:41 INFO : train_acc       95.13889
2023/09/28 10:10:41 INFO : test_loss       1.18950
2023/09/28 10:10:41 INFO : test_acc       58.68056
2023/09/28 10:10:41 INFO : 
2023/09/28 10:10:53 INFO : Epoch 259
2023/09/28 10:10:53 INFO : train_loss       0.13532
2023/09/28 10:10:53 INFO : train_acc       97.22222
2023/09/28 10:10:53 INFO : test_loss       1.17131
2023/09/28 10:10:53 INFO : test_acc       59.72222
2023/09/28 10:10:53 INFO : 
2023/09/28 10:11:05 INFO : Epoch 260
2023/09/28 10:11:05 INFO : train_loss       0.13933
2023/09/28 10:11:05 INFO : train_acc       96.52778
2023/09/28 10:11:05 INFO : test_loss       1.46885
2023/09/28 10:11:05 INFO : test_acc       46.52778
2023/09/28 10:11:05 INFO : 
2023/09/28 10:11:17 INFO : Epoch 261
2023/09/28 10:11:17 INFO : train_loss       0.14024
2023/09/28 10:11:17 INFO : train_acc       97.22222
2023/09/28 10:11:17 INFO : test_loss       1.62797
2023/09/28 10:11:17 INFO : test_acc       40.62500
2023/09/28 10:11:17 INFO : 
2023/09/28 10:11:29 INFO : Epoch 262
2023/09/28 10:11:29 INFO : train_loss       0.14689
2023/09/28 10:11:29 INFO : train_acc       97.91667
2023/09/28 10:11:29 INFO : test_loss       1.58792
2023/09/28 10:11:29 INFO : test_acc       43.40278
2023/09/28 10:11:29 INFO : 
2023/09/28 10:11:41 INFO : Epoch 263
2023/09/28 10:11:41 INFO : train_loss       0.12471
2023/09/28 10:11:41 INFO : train_acc       97.91667
2023/09/28 10:11:41 INFO : test_loss       1.46036
2023/09/28 10:11:41 INFO : test_acc       46.87500
2023/09/28 10:11:41 INFO : 
2023/09/28 10:11:52 INFO : Epoch 264
2023/09/28 10:11:52 INFO : train_loss       0.16563
2023/09/28 10:11:52 INFO : train_acc       96.18056
2023/09/28 10:11:52 INFO : test_loss       1.37417
2023/09/28 10:11:52 INFO : test_acc       50.00000
2023/09/28 10:11:52 INFO : 
2023/09/28 10:12:04 INFO : Epoch 265
2023/09/28 10:12:04 INFO : train_loss       0.13992
2023/09/28 10:12:04 INFO : train_acc       97.22222
2023/09/28 10:12:04 INFO : test_loss       1.23060
2023/09/28 10:12:04 INFO : test_acc       54.86111
2023/09/28 10:12:04 INFO : 
2023/09/28 10:12:16 INFO : Epoch 266
2023/09/28 10:12:16 INFO : train_loss       0.12907
2023/09/28 10:12:16 INFO : train_acc       97.56944
2023/09/28 10:12:16 INFO : test_loss       1.46255
2023/09/28 10:12:16 INFO : test_acc       45.83333
2023/09/28 10:12:16 INFO : 
2023/09/28 10:12:28 INFO : Epoch 267
2023/09/28 10:12:28 INFO : train_loss       0.14782
2023/09/28 10:12:28 INFO : train_acc       97.22222
2023/09/28 10:12:28 INFO : test_loss       1.25922
2023/09/28 10:12:28 INFO : test_acc       54.51389
2023/09/28 10:12:28 INFO : 
2023/09/28 10:12:40 INFO : Epoch 268
2023/09/28 10:12:40 INFO : train_loss       0.12683
2023/09/28 10:12:40 INFO : train_acc       97.91667
2023/09/28 10:12:40 INFO : test_loss       1.38081
2023/09/28 10:12:40 INFO : test_acc       49.30556
2023/09/28 10:12:40 INFO : 
2023/09/28 10:12:52 INFO : Epoch 269
2023/09/28 10:12:52 INFO : train_loss       0.12742
2023/09/28 10:12:52 INFO : train_acc       96.52778
2023/09/28 10:12:52 INFO : test_loss       1.48712
2023/09/28 10:12:52 INFO : test_acc       44.44444
2023/09/28 10:12:52 INFO : 
2023/09/28 10:13:04 INFO : Epoch 270
2023/09/28 10:13:04 INFO : train_loss       0.14532
2023/09/28 10:13:04 INFO : train_acc       96.18056
2023/09/28 10:13:04 INFO : test_loss       1.29342
2023/09/28 10:13:04 INFO : test_acc       53.47222
2023/09/28 10:13:04 INFO : 
2023/09/28 10:13:16 INFO : Epoch 271
2023/09/28 10:13:16 INFO : train_loss       0.13690
2023/09/28 10:13:16 INFO : train_acc       97.56944
2023/09/28 10:13:16 INFO : test_loss       1.24899
2023/09/28 10:13:16 INFO : test_acc       54.86111
2023/09/28 10:13:16 INFO : 
2023/09/28 10:13:28 INFO : Epoch 272
2023/09/28 10:13:28 INFO : train_loss       0.16092
2023/09/28 10:13:28 INFO : train_acc       94.09722
2023/09/28 10:13:28 INFO : test_loss       1.44974
2023/09/28 10:13:28 INFO : test_acc       48.26389
2023/09/28 10:13:28 INFO : 
2023/09/28 10:13:40 INFO : Epoch 273
2023/09/28 10:13:40 INFO : train_loss       0.13235
2023/09/28 10:13:40 INFO : train_acc       97.22222
2023/09/28 10:13:40 INFO : test_loss       1.61670
2023/09/28 10:13:40 INFO : test_acc       41.31944
2023/09/28 10:13:40 INFO : 
2023/09/28 10:13:52 INFO : Epoch 274
2023/09/28 10:13:52 INFO : train_loss       0.13003
2023/09/28 10:13:52 INFO : train_acc       97.91667
2023/09/28 10:13:52 INFO : test_loss       1.39090
2023/09/28 10:13:52 INFO : test_acc       48.26389
2023/09/28 10:13:52 INFO : 
2023/09/28 10:14:04 INFO : Epoch 275
2023/09/28 10:14:04 INFO : train_loss       0.12515
2023/09/28 10:14:04 INFO : train_acc       98.95833
2023/09/28 10:14:04 INFO : test_loss       1.51802
2023/09/28 10:14:04 INFO : test_acc       44.44444
2023/09/28 10:14:04 INFO : 
2023/09/28 10:14:16 INFO : Epoch 276
2023/09/28 10:14:16 INFO : train_loss       0.14607
2023/09/28 10:14:16 INFO : train_acc       96.52778
2023/09/28 10:14:16 INFO : test_loss       1.76497
2023/09/28 10:14:16 INFO : test_acc       37.50000
2023/09/28 10:14:16 INFO : 
2023/09/28 10:14:28 INFO : Epoch 277
2023/09/28 10:14:28 INFO : train_loss       0.15754
2023/09/28 10:14:28 INFO : train_acc       96.18056
2023/09/28 10:14:28 INFO : test_loss       1.20294
2023/09/28 10:14:28 INFO : test_acc       56.25000
2023/09/28 10:14:28 INFO : 
2023/09/28 10:14:40 INFO : Epoch 278
2023/09/28 10:14:40 INFO : train_loss       0.12255
2023/09/28 10:14:40 INFO : train_acc       97.91667
2023/09/28 10:14:40 INFO : test_loss       1.14579
2023/09/28 10:14:40 INFO : test_acc       60.41667
2023/09/28 10:14:40 INFO : 
2023/09/28 10:14:52 INFO : Epoch 279
2023/09/28 10:14:52 INFO : train_loss       0.15548
2023/09/28 10:14:52 INFO : train_acc       96.18056
2023/09/28 10:14:52 INFO : test_loss       1.54723
2023/09/28 10:14:52 INFO : test_acc       44.09722
2023/09/28 10:14:52 INFO : 
2023/09/28 10:15:04 INFO : Epoch 280
2023/09/28 10:15:04 INFO : train_loss       0.14603
2023/09/28 10:15:04 INFO : train_acc       95.83333
2023/09/28 10:15:04 INFO : test_loss       1.56355
2023/09/28 10:15:04 INFO : test_acc       45.83333
2023/09/28 10:15:04 INFO : 
2023/09/28 10:15:16 INFO : Epoch 281
2023/09/28 10:15:16 INFO : train_loss       0.16544
2023/09/28 10:15:16 INFO : train_acc       95.83333
2023/09/28 10:15:16 INFO : test_loss       1.61443
2023/09/28 10:15:16 INFO : test_acc       40.62500
2023/09/28 10:15:16 INFO : 
2023/09/28 10:15:27 INFO : Epoch 282
2023/09/28 10:15:27 INFO : train_loss       0.13655
2023/09/28 10:15:27 INFO : train_acc       97.22222
2023/09/28 10:15:27 INFO : test_loss       1.45099
2023/09/28 10:15:27 INFO : test_acc       47.91667
2023/09/28 10:15:27 INFO : 
2023/09/28 10:15:39 INFO : Epoch 283
2023/09/28 10:15:39 INFO : train_loss       0.15012
2023/09/28 10:15:39 INFO : train_acc       95.83333
2023/09/28 10:15:39 INFO : test_loss       1.45958
2023/09/28 10:15:39 INFO : test_acc       46.87500
2023/09/28 10:15:39 INFO : 
2023/09/28 10:15:51 INFO : Epoch 284
2023/09/28 10:15:51 INFO : train_loss       0.15152
2023/09/28 10:15:51 INFO : train_acc       94.79167
2023/09/28 10:15:51 INFO : test_loss       1.38667
2023/09/28 10:15:51 INFO : test_acc       52.43056
2023/09/28 10:15:51 INFO : 
2023/09/28 10:16:03 INFO : Epoch 285
2023/09/28 10:16:03 INFO : train_loss       0.13444
2023/09/28 10:16:03 INFO : train_acc       96.87500
2023/09/28 10:16:03 INFO : test_loss       1.38579
2023/09/28 10:16:03 INFO : test_acc       51.04167
2023/09/28 10:16:03 INFO : 
2023/09/28 10:16:15 INFO : Epoch 286
2023/09/28 10:16:15 INFO : train_loss       0.13820
2023/09/28 10:16:15 INFO : train_acc       96.18056
2023/09/28 10:16:15 INFO : test_loss       1.66870
2023/09/28 10:16:15 INFO : test_acc       41.31944
2023/09/28 10:16:15 INFO : 
2023/09/28 10:16:27 INFO : Epoch 287
2023/09/28 10:16:27 INFO : train_loss       0.13708
2023/09/28 10:16:27 INFO : train_acc       97.91667
2023/09/28 10:16:27 INFO : test_loss       1.52878
2023/09/28 10:16:27 INFO : test_acc       44.09722
2023/09/28 10:16:27 INFO : 
2023/09/28 10:16:39 INFO : Epoch 288
2023/09/28 10:16:39 INFO : train_loss       0.13072
2023/09/28 10:16:39 INFO : train_acc       97.56944
2023/09/28 10:16:39 INFO : test_loss       1.62882
2023/09/28 10:16:39 INFO : test_acc       42.36111
2023/09/28 10:16:39 INFO : 
2023/09/28 10:16:51 INFO : Epoch 289
2023/09/28 10:16:51 INFO : train_loss       0.13109
2023/09/28 10:16:51 INFO : train_acc       97.22222
2023/09/28 10:16:51 INFO : test_loss       1.61553
2023/09/28 10:16:51 INFO : test_acc       40.97222
2023/09/28 10:16:51 INFO : 
2023/09/28 10:17:03 INFO : Epoch 290
2023/09/28 10:17:03 INFO : train_loss       0.14371
2023/09/28 10:17:03 INFO : train_acc       97.56944
2023/09/28 10:17:03 INFO : test_loss       1.56916
2023/09/28 10:17:03 INFO : test_acc       42.36111
2023/09/28 10:17:03 INFO : 
2023/09/28 10:17:15 INFO : Epoch 291
2023/09/28 10:17:15 INFO : train_loss       0.12266
2023/09/28 10:17:15 INFO : train_acc       98.61111
2023/09/28 10:17:15 INFO : test_loss       1.65516
2023/09/28 10:17:15 INFO : test_acc       40.62500
2023/09/28 10:17:15 INFO : 
2023/09/28 10:17:27 INFO : Epoch 292
2023/09/28 10:17:27 INFO : train_loss       0.13681
2023/09/28 10:17:27 INFO : train_acc       97.22222
2023/09/28 10:17:27 INFO : test_loss       1.68272
2023/09/28 10:17:27 INFO : test_acc       38.88889
2023/09/28 10:17:27 INFO : 
2023/09/28 10:17:39 INFO : Epoch 293
2023/09/28 10:17:39 INFO : train_loss       0.12943
2023/09/28 10:17:39 INFO : train_acc       97.56944
2023/09/28 10:17:39 INFO : test_loss       1.60184
2023/09/28 10:17:39 INFO : test_acc       43.75000
2023/09/28 10:17:39 INFO : 
2023/09/28 10:17:51 INFO : Epoch 294
2023/09/28 10:17:51 INFO : train_loss       0.11300
2023/09/28 10:17:51 INFO : train_acc       97.91667
2023/09/28 10:17:51 INFO : test_loss       1.49485
2023/09/28 10:17:51 INFO : test_acc       46.52778
2023/09/28 10:17:51 INFO : 
2023/09/28 10:18:03 INFO : Epoch 295
2023/09/28 10:18:03 INFO : train_loss       0.13481
2023/09/28 10:18:03 INFO : train_acc       97.91667
2023/09/28 10:18:03 INFO : test_loss       1.64688
2023/09/28 10:18:03 INFO : test_acc       40.62500
2023/09/28 10:18:03 INFO : 
2023/09/28 10:18:15 INFO : Epoch 296
2023/09/28 10:18:15 INFO : train_loss       0.13950
2023/09/28 10:18:15 INFO : train_acc       95.83333
2023/09/28 10:18:15 INFO : test_loss       1.57117
2023/09/28 10:18:15 INFO : test_acc       43.75000
2023/09/28 10:18:15 INFO : 
2023/09/28 10:18:27 INFO : Epoch 297
2023/09/28 10:18:27 INFO : train_loss       0.12212
2023/09/28 10:18:27 INFO : train_acc       97.22222
2023/09/28 10:18:27 INFO : test_loss       1.51534
2023/09/28 10:18:27 INFO : test_acc       44.79167
2023/09/28 10:18:27 INFO : 
2023/09/28 10:18:39 INFO : Epoch 298
2023/09/28 10:18:39 INFO : train_loss       0.15012
2023/09/28 10:18:39 INFO : train_acc       96.52778
2023/09/28 10:18:39 INFO : test_loss       1.18004
2023/09/28 10:18:39 INFO : test_acc       58.33333
2023/09/28 10:18:39 INFO : 
2023/09/28 10:18:50 INFO : Epoch 299
2023/09/28 10:18:50 INFO : train_loss       0.12799
2023/09/28 10:18:50 INFO : train_acc       97.22222
2023/09/28 10:18:50 INFO : test_loss       1.17002
2023/09/28 10:18:50 INFO : test_acc       59.02778
2023/09/28 10:18:50 INFO : 
2023/09/28 10:18:51 INFO : Best test acc 100.00000 
2023/09/28 10:18:51 INFO : mean acc of last 10 epochs 45.86806 
2023/09/28 10:18:51 INFO : std of last 10 epochs 6.74622 
2023/09/28 10:49:12 INFO : ****************  LMDA for A03! ***************************
2023/09/28 10:49:14 INFO : {'channel_depth1': 24, 'channel_depth2': 9, 'kernel': 75, 'depth': 9, 'pool_depth': 1, 'avepool': 25, 'avgpool_step1': 1}
2023/09/28 10:49:14 INFO : =================================================================
Layer (type:depth-idx)                   Param #
=================================================================
\u251c\u2500Sequential: 1-1                        --
|    \u2514\u2500Conv2d: 2-1                       216
|    \u2514\u2500BatchNorm2d: 2-2                  48
|    \u2514\u2500Conv2d: 2-3                       1,800
|    \u2514\u2500BatchNorm2d: 2-4                  48
|    \u2514\u2500GELU: 2-5                         --
\u251c\u2500Sequential: 1-2                        --
|    \u2514\u2500Conv2d: 2-6                       216
|    \u2514\u2500BatchNorm2d: 2-7                  18
|    \u2514\u2500Conv2d: 2-8                       198
|    \u2514\u2500BatchNorm2d: 2-9                  18
|    \u2514\u2500GELU: 2-10                        --
\u251c\u2500Sequential: 1-3                        --
|    \u2514\u2500AvgPool3d: 2-11                   --
|    \u2514\u2500Dropout: 2-12                     --
\u251c\u2500EEGDepthAttention: 1-4                 --
|    \u2514\u2500AdaptiveAvgPool2d: 2-13           --
|    \u2514\u2500Conv2d: 2-14                      8
|    \u2514\u2500Softmax: 2-15                     --
\u251c\u2500Linear: 1-5                            1,516
=================================================================
Total params: 4,086
Trainable params: 4,086
Non-trainable params: 0
=================================================================
2023/09/28 10:49:14 INFO : ****** Run until first stop... ********
2023/09/28 10:49:14 INFO : Train size: 9
2023/09/28 10:49:14 INFO : Test size: 9
2023/09/28 10:49:42 INFO : New best test acc 0.000000
2023/09/28 10:49:42 INFO : Epoch 0
2023/09/28 10:49:42 INFO : train_loss       1.43440
2023/09/28 10:49:42 INFO : train_acc       25.69444
2023/09/28 10:49:42 INFO : test_loss       1.38003
2023/09/28 10:49:42 INFO : test_acc       0.00000
2023/09/28 10:49:42 INFO : 
2023/09/28 10:49:59 INFO : New best test acc 100.000000
2023/09/28 10:53:52 INFO : Epoch 20
2023/09/28 10:53:52 INFO : train_loss       0.69933
2023/09/28 10:53:52 INFO : train_acc       79.86111
2023/09/28 10:53:52 INFO : test_loss       1.36612
2023/09/28 10:53:52 INFO : test_acc       30.90278
2023/09/28 10:53:52 INFO : 
2023/09/28 10:57:51 INFO : Epoch 40
2023/09/28 10:57:51 INFO : train_loss       0.43681
2023/09/28 10:57:51 INFO : train_acc       90.62500
2023/09/28 10:57:51 INFO : test_loss       1.17632
2023/09/28 10:57:51 INFO : test_acc       48.26389
2023/09/28 10:57:51 INFO : 
2023/09/28 11:01:57 INFO : Epoch 60
2023/09/28 11:01:57 INFO : train_loss       0.33212
2023/09/28 11:01:57 INFO : train_acc       92.70833
2023/09/28 11:01:57 INFO : test_loss       1.35119
2023/09/28 11:01:57 INFO : test_acc       41.66667
2023/09/28 11:01:57 INFO : 
2023/09/28 11:05:55 INFO : Epoch 80
2023/09/28 11:05:55 INFO : train_loss       0.25526
2023/09/28 11:05:55 INFO : train_acc       94.79167
2023/09/28 11:05:55 INFO : test_loss       1.31949
2023/09/28 11:05:55 INFO : test_acc       43.40278
2023/09/28 11:05:55 INFO : 
2023/09/28 11:09:55 INFO : Epoch 100
2023/09/28 11:09:55 INFO : train_loss       0.27777
2023/09/28 11:09:55 INFO : train_acc       93.40278
2023/09/28 11:09:55 INFO : test_loss       1.26275
2023/09/28 11:09:55 INFO : test_acc       46.18056
2023/09/28 11:09:55 INFO : 
2023/09/28 11:13:59 INFO : Epoch 120
2023/09/28 11:13:59 INFO : train_loss       0.22712
2023/09/28 11:13:59 INFO : train_acc       93.40278
2023/09/28 11:13:59 INFO : test_loss       1.47274
2023/09/28 11:13:59 INFO : test_acc       38.54167
2023/09/28 11:13:59 INFO : 
2023/09/28 11:17:59 INFO : Epoch 140
2023/09/28 11:17:59 INFO : train_loss       0.19782
2023/09/28 11:17:59 INFO : train_acc       95.13889
2023/09/28 11:17:59 INFO : test_loss       1.13100
2023/09/28 11:17:59 INFO : test_acc       56.25000
2023/09/28 11:17:59 INFO : 
2023/09/28 11:21:57 INFO : Epoch 160
2023/09/28 11:21:57 INFO : train_loss       0.18400
2023/09/28 11:21:57 INFO : train_acc       96.87500
2023/09/28 11:21:57 INFO : test_loss       1.24561
2023/09/28 11:21:57 INFO : test_acc       50.69444
2023/09/28 11:21:57 INFO : 
2023/09/28 11:26:48 INFO : Epoch 180
2023/09/28 11:26:48 INFO : train_loss       0.19376
2023/09/28 11:26:48 INFO : train_acc       95.13889
2023/09/28 11:26:48 INFO : test_loss       1.61788
2023/09/28 11:26:48 INFO : test_acc       38.19444
2023/09/28 11:26:48 INFO : 
2023/09/28 11:31:36 INFO : Epoch 200
2023/09/28 11:31:36 INFO : train_loss       0.18430
2023/09/28 11:31:36 INFO : train_acc       95.48611
2023/09/28 11:31:36 INFO : test_loss       1.50215
2023/09/28 11:31:36 INFO : test_acc       42.36111
2023/09/28 11:31:36 INFO : 
2023/09/28 11:36:54 INFO : Epoch 220
2023/09/28 11:36:54 INFO : train_loss       0.15078
2023/09/28 11:36:54 INFO : train_acc       97.22222
2023/09/28 11:36:54 INFO : test_loss       1.49577
2023/09/28 11:36:54 INFO : test_acc       43.05556
2023/09/28 11:36:54 INFO : 
2023/09/28 11:42:21 INFO : Epoch 240
2023/09/28 11:42:21 INFO : train_loss       0.15149
2023/09/28 11:42:21 INFO : train_acc       96.87500
2023/09/28 11:42:21 INFO : test_loss       1.17826
2023/09/28 11:42:21 INFO : test_acc       57.29167
2023/09/28 11:42:21 INFO : 
2023/09/28 11:44:35 INFO : Epoch 251
2023/09/28 11:44:35 INFO : train_loss       0.13777
2023/09/28 11:44:35 INFO : train_acc       97.91667
2023/09/28 11:44:35 INFO : test_loss       1.58224
2023/09/28 11:44:35 INFO : test_acc       39.58333
2023/09/28 11:44:35 INFO : 
2023/09/28 11:44:47 INFO : Epoch 252
2023/09/28 11:44:47 INFO : train_loss       0.14221
2023/09/28 11:44:47 INFO : train_acc       97.56944
2023/09/28 11:44:47 INFO : test_loss       1.26593
2023/09/28 11:44:47 INFO : test_acc       53.81944
2023/09/28 11:44:47 INFO : 
2023/09/28 11:44:59 INFO : Epoch 253
2023/09/28 11:44:59 INFO : train_loss       0.13236
2023/09/28 11:44:59 INFO : train_acc       97.56944
2023/09/28 11:44:59 INFO : test_loss       1.28778
2023/09/28 11:44:59 INFO : test_acc       51.38889
2023/09/28 11:44:59 INFO : 
2023/09/28 11:45:11 INFO : Epoch 254
2023/09/28 11:45:11 INFO : train_loss       0.15927
2023/09/28 11:45:11 INFO : train_acc       96.52778
2023/09/28 11:45:11 INFO : test_loss       1.32657
2023/09/28 11:45:11 INFO : test_acc       51.38889
2023/09/28 11:45:11 INFO : 
2023/09/28 11:45:25 INFO : Epoch 255
2023/09/28 11:45:25 INFO : train_loss       0.16626
2023/09/28 11:45:25 INFO : train_acc       95.13889
2023/09/28 11:45:25 INFO : test_loss       1.36091
2023/09/28 11:45:25 INFO : test_acc       49.30556
2023/09/28 11:45:25 INFO : 
2023/09/28 11:45:41 INFO : Epoch 256
2023/09/28 11:45:41 INFO : train_loss       0.16785
2023/09/28 11:45:41 INFO : train_acc       95.48611
2023/09/28 11:45:41 INFO : test_loss       1.68741
2023/09/28 11:45:41 INFO : test_acc       40.62500
2023/09/28 11:45:41 INFO : 
2023/09/28 11:45:55 INFO : Epoch 257
2023/09/28 11:45:55 INFO : train_loss       0.14573
2023/09/28 11:45:55 INFO : train_acc       95.83333
2023/09/28 11:45:55 INFO : test_loss       1.14548
2023/09/28 11:45:55 INFO : test_acc       61.80556
2023/09/28 11:45:55 INFO : 
2023/09/28 11:46:09 INFO : Epoch 258
2023/09/28 11:46:09 INFO : train_loss       0.17517
2023/09/28 11:46:09 INFO : train_acc       95.13889
2023/09/28 11:46:09 INFO : test_loss       1.19134
2023/09/28 11:46:09 INFO : test_acc       58.33333
2023/09/28 11:46:09 INFO : 
2023/09/28 11:46:41 INFO : Epoch 259
2023/09/28 11:46:41 INFO : train_loss       0.13532
2023/09/28 11:46:41 INFO : train_acc       97.22222
2023/09/28 11:46:41 INFO : test_loss       1.17388
2023/09/28 11:46:41 INFO : test_acc       59.02778
2023/09/28 11:46:41 INFO : 
2023/09/28 11:47:04 INFO : Epoch 260
2023/09/28 11:47:04 INFO : train_loss       0.13933
2023/09/28 11:47:04 INFO : train_acc       96.52778
2023/09/28 11:47:04 INFO : test_loss       1.47024
2023/09/28 11:47:04 INFO : test_acc       47.22222
2023/09/28 11:47:04 INFO : 
2023/09/28 11:47:22 INFO : Epoch 261
2023/09/28 11:47:22 INFO : train_loss       0.14024
2023/09/28 11:47:22 INFO : train_acc       97.22222
2023/09/28 11:47:22 INFO : test_loss       1.63022
2023/09/28 11:47:22 INFO : test_acc       40.62500
2023/09/28 11:47:22 INFO : 
2023/09/28 11:47:34 INFO : Epoch 262
2023/09/28 11:47:34 INFO : train_loss       0.14689
2023/09/28 11:47:34 INFO : train_acc       97.91667
2023/09/28 11:47:34 INFO : test_loss       1.58903
2023/09/28 11:47:34 INFO : test_acc       43.40278
2023/09/28 11:47:34 INFO : 
2023/09/28 11:47:51 INFO : Epoch 263
2023/09/28 11:47:51 INFO : train_loss       0.12471
2023/09/28 11:47:51 INFO : train_acc       97.91667
2023/09/28 11:47:51 INFO : test_loss       1.46515
2023/09/28 11:47:51 INFO : test_acc       46.18056
2023/09/28 11:47:51 INFO : 
2023/09/28 11:48:19 INFO : Epoch 264
2023/09/28 11:48:19 INFO : train_loss       0.16563
2023/09/28 11:48:19 INFO : train_acc       96.18056
2023/09/28 11:48:19 INFO : test_loss       1.37834
2023/09/28 11:48:19 INFO : test_acc       49.30556
2023/09/28 11:48:19 INFO : 
2023/09/28 11:48:33 INFO : Epoch 265
2023/09/28 11:48:33 INFO : train_loss       0.13992
2023/09/28 11:48:33 INFO : train_acc       97.22222
2023/09/28 11:48:33 INFO : test_loss       1.23789
2023/09/28 11:48:33 INFO : test_acc       54.86111
2023/09/28 11:48:33 INFO : 
2023/09/28 11:48:47 INFO : Epoch 266
2023/09/28 11:48:47 INFO : train_loss       0.12907
2023/09/28 11:48:47 INFO : train_acc       97.56944
2023/09/28 11:48:47 INFO : test_loss       1.46912
2023/09/28 11:48:47 INFO : test_acc       45.83333
2023/09/28 11:48:47 INFO : 
2023/09/28 11:49:01 INFO : Epoch 267
2023/09/28 11:49:01 INFO : train_loss       0.14782
2023/09/28 11:49:01 INFO : train_acc       97.22222
2023/09/28 11:49:01 INFO : test_loss       1.25884
2023/09/28 11:49:01 INFO : test_acc       54.51389
2023/09/28 11:49:01 INFO : 
2023/09/28 11:49:16 INFO : Epoch 268
2023/09/28 11:49:16 INFO : train_loss       0.12683
2023/09/28 11:49:16 INFO : train_acc       97.91667
2023/09/28 11:49:16 INFO : test_loss       1.37803
2023/09/28 11:49:16 INFO : test_acc       49.30556
2023/09/28 11:49:16 INFO : 
2023/09/28 11:49:30 INFO : Epoch 269
2023/09/28 11:49:30 INFO : train_loss       0.12742
2023/09/28 11:49:30 INFO : train_acc       96.52778
2023/09/28 11:49:30 INFO : test_loss       1.48473
2023/09/28 11:49:30 INFO : test_acc       44.79167
2023/09/28 11:49:30 INFO : 
2023/09/28 11:49:43 INFO : Epoch 270
2023/09/28 11:49:43 INFO : train_loss       0.14532
2023/09/28 11:49:43 INFO : train_acc       96.18056
2023/09/28 11:49:43 INFO : test_loss       1.29122
2023/09/28 11:49:43 INFO : test_acc       53.47222
2023/09/28 11:49:43 INFO : 
2023/09/28 11:49:55 INFO : Epoch 271
2023/09/28 11:49:55 INFO : train_loss       0.13690
2023/09/28 11:49:55 INFO : train_acc       97.56944
2023/09/28 11:49:55 INFO : test_loss       1.24986
2023/09/28 11:49:55 INFO : test_acc       55.20833
2023/09/28 11:49:55 INFO : 
2023/09/28 11:50:07 INFO : Epoch 272
2023/09/28 11:50:07 INFO : train_loss       0.16092
2023/09/28 11:50:07 INFO : train_acc       94.09722
2023/09/28 11:50:07 INFO : test_loss       1.45174
2023/09/28 11:50:07 INFO : test_acc       48.26389
2023/09/28 11:50:07 INFO : 
2023/09/28 11:50:19 INFO : Epoch 273
2023/09/28 11:50:19 INFO : train_loss       0.13235
2023/09/28 11:50:19 INFO : train_acc       97.22222
2023/09/28 11:50:19 INFO : test_loss       1.61741
2023/09/28 11:50:19 INFO : test_acc       41.66667
2023/09/28 11:50:19 INFO : 
2023/09/28 11:50:31 INFO : Epoch 274
2023/09/28 11:50:31 INFO : train_loss       0.13003
2023/09/28 11:50:31 INFO : train_acc       97.91667
2023/09/28 11:50:31 INFO : test_loss       1.39144
2023/09/28 11:50:31 INFO : test_acc       48.26389
2023/09/28 11:50:31 INFO : 
2023/09/28 11:50:44 INFO : Epoch 275
2023/09/28 11:50:44 INFO : train_loss       0.12515
2023/09/28 11:50:44 INFO : train_acc       98.95833
2023/09/28 11:50:44 INFO : test_loss       1.51652
2023/09/28 11:50:44 INFO : test_acc       44.44444
2023/09/28 11:50:44 INFO : 
2023/09/28 11:50:56 INFO : Epoch 276
2023/09/28 11:50:56 INFO : train_loss       0.14607
2023/09/28 11:50:56 INFO : train_acc       96.52778
2023/09/28 11:50:56 INFO : test_loss       1.75936
2023/09/28 11:50:56 INFO : test_acc       37.84722
2023/09/28 11:50:56 INFO : 
2023/09/28 11:51:08 INFO : Epoch 277
2023/09/28 11:51:08 INFO : train_loss       0.15754
2023/09/28 11:51:08 INFO : train_acc       96.18056
2023/09/28 11:51:08 INFO : test_loss       1.19608
2023/09/28 11:51:08 INFO : test_acc       56.25000
2023/09/28 11:51:08 INFO : 
2023/09/28 11:51:20 INFO : Epoch 278
2023/09/28 11:51:20 INFO : train_loss       0.12255
2023/09/28 11:51:20 INFO : train_acc       97.91667
2023/09/28 11:51:20 INFO : test_loss       1.14332
2023/09/28 11:51:20 INFO : test_acc       59.72222
2023/09/28 11:51:20 INFO : 
2023/09/28 11:51:32 INFO : Epoch 279
2023/09/28 11:51:32 INFO : train_loss       0.15548
2023/09/28 11:51:32 INFO : train_acc       96.18056
2023/09/28 11:51:32 INFO : test_loss       1.54082
2023/09/28 11:51:32 INFO : test_acc       44.09722
2023/09/28 11:51:32 INFO : 
2023/09/28 11:51:44 INFO : Epoch 280
2023/09/28 11:51:44 INFO : train_loss       0.14603
2023/09/28 11:51:44 INFO : train_acc       95.83333
2023/09/28 11:51:44 INFO : test_loss       1.55154
2023/09/28 11:51:44 INFO : test_acc       45.13889
2023/09/28 11:51:44 INFO : 
2023/09/28 11:51:56 INFO : Epoch 281
2023/09/28 11:51:56 INFO : train_loss       0.16544
2023/09/28 11:51:56 INFO : train_acc       95.83333
2023/09/28 11:51:56 INFO : test_loss       1.60687
2023/09/28 11:51:56 INFO : test_acc       40.97222
2023/09/28 11:51:56 INFO : 
2023/09/28 11:52:08 INFO : Epoch 282
2023/09/28 11:52:08 INFO : train_loss       0.13655
2023/09/28 11:52:08 INFO : train_acc       97.22222
2023/09/28 11:52:08 INFO : test_loss       1.45205
2023/09/28 11:52:08 INFO : test_acc       47.91667
2023/09/28 11:52:08 INFO : 
2023/09/28 11:52:20 INFO : Epoch 283
2023/09/28 11:52:20 INFO : train_loss       0.15012
2023/09/28 11:52:20 INFO : train_acc       95.83333
2023/09/28 11:52:20 INFO : test_loss       1.45934
2023/09/28 11:52:20 INFO : test_acc       46.87500
2023/09/28 11:52:20 INFO : 
2023/09/28 11:52:32 INFO : Epoch 284
2023/09/28 11:52:32 INFO : train_loss       0.15152
2023/09/28 11:52:32 INFO : train_acc       94.79167
2023/09/28 11:52:32 INFO : test_loss       1.38453
2023/09/28 11:52:32 INFO : test_acc       52.08333
2023/09/28 11:52:32 INFO : 
2023/09/28 11:52:45 INFO : Epoch 285
2023/09/28 11:52:45 INFO : train_loss       0.13444
2023/09/28 11:52:45 INFO : train_acc       96.87500
2023/09/28 11:52:45 INFO : test_loss       1.38289
2023/09/28 11:52:45 INFO : test_acc       51.04167
2023/09/28 11:52:45 INFO : 
2023/09/28 11:52:57 INFO : Epoch 286
2023/09/28 11:52:57 INFO : train_loss       0.13820
2023/09/28 11:52:57 INFO : train_acc       96.18056
2023/09/28 11:52:57 INFO : test_loss       1.67208
2023/09/28 11:52:57 INFO : test_acc       41.31944
2023/09/28 11:52:57 INFO : 
2023/09/28 11:53:10 INFO : Epoch 287
2023/09/28 11:53:10 INFO : train_loss       0.13708
2023/09/28 11:53:10 INFO : train_acc       97.91667
2023/09/28 11:53:10 INFO : test_loss       1.52766
2023/09/28 11:53:10 INFO : test_acc       44.09722
2023/09/28 11:53:10 INFO : 
2023/09/28 11:53:27 INFO : Epoch 288
2023/09/28 11:53:27 INFO : train_loss       0.13072
2023/09/28 11:53:27 INFO : train_acc       97.56944
2023/09/28 11:53:27 INFO : test_loss       1.62842
2023/09/28 11:53:27 INFO : test_acc       42.36111
2023/09/28 11:53:27 INFO : 
2023/09/28 11:53:51 INFO : Epoch 289
2023/09/28 11:53:51 INFO : train_loss       0.13109
2023/09/28 11:53:51 INFO : train_acc       97.22222
2023/09/28 11:53:51 INFO : test_loss       1.61750
2023/09/28 11:53:51 INFO : test_acc       41.66667
2023/09/28 11:53:51 INFO : 
2023/09/28 11:54:04 INFO : Epoch 290
2023/09/28 11:54:04 INFO : train_loss       0.14371
2023/09/28 11:54:04 INFO : train_acc       97.56944
2023/09/28 11:54:04 INFO : test_loss       1.56987
2023/09/28 11:54:04 INFO : test_acc       42.70833
2023/09/28 11:54:04 INFO : 
2023/09/28 11:54:17 INFO : Epoch 291
2023/09/28 11:54:17 INFO : train_loss       0.12266
2023/09/28 11:54:17 INFO : train_acc       98.61111
2023/09/28 11:54:17 INFO : test_loss       1.65403
2023/09/28 11:54:17 INFO : test_acc       40.97222
2023/09/28 11:54:17 INFO : 
2023/09/28 11:54:29 INFO : Epoch 292
2023/09/28 11:54:29 INFO : train_loss       0.13681
2023/09/28 11:54:29 INFO : train_acc       97.22222
2023/09/28 11:54:29 INFO : test_loss       1.67885
2023/09/28 11:54:29 INFO : test_acc       38.88889
2023/09/28 11:54:29 INFO : 
2023/09/28 11:54:42 INFO : Epoch 293
2023/09/28 11:54:42 INFO : train_loss       0.12943
2023/09/28 11:54:42 INFO : train_acc       97.56944
2023/09/28 11:54:42 INFO : test_loss       1.59563
2023/09/28 11:54:42 INFO : test_acc       44.09722
2023/09/28 11:54:42 INFO : 
2023/09/28 11:54:55 INFO : Epoch 294
2023/09/28 11:54:55 INFO : train_loss       0.11300
2023/09/28 11:54:55 INFO : train_acc       97.91667
2023/09/28 11:54:55 INFO : test_loss       1.48920
2023/09/28 11:54:55 INFO : test_acc       46.52778
2023/09/28 11:54:55 INFO : 
2023/09/28 11:55:07 INFO : Epoch 295
2023/09/28 11:55:07 INFO : train_loss       0.13481
2023/09/28 11:55:07 INFO : train_acc       97.91667
2023/09/28 11:55:07 INFO : test_loss       1.64009
2023/09/28 11:55:07 INFO : test_acc       40.62500
2023/09/28 11:55:07 INFO : 
2023/09/28 11:55:19 INFO : Epoch 296
2023/09/28 11:55:19 INFO : train_loss       0.13950
2023/09/28 11:55:19 INFO : train_acc       95.83333
2023/09/28 11:55:19 INFO : test_loss       1.56762
2023/09/28 11:55:19 INFO : test_acc       44.09722
2023/09/28 11:55:19 INFO : 
2023/09/28 11:55:32 INFO : Epoch 297
2023/09/28 11:55:32 INFO : train_loss       0.12212
2023/09/28 11:55:32 INFO : train_acc       97.22222
2023/09/28 11:55:32 INFO : test_loss       1.51360
2023/09/28 11:55:32 INFO : test_acc       44.79167
2023/09/28 11:55:32 INFO : 
2023/09/28 11:55:46 INFO : Epoch 298
2023/09/28 11:55:46 INFO : train_loss       0.15012
2023/09/28 11:55:46 INFO : train_acc       96.52778
2023/09/28 11:55:46 INFO : test_loss       1.18149
2023/09/28 11:55:46 INFO : test_acc       57.98611
2023/09/28 11:55:46 INFO : 
2023/09/28 11:55:58 INFO : Epoch 299
2023/09/28 11:55:58 INFO : train_loss       0.12799
2023/09/28 11:55:58 INFO : train_acc       97.22222
2023/09/28 11:55:58 INFO : test_loss       1.17322
2023/09/28 11:55:58 INFO : test_acc       59.02778
2023/09/28 11:55:58 INFO : 
2023/09/28 11:55:58 INFO : Best test acc 100.00000 
2023/09/28 11:55:58 INFO : mean acc of last 10 epochs 45.97222 
2023/09/28 11:55:58 INFO : std of last 10 epochs 6.61766 
2023/09/28 11:55:58 INFO : * * * * * * * * * * * * * * * * * * * * 
2023/09/28 12:02:03 INFO : ****************  LMDA for A03! ***************************
2023/09/28 12:02:05 INFO : {'channel_depth1': 24, 'channel_depth2': 9, 'kernel': 75, 'depth': 9, 'pool_depth': 1, 'avepool': 25, 'avgpool_step1': 1}
2023/09/28 12:02:05 INFO : =================================================================
Layer (type:depth-idx)                   Param #
=================================================================
\u251c\u2500Sequential: 1-1                        --
|    \u2514\u2500Conv2d: 2-1                       216
|    \u2514\u2500BatchNorm2d: 2-2                  48
|    \u2514\u2500Conv2d: 2-3                       1,800
|    \u2514\u2500BatchNorm2d: 2-4                  48
|    \u2514\u2500GELU: 2-5                         --
\u251c\u2500Sequential: 1-2                        --
|    \u2514\u2500Conv2d: 2-6                       216
|    \u2514\u2500BatchNorm2d: 2-7                  18
|    \u2514\u2500Conv2d: 2-8                       198
|    \u2514\u2500BatchNorm2d: 2-9                  18
|    \u2514\u2500GELU: 2-10                        --
\u251c\u2500Sequential: 1-3                        --
|    \u2514\u2500AvgPool3d: 2-11                   --
|    \u2514\u2500Dropout: 2-12                     --
\u251c\u2500EEGDepthAttention: 1-4                 --
|    \u2514\u2500AdaptiveAvgPool2d: 2-13           --
|    \u2514\u2500Conv2d: 2-14                      8
|    \u2514\u2500Softmax: 2-15                     --
\u251c\u2500Linear: 1-5                            1,516
=================================================================
Total params: 4,086
Trainable params: 4,086
Non-trainable params: 0
=================================================================
2023/09/28 12:02:06 INFO : ****** Run until first stop... ********
2023/09/28 12:02:06 INFO : Train size: 9
2023/09/28 12:02:06 INFO : Test size: 9
2023/09/28 12:02:29 INFO : New best test acc 0.000000
2023/09/28 12:02:29 INFO : Epoch 0
2023/09/28 12:02:29 INFO : train_loss       1.43440
2023/09/28 12:02:29 INFO : train_acc       25.69444
2023/09/28 12:02:29 INFO : test_loss       1.38004
2023/09/28 12:02:29 INFO : test_acc       0.00000
2023/09/28 12:02:29 INFO : 
2023/09/28 12:02:43 INFO : New best test acc 100.000000
2023/09/28 12:06:35 INFO : Epoch 20
2023/09/28 12:06:35 INFO : train_loss       0.69933
2023/09/28 12:06:35 INFO : train_acc       79.86111
2023/09/28 12:06:35 INFO : test_loss       1.36540
2023/09/28 12:06:35 INFO : test_acc       30.90278
2023/09/28 12:06:35 INFO : 
2023/09/28 12:10:37 INFO : Epoch 40
2023/09/28 12:10:37 INFO : train_loss       0.43681
2023/09/28 12:10:37 INFO : train_acc       90.62500
2023/09/28 12:10:37 INFO : test_loss       1.17641
2023/09/28 12:10:37 INFO : test_acc       48.26389
2023/09/28 12:10:37 INFO : 
2023/09/28 12:14:40 INFO : Epoch 60
2023/09/28 12:14:40 INFO : train_loss       0.33212
2023/09/28 12:14:40 INFO : train_acc       92.70833
2023/09/28 12:14:40 INFO : test_loss       1.35229
2023/09/28 12:14:40 INFO : test_acc       41.66667
2023/09/28 12:14:40 INFO : 
2023/09/28 12:18:42 INFO : Epoch 80
2023/09/28 12:18:42 INFO : train_loss       0.25526
2023/09/28 12:18:42 INFO : train_acc       94.79167
2023/09/28 12:18:42 INFO : test_loss       1.31912
2023/09/28 12:18:42 INFO : test_acc       43.40278
2023/09/28 12:18:42 INFO : 
2023/09/28 12:22:43 INFO : Epoch 100
2023/09/28 12:22:43 INFO : train_loss       0.27777
2023/09/28 12:22:43 INFO : train_acc       93.40278
2023/09/28 12:22:43 INFO : test_loss       1.26261
2023/09/28 12:22:43 INFO : test_acc       46.18056
2023/09/28 12:22:43 INFO : 
2023/09/28 12:26:56 INFO : Epoch 120
2023/09/28 12:26:56 INFO : train_loss       0.22712
2023/09/28 12:26:56 INFO : train_acc       93.40278
2023/09/28 12:26:56 INFO : test_loss       1.47806
2023/09/28 12:26:56 INFO : test_acc       38.19444
2023/09/28 12:26:56 INFO : 
2023/09/28 12:31:09 INFO : Epoch 140
2023/09/28 12:31:09 INFO : train_loss       0.19782
2023/09/28 12:31:09 INFO : train_acc       95.13889
2023/09/28 12:31:09 INFO : test_loss       1.12690
2023/09/28 12:31:09 INFO : test_acc       56.59722
2023/09/28 12:31:09 INFO : 
2023/09/28 12:35:10 INFO : Epoch 160
2023/09/28 12:35:10 INFO : train_loss       0.18400
2023/09/28 12:35:10 INFO : train_acc       96.87500
2023/09/28 12:35:10 INFO : test_loss       1.24420
2023/09/28 12:35:10 INFO : test_acc       50.69444
2023/09/28 12:35:10 INFO : 
2023/09/28 12:39:10 INFO : Epoch 180
2023/09/28 12:39:10 INFO : train_loss       0.19376
2023/09/28 12:39:10 INFO : train_acc       95.13889
2023/09/28 12:39:10 INFO : test_loss       1.61918
2023/09/28 12:39:10 INFO : test_acc       38.19444
2023/09/28 12:39:10 INFO : 
2023/09/28 12:43:09 INFO : Epoch 200
2023/09/28 12:43:09 INFO : train_loss       0.18430
2023/09/28 12:43:09 INFO : train_acc       95.48611
2023/09/28 12:43:09 INFO : test_loss       1.50385
2023/09/28 12:43:09 INFO : test_acc       42.70833
2023/09/28 12:43:09 INFO : 
2023/09/28 12:47:09 INFO : Epoch 220
2023/09/28 12:47:09 INFO : train_loss       0.15078
2023/09/28 12:47:09 INFO : train_acc       97.22222
2023/09/28 12:47:09 INFO : test_loss       1.50029
2023/09/28 12:47:09 INFO : test_acc       42.70833
2023/09/28 12:47:09 INFO : 
2023/09/28 12:51:08 INFO : Epoch 240
2023/09/28 12:51:08 INFO : train_loss       0.15149
2023/09/28 12:51:08 INFO : train_acc       96.87500
2023/09/28 12:51:08 INFO : test_loss       1.17332
2023/09/28 12:51:08 INFO : test_acc       57.29167
2023/09/28 12:51:08 INFO : 
2023/09/28 12:53:21 INFO : Epoch 251
2023/09/28 12:53:21 INFO : train_loss       0.13777
2023/09/28 12:53:21 INFO : train_acc       97.91667
2023/09/28 12:53:21 INFO : test_loss       1.57975
2023/09/28 12:53:21 INFO : test_acc       39.58333
2023/09/28 12:53:21 INFO : 
2023/09/28 12:53:34 INFO : Epoch 252
2023/09/28 12:53:34 INFO : train_loss       0.14221
2023/09/28 12:53:34 INFO : train_acc       97.56944
2023/09/28 12:53:34 INFO : test_loss       1.26415
2023/09/28 12:53:34 INFO : test_acc       53.81944
2023/09/28 12:53:34 INFO : 
2023/09/28 12:53:46 INFO : Epoch 253
2023/09/28 12:53:46 INFO : train_loss       0.13236
2023/09/28 12:53:46 INFO : train_acc       97.56944
2023/09/28 12:53:46 INFO : test_loss       1.28414
2023/09/28 12:53:46 INFO : test_acc       51.38889
2023/09/28 12:53:46 INFO : 
2023/09/28 12:53:58 INFO : Epoch 254
2023/09/28 12:53:58 INFO : train_loss       0.15927
2023/09/28 12:53:58 INFO : train_acc       96.52778
2023/09/28 12:53:58 INFO : test_loss       1.32438
2023/09/28 12:53:58 INFO : test_acc       51.38889
2023/09/28 12:53:58 INFO : 
2023/09/28 12:54:10 INFO : Epoch 255
2023/09/28 12:54:10 INFO : train_loss       0.16626
2023/09/28 12:54:10 INFO : train_acc       95.13889
2023/09/28 12:54:10 INFO : test_loss       1.35928
2023/09/28 12:54:10 INFO : test_acc       49.30556
2023/09/28 12:54:10 INFO : 
2023/09/28 12:54:22 INFO : Epoch 256
2023/09/28 12:54:22 INFO : train_loss       0.16785
2023/09/28 12:54:22 INFO : train_acc       95.48611
2023/09/28 12:54:22 INFO : test_loss       1.68698
2023/09/28 12:54:22 INFO : test_acc       40.62500
2023/09/28 12:54:22 INFO : 
2023/09/28 12:54:34 INFO : Epoch 257
2023/09/28 12:54:34 INFO : train_loss       0.14573
2023/09/28 12:54:34 INFO : train_acc       95.83333
2023/09/28 12:54:34 INFO : test_loss       1.14794
2023/09/28 12:54:34 INFO : test_acc       61.80556
2023/09/28 12:54:34 INFO : 
2023/09/28 12:54:46 INFO : Epoch 258
2023/09/28 12:54:46 INFO : train_loss       0.17517
2023/09/28 12:54:46 INFO : train_acc       95.13889
2023/09/28 12:54:46 INFO : test_loss       1.19265
2023/09/28 12:54:46 INFO : test_acc       58.33333
2023/09/28 12:54:46 INFO : 
2023/09/28 12:54:58 INFO : Epoch 259
2023/09/28 12:54:58 INFO : train_loss       0.13532
2023/09/28 12:54:58 INFO : train_acc       97.22222
2023/09/28 12:54:58 INFO : test_loss       1.17281
2023/09/28 12:54:58 INFO : test_acc       59.72222
2023/09/28 12:54:58 INFO : 
2023/09/28 12:55:10 INFO : Epoch 260
2023/09/28 12:55:10 INFO : train_loss       0.13933
2023/09/28 12:55:10 INFO : train_acc       96.52778
2023/09/28 12:55:10 INFO : test_loss       1.46837
2023/09/28 12:55:10 INFO : test_acc       46.87500
2023/09/28 12:55:10 INFO : 
2023/09/28 12:55:22 INFO : Epoch 261
2023/09/28 12:55:22 INFO : train_loss       0.14024
2023/09/28 12:55:22 INFO : train_acc       97.22222
2023/09/28 12:55:22 INFO : test_loss       1.62943
2023/09/28 12:55:22 INFO : test_acc       40.97222
2023/09/28 12:55:22 INFO : 
2023/09/28 12:55:34 INFO : Epoch 262
2023/09/28 12:55:34 INFO : train_loss       0.14689
2023/09/28 12:55:34 INFO : train_acc       97.91667
2023/09/28 12:55:34 INFO : test_loss       1.59087
2023/09/28 12:55:34 INFO : test_acc       43.40278
2023/09/28 12:55:34 INFO : 
2023/09/28 12:55:46 INFO : Epoch 263
2023/09/28 12:55:46 INFO : train_loss       0.12471
2023/09/28 12:55:46 INFO : train_acc       97.91667
2023/09/28 12:55:46 INFO : test_loss       1.46640
2023/09/28 12:55:46 INFO : test_acc       46.18056
2023/09/28 12:55:46 INFO : 
2023/09/28 12:55:58 INFO : Epoch 264
2023/09/28 12:55:58 INFO : train_loss       0.16563
2023/09/28 12:55:58 INFO : train_acc       96.18056
2023/09/28 12:55:58 INFO : test_loss       1.38455
2023/09/28 12:55:58 INFO : test_acc       48.95833
2023/09/28 12:55:58 INFO : 
2023/09/28 12:56:11 INFO : Epoch 265
2023/09/28 12:56:11 INFO : train_loss       0.13992
2023/09/28 12:56:11 INFO : train_acc       97.22222
2023/09/28 12:56:11 INFO : test_loss       1.24161
2023/09/28 12:56:11 INFO : test_acc       54.51389
2023/09/28 12:56:11 INFO : 
2023/09/28 12:56:23 INFO : Epoch 266
2023/09/28 12:56:23 INFO : train_loss       0.12907
2023/09/28 12:56:23 INFO : train_acc       97.56944
2023/09/28 12:56:23 INFO : test_loss       1.47023
2023/09/28 12:56:23 INFO : test_acc       45.83333
2023/09/28 12:56:23 INFO : 
2023/09/28 12:56:35 INFO : Epoch 267
2023/09/28 12:56:35 INFO : train_loss       0.14782
2023/09/28 12:56:35 INFO : train_acc       97.22222
2023/09/28 12:56:35 INFO : test_loss       1.26357
2023/09/28 12:56:35 INFO : test_acc       54.51389
2023/09/28 12:56:35 INFO : 
2023/09/28 12:56:47 INFO : Epoch 268
2023/09/28 12:56:47 INFO : train_loss       0.12683
2023/09/28 12:56:47 INFO : train_acc       97.91667
2023/09/28 12:56:47 INFO : test_loss       1.38353
2023/09/28 12:56:47 INFO : test_acc       49.30556
2023/09/28 12:56:47 INFO : 
2023/09/28 12:56:59 INFO : Epoch 269
2023/09/28 12:56:59 INFO : train_loss       0.12742
2023/09/28 12:56:59 INFO : train_acc       96.52778
2023/09/28 12:56:59 INFO : test_loss       1.48720
2023/09/28 12:56:59 INFO : test_acc       44.44444
2023/09/28 12:56:59 INFO : 
2023/09/28 12:57:11 INFO : Epoch 270
2023/09/28 12:57:11 INFO : train_loss       0.14532
2023/09/28 12:57:11 INFO : train_acc       96.18056
2023/09/28 12:57:11 INFO : test_loss       1.29220
2023/09/28 12:57:11 INFO : test_acc       53.47222
2023/09/28 12:57:11 INFO : 
2023/09/28 12:57:23 INFO : Epoch 271
2023/09/28 12:57:23 INFO : train_loss       0.13690
2023/09/28 12:57:23 INFO : train_acc       97.56944
2023/09/28 12:57:23 INFO : test_loss       1.24639
2023/09/28 12:57:23 INFO : test_acc       55.20833
2023/09/28 12:57:23 INFO : 
2023/09/28 12:57:35 INFO : Epoch 272
2023/09/28 12:57:35 INFO : train_loss       0.16092
2023/09/28 12:57:35 INFO : train_acc       94.09722
2023/09/28 12:57:35 INFO : test_loss       1.44753
2023/09/28 12:57:35 INFO : test_acc       48.95833
2023/09/28 12:57:35 INFO : 
2023/09/28 12:57:47 INFO : Epoch 273
2023/09/28 12:57:47 INFO : train_loss       0.13235
2023/09/28 12:57:47 INFO : train_acc       97.22222
2023/09/28 12:57:47 INFO : test_loss       1.61422
2023/09/28 12:57:47 INFO : test_acc       42.01389
2023/09/28 12:57:47 INFO : 
2023/09/28 12:58:00 INFO : Epoch 274
2023/09/28 12:58:00 INFO : train_loss       0.13003
2023/09/28 12:58:00 INFO : train_acc       97.91667
2023/09/28 12:58:00 INFO : test_loss       1.38763
2023/09/28 12:58:00 INFO : test_acc       48.26389
2023/09/28 12:58:00 INFO : 
2023/09/28 12:58:13 INFO : Epoch 275
2023/09/28 12:58:13 INFO : train_loss       0.12515
2023/09/28 12:58:13 INFO : train_acc       98.95833
2023/09/28 12:58:13 INFO : test_loss       1.51552
2023/09/28 12:58:13 INFO : test_acc       44.44444
2023/09/28 12:58:13 INFO : 
2023/09/28 12:58:25 INFO : Epoch 276
2023/09/28 12:58:25 INFO : train_loss       0.14607
2023/09/28 12:58:25 INFO : train_acc       96.52778
2023/09/28 12:58:25 INFO : test_loss       1.76780
2023/09/28 12:58:25 INFO : test_acc       37.50000
2023/09/28 12:58:25 INFO : 
2023/09/28 12:58:37 INFO : Epoch 277
2023/09/28 12:58:37 INFO : train_loss       0.15754
2023/09/28 12:58:37 INFO : train_acc       96.18056
2023/09/28 12:58:37 INFO : test_loss       1.19920
2023/09/28 12:58:37 INFO : test_acc       56.25000
2023/09/28 12:58:37 INFO : 
2023/09/28 12:58:50 INFO : Epoch 278
2023/09/28 12:58:50 INFO : train_loss       0.12255
2023/09/28 12:58:50 INFO : train_acc       97.91667
2023/09/28 12:58:50 INFO : test_loss       1.14321
2023/09/28 12:58:50 INFO : test_acc       59.72222
2023/09/28 12:58:50 INFO : 
2023/09/28 12:59:02 INFO : Epoch 279
2023/09/28 12:59:02 INFO : train_loss       0.15548
2023/09/28 12:59:02 INFO : train_acc       96.18056
2023/09/28 12:59:02 INFO : test_loss       1.54306
2023/09/28 12:59:02 INFO : test_acc       44.09722
2023/09/28 12:59:02 INFO : 
2023/09/28 12:59:14 INFO : Epoch 280
2023/09/28 12:59:14 INFO : train_loss       0.14603
2023/09/28 12:59:14 INFO : train_acc       95.83333
2023/09/28 12:59:14 INFO : test_loss       1.55928
2023/09/28 12:59:14 INFO : test_acc       44.79167
2023/09/28 12:59:14 INFO : 
2023/09/28 12:59:26 INFO : Epoch 281
2023/09/28 12:59:26 INFO : train_loss       0.16544
2023/09/28 12:59:26 INFO : train_acc       95.83333
2023/09/28 12:59:26 INFO : test_loss       1.61234
2023/09/28 12:59:26 INFO : test_acc       40.97222
2023/09/28 12:59:26 INFO : 
2023/09/28 12:59:38 INFO : Epoch 282
2023/09/28 12:59:38 INFO : train_loss       0.13655
2023/09/28 12:59:38 INFO : train_acc       97.22222
2023/09/28 12:59:38 INFO : test_loss       1.45413
2023/09/28 12:59:38 INFO : test_acc       47.91667
2023/09/28 12:59:38 INFO : 
2023/09/28 12:59:50 INFO : Epoch 283
2023/09/28 12:59:50 INFO : train_loss       0.15012
2023/09/28 12:59:50 INFO : train_acc       95.83333
2023/09/28 12:59:50 INFO : test_loss       1.46489
2023/09/28 12:59:50 INFO : test_acc       46.87500
2023/09/28 12:59:50 INFO : 
2023/09/28 13:00:03 INFO : Epoch 284
2023/09/28 13:00:03 INFO : train_loss       0.15152
2023/09/28 13:00:03 INFO : train_acc       94.79167
2023/09/28 13:00:03 INFO : test_loss       1.39332
2023/09/28 13:00:03 INFO : test_acc       52.08333
2023/09/28 13:00:03 INFO : 
2023/09/28 13:00:16 INFO : Epoch 285
2023/09/28 13:00:16 INFO : train_loss       0.13444
2023/09/28 13:00:16 INFO : train_acc       96.87500
2023/09/28 13:00:16 INFO : test_loss       1.38988
2023/09/28 13:00:16 INFO : test_acc       51.38889
2023/09/28 13:00:16 INFO : 
2023/09/28 13:00:28 INFO : Epoch 286
2023/09/28 13:00:28 INFO : train_loss       0.13820
2023/09/28 13:00:28 INFO : train_acc       96.18056
2023/09/28 13:00:28 INFO : test_loss       1.67693
2023/09/28 13:00:28 INFO : test_acc       41.31944
2023/09/28 13:00:28 INFO : 
2023/09/28 13:00:40 INFO : Epoch 287
2023/09/28 13:00:40 INFO : train_loss       0.13708
2023/09/28 13:00:40 INFO : train_acc       97.91667
2023/09/28 13:00:40 INFO : test_loss       1.53332
2023/09/28 13:00:40 INFO : test_acc       44.09722
2023/09/28 13:00:40 INFO : 
2023/09/28 13:00:52 INFO : Epoch 288
2023/09/28 13:00:52 INFO : train_loss       0.13072
2023/09/28 13:00:52 INFO : train_acc       97.56944
2023/09/28 13:00:52 INFO : test_loss       1.63581
2023/09/28 13:00:52 INFO : test_acc       42.36111
2023/09/28 13:00:52 INFO : 
2023/09/28 13:01:05 INFO : Epoch 289
2023/09/28 13:01:05 INFO : train_loss       0.13109
2023/09/28 13:01:05 INFO : train_acc       97.22222
2023/09/28 13:01:05 INFO : test_loss       1.62092
2023/09/28 13:01:05 INFO : test_acc       41.31944
2023/09/28 13:01:05 INFO : 
2023/09/28 13:01:17 INFO : Epoch 290
2023/09/28 13:01:17 INFO : train_loss       0.14371
2023/09/28 13:01:17 INFO : train_acc       97.56944
2023/09/28 13:01:17 INFO : test_loss       1.57072
2023/09/28 13:01:17 INFO : test_acc       42.36111
2023/09/28 13:01:17 INFO : 
2023/09/28 13:01:29 INFO : Epoch 291
2023/09/28 13:01:29 INFO : train_loss       0.12266
2023/09/28 13:01:29 INFO : train_acc       98.61111
2023/09/28 13:01:29 INFO : test_loss       1.65217
2023/09/28 13:01:29 INFO : test_acc       40.62500
2023/09/28 13:01:29 INFO : 
2023/09/28 13:01:41 INFO : Epoch 292
2023/09/28 13:01:41 INFO : train_loss       0.13681
2023/09/28 13:01:41 INFO : train_acc       97.22222
2023/09/28 13:01:41 INFO : test_loss       1.68442
2023/09/28 13:01:41 INFO : test_acc       38.88889
2023/09/28 13:01:41 INFO : 
2023/09/28 13:01:53 INFO : Epoch 293
2023/09/28 13:01:53 INFO : train_loss       0.12943
2023/09/28 13:01:53 INFO : train_acc       97.56944
2023/09/28 13:01:53 INFO : test_loss       1.60520
2023/09/28 13:01:53 INFO : test_acc       43.75000
2023/09/28 13:01:53 INFO : 
2023/09/28 13:02:06 INFO : Epoch 294
2023/09/28 13:02:06 INFO : train_loss       0.11300
2023/09/28 13:02:06 INFO : train_acc       97.91667
2023/09/28 13:02:06 INFO : test_loss       1.49601
2023/09/28 13:02:06 INFO : test_acc       46.52778
2023/09/28 13:02:06 INFO : 
2023/09/28 13:02:18 INFO : Epoch 295
2023/09/28 13:02:18 INFO : train_loss       0.13481
2023/09/28 13:02:18 INFO : train_acc       97.91667
2023/09/28 13:02:18 INFO : test_loss       1.64098
2023/09/28 13:02:18 INFO : test_acc       40.62500
2023/09/28 13:02:18 INFO : 
2023/09/28 13:02:29 INFO : Epoch 296
2023/09/28 13:02:29 INFO : train_loss       0.13950
2023/09/28 13:02:29 INFO : train_acc       95.83333
2023/09/28 13:02:29 INFO : test_loss       1.56941
2023/09/28 13:02:29 INFO : test_acc       43.75000
2023/09/28 13:02:29 INFO : 
2023/09/28 13:02:41 INFO : Epoch 297
2023/09/28 13:02:41 INFO : train_loss       0.12212
2023/09/28 13:02:41 INFO : train_acc       97.22222
2023/09/28 13:02:41 INFO : test_loss       1.51840
2023/09/28 13:02:41 INFO : test_acc       44.79167
2023/09/28 13:02:41 INFO : 
2023/09/28 13:02:53 INFO : Epoch 298
2023/09/28 13:02:53 INFO : train_loss       0.15012
2023/09/28 13:02:53 INFO : train_acc       96.52778
2023/09/28 13:02:53 INFO : test_loss       1.18461
2023/09/28 13:02:53 INFO : test_acc       57.63889
2023/09/28 13:02:53 INFO : 
2023/09/28 13:03:06 INFO : Epoch 299
2023/09/28 13:03:06 INFO : train_loss       0.12799
2023/09/28 13:03:06 INFO : train_acc       97.22222
2023/09/28 13:03:06 INFO : test_loss       1.17547
2023/09/28 13:03:06 INFO : test_acc       58.68056
2023/09/28 13:03:06 INFO : 
2023/09/28 13:03:06 INFO : Best test acc 100.00000 
2023/09/28 13:03:06 INFO : mean acc of last 10 epochs 45.76389 
2023/09/28 13:03:06 INFO : std of last 10 epochs 6.55101 
2023/09/28 13:03:06 INFO : * * * * * * * * * * * * * * * * * * * * 
2023/09/28 13:03:11 INFO : Param again {'channel_depth1': 24, 'channel_depth2': 9, 'kernel': 75, 'depth': 9, 'pool_depth': 1, 'avepool': 25, 'avgpool_step1': 1}
2023/09/28 13:03:11 INFO : Done! Running time 3677.84254
2023/10/03 07:14:18 INFO : ****************  LMDA for A03! ***************************
2023/10/03 07:14:21 INFO : {'channel_depth1': 24, 'channel_depth2': 9, 'kernel': 75, 'depth': 9, 'pool_depth': 1, 'avepool': 25, 'avgpool_step1': 1}
2023/10/03 07:14:21 INFO : =================================================================
Layer (type:depth-idx)                   Param #
=================================================================
\u251c\u2500Sequential: 1-1                        --
|    \u2514\u2500Conv2d: 2-1                       216
|    \u2514\u2500BatchNorm2d: 2-2                  48
|    \u2514\u2500Conv2d: 2-3                       1,800
|    \u2514\u2500BatchNorm2d: 2-4                  48
|    \u2514\u2500GELU: 2-5                         --
\u251c\u2500Sequential: 1-2                        --
|    \u2514\u2500Conv2d: 2-6                       216
|    \u2514\u2500BatchNorm2d: 2-7                  18
|    \u2514\u2500Conv2d: 2-8                       198
|    \u2514\u2500BatchNorm2d: 2-9                  18
|    \u2514\u2500GELU: 2-10                        --
\u251c\u2500Sequential: 1-3                        --
|    \u2514\u2500AvgPool3d: 2-11                   --
|    \u2514\u2500Dropout: 2-12                     --
\u251c\u2500EEGDepthAttention: 1-4                 --
|    \u2514\u2500AdaptiveAvgPool2d: 2-13           --
|    \u2514\u2500Conv2d: 2-14                      8
|    \u2514\u2500Softmax: 2-15                     --
\u251c\u2500Linear: 1-5                            1,516
=================================================================
Total params: 4,086
Trainable params: 4,086
Non-trainable params: 0
=================================================================
2023/10/03 07:14:21 INFO : ****** Run until first stop... ********
2023/10/03 07:14:21 INFO : Train size: 9
2023/10/03 07:14:21 INFO : Test size: 9
2023/10/03 07:14:51 INFO : New best test acc 0.000000
2023/10/03 07:14:51 INFO : Epoch 0
2023/10/03 07:14:51 INFO : train_loss       1.43440
2023/10/03 07:14:51 INFO : train_acc       25.69444
2023/10/03 07:14:51 INFO : test_loss       1.38003
2023/10/03 07:14:51 INFO : test_acc       0.00000
2023/10/03 07:14:51 INFO : 
2023/10/03 07:15:13 INFO : New best test acc 100.000000
2023/10/03 07:20:29 INFO : Epoch 20
2023/10/03 07:20:29 INFO : train_loss       0.69933
2023/10/03 07:20:29 INFO : train_acc       79.86111
2023/10/03 07:20:29 INFO : test_loss       1.36353
2023/10/03 07:20:29 INFO : test_acc       30.90278
2023/10/03 07:20:29 INFO : 
2023/10/03 07:25:15 INFO : Epoch 40
2023/10/03 07:25:15 INFO : train_loss       0.43681
2023/10/03 07:25:15 INFO : train_acc       90.62500
2023/10/03 07:25:15 INFO : test_loss       1.17631
2023/10/03 07:25:15 INFO : test_acc       48.26389
2023/10/03 07:25:15 INFO : 
2023/10/03 07:29:38 INFO : Epoch 60
2023/10/03 07:29:38 INFO : train_loss       0.33212
2023/10/03 07:29:38 INFO : train_acc       92.70833
2023/10/03 07:29:38 INFO : test_loss       1.35212
2023/10/03 07:29:38 INFO : test_acc       41.66667
2023/10/03 07:29:38 INFO : 
2023/10/03 07:34:26 INFO : Epoch 80
2023/10/03 07:34:26 INFO : train_loss       0.25526
2023/10/03 07:34:26 INFO : train_acc       94.79167
2023/10/03 07:34:26 INFO : test_loss       1.31933
2023/10/03 07:34:26 INFO : test_acc       43.40278
2023/10/03 07:34:26 INFO : 
2023/10/03 07:38:46 INFO : Epoch 100
2023/10/03 07:38:46 INFO : train_loss       0.27777
2023/10/03 07:38:46 INFO : train_acc       93.40278
2023/10/03 07:38:46 INFO : test_loss       1.26252
2023/10/03 07:38:46 INFO : test_acc       46.18056
2023/10/03 07:38:46 INFO : 
2023/10/03 07:43:37 INFO : Epoch 120
2023/10/03 07:43:37 INFO : train_loss       0.22712
2023/10/03 07:43:37 INFO : train_acc       93.40278
2023/10/03 07:43:37 INFO : test_loss       1.47644
2023/10/03 07:43:37 INFO : test_acc       38.54167
2023/10/03 07:43:37 INFO : 
2023/10/03 07:48:06 INFO : Epoch 140
2023/10/03 07:48:06 INFO : train_loss       0.19782
2023/10/03 07:48:06 INFO : train_acc       95.13889
2023/10/03 07:48:06 INFO : test_loss       1.13044
2023/10/03 07:48:06 INFO : test_acc       56.25000
2023/10/03 07:48:06 INFO : 
2023/10/10 19:18:29 INFO : ****************  LMDA for A03! ***************************
2023/10/10 19:21:09 INFO : ****************  LMDA for A03! ***************************
2023/10/10 19:24:43 INFO : ****************  LMDA for A03! ***************************
2023/10/10 20:20:37 INFO : ****************  LMDA for A03! ***************************
2023/10/10 20:20:39 INFO : {'channel_depth1': 24, 'channel_depth2': 9, 'kernel': 75, 'depth': 9, 'pool_depth': 1, 'avepool': 25, 'avgpool_step1': 1}
2023/10/10 20:20:39 INFO : =================================================================
Layer (type:depth-idx)                   Param #
=================================================================
\u251c\u2500Sequential: 1-1                        --
|    \u2514\u2500Conv2d: 2-1                       216
|    \u2514\u2500BatchNorm2d: 2-2                  48
|    \u2514\u2500Conv2d: 2-3                       1,800
|    \u2514\u2500BatchNorm2d: 2-4                  48
|    \u2514\u2500GELU: 2-5                         --
\u251c\u2500Sequential: 1-2                        --
|    \u2514\u2500Conv2d: 2-6                       216
|    \u2514\u2500BatchNorm2d: 2-7                  18
|    \u2514\u2500Conv2d: 2-8                       198
|    \u2514\u2500BatchNorm2d: 2-9                  18
|    \u2514\u2500GELU: 2-10                        --
\u251c\u2500Sequential: 1-3                        --
|    \u2514\u2500AvgPool3d: 2-11                   --
|    \u2514\u2500Dropout: 2-12                     --
\u251c\u2500EEGDepthAttention: 1-4                 --
|    \u2514\u2500AdaptiveAvgPool2d: 2-13           --
|    \u2514\u2500Conv2d: 2-14                      8
|    \u2514\u2500Softmax: 2-15                     --
\u251c\u2500Linear: 1-5                            1,516
=================================================================
Total params: 4,086
Trainable params: 4,086
Non-trainable params: 0
=================================================================
2023/10/10 20:20:39 INFO : ****** Run until first stop... ********
2023/10/10 20:20:39 INFO : Train size: 9
2023/10/10 20:20:39 INFO : Test size: 9
2023/10/10 20:20:53 INFO : New best test acc 0.000000
2023/10/10 20:20:53 INFO : Epoch 0
2023/10/10 20:20:53 INFO : train_loss       1.43440
2023/10/10 20:20:53 INFO : train_acc       25.69444
2023/10/10 20:20:53 INFO : test_loss       1.38003
2023/10/10 20:20:53 INFO : test_acc       0.00000
2023/10/10 20:20:53 INFO : 
2023/10/10 20:21:05 INFO : New best test acc 100.000000
2023/10/10 21:09:01 INFO : ****************  LMDA for A03! ***************************
2023/10/10 21:09:02 INFO : {'channel_depth1': 24, 'channel_depth2': 9, 'kernel': 5, 'depth': 9, 'pool_depth': 1, 'avepool': 25, 'avgpool_step1': 1}
2023/10/10 21:09:02 INFO : =================================================================
Layer (type:depth-idx)                   Param #
=================================================================
\u251c\u2500Sequential: 1-1                        --
|    \u2514\u2500Conv2d: 2-1                       216
|    \u2514\u2500BatchNorm2d: 2-2                  48
|    \u2514\u2500Conv2d: 2-3                       120
|    \u2514\u2500BatchNorm2d: 2-4                  48
|    \u2514\u2500GELU: 2-5                         --
\u251c\u2500Sequential: 1-2                        --
|    \u2514\u2500Conv2d: 2-6                       216
|    \u2514\u2500BatchNorm2d: 2-7                  18
|    \u2514\u2500Conv2d: 2-8                       198
|    \u2514\u2500BatchNorm2d: 2-9                  18
|    \u2514\u2500GELU: 2-10                        --
\u251c\u2500Sequential: 1-3                        --
|    \u2514\u2500AvgPool3d: 2-11                   --
|    \u2514\u2500Dropout: 2-12                     --
\u251c\u2500EEGDepthAttention: 1-4                 --
|    \u2514\u2500AdaptiveAvgPool2d: 2-13           --
|    \u2514\u2500Conv2d: 2-14                      8
|    \u2514\u2500Softmax: 2-15                     --
\u251c\u2500Linear: 1-5                            1,588
=================================================================
Total params: 2,478
Trainable params: 2,478
Non-trainable params: 0
=================================================================
2023/10/10 21:09:02 INFO : ****** Run until first stop... ********
2023/10/10 21:09:02 INFO : Train size: 9
2023/10/10 21:09:02 INFO : Test size: 9
2023/10/10 21:09:13 INFO : New best test acc 0.000000
2023/10/10 21:09:13 INFO : Epoch 0
2023/10/10 21:09:13 INFO : train_loss       1.44846
2023/10/10 21:09:13 INFO : train_acc       23.95833
2023/10/10 21:09:13 INFO : test_loss       1.39300
2023/10/10 21:09:13 INFO : test_acc       0.00000
2023/10/10 21:09:13 INFO : 
2023/10/10 21:09:33 INFO : New best test acc 100.000000
2023/10/10 21:11:20 INFO : ****************  LMDA for A03! ***************************
2023/10/10 21:11:21 INFO : {'channel_depth1': 24, 'channel_depth2': 9, 'kernel': 500, 'depth': 9, 'pool_depth': 1, 'avepool': 25, 'avgpool_step1': 1}
2023/10/10 21:11:21 INFO : =================================================================
Layer (type:depth-idx)                   Param #
=================================================================
\u251c\u2500Sequential: 1-1                        --
|    \u2514\u2500Conv2d: 2-1                       216
|    \u2514\u2500BatchNorm2d: 2-2                  48
|    \u2514\u2500Conv2d: 2-3                       12,000
|    \u2514\u2500BatchNorm2d: 2-4                  48
|    \u2514\u2500GELU: 2-5                         --
\u251c\u2500Sequential: 1-2                        --
|    \u2514\u2500Conv2d: 2-6                       216
|    \u2514\u2500BatchNorm2d: 2-7                  18
|    \u2514\u2500Conv2d: 2-8                       198
|    \u2514\u2500BatchNorm2d: 2-9                  18
|    \u2514\u2500GELU: 2-10                        --
\u251c\u2500Sequential: 1-3                        --
|    \u2514\u2500AvgPool3d: 2-11                   --
|    \u2514\u2500Dropout: 2-12                     --
\u251c\u2500EEGDepthAttention: 1-4                 --
|    \u2514\u2500AdaptiveAvgPool2d: 2-13           --
|    \u2514\u2500Conv2d: 2-14                      8
|    \u2514\u2500Softmax: 2-15                     --
\u251c\u2500Linear: 1-5                            904
=================================================================
Total params: 13,674
Trainable params: 13,674
Non-trainable params: 0
=================================================================
2023/10/10 21:11:21 INFO : ****** Run until first stop... ********
2023/10/10 21:11:21 INFO : Train size: 9
2023/10/10 21:11:21 INFO : Test size: 9
2023/10/10 21:11:37 INFO : New best test acc 100.000000
2023/10/10 21:11:37 INFO : Epoch 0
2023/10/10 21:11:37 INFO : train_loss       1.41192
2023/10/10 21:11:37 INFO : train_acc       28.81944
2023/10/10 21:11:37 INFO : test_loss       1.36540
2023/10/10 21:11:37 INFO : test_acc       100.00000
2023/10/10 21:11:37 INFO : 
2023/10/11 15:18:27 INFO : ****************  LMDA for A03! ***************************
2023/10/11 15:18:28 INFO : {'channel_depth1': 24, 'channel_depth2': 9, 'kernel': 75, 'depth': 9, 'pool_depth': 1, 'avepool': 25, 'avgpool_step1': 1}
2023/10/11 15:18:28 INFO : =================================================================
Layer (type:depth-idx)                   Param #
=================================================================
\u251c\u2500Sequential: 1-1                        --
|    \u2514\u2500Conv2d: 2-1                       216
|    \u2514\u2500BatchNorm2d: 2-2                  48
|    \u2514\u2500Conv2d: 2-3                       1,800
|    \u2514\u2500BatchNorm2d: 2-4                  48
|    \u2514\u2500GELU: 2-5                         --
\u251c\u2500Sequential: 1-2                        --
|    \u2514\u2500Conv2d: 2-6                       216
|    \u2514\u2500BatchNorm2d: 2-7                  18
|    \u2514\u2500Conv2d: 2-8                       198
|    \u2514\u2500BatchNorm2d: 2-9                  18
|    \u2514\u2500GELU: 2-10                        --
\u251c\u2500Sequential: 1-3                        --
|    \u2514\u2500AvgPool3d: 2-11                   --
|    \u2514\u2500Dropout: 2-12                     --
\u251c\u2500EEGDepthAttention: 1-4                 --
|    \u2514\u2500AdaptiveAvgPool2d: 2-13           --
|    \u2514\u2500Conv2d: 2-14                      8
|    \u2514\u2500Softmax: 2-15                     --
\u251c\u2500Linear: 1-5                            2,776
=================================================================
Total params: 5,346
Trainable params: 5,346
Non-trainable params: 0
=================================================================
2023/10/11 15:18:28 INFO : ****** Run until first stop... ********
2023/10/11 15:18:28 INFO : Train size: 9
2023/10/11 15:18:28 INFO : Test size: 9
