2023/10/12 06:32:50 INFO : ****************  LMDA for 1! ***************************
2023/10/12 06:32:51 INFO : {'num_classes': 4, 'chans': 128, 'channel_depth1': 130, 'channel_depth2': 9, 'kernel': 75, 'depth': 9, 'pool_depth': 1, 'avepool': 25, 'avgpool_step1': 1}
2023/10/12 06:32:51 INFO : =================================================================
Layer (type:depth-idx)                   Param #
=================================================================
\u251c\u2500Sequential: 1-1                        --
|    \u2514\u2500Conv2d: 2-1                       1,170
|    \u2514\u2500BatchNorm2d: 2-2                  260
|    \u2514\u2500Conv2d: 2-3                       9,750
|    \u2514\u2500BatchNorm2d: 2-4                  260
|    \u2514\u2500GELU: 2-5                         --
\u251c\u2500Sequential: 1-2                        --
|    \u2514\u2500Conv2d: 2-6                       1,170
|    \u2514\u2500BatchNorm2d: 2-7                  18
|    \u2514\u2500Conv2d: 2-8                       1,152
|    \u2514\u2500BatchNorm2d: 2-9                  18
|    \u2514\u2500GELU: 2-10                        --
\u251c\u2500Sequential: 1-3                        --
|    \u2514\u2500AvgPool3d: 2-11                   --
|    \u2514\u2500Dropout: 2-12                     --
\u251c\u2500EEGDepthAttention: 1-4                 --
|    \u2514\u2500AdaptiveAvgPool2d: 2-13           --
|    \u2514\u2500Conv2d: 2-14                      8
|    \u2514\u2500Softmax: 2-15                     --
\u251c\u2500Linear: 1-5                            616
=================================================================
Total params: 14,422
Trainable params: 14,422
Non-trainable params: 0
=================================================================
2023/10/12 06:32:51 INFO : ****** Run until first stop... ********
2023/10/12 06:32:51 INFO : Train size: 7
2023/10/12 06:32:51 INFO : Test size: 3
2023/10/12 06:33:32 INFO : New best test acc 26.000000
2023/10/12 06:33:32 INFO : Epoch 0
2023/10/12 06:33:32 INFO : train_loss       1.50983
2023/10/12 06:33:32 INFO : train_acc       24.22360
2023/10/12 06:33:32 INFO : test_loss       1.38416
2023/10/12 06:33:32 INFO : test_acc       26.00000
2023/10/12 06:33:32 INFO :
2023/10/12 06:34:11 INFO : New best test acc 28.000000
2023/10/12 06:42:54 INFO : New best test acc 30.000000
2023/10/12 06:45:59 INFO : Epoch 20
2023/10/12 06:45:59 INFO : train_loss       0.63410
2023/10/12 06:45:59 INFO : train_acc       88.81988
2023/10/12 06:45:59 INFO : test_loss       1.48156
2023/10/12 06:45:59 INFO : test_acc       28.00000
2023/10/12 06:45:59 INFO :
2023/10/12 06:58:23 INFO : Epoch 40
2023/10/12 06:58:23 INFO : train_loss       0.32436
2023/10/12 06:58:23 INFO : train_acc       95.65217
2023/10/12 06:58:23 INFO : test_loss       1.62278
2023/10/12 06:58:23 INFO : test_acc       28.00000
2023/10/12 06:58:23 INFO :
2023/10/12 07:10:46 INFO : Epoch 60
2023/10/12 07:10:46 INFO : train_loss       0.19254
2023/10/12 07:10:46 INFO : train_acc       99.37888
2023/10/12 07:10:46 INFO : test_loss       1.82995
2023/10/12 07:10:46 INFO : test_acc       22.00000
2023/10/12 07:10:46 INFO :
2023/10/12 07:23:08 INFO : Epoch 80
2023/10/12 07:23:08 INFO : train_loss       0.14888
2023/10/12 07:23:08 INFO : train_acc       99.37888
2023/10/12 07:23:08 INFO : test_loss       1.83927
2023/10/12 07:23:08 INFO : test_acc       26.00000
2023/10/12 07:23:08 INFO :
2023/10/12 07:26:51 INFO : New best test acc 32.000000
2023/10/12 07:35:34 INFO : Epoch 100
2023/10/12 07:35:34 INFO : train_loss       0.13153
2023/10/12 07:35:34 INFO : train_acc       99.37888
2023/10/12 07:35:34 INFO : test_loss       1.89988
2023/10/12 07:35:34 INFO : test_acc       26.00000
2023/10/12 07:35:34 INFO :
2023/10/12 07:46:06 INFO : New best test acc 34.000000
2023/10/12 07:47:58 INFO : Epoch 120
2023/10/12 07:47:58 INFO : train_loss       0.10759
2023/10/12 07:47:58 INFO : train_acc       99.37888
2023/10/12 07:47:58 INFO : test_loss       1.81675
2023/10/12 07:47:58 INFO : test_acc       30.00000
2023/10/12 07:47:58 INFO :
2023/10/12 08:00:20 INFO : Epoch 140
2023/10/12 08:00:20 INFO : train_loss       0.11104
2023/10/12 08:00:20 INFO : train_acc       99.37888
2023/10/12 08:00:20 INFO : test_loss       1.99374
2023/10/12 08:00:20 INFO : test_acc       22.00000
2023/10/12 08:00:20 INFO :
2023/10/12 08:12:47 INFO : Epoch 160
2023/10/12 08:12:47 INFO : train_loss       0.07536
2023/10/12 08:12:47 INFO : train_acc       99.37888
2023/10/12 08:12:47 INFO : test_loss       2.18071
2023/10/12 08:12:47 INFO : test_acc       18.00000
2023/10/12 08:12:47 INFO :
2023/10/12 08:25:10 INFO : Epoch 180
2023/10/12 08:25:10 INFO : train_loss       0.07614
2023/10/12 08:25:10 INFO : train_acc       99.37888
2023/10/12 08:25:10 INFO : test_loss       2.01263
2023/10/12 08:25:10 INFO : test_acc       22.00000
2023/10/12 08:25:10 INFO :
2023/10/12 08:37:48 INFO : Epoch 200
2023/10/12 08:37:48 INFO : train_loss       0.06338
2023/10/12 08:37:48 INFO : train_acc       99.37888
2023/10/12 08:37:48 INFO : test_loss       2.15896
2023/10/12 08:37:48 INFO : test_acc       24.00000
2023/10/12 08:37:48 INFO :
2023/10/12 16:55:07 INFO : ****************  LMDA for 1! ***************************
2023/10/12 16:55:08 INFO : {'num_classes': 4, 'chans': 128, 'channel_depth1': 130, 'channel_depth2': 9, 'kernel': 75, 'depth': 9, 'pool_depth': 1, 'avepool': 25, 'avgpool_step1': 1}
2023/10/12 16:55:08 INFO : =================================================================
Layer (type:depth-idx)                   Param #
=================================================================
\u251c\u2500Sequential: 1-1                        --
|    \u2514\u2500Conv2d: 2-1                       1,170
|    \u2514\u2500BatchNorm2d: 2-2                  260
|    \u2514\u2500Conv2d: 2-3                       9,750
|    \u2514\u2500BatchNorm2d: 2-4                  260
|    \u2514\u2500GELU: 2-5                         --
\u251c\u2500Sequential: 1-2                        --
|    \u2514\u2500Conv2d: 2-6                       1,170
|    \u2514\u2500BatchNorm2d: 2-7                  18
|    \u2514\u2500Conv2d: 2-8                       1,152
|    \u2514\u2500BatchNorm2d: 2-9                  18
|    \u2514\u2500GELU: 2-10                        --
\u251c\u2500Sequential: 1-3                        --
|    \u2514\u2500AvgPool3d: 2-11                   --
|    \u2514\u2500Dropout: 2-12                     --
\u251c\u2500EEGDepthAttention: 1-4                 --
|    \u2514\u2500AdaptiveAvgPool2d: 2-13           --
|    \u2514\u2500Conv2d: 2-14                      8
|    \u2514\u2500Softmax: 2-15                     --
\u251c\u2500Linear: 1-5                            616
=================================================================
Total params: 14,422
Trainable params: 14,422
Non-trainable params: 0
=================================================================
2023/10/12 16:55:08 INFO : ****** Run until first stop... ********
2023/10/12 16:55:08 INFO : Train size: 7
2023/10/12 16:55:08 INFO : Test size: 3
2023/10/12 16:55:57 INFO : New best test acc 26.000000
2023/10/12 16:55:57 INFO : Epoch 0
2023/10/12 16:55:57 INFO : train_loss       1.50983
2023/10/12 16:55:57 INFO : train_acc       24.22360
2023/10/12 16:55:57 INFO : test_loss       1.38416
2023/10/12 16:55:57 INFO : test_acc       26.00000
2023/10/12 16:55:57 INFO :
2023/10/12 16:56:44 INFO : New best test acc 28.000000
2023/10/12 17:07:35 INFO : New best test acc 30.000000
2023/10/12 17:11:27 INFO : Epoch 20
2023/10/12 17:11:27 INFO : train_loss       0.63410
2023/10/12 17:11:27 INFO : train_acc       88.81988
2023/10/12 17:11:27 INFO : test_loss       1.48140
2023/10/12 17:11:27 INFO : test_acc       28.00000
2023/10/12 17:11:27 INFO :
2023/10/12 17:26:54 INFO : Epoch 40
2023/10/12 17:26:54 INFO : train_loss       0.32436
2023/10/12 17:26:54 INFO : train_acc       95.65217
2023/10/12 17:26:54 INFO : test_loss       1.62277
2023/10/12 17:26:54 INFO : test_acc       28.00000
2023/10/12 17:26:54 INFO :
2023/10/12 17:42:18 INFO : Epoch 60
2023/10/12 17:42:18 INFO : train_loss       0.19254
2023/10/12 17:42:18 INFO : train_acc       99.37888
2023/10/12 17:42:18 INFO : test_loss       1.83102
2023/10/12 17:42:18 INFO : test_acc       22.00000
2023/10/12 17:42:18 INFO :
2023/10/12 17:57:43 INFO : Epoch 80
2023/10/12 17:57:43 INFO : train_loss       0.14888
2023/10/12 17:57:43 INFO : train_acc       99.37888
2023/10/12 17:57:43 INFO : test_loss       1.84060
2023/10/12 17:57:43 INFO : test_acc       26.00000
2023/10/12 17:57:43 INFO :
2023/10/12 18:03:19 INFO : New best test acc 32.000000
2023/10/12 19:18:18 INFO : Epoch 100
2023/10/12 19:18:18 INFO : train_loss       0.13153
2023/10/12 19:18:18 INFO : train_acc       99.37888
2023/10/12 19:18:18 INFO : test_loss       1.90068
2023/10/12 19:18:18 INFO : test_acc       26.00000
2023/10/12 19:18:18 INFO :
2023/10/12 20:50:48 INFO : New best test acc 34.000000
2023/10/12 21:07:06 INFO : Epoch 120
2023/10/12 21:07:06 INFO : train_loss       0.10759
2023/10/12 21:07:06 INFO : train_acc       99.37888
2023/10/12 21:07:06 INFO : test_loss       1.81784
2023/10/12 21:07:06 INFO : test_acc       30.00000
2023/10/12 21:07:06 INFO :
2023/10/12 22:55:51 INFO : Epoch 140
2023/10/12 22:55:51 INFO : train_loss       0.11104
2023/10/12 22:55:51 INFO : train_acc       99.37888
2023/10/12 22:55:51 INFO : test_loss       1.99264
2023/10/12 22:55:51 INFO : test_acc       22.00000
2023/10/12 22:55:51 INFO :
2023/10/13 00:44:39 INFO : Epoch 160
2023/10/13 00:44:39 INFO : train_loss       0.07536
2023/10/13 00:44:39 INFO : train_acc       99.37888
2023/10/13 00:44:39 INFO : test_loss       2.18033
2023/10/13 00:44:39 INFO : test_acc       18.00000
2023/10/13 00:44:39 INFO :
2023/10/13 02:33:20 INFO : Epoch 180
2023/10/13 02:33:20 INFO : train_loss       0.07614
2023/10/13 02:33:20 INFO : train_acc       99.37888
2023/10/13 02:33:20 INFO : test_loss       2.01327
2023/10/13 02:33:20 INFO : test_acc       22.00000
2023/10/13 02:33:20 INFO :
2023/10/13 04:21:57 INFO : Epoch 200
2023/10/13 04:21:57 INFO : train_loss       0.06338
2023/10/13 04:21:57 INFO : train_acc       99.37888
2023/10/13 04:21:57 INFO : test_loss       2.15908
2023/10/13 04:21:57 INFO : test_acc       24.00000
2023/10/13 04:21:57 INFO :
2023/10/13 06:10:45 INFO : Epoch 220
2023/10/13 06:10:45 INFO : train_loss       0.07844
2023/10/13 06:10:45 INFO : train_acc       98.80952
2023/10/13 06:10:45 INFO : test_loss       2.07886
2023/10/13 06:10:45 INFO : test_acc       22.00000
2023/10/13 06:10:45 INFO :
2023/10/13 07:59:26 INFO : Epoch 240
2023/10/13 07:59:26 INFO : train_loss       0.04926
2023/10/13 07:59:26 INFO : train_acc       100.00000
2023/10/13 07:59:26 INFO : test_loss       2.09823
2023/10/13 07:59:26 INFO : test_acc       24.00000
2023/10/13 07:59:26 INFO :
2023/10/13 08:59:08 INFO : Epoch 251
2023/10/13 08:59:08 INFO : train_loss       0.06465
2023/10/13 08:59:08 INFO : train_acc       99.37888
2023/10/13 08:59:08 INFO : test_loss       2.10491
2023/10/13 08:59:08 INFO : test_acc       28.00000
2023/10/13 08:59:08 INFO :
2023/10/13 09:04:33 INFO : Epoch 252
2023/10/13 09:04:33 INFO : train_loss       0.05697
2023/10/13 09:04:33 INFO : train_acc       100.00000
2023/10/13 09:04:33 INFO : test_loss       2.14790
2023/10/13 09:04:33 INFO : test_acc       26.00000
2023/10/13 09:04:33 INFO :
2023/10/13 09:09:59 INFO : Epoch 253
2023/10/13 09:09:59 INFO : train_loss       0.04585
2023/10/13 09:09:59 INFO : train_acc       100.00000
2023/10/13 09:09:59 INFO : test_loss       2.19863
2023/10/13 09:09:59 INFO : test_acc       26.00000
2023/10/13 09:09:59 INFO :
2023/10/13 09:15:27 INFO : Epoch 254
2023/10/13 09:15:27 INFO : train_loss       0.07091
2023/10/13 09:15:27 INFO : train_acc       99.37888
2023/10/13 09:15:27 INFO : test_loss       2.16535
2023/10/13 09:15:27 INFO : test_acc       22.00000
2023/10/13 09:15:27 INFO :
2023/10/13 09:20:53 INFO : Epoch 255
2023/10/13 09:20:53 INFO : train_loss       0.04990
2023/10/13 09:20:53 INFO : train_acc       100.00000
2023/10/13 09:20:53 INFO : test_loss       2.09909
2023/10/13 09:20:53 INFO : test_acc       24.00000
2023/10/13 09:20:53 INFO :
2023/10/13 09:26:18 INFO : Epoch 256
2023/10/13 09:26:18 INFO : train_loss       0.04332
2023/10/13 09:26:18 INFO : train_acc       100.00000
2023/10/13 09:26:18 INFO : test_loss       2.05189
2023/10/13 09:26:18 INFO : test_acc       26.00000
2023/10/13 09:26:18 INFO :
2023/10/13 09:31:44 INFO : Epoch 257
2023/10/13 09:31:44 INFO : train_loss       0.05512
2023/10/13 09:31:44 INFO : train_acc       98.75776
2023/10/13 09:31:44 INFO : test_loss       2.12126
2023/10/13 09:31:44 INFO : test_acc       20.00000
2023/10/13 09:31:44 INFO :
2023/10/13 09:37:10 INFO : Epoch 258
2023/10/13 09:37:10 INFO : train_loss       0.05071
2023/10/13 09:37:10 INFO : train_acc       99.37888
2023/10/13 09:37:10 INFO : test_loss       2.20900
2023/10/13 09:37:10 INFO : test_acc       16.00000
2023/10/13 09:37:10 INFO :
2023/10/13 09:42:37 INFO : Epoch 259
2023/10/13 09:42:37 INFO : train_loss       0.05178
2023/10/13 09:42:37 INFO : train_acc       99.37888
2023/10/13 09:42:37 INFO : test_loss       2.21735
2023/10/13 09:42:37 INFO : test_acc       20.00000
2023/10/13 09:42:37 INFO :
2023/10/13 09:48:05 INFO : Epoch 260
2023/10/13 09:48:05 INFO : train_loss       0.05360
2023/10/13 09:48:05 INFO : train_acc       100.00000
2023/10/13 09:48:05 INFO : test_loss       2.17821
2023/10/13 09:48:05 INFO : test_acc       26.00000
2023/10/13 09:48:05 INFO :
2023/10/13 09:53:31 INFO : Epoch 261
2023/10/13 09:53:31 INFO : train_loss       0.03710
2023/10/13 09:53:31 INFO : train_acc       100.00000
2023/10/13 09:53:31 INFO : test_loss       2.12818
2023/10/13 09:53:31 INFO : test_acc       24.00000
2023/10/13 09:53:31 INFO :
2023/10/13 09:58:58 INFO : Epoch 262
2023/10/13 09:58:58 INFO : train_loss       0.06599
2023/10/13 09:58:58 INFO : train_acc       100.00000
2023/10/13 09:58:58 INFO : test_loss       2.10732
2023/10/13 09:58:58 INFO : test_acc       28.00000
2023/10/13 09:58:58 INFO :
2023/10/13 10:04:23 INFO : Epoch 263
2023/10/13 10:04:23 INFO : train_loss       0.04901
2023/10/13 10:04:23 INFO : train_acc       100.00000
2023/10/13 10:04:23 INFO : test_loss       2.19308
2023/10/13 10:04:23 INFO : test_acc       24.00000
2023/10/13 10:04:23 INFO :
2023/10/13 10:09:49 INFO : Epoch 264
2023/10/13 10:09:49 INFO : train_loss       0.05586
2023/10/13 10:09:49 INFO : train_acc       99.37888
2023/10/13 10:09:49 INFO : test_loss       2.18156
2023/10/13 10:09:49 INFO : test_acc       24.00000
2023/10/13 10:09:49 INFO :
2023/10/13 10:15:16 INFO : Epoch 265
2023/10/13 10:15:16 INFO : train_loss       0.05353
2023/10/13 10:15:16 INFO : train_acc       100.00000
2023/10/13 10:15:16 INFO : test_loss       2.21813
2023/10/13 10:15:16 INFO : test_acc       24.00000
2023/10/13 10:15:16 INFO :
2023/10/13 10:20:42 INFO : Epoch 266
2023/10/13 10:20:42 INFO : train_loss       0.05107
2023/10/13 10:20:42 INFO : train_acc       100.00000
2023/10/13 10:20:42 INFO : test_loss       2.18316
2023/10/13 10:20:42 INFO : test_acc       22.00000
2023/10/13 10:20:42 INFO :
2023/10/13 10:26:08 INFO : Epoch 267
2023/10/13 10:26:08 INFO : train_loss       0.06448
2023/10/13 10:26:08 INFO : train_acc       99.37888
2023/10/13 10:26:08 INFO : test_loss       2.17561
2023/10/13 10:26:08 INFO : test_acc       26.00000
2023/10/13 10:26:08 INFO :
2023/10/13 10:31:33 INFO : Epoch 268
2023/10/13 10:31:33 INFO : train_loss       0.04301
2023/10/13 10:31:33 INFO : train_acc       100.00000
2023/10/13 10:31:33 INFO : test_loss       2.15048
2023/10/13 10:31:33 INFO : test_acc       24.00000
2023/10/13 10:31:33 INFO :
2023/10/13 10:36:59 INFO : Epoch 269
2023/10/13 10:36:59 INFO : train_loss       0.04257
2023/10/13 10:36:59 INFO : train_acc       100.00000
2023/10/13 10:36:59 INFO : test_loss       2.12873
2023/10/13 10:36:59 INFO : test_acc       26.00000
2023/10/13 10:36:59 INFO :
2023/10/13 10:42:25 INFO : Epoch 270
2023/10/13 10:42:25 INFO : train_loss       0.04093
2023/10/13 10:42:25 INFO : train_acc       100.00000
2023/10/13 10:42:25 INFO : test_loss       2.15456
2023/10/13 10:42:25 INFO : test_acc       26.00000
2023/10/13 10:42:25 INFO :
2023/10/13 10:47:52 INFO : Epoch 271
2023/10/13 10:47:52 INFO : train_loss       0.05674
2023/10/13 10:47:52 INFO : train_acc       100.00000
2023/10/13 10:47:52 INFO : test_loss       2.13313
2023/10/13 10:47:52 INFO : test_acc       24.00000
2023/10/13 10:47:52 INFO :
2023/10/13 10:53:18 INFO : Epoch 272
2023/10/13 10:53:18 INFO : train_loss       0.03841
2023/10/13 10:53:18 INFO : train_acc       100.00000
2023/10/13 10:53:18 INFO : test_loss       2.09945
2023/10/13 10:53:18 INFO : test_acc       26.00000
2023/10/13 10:53:18 INFO :
2023/10/13 10:58:44 INFO : Epoch 273
2023/10/13 10:58:44 INFO : train_loss       0.04050
2023/10/13 10:58:44 INFO : train_acc       100.00000
2023/10/13 10:58:44 INFO : test_loss       2.09702
2023/10/13 10:58:44 INFO : test_acc       26.00000
2023/10/13 10:58:44 INFO :
2023/10/13 11:04:10 INFO : Epoch 274
2023/10/13 11:04:10 INFO : train_loss       0.03537
2023/10/13 11:04:10 INFO : train_acc       100.00000
2023/10/13 11:04:10 INFO : test_loss       2.09332
2023/10/13 11:04:10 INFO : test_acc       26.00000
2023/10/13 11:04:10 INFO :
2023/10/13 11:09:35 INFO : Epoch 275
2023/10/13 11:09:35 INFO : train_loss       0.04390
2023/10/13 11:09:35 INFO : train_acc       99.37888
2023/10/13 11:09:35 INFO : test_loss       2.08861
2023/10/13 11:09:35 INFO : test_acc       26.00000
2023/10/13 11:09:35 INFO :
2023/10/13 11:15:00 INFO : Epoch 276
2023/10/13 11:15:00 INFO : train_loss       0.03718
2023/10/13 11:15:00 INFO : train_acc       100.00000
2023/10/13 11:15:00 INFO : test_loss       2.07317
2023/10/13 11:15:00 INFO : test_acc       22.00000
2023/10/13 11:15:00 INFO :
2023/10/13 11:20:26 INFO : Epoch 277
2023/10/13 11:20:26 INFO : train_loss       0.04406
2023/10/13 11:20:26 INFO : train_acc       100.00000
2023/10/13 11:20:26 INFO : test_loss       2.10826
2023/10/13 11:20:26 INFO : test_acc       22.00000
2023/10/13 11:20:26 INFO :
2023/10/13 11:25:51 INFO : Epoch 278
2023/10/13 11:25:51 INFO : train_loss       0.05204
2023/10/13 11:25:51 INFO : train_acc       98.75776
2023/10/13 11:25:51 INFO : test_loss       2.11361
2023/10/13 11:25:51 INFO : test_acc       24.00000
2023/10/13 11:25:51 INFO :
2023/10/13 11:31:17 INFO : Epoch 279
2023/10/13 11:31:17 INFO : train_loss       0.05648
2023/10/13 11:31:17 INFO : train_acc       99.37888
2023/10/13 11:31:17 INFO : test_loss       2.12515
2023/10/13 11:31:17 INFO : test_acc       24.00000
2023/10/13 11:31:17 INFO :
2023/10/13 11:36:42 INFO : Epoch 280
2023/10/13 11:36:42 INFO : train_loss       0.03448
2023/10/13 11:36:42 INFO : train_acc       100.00000
2023/10/13 11:36:42 INFO : test_loss       2.13239
2023/10/13 11:36:42 INFO : test_acc       26.00000
2023/10/13 11:36:42 INFO :
2023/10/13 11:42:07 INFO : Epoch 281
2023/10/13 11:42:07 INFO : train_loss       0.03853
2023/10/13 11:42:07 INFO : train_acc       100.00000
2023/10/13 11:42:07 INFO : test_loss       2.15831
2023/10/13 11:42:07 INFO : test_acc       30.00000
2023/10/13 11:42:07 INFO :
2023/10/13 11:47:33 INFO : Epoch 282
2023/10/13 11:47:33 INFO : train_loss       0.03736
2023/10/13 11:47:33 INFO : train_acc       100.00000
2023/10/13 11:47:33 INFO : test_loss       2.12381
2023/10/13 11:47:33 INFO : test_acc       28.00000
2023/10/13 11:47:33 INFO :
2023/10/13 11:52:58 INFO : Epoch 283
2023/10/13 11:52:58 INFO : train_loss       0.04779
2023/10/13 11:52:58 INFO : train_acc       100.00000
2023/10/13 11:52:58 INFO : test_loss       2.12742
2023/10/13 11:52:58 INFO : test_acc       26.00000
2023/10/13 11:52:58 INFO :
2023/10/13 11:58:24 INFO : Epoch 284
2023/10/13 11:58:24 INFO : train_loss       0.03575
2023/10/13 11:58:24 INFO : train_acc       100.00000
2023/10/13 11:58:24 INFO : test_loss       2.13956
2023/10/13 11:58:24 INFO : test_acc       28.00000
2023/10/13 11:58:24 INFO :
2023/10/13 12:03:49 INFO : Epoch 285
2023/10/13 12:03:49 INFO : train_loss       0.04910
2023/10/13 12:03:49 INFO : train_acc       99.37888
2023/10/13 12:03:49 INFO : test_loss       2.34910
2023/10/13 12:03:49 INFO : test_acc       24.00000
2023/10/13 12:03:49 INFO :
2023/10/13 12:09:14 INFO : Epoch 286
2023/10/13 12:09:14 INFO : train_loss       0.04023
2023/10/13 12:09:14 INFO : train_acc       100.00000
2023/10/13 12:09:14 INFO : test_loss       2.36046
2023/10/13 12:09:14 INFO : test_acc       22.00000
2023/10/13 12:09:14 INFO :
2023/10/13 12:14:40 INFO : Epoch 287
2023/10/13 12:14:40 INFO : train_loss       0.03610
2023/10/13 12:14:40 INFO : train_acc       100.00000
2023/10/13 12:14:40 INFO : test_loss       2.32102
2023/10/13 12:14:40 INFO : test_acc       22.00000
2023/10/13 12:14:40 INFO :
2023/10/13 12:20:06 INFO : Epoch 288
2023/10/13 12:20:06 INFO : train_loss       0.04445
2023/10/13 12:20:06 INFO : train_acc       100.00000
2023/10/13 12:20:06 INFO : test_loss       2.27154
2023/10/13 12:20:06 INFO : test_acc       22.00000
2023/10/13 12:20:06 INFO :
2023/10/13 12:25:31 INFO : Epoch 289
2023/10/13 12:25:31 INFO : train_loss       0.03955
2023/10/13 12:25:31 INFO : train_acc       100.00000
2023/10/13 12:25:31 INFO : test_loss       2.18293
2023/10/13 12:25:31 INFO : test_acc       24.00000
2023/10/13 12:25:31 INFO :
2023/10/13 12:30:57 INFO : Epoch 290
2023/10/13 12:30:57 INFO : train_loss       0.03162
2023/10/13 12:30:57 INFO : train_acc       100.00000
2023/10/13 12:30:57 INFO : test_loss       2.18017
2023/10/13 12:30:57 INFO : test_acc       24.00000
2023/10/13 12:30:57 INFO :
2023/10/13 12:36:22 INFO : Epoch 291
2023/10/13 12:36:22 INFO : train_loss       0.04305
2023/10/13 12:36:22 INFO : train_acc       100.00000
2023/10/13 12:36:22 INFO : test_loss       2.22482
2023/10/13 12:36:22 INFO : test_acc       20.00000
2023/10/13 12:36:22 INFO :
2023/10/13 12:41:48 INFO : Epoch 292
2023/10/13 12:41:48 INFO : train_loss       0.05478
2023/10/13 12:41:48 INFO : train_acc       99.37888
2023/10/13 12:41:48 INFO : test_loss       2.22879
2023/10/13 12:41:48 INFO : test_acc       24.00000
2023/10/13 12:41:48 INFO :
2023/10/13 12:47:14 INFO : Epoch 293
2023/10/13 12:47:14 INFO : train_loss       0.03690
2023/10/13 12:47:14 INFO : train_acc       99.37888
2023/10/13 12:47:14 INFO : test_loss       2.30058
2023/10/13 12:47:14 INFO : test_acc       26.00000
2023/10/13 12:47:14 INFO :
2023/10/13 12:52:40 INFO : Epoch 294
2023/10/13 12:52:40 INFO : train_loss       0.02811
2023/10/13 12:52:40 INFO : train_acc       100.00000
2023/10/13 12:52:40 INFO : test_loss       2.30131
2023/10/13 12:52:40 INFO : test_acc       26.00000
2023/10/13 12:52:40 INFO :
2023/10/13 12:58:06 INFO : Epoch 295
2023/10/13 12:58:06 INFO : train_loss       0.04296
2023/10/13 12:58:06 INFO : train_acc       100.00000
2023/10/13 12:58:06 INFO : test_loss       2.26013
2023/10/13 12:58:06 INFO : test_acc       24.00000
2023/10/13 12:58:06 INFO :
2023/10/13 13:03:31 INFO : Epoch 296
2023/10/13 13:03:31 INFO : train_loss       0.03732
2023/10/13 13:03:31 INFO : train_acc       99.37888
2023/10/13 13:03:31 INFO : test_loss       2.21158
2023/10/13 13:03:31 INFO : test_acc       20.00000
2023/10/13 13:03:31 INFO :
2023/10/13 13:09:00 INFO : Epoch 297
2023/10/13 13:09:00 INFO : train_loss       0.02929
2023/10/13 13:09:00 INFO : train_acc       100.00000
2023/10/13 13:09:00 INFO : test_loss       2.19636
2023/10/13 13:09:00 INFO : test_acc       22.00000
2023/10/13 13:09:00 INFO :
2023/10/13 13:14:26 INFO : Epoch 298
2023/10/13 13:14:26 INFO : train_loss       0.05064
2023/10/13 13:14:26 INFO : train_acc       100.00000
2023/10/13 13:14:26 INFO : test_loss       2.17137
2023/10/13 13:14:26 INFO : test_acc       24.00000
2023/10/13 13:14:26 INFO :
2023/10/13 13:19:54 INFO : Epoch 299
2023/10/13 13:19:54 INFO : train_loss       0.04515
2023/10/13 13:19:54 INFO : train_acc       100.00000
2023/10/13 13:19:54 INFO : test_loss       2.20897
2023/10/13 13:19:54 INFO : test_acc       22.00000
2023/10/13 13:19:54 INFO :
2023/10/13 13:19:54 INFO : Best test acc 34.00000
2023/10/13 13:19:54 INFO : mean acc of last 10 epochs 23.20000
2023/10/13 13:19:54 INFO : std of last 10 epochs 2.03961
2023/10/13 13:19:54 INFO : * * * * * * * * * * * * * * * * * * * *
2023/10/13 13:20:05 INFO : ****************  LMDA for 2! ***************************
2023/10/13 13:20:05 INFO : {'num_classes': 4, 'chans': 128, 'channel_depth1': 130, 'channel_depth2': 9, 'kernel': 75, 'depth': 9, 'pool_depth': 1, 'avepool': 25, 'avgpool_step1': 1}
2023/10/13 13:20:05 INFO : =================================================================
Layer (type:depth-idx)                   Param #
=================================================================
\u251c\u2500Sequential: 1-1                        --
|    \u2514\u2500Conv2d: 2-1                       1,170
|    \u2514\u2500BatchNorm2d: 2-2                  260
|    \u2514\u2500Conv2d: 2-3                       9,750
|    \u2514\u2500BatchNorm2d: 2-4                  260
|    \u2514\u2500GELU: 2-5                         --
\u251c\u2500Sequential: 1-2                        --
|    \u2514\u2500Conv2d: 2-6                       1,170
|    \u2514\u2500BatchNorm2d: 2-7                  18
|    \u2514\u2500Conv2d: 2-8                       1,152
|    \u2514\u2500BatchNorm2d: 2-9                  18
|    \u2514\u2500GELU: 2-10                        --
\u251c\u2500Sequential: 1-3                        --
|    \u2514\u2500AvgPool3d: 2-11                   --
|    \u2514\u2500Dropout: 2-12                     --
\u251c\u2500EEGDepthAttention: 1-4                 --
|    \u2514\u2500AdaptiveAvgPool2d: 2-13           --
|    \u2514\u2500Conv2d: 2-14                      8
|    \u2514\u2500Softmax: 2-15                     --
\u251c\u2500Linear: 1-5                            616
=================================================================
Total params: 14,422
Trainable params: 14,422
Non-trainable params: 0
=================================================================
2023/10/13 13:20:05 INFO : ****** Run until first stop... ********
2023/10/13 13:20:05 INFO : Train size: 8
2023/10/13 13:20:05 INFO : Test size: 3
2023/10/13 13:26:52 INFO : New best test acc 30.000000
2023/10/13 13:26:52 INFO : Epoch 0
2023/10/13 13:26:52 INFO : train_loss       1.52565
2023/10/13 13:26:52 INFO : train_acc       25.14302
2023/10/13 13:26:52 INFO : test_loss       1.38357
2023/10/13 13:26:52 INFO : test_acc       30.00000
2023/10/13 13:26:52 INFO :
2023/10/13 15:42:15 INFO : Epoch 20
2023/10/13 15:42:15 INFO : train_loss       0.67812
2023/10/13 15:42:15 INFO : train_acc       88.90160
2023/10/13 15:42:15 INFO : test_loss       1.56168
2023/10/13 15:42:15 INFO : test_acc       23.33333
2023/10/13 15:42:15 INFO :
2023/10/13 17:57:43 INFO : Epoch 40
2023/10/13 17:57:43 INFO : train_loss       0.36501
2023/10/13 17:57:43 INFO : train_acc       96.51030
2023/10/13 17:57:43 INFO : test_loss       1.81504
2023/10/13 17:57:43 INFO : test_acc       20.00000
2023/10/13 17:57:43 INFO :
2023/10/13 20:13:08 INFO : Epoch 60
2023/10/13 20:13:08 INFO : train_loss       0.24073
2023/10/13 20:13:08 INFO : train_acc       98.91304
2023/10/13 20:13:08 INFO : test_loss       1.98375
2023/10/13 20:13:08 INFO : test_acc       23.33333
2023/10/13 20:13:08 INFO :
2023/10/13 22:28:31 INFO : Epoch 80
2023/10/13 22:28:31 INFO : train_loss       0.19189
2023/10/13 22:28:31 INFO : train_acc       99.45652
2023/10/13 22:28:31 INFO : test_loss       2.06508
2023/10/13 22:28:31 INFO : test_acc       23.33333
2023/10/13 22:28:31 INFO :
2023/10/14 00:43:51 INFO : Epoch 100
2023/10/14 00:43:51 INFO : train_loss       0.13365
2023/10/14 00:43:51 INFO : train_acc       100.00000
2023/10/14 00:43:51 INFO : test_loss       2.21671
2023/10/14 00:43:51 INFO : test_acc       18.33333
2023/10/14 00:43:51 INFO :
2023/10/14 02:59:15 INFO : Epoch 120
2023/10/14 02:59:15 INFO : train_loss       0.12097
2023/10/14 02:59:15 INFO : train_acc       99.45652
2023/10/14 02:59:15 INFO : test_loss       2.27512
2023/10/14 02:59:15 INFO : test_acc       21.66667
2023/10/14 02:59:15 INFO :
2023/10/14 05:14:31 INFO : Epoch 140
2023/10/14 05:14:31 INFO : train_loss       0.11468
2023/10/14 05:14:31 INFO : train_acc       99.45652
2023/10/14 05:14:31 INFO : test_loss       2.42191
2023/10/14 05:14:31 INFO : test_acc       18.33333
2023/10/14 05:14:31 INFO :
2023/10/14 07:29:54 INFO : Epoch 160
2023/10/14 07:29:54 INFO : train_loss       0.08940
2023/10/14 07:29:54 INFO : train_acc       100.00000
2023/10/14 07:29:54 INFO : test_loss       2.29959
2023/10/14 07:29:54 INFO : test_acc       25.00000
2023/10/14 07:29:54 INFO :
2023/10/14 09:45:25 INFO : Epoch 180
2023/10/14 09:45:25 INFO : train_loss       0.08383
2023/10/14 09:45:25 INFO : train_acc       99.45652
2023/10/14 09:45:25 INFO : test_loss       2.39224
2023/10/14 09:45:25 INFO : test_acc       23.33333
2023/10/14 09:45:25 INFO :
2023/10/14 12:00:48 INFO : Epoch 200
2023/10/14 12:00:48 INFO : train_loss       0.07362
2023/10/14 12:00:48 INFO : train_acc       100.00000
2023/10/14 12:00:48 INFO : test_loss       2.43254
2023/10/14 12:00:48 INFO : test_acc       26.66667
2023/10/14 12:00:48 INFO :
2023/10/14 14:16:11 INFO : Epoch 220
2023/10/14 14:16:11 INFO : train_loss       0.07260
2023/10/14 14:16:11 INFO : train_acc       98.91304
2023/10/14 14:16:11 INFO : test_loss       2.46569
2023/10/14 14:16:11 INFO : test_acc       25.00000
2023/10/14 14:16:11 INFO :
2023/10/14 15:23:50 INFO : New best test acc 31.666667
2023/10/14 16:31:34 INFO : Epoch 240
2023/10/14 16:31:34 INFO : train_loss       0.06816
2023/10/14 16:31:34 INFO : train_acc       99.45652
2023/10/14 16:31:34 INFO : test_loss       2.45973
2023/10/14 16:31:34 INFO : test_acc       25.00000
2023/10/14 16:31:34 INFO :
2023/10/14 17:18:58 INFO : New best test acc 33.333333
2023/10/14 17:46:02 INFO : Epoch 251
2023/10/14 17:46:02 INFO : train_loss       0.06414
2023/10/14 17:46:02 INFO : train_acc       99.45652
2023/10/14 17:46:02 INFO : test_loss       2.42585
2023/10/14 17:46:02 INFO : test_acc       25.00000
2023/10/14 17:46:02 INFO :
2023/10/14 17:52:48 INFO : Epoch 252
2023/10/14 17:52:48 INFO : train_loss       0.06259
2023/10/14 17:52:48 INFO : train_acc       99.45652
2023/10/14 17:52:48 INFO : test_loss       2.41422
2023/10/14 17:52:48 INFO : test_acc       25.00000
2023/10/14 17:52:48 INFO :
2023/10/14 17:59:34 INFO : Epoch 253
2023/10/14 17:59:34 INFO : train_loss       0.08622
2023/10/14 17:59:34 INFO : train_acc       98.79863
2023/10/14 17:59:34 INFO : test_loss       2.52100
2023/10/14 17:59:34 INFO : test_acc       21.66667
2023/10/14 17:59:34 INFO :
2023/10/14 18:06:20 INFO : Epoch 254
2023/10/14 18:06:20 INFO : train_loss       0.05863
2023/10/14 18:06:20 INFO : train_acc       100.00000
2023/10/14 18:06:20 INFO : test_loss       2.51370
2023/10/14 18:06:20 INFO : test_acc       20.00000
2023/10/14 18:06:20 INFO :
2023/10/14 18:13:07 INFO : Epoch 255
2023/10/14 18:13:07 INFO : train_loss       0.07135
2023/10/14 18:13:07 INFO : train_acc       98.91304
2023/10/14 18:13:07 INFO : test_loss       2.48792
2023/10/14 18:13:07 INFO : test_acc       21.66667
2023/10/14 18:13:07 INFO :
2023/10/14 18:19:53 INFO : Epoch 256
2023/10/14 18:19:53 INFO : train_loss       0.05512
2023/10/14 18:19:53 INFO : train_acc       99.45652
2023/10/14 18:19:53 INFO : test_loss       2.52773
2023/10/14 18:19:53 INFO : test_acc       18.33333
2023/10/14 18:19:53 INFO :
2023/10/14 18:26:40 INFO : Epoch 257
2023/10/14 18:26:40 INFO : train_loss       0.04723
2023/10/14 18:26:40 INFO : train_acc       100.00000
2023/10/14 18:26:40 INFO : test_loss       2.52657
2023/10/14 18:26:40 INFO : test_acc       25.00000
2023/10/14 18:26:40 INFO :
2023/10/14 18:33:25 INFO : Epoch 258
2023/10/14 18:33:25 INFO : train_loss       0.05591
2023/10/14 18:33:25 INFO : train_acc       99.45652
2023/10/14 18:33:25 INFO : test_loss       2.47647
2023/10/14 18:33:25 INFO : test_acc       26.66667
2023/10/14 18:33:25 INFO :
2023/10/14 18:40:11 INFO : Epoch 259
2023/10/14 18:40:11 INFO : train_loss       0.04633
2023/10/14 18:40:11 INFO : train_acc       100.00000
2023/10/14 18:40:11 INFO : test_loss       2.45234
2023/10/14 18:40:11 INFO : test_acc       28.33333
2023/10/14 18:40:11 INFO :
2023/10/14 18:46:58 INFO : Epoch 260
2023/10/14 18:46:58 INFO : train_loss       0.06627
2023/10/14 18:46:58 INFO : train_acc       98.79863
2023/10/14 18:46:58 INFO : test_loss       2.49129
2023/10/14 18:46:58 INFO : test_acc       21.66667
2023/10/14 18:46:58 INFO :
2023/10/14 18:53:44 INFO : Epoch 261
2023/10/14 18:53:44 INFO : train_loss       0.06500
2023/10/14 18:53:44 INFO : train_acc       98.91304
2023/10/14 18:53:44 INFO : test_loss       2.62256
2023/10/14 18:53:44 INFO : test_acc       25.00000
2023/10/14 18:53:44 INFO :
2023/10/14 19:00:30 INFO : Epoch 262
2023/10/14 19:00:30 INFO : train_loss       0.05892
2023/10/14 19:00:30 INFO : train_acc       99.45652
2023/10/14 19:00:30 INFO : test_loss       2.63555
2023/10/14 19:00:30 INFO : test_acc       25.00000
2023/10/14 19:00:30 INFO :
2023/10/14 19:07:16 INFO : Epoch 263
2023/10/14 19:07:16 INFO : train_loss       0.05623
2023/10/14 19:07:16 INFO : train_acc       100.00000
2023/10/14 19:07:16 INFO : test_loss       2.48911
2023/10/14 19:07:16 INFO : test_acc       20.00000
2023/10/14 19:07:16 INFO :
2023/10/14 19:14:02 INFO : Epoch 264
2023/10/14 19:14:02 INFO : train_loss       0.06640
2023/10/14 19:14:02 INFO : train_acc       100.00000
2023/10/14 19:14:02 INFO : test_loss       2.45333
2023/10/14 19:14:02 INFO : test_acc       28.33333
2023/10/14 19:14:02 INFO :
2023/10/14 19:20:49 INFO : Epoch 265
2023/10/14 19:20:49 INFO : train_loss       0.06209
2023/10/14 19:20:49 INFO : train_acc       99.45652
2023/10/14 19:20:49 INFO : test_loss       2.64866
2023/10/14 19:20:49 INFO : test_acc       23.33333
2023/10/14 19:20:49 INFO :
2023/10/14 19:27:35 INFO : Epoch 266
2023/10/14 19:27:35 INFO : train_loss       0.05305
2023/10/14 19:27:35 INFO : train_acc       100.00000
2023/10/14 19:27:35 INFO : test_loss       2.74006
2023/10/14 19:27:35 INFO : test_acc       23.33333
2023/10/14 19:27:35 INFO :
2023/10/14 19:34:22 INFO : Epoch 267
2023/10/14 19:34:22 INFO : train_loss       0.04219
2023/10/14 19:34:22 INFO : train_acc       100.00000
2023/10/14 19:34:22 INFO : test_loss       2.58799
2023/10/14 19:34:22 INFO : test_acc       28.33333
2023/10/14 19:34:22 INFO :
2023/10/14 19:41:08 INFO : Epoch 268
2023/10/14 19:41:08 INFO : train_loss       0.04838
2023/10/14 19:41:08 INFO : train_acc       99.34211
2023/10/14 19:41:08 INFO : test_loss       2.51588
2023/10/14 19:41:08 INFO : test_acc       25.00000
2023/10/14 19:41:08 INFO :
2023/10/14 19:47:54 INFO : Epoch 269
2023/10/14 19:47:54 INFO : train_loss       0.06452
2023/10/14 19:47:54 INFO : train_acc       99.45652
2023/10/14 19:47:54 INFO : test_loss       2.56221
2023/10/14 19:47:54 INFO : test_acc       20.00000
2023/10/14 19:47:54 INFO :
2023/10/14 19:54:40 INFO : Epoch 270
2023/10/14 19:54:40 INFO : train_loss       0.04636
2023/10/14 19:54:40 INFO : train_acc       99.45652
2023/10/14 19:54:40 INFO : test_loss       2.50871
2023/10/14 19:54:40 INFO : test_acc       21.66667
2023/10/14 19:54:40 INFO :
2023/10/14 20:01:26 INFO : Epoch 271
2023/10/14 20:01:26 INFO : train_loss       0.04447
2023/10/14 20:01:26 INFO : train_acc       100.00000
2023/10/14 20:01:26 INFO : test_loss       2.54117
2023/10/14 20:01:26 INFO : test_acc       25.00000
2023/10/14 20:01:26 INFO :
2023/10/14 20:08:12 INFO : Epoch 272
2023/10/14 20:08:12 INFO : train_loss       0.04102
2023/10/14 20:08:12 INFO : train_acc       100.00000
2023/10/14 20:08:12 INFO : test_loss       2.56154
2023/10/14 20:08:12 INFO : test_acc       25.00000
2023/10/14 20:08:12 INFO :
2023/10/14 20:14:57 INFO : Epoch 273
2023/10/14 20:14:57 INFO : train_loss       0.05427
2023/10/14 20:14:57 INFO : train_acc       99.45652
2023/10/14 20:14:57 INFO : test_loss       2.55779
2023/10/14 20:14:57 INFO : test_acc       21.66667
2023/10/14 20:14:57 INFO :
2023/10/14 20:21:44 INFO : Epoch 274
2023/10/14 20:21:44 INFO : train_loss       0.05712
2023/10/14 20:21:44 INFO : train_acc       99.34211
2023/10/14 20:21:44 INFO : test_loss       2.57118
2023/10/14 20:21:44 INFO : test_acc       20.00000
2023/10/14 20:21:44 INFO :
2023/10/14 20:28:30 INFO : Epoch 275
2023/10/14 20:28:30 INFO : train_loss       0.06226
2023/10/14 20:28:30 INFO : train_acc       99.45652
2023/10/14 20:28:30 INFO : test_loss       2.62000
2023/10/14 20:28:30 INFO : test_acc       20.00000
2023/10/14 20:28:30 INFO :
2023/10/14 20:35:17 INFO : Epoch 276
2023/10/14 20:35:17 INFO : train_loss       0.05859
2023/10/14 20:35:17 INFO : train_acc       99.45652
2023/10/14 20:35:17 INFO : test_loss       2.56179
2023/10/14 20:35:17 INFO : test_acc       28.33333
2023/10/14 20:35:17 INFO :
2023/10/14 20:42:03 INFO : Epoch 277
2023/10/14 20:42:03 INFO : train_loss       0.05755
2023/10/14 20:42:03 INFO : train_acc       99.45652
2023/10/14 20:42:03 INFO : test_loss       2.55548
2023/10/14 20:42:03 INFO : test_acc       33.33333
2023/10/14 20:42:03 INFO :
2023/10/14 20:48:50 INFO : Epoch 278
2023/10/14 20:48:50 INFO : train_loss       0.04738
2023/10/14 20:48:50 INFO : train_acc       100.00000
2023/10/14 20:48:50 INFO : test_loss       2.64140
2023/10/14 20:48:50 INFO : test_acc       25.00000
2023/10/14 20:48:50 INFO :
2023/10/14 20:55:37 INFO : Epoch 279
2023/10/14 20:55:37 INFO : train_loss       0.06246
2023/10/14 20:55:37 INFO : train_acc       99.45652
2023/10/14 20:55:37 INFO : test_loss       2.69517
2023/10/14 20:55:37 INFO : test_acc       23.33333
2023/10/14 20:55:37 INFO :
2023/10/14 21:02:23 INFO : Epoch 280
2023/10/14 21:02:23 INFO : train_loss       0.05796
2023/10/14 21:02:23 INFO : train_acc       99.45652
2023/10/14 21:02:23 INFO : test_loss       2.72677
2023/10/14 21:02:23 INFO : test_acc       26.66667
2023/10/14 21:02:23 INFO :
2023/10/14 21:09:10 INFO : Epoch 281
2023/10/14 21:09:10 INFO : train_loss       0.05524
2023/10/14 21:09:10 INFO : train_acc       99.45652
2023/10/14 21:09:10 INFO : test_loss       2.77402
2023/10/14 21:09:10 INFO : test_acc       25.00000
2023/10/14 21:09:10 INFO :
2023/10/14 21:15:56 INFO : Epoch 282
2023/10/14 21:15:56 INFO : train_loss       0.05737
2023/10/14 21:15:56 INFO : train_acc       98.91304
2023/10/14 21:15:56 INFO : test_loss       2.72505
2023/10/14 21:15:56 INFO : test_acc       25.00000
2023/10/14 21:15:56 INFO :
2023/10/14 21:22:44 INFO : Epoch 283
2023/10/14 21:22:44 INFO : train_loss       0.06392
2023/10/14 21:22:44 INFO : train_acc       100.00000
2023/10/14 21:22:44 INFO : test_loss       2.65549
2023/10/14 21:22:44 INFO : test_acc       25.00000
2023/10/14 21:22:44 INFO :
2023/10/14 21:29:30 INFO : Epoch 284
2023/10/14 21:29:30 INFO : train_loss       0.05819
2023/10/14 21:29:30 INFO : train_acc       100.00000
2023/10/14 21:29:30 INFO : test_loss       2.61992
2023/10/14 21:29:30 INFO : test_acc       26.66667
2023/10/14 21:29:30 INFO :
2023/10/14 21:36:15 INFO : Epoch 285
2023/10/14 21:36:15 INFO : train_loss       0.05877
2023/10/14 21:36:15 INFO : train_acc       99.45652
2023/10/14 21:36:15 INFO : test_loss       2.69084
2023/10/14 21:36:15 INFO : test_acc       23.33333
2023/10/14 21:36:15 INFO :
2023/10/14 21:43:01 INFO : Epoch 286
2023/10/14 21:43:01 INFO : train_loss       0.04490
2023/10/14 21:43:01 INFO : train_acc       100.00000
2023/10/14 21:43:01 INFO : test_loss       2.63072
2023/10/14 21:43:01 INFO : test_acc       23.33333
2023/10/14 21:43:01 INFO :
2023/10/14 21:49:48 INFO : Epoch 287
2023/10/14 21:49:48 INFO : train_loss       0.04750
2023/10/14 21:49:48 INFO : train_acc       100.00000
2023/10/14 21:49:48 INFO : test_loss       2.58891
2023/10/14 21:49:48 INFO : test_acc       26.66667
2023/10/14 21:49:48 INFO :
2023/10/14 21:56:34 INFO : Epoch 288
2023/10/14 21:56:34 INFO : train_loss       0.05196
2023/10/14 21:56:34 INFO : train_acc       99.45652
2023/10/14 21:56:34 INFO : test_loss       2.53506
2023/10/14 21:56:34 INFO : test_acc       26.66667
2023/10/14 21:56:34 INFO :
2023/10/14 22:03:20 INFO : Epoch 289
2023/10/14 22:03:20 INFO : train_loss       0.07226
2023/10/14 22:03:20 INFO : train_acc       98.25515
2023/10/14 22:03:20 INFO : test_loss       2.55882
2023/10/14 22:03:20 INFO : test_acc       23.33333
2023/10/14 22:03:20 INFO :
2023/10/14 22:10:06 INFO : Epoch 290
2023/10/14 22:10:06 INFO : train_loss       0.04293
2023/10/14 22:10:06 INFO : train_acc       100.00000
2023/10/14 22:10:06 INFO : test_loss       2.63826
2023/10/14 22:10:06 INFO : test_acc       21.66667
2023/10/14 22:10:06 INFO :
2023/10/14 22:16:51 INFO : Epoch 291
2023/10/14 22:16:51 INFO : train_loss       0.06980
2023/10/14 22:16:51 INFO : train_acc       100.00000
2023/10/14 22:16:51 INFO : test_loss       2.59008
2023/10/14 22:16:51 INFO : test_acc       21.66667
2023/10/14 22:16:51 INFO :
2023/10/14 22:23:37 INFO : Epoch 292
2023/10/14 22:23:37 INFO : train_loss       0.05283
2023/10/14 22:23:37 INFO : train_acc       100.00000
2023/10/14 22:23:37 INFO : test_loss       2.52275
2023/10/14 22:23:37 INFO : test_acc       21.66667
2023/10/14 22:23:37 INFO :
2023/10/14 22:30:24 INFO : Epoch 293
2023/10/14 22:30:24 INFO : train_loss       0.06099
2023/10/14 22:30:24 INFO : train_acc       100.00000
2023/10/14 22:30:24 INFO : test_loss       2.49004
2023/10/14 22:30:24 INFO : test_acc       26.66667
2023/10/14 22:30:24 INFO :
2023/10/14 22:37:09 INFO : Epoch 294
2023/10/14 22:37:09 INFO : train_loss       0.03563
2023/10/14 22:37:09 INFO : train_acc       100.00000
2023/10/14 22:37:09 INFO : test_loss       2.49114
2023/10/14 22:37:09 INFO : test_acc       30.00000
2023/10/14 22:37:09 INFO :
2023/10/14 22:43:56 INFO : Epoch 295
2023/10/14 22:43:56 INFO : train_loss       0.04181
2023/10/14 22:43:56 INFO : train_acc       99.45652
2023/10/14 22:43:56 INFO : test_loss       2.51644
2023/10/14 22:43:56 INFO : test_acc       30.00000
2023/10/14 22:43:56 INFO :
2023/10/14 22:50:43 INFO : Epoch 296
2023/10/14 22:50:43 INFO : train_loss       0.03249
2023/10/14 22:50:43 INFO : train_acc       100.00000
2023/10/14 22:50:43 INFO : test_loss       2.53975
2023/10/14 22:50:43 INFO : test_acc       30.00000
2023/10/14 22:50:43 INFO :
2023/10/14 22:57:29 INFO : Epoch 297
2023/10/14 22:57:29 INFO : train_loss       0.05077
2023/10/14 22:57:29 INFO : train_acc       99.45652
2023/10/14 22:57:29 INFO : test_loss       2.50199
2023/10/14 22:57:29 INFO : test_acc       30.00000
2023/10/14 22:57:29 INFO :
2023/10/14 23:04:15 INFO : Epoch 298
2023/10/14 23:04:15 INFO : train_loss       0.04187
2023/10/14 23:04:15 INFO : train_acc       100.00000
2023/10/14 23:04:15 INFO : test_loss       2.46931
2023/10/14 23:04:15 INFO : test_acc       31.66667
2023/10/14 23:04:15 INFO :
2023/10/14 23:11:01 INFO : Epoch 299
2023/10/14 23:11:01 INFO : train_loss       0.05072
2023/10/14 23:11:01 INFO : train_acc       99.34211
2023/10/14 23:11:01 INFO : test_loss       2.52883
2023/10/14 23:11:01 INFO : test_acc       28.33333
2023/10/14 23:11:01 INFO :
2023/10/14 23:11:01 INFO : Best test acc 33.33333
2023/10/14 23:11:01 INFO : mean acc of last 10 epochs 27.16667
2023/10/14 23:11:01 INFO : std of last 10 epochs 3.80424
2023/10/14 23:11:01 INFO : * * * * * * * * * * * * * * * * * * * *
2023/10/14 23:11:07 INFO : ****************  LMDA for 3! ***************************
2023/10/14 23:11:07 INFO : {'num_classes': 4, 'chans': 128, 'channel_depth1': 130, 'channel_depth2': 9, 'kernel': 75, 'depth': 9, 'pool_depth': 1, 'avepool': 25, 'avgpool_step1': 1}
2023/10/14 23:11:07 INFO : =================================================================
Layer (type:depth-idx)                   Param #
=================================================================
\u251c\u2500Sequential: 1-1                        --
|    \u2514\u2500Conv2d: 2-1                       1,170
|    \u2514\u2500BatchNorm2d: 2-2                  260
|    \u2514\u2500Conv2d: 2-3                       9,750
|    \u2514\u2500BatchNorm2d: 2-4                  260
|    \u2514\u2500GELU: 2-5                         --
\u251c\u2500Sequential: 1-2                        --
|    \u2514\u2500Conv2d: 2-6                       1,170
|    \u2514\u2500BatchNorm2d: 2-7                  18
|    \u2514\u2500Conv2d: 2-8                       1,152
|    \u2514\u2500BatchNorm2d: 2-9                  18
|    \u2514\u2500GELU: 2-10                        --
\u251c\u2500Sequential: 1-3                        --
|    \u2514\u2500AvgPool3d: 2-11                   --
|    \u2514\u2500Dropout: 2-12                     --
\u251c\u2500EEGDepthAttention: 1-4                 --
|    \u2514\u2500AdaptiveAvgPool2d: 2-13           --
|    \u2514\u2500Conv2d: 2-14                      8
|    \u2514\u2500Softmax: 2-15                     --
\u251c\u2500Linear: 1-5                            616
=================================================================
Total params: 14,422
Trainable params: 14,422
Non-trainable params: 0
=================================================================
2023/10/14 23:11:07 INFO : ****** Run until first stop... ********
2023/10/14 23:11:07 INFO : Train size: 6
2023/10/14 23:11:07 INFO : Test size: 2
2023/10/14 23:16:12 INFO : New best test acc 24.444444
2023/10/14 23:16:12 INFO : Epoch 0
2023/10/14 23:16:12 INFO : train_loss       1.46782
2023/10/14 23:16:12 INFO : train_acc       30.14493
2023/10/14 23:16:12 INFO : test_loss       1.38635
2023/10/14 23:16:12 INFO : test_acc       24.44444
2023/10/14 23:16:12 INFO :
2023/10/15 00:22:08 INFO : New best test acc 26.666667
2023/10/15 00:27:13 INFO : New best test acc 31.111111
2023/10/15 00:32:16 INFO : New best test acc 37.777778
2023/10/15 00:57:36 INFO : Epoch 20
2023/10/15 00:57:36 INFO : train_loss       0.56200
2023/10/15 00:57:36 INFO : train_acc       94.09420
2023/10/15 00:57:36 INFO : test_loss       1.38268
2023/10/15 00:57:36 INFO : test_acc       24.44444
2023/10/15 00:57:36 INFO :
2023/10/15 02:18:42 INFO : New best test acc 40.000000
2023/10/15 02:38:58 INFO : Epoch 40
2023/10/15 02:38:58 INFO : train_loss       0.30660
2023/10/15 02:38:58 INFO : train_acc       98.55072
2023/10/15 02:38:58 INFO : test_loss       1.41027
2023/10/15 02:38:58 INFO : test_acc       33.33333
2023/10/15 02:38:58 INFO :
2023/10/15 04:20:25 INFO : Epoch 60
2023/10/15 04:20:25 INFO : train_loss       0.15581
2023/10/15 04:20:25 INFO : train_acc       100.00000
2023/10/15 04:20:25 INFO : test_loss       1.59966
2023/10/15 04:20:25 INFO : test_acc       28.88889
2023/10/15 04:20:25 INFO :
2023/10/15 06:01:47 INFO : Epoch 80
2023/10/15 06:01:47 INFO : train_loss       0.13284
2023/10/15 06:01:47 INFO : train_acc       100.00000
2023/10/15 06:01:47 INFO : test_loss       1.75413
2023/10/15 06:01:47 INFO : test_acc       26.66667
2023/10/15 06:01:47 INFO :
2023/10/15 07:43:10 INFO : Epoch 100
2023/10/15 07:43:10 INFO : train_loss       0.09498
2023/10/15 07:43:10 INFO : train_acc       100.00000
2023/10/15 07:43:10 INFO : test_loss       1.74208
2023/10/15 07:43:10 INFO : test_acc       31.11111
2023/10/15 07:43:10 INFO :
2023/10/15 09:24:34 INFO : Epoch 120
2023/10/15 09:24:34 INFO : train_loss       0.09422
2023/10/15 09:24:34 INFO : train_acc       100.00000
2023/10/15 09:24:34 INFO : test_loss       1.86212
2023/10/15 09:24:34 INFO : test_acc       26.66667
2023/10/15 09:24:34 INFO :
2023/10/15 11:05:58 INFO : Epoch 140
2023/10/15 11:05:58 INFO : train_loss       0.08786
2023/10/15 11:05:58 INFO : train_acc       99.27536
2023/10/15 11:05:58 INFO : test_loss       1.98928
2023/10/15 11:05:58 INFO : test_acc       26.66667
2023/10/15 11:05:58 INFO :
2023/10/15 12:47:24 INFO : Epoch 160
2023/10/15 12:47:24 INFO : train_loss       0.04836
2023/10/15 12:47:24 INFO : train_acc       100.00000
2023/10/15 12:47:24 INFO : test_loss       1.90255
2023/10/15 12:47:24 INFO : test_acc       33.33333
2023/10/15 12:47:24 INFO :
2023/10/15 14:28:53 INFO : Epoch 180
2023/10/15 14:28:53 INFO : train_loss       0.06115
2023/10/15 14:28:53 INFO : train_acc       100.00000
2023/10/15 14:28:53 INFO : test_loss       1.97994
2023/10/15 14:28:53 INFO : test_acc       28.88889
2023/10/15 14:28:53 INFO :
2023/10/15 16:10:21 INFO : Epoch 200
2023/10/15 16:10:21 INFO : train_loss       0.06700
2023/10/15 16:10:21 INFO : train_acc       100.00000
2023/10/15 16:10:21 INFO : test_loss       2.12239
2023/10/15 16:10:21 INFO : test_acc       31.11111
2023/10/15 16:10:21 INFO :
2023/10/15 17:51:49 INFO : Epoch 220
2023/10/15 17:51:49 INFO : train_loss       0.03687
2023/10/15 17:51:49 INFO : train_acc       100.00000
2023/10/15 17:51:49 INFO : test_loss       2.17215
2023/10/15 17:51:49 INFO : test_acc       28.88889
2023/10/15 17:51:49 INFO :
2023/10/15 19:33:11 INFO : Epoch 240
2023/10/15 19:33:11 INFO : train_loss       0.03020
2023/10/15 19:33:11 INFO : train_acc       100.00000
2023/10/15 19:33:11 INFO : test_loss       2.06752
2023/10/15 19:33:11 INFO : test_acc       24.44444
2023/10/15 19:33:11 INFO :
2023/10/15 20:29:29 INFO : Epoch 251
2023/10/15 20:29:29 INFO : train_loss       0.03342
2023/10/15 20:29:29 INFO : train_acc       100.00000
2023/10/15 20:29:29 INFO : test_loss       2.09080
2023/10/15 20:29:29 INFO : test_acc       33.33333
2023/10/15 20:29:29 INFO :
2023/10/15 20:34:37 INFO : Epoch 252
2023/10/15 20:34:37 INFO : train_loss       0.03468
2023/10/15 20:34:37 INFO : train_acc       100.00000
2023/10/15 20:34:37 INFO : test_loss       2.13193
2023/10/15 20:34:37 INFO : test_acc       33.33333
2023/10/15 20:34:37 INFO :
2023/10/15 20:39:44 INFO : Epoch 253
2023/10/15 20:39:44 INFO : train_loss       0.05439
2023/10/15 20:39:44 INFO : train_acc       99.27536
2023/10/15 20:39:44 INFO : test_loss       2.17984
2023/10/15 20:39:44 INFO : test_acc       31.11111
2023/10/15 20:39:44 INFO :
2023/10/15 20:44:51 INFO : Epoch 254
2023/10/15 20:44:51 INFO : train_loss       0.04451
2023/10/15 20:44:51 INFO : train_acc       100.00000
2023/10/15 20:44:51 INFO : test_loss       2.16855
2023/10/15 20:44:51 INFO : test_acc       28.88889
2023/10/15 20:44:51 INFO :
2023/10/15 20:49:59 INFO : Epoch 255
2023/10/15 20:49:59 INFO : train_loss       0.04045
2023/10/15 20:49:59 INFO : train_acc       100.00000
2023/10/15 20:49:59 INFO : test_loss       2.15630
2023/10/15 20:49:59 INFO : test_acc       28.88889
2023/10/15 20:49:59 INFO :
2023/10/15 20:55:06 INFO : Epoch 256
2023/10/15 20:55:06 INFO : train_loss       0.03851
2023/10/15 20:55:06 INFO : train_acc       99.27536
2023/10/15 20:55:06 INFO : test_loss       2.13771
2023/10/15 20:55:06 INFO : test_acc       28.88889
2023/10/15 20:55:06 INFO :
2023/10/15 21:00:13 INFO : Epoch 257
2023/10/15 21:00:13 INFO : train_loss       0.04071
2023/10/15 21:00:13 INFO : train_acc       100.00000
2023/10/15 21:00:13 INFO : test_loss       2.14351
2023/10/15 21:00:13 INFO : test_acc       26.66667
2023/10/15 21:00:13 INFO :
2023/10/15 21:05:20 INFO : Epoch 258
2023/10/15 21:05:20 INFO : train_loss       0.04342
2023/10/15 21:05:20 INFO : train_acc       100.00000
2023/10/15 21:05:20 INFO : test_loss       2.12709
2023/10/15 21:05:20 INFO : test_acc       26.66667
2023/10/15 21:05:20 INFO :
2023/10/15 21:10:27 INFO : Epoch 259
2023/10/15 21:10:27 INFO : train_loss       0.03324
2023/10/15 21:10:27 INFO : train_acc       100.00000
2023/10/15 21:10:27 INFO : test_loss       2.07706
2023/10/15 21:10:27 INFO : test_acc       26.66667
2023/10/15 21:10:27 INFO :
2023/10/15 21:15:34 INFO : Epoch 260
2023/10/15 21:15:34 INFO : train_loss       0.04477
2023/10/15 21:15:34 INFO : train_acc       100.00000
2023/10/15 21:15:34 INFO : test_loss       2.09647
2023/10/15 21:15:34 INFO : test_acc       26.66667
2023/10/15 21:15:34 INFO :
2023/10/15 21:20:41 INFO : Epoch 261
2023/10/15 21:20:41 INFO : train_loss       0.03168
2023/10/15 21:20:41 INFO : train_acc       100.00000
2023/10/15 21:20:41 INFO : test_loss       2.19746
2023/10/15 21:20:41 INFO : test_acc       28.88889
2023/10/15 21:20:41 INFO :
2023/10/15 21:25:47 INFO : Epoch 262
2023/10/15 21:25:47 INFO : train_loss       0.04326
2023/10/15 21:25:47 INFO : train_acc       100.00000
2023/10/15 21:25:47 INFO : test_loss       2.22620
2023/10/15 21:25:47 INFO : test_acc       28.88889
2023/10/15 21:25:47 INFO :
2023/10/15 21:30:54 INFO : Epoch 263
2023/10/15 21:30:54 INFO : train_loss       0.03660
2023/10/15 21:30:54 INFO : train_acc       100.00000
2023/10/15 21:30:54 INFO : test_loss       2.15677
2023/10/15 21:30:54 INFO : test_acc       31.11111
2023/10/15 21:30:54 INFO :
2023/10/15 21:36:02 INFO : Epoch 264
2023/10/15 21:36:02 INFO : train_loss       0.03256
2023/10/15 21:36:02 INFO : train_acc       99.27536
2023/10/15 21:36:02 INFO : test_loss       2.13856
2023/10/15 21:36:02 INFO : test_acc       28.88889
2023/10/15 21:36:02 INFO :
2023/10/15 21:41:09 INFO : Epoch 265
2023/10/15 21:41:09 INFO : train_loss       0.03367
2023/10/15 21:41:09 INFO : train_acc       100.00000
2023/10/15 21:41:09 INFO : test_loss       2.13522
2023/10/15 21:41:09 INFO : test_acc       28.88889
2023/10/15 21:41:09 INFO :
2023/10/15 21:46:17 INFO : Epoch 266
2023/10/15 21:46:17 INFO : train_loss       0.02633
2023/10/15 21:46:17 INFO : train_acc       100.00000
2023/10/15 21:46:17 INFO : test_loss       2.12559
2023/10/15 21:46:17 INFO : test_acc       28.88889
2023/10/15 21:46:17 INFO :
2023/10/15 21:51:21 INFO : Epoch 267
2023/10/15 21:51:21 INFO : train_loss       0.05185
2023/10/15 21:51:21 INFO : train_acc       100.00000
2023/10/15 21:51:21 INFO : test_loss       2.13267
2023/10/15 21:51:21 INFO : test_acc       26.66667
2023/10/15 21:51:21 INFO :
2023/10/15 21:56:26 INFO : Epoch 268
2023/10/15 21:56:26 INFO : train_loss       0.03116
2023/10/15 21:56:26 INFO : train_acc       100.00000
2023/10/15 21:56:26 INFO : test_loss       2.13339
2023/10/15 21:56:26 INFO : test_acc       28.88889
2023/10/15 21:56:26 INFO :
2023/10/15 22:01:30 INFO : Epoch 269
2023/10/15 22:01:30 INFO : train_loss       0.03350
2023/10/15 22:01:30 INFO : train_acc       100.00000
2023/10/15 22:01:30 INFO : test_loss       2.12290
2023/10/15 22:01:30 INFO : test_acc       24.44444
2023/10/15 22:01:30 INFO :
2023/10/15 22:06:35 INFO : Epoch 270
2023/10/15 22:06:35 INFO : train_loss       0.02665
2023/10/15 22:06:35 INFO : train_acc       100.00000
2023/10/15 22:06:35 INFO : test_loss       2.14012
2023/10/15 22:06:35 INFO : test_acc       26.66667
2023/10/15 22:06:35 INFO :
2023/10/15 22:11:39 INFO : Epoch 271
2023/10/15 22:11:39 INFO : train_loss       0.04295
2023/10/15 22:11:39 INFO : train_acc       100.00000
2023/10/15 22:11:39 INFO : test_loss       2.20078
2023/10/15 22:11:39 INFO : test_acc       26.66667
2023/10/15 22:11:39 INFO :
2023/10/15 22:16:43 INFO : Epoch 272
2023/10/15 22:16:43 INFO : train_loss       0.04041
2023/10/15 22:16:43 INFO : train_acc       100.00000
2023/10/15 22:16:43 INFO : test_loss       2.22292
2023/10/15 22:16:43 INFO : test_acc       24.44444
2023/10/15 22:16:43 INFO :
2023/10/15 22:21:48 INFO : Epoch 273
2023/10/15 22:21:48 INFO : train_loss       0.03652
2023/10/15 22:21:48 INFO : train_acc       100.00000
2023/10/15 22:21:48 INFO : test_loss       2.19742
2023/10/15 22:21:48 INFO : test_acc       26.66667
2023/10/15 22:21:48 INFO :
2023/10/15 22:26:52 INFO : Epoch 274
2023/10/15 22:26:52 INFO : train_loss       0.02931
2023/10/15 22:26:52 INFO : train_acc       100.00000
2023/10/15 22:26:52 INFO : test_loss       2.18837
2023/10/15 22:26:52 INFO : test_acc       31.11111
2023/10/15 22:26:52 INFO :
2023/10/15 22:31:57 INFO : Epoch 275
2023/10/15 22:31:57 INFO : train_loss       0.02418
2023/10/15 22:31:57 INFO : train_acc       100.00000
2023/10/15 22:31:57 INFO : test_loss       2.19286
2023/10/15 22:31:57 INFO : test_acc       31.11111
2023/10/15 22:31:57 INFO :
2023/10/15 22:37:01 INFO : Epoch 276
2023/10/15 22:37:01 INFO : train_loss       0.04682
2023/10/15 22:37:01 INFO : train_acc       100.00000
2023/10/15 22:37:01 INFO : test_loss       2.18036
2023/10/15 22:37:01 INFO : test_acc       31.11111
2023/10/15 22:37:01 INFO :
2023/10/15 22:42:05 INFO : Epoch 277
2023/10/15 22:42:05 INFO : train_loss       0.04379
2023/10/15 22:42:05 INFO : train_acc       100.00000
2023/10/15 22:42:05 INFO : test_loss       2.18085
2023/10/15 22:42:05 INFO : test_acc       26.66667
2023/10/15 22:42:05 INFO :
2023/10/15 22:47:08 INFO : Epoch 278
2023/10/15 22:47:08 INFO : train_loss       0.03683
2023/10/15 22:47:08 INFO : train_acc       99.27536
2023/10/15 22:47:08 INFO : test_loss       2.17620
2023/10/15 22:47:08 INFO : test_acc       28.88889
2023/10/15 22:47:08 INFO :
2023/10/15 22:52:13 INFO : Epoch 279
2023/10/15 22:52:13 INFO : train_loss       0.03032
2023/10/15 22:52:13 INFO : train_acc       100.00000
2023/10/15 22:52:13 INFO : test_loss       2.18282
2023/10/15 22:52:13 INFO : test_acc       26.66667
2023/10/15 22:52:13 INFO :
2023/10/15 22:57:17 INFO : Epoch 280
2023/10/15 22:57:17 INFO : train_loss       0.03605
2023/10/15 22:57:17 INFO : train_acc       100.00000
2023/10/15 22:57:17 INFO : test_loss       2.14823
2023/10/15 22:57:17 INFO : test_acc       28.88889
2023/10/15 22:57:17 INFO :
2023/10/15 23:02:21 INFO : Epoch 281
2023/10/15 23:02:21 INFO : train_loss       0.02621
2023/10/15 23:02:21 INFO : train_acc       100.00000
2023/10/15 23:02:21 INFO : test_loss       2.13041
2023/10/15 23:02:21 INFO : test_acc       28.88889
2023/10/15 23:02:21 INFO :
2023/10/15 23:07:25 INFO : Epoch 282
2023/10/15 23:07:25 INFO : train_loss       0.04231
2023/10/15 23:07:25 INFO : train_acc       100.00000
2023/10/15 23:07:25 INFO : test_loss       2.12053
2023/10/15 23:07:25 INFO : test_acc       28.88889
2023/10/15 23:07:25 INFO :
2023/10/15 23:12:30 INFO : Epoch 283
2023/10/15 23:12:30 INFO : train_loss       0.03912
2023/10/15 23:12:30 INFO : train_acc       99.27536
2023/10/15 23:12:30 INFO : test_loss       2.11026
2023/10/15 23:12:30 INFO : test_acc       26.66667
2023/10/15 23:12:30 INFO :
2023/10/15 23:17:34 INFO : Epoch 284
2023/10/15 23:17:34 INFO : train_loss       0.03592
2023/10/15 23:17:34 INFO : train_acc       100.00000
2023/10/15 23:17:34 INFO : test_loss       2.12378
2023/10/15 23:17:34 INFO : test_acc       24.44444
2023/10/15 23:17:34 INFO :
2023/10/15 23:22:38 INFO : Epoch 285
2023/10/15 23:22:38 INFO : train_loss       0.03303
2023/10/15 23:22:38 INFO : train_acc       99.27536
2023/10/15 23:22:38 INFO : test_loss       2.16729
2023/10/15 23:22:38 INFO : test_acc       26.66667
2023/10/15 23:22:38 INFO :
2023/10/15 23:27:42 INFO : Epoch 286
2023/10/15 23:27:42 INFO : train_loss       0.03174
2023/10/15 23:27:42 INFO : train_acc       100.00000
2023/10/15 23:27:42 INFO : test_loss       2.17603
2023/10/15 23:27:42 INFO : test_acc       26.66667
2023/10/15 23:27:42 INFO :
2023/10/15 23:32:47 INFO : Epoch 287
2023/10/15 23:32:47 INFO : train_loss       0.03076
2023/10/15 23:32:47 INFO : train_acc       100.00000
2023/10/15 23:32:47 INFO : test_loss       2.20939
2023/10/15 23:32:47 INFO : test_acc       24.44444
2023/10/15 23:32:47 INFO :
2023/10/15 23:37:51 INFO : Epoch 288
2023/10/15 23:37:51 INFO : train_loss       0.03940
2023/10/15 23:37:51 INFO : train_acc       100.00000
2023/10/15 23:37:51 INFO : test_loss       2.26804
2023/10/15 23:37:51 INFO : test_acc       22.22222
2023/10/15 23:37:51 INFO :
2023/10/15 23:42:55 INFO : Epoch 289
2023/10/15 23:42:55 INFO : train_loss       0.03660
2023/10/15 23:42:55 INFO : train_acc       100.00000
2023/10/15 23:42:55 INFO : test_loss       2.24147
2023/10/15 23:42:55 INFO : test_acc       24.44444
2023/10/15 23:42:55 INFO :
2023/10/15 23:47:59 INFO : Epoch 290
2023/10/15 23:47:59 INFO : train_loss       0.03021
2023/10/15 23:47:59 INFO : train_acc       100.00000
2023/10/15 23:47:59 INFO : test_loss       2.18319
2023/10/15 23:47:59 INFO : test_acc       22.22222
2023/10/15 23:47:59 INFO :
2023/10/15 23:53:02 INFO : Epoch 291
2023/10/15 23:53:02 INFO : train_loss       0.04128
2023/10/15 23:53:02 INFO : train_acc       100.00000
2023/10/15 23:53:02 INFO : test_loss       2.15074
2023/10/15 23:53:02 INFO : test_acc       28.88889
2023/10/15 23:53:02 INFO :
2023/10/15 23:58:07 INFO : Epoch 292
2023/10/15 23:58:07 INFO : train_loss       0.04246
2023/10/15 23:58:07 INFO : train_acc       100.00000
2023/10/15 23:58:07 INFO : test_loss       2.11176
2023/10/15 23:58:07 INFO : test_acc       31.11111
2023/10/15 23:58:07 INFO :
2023/10/16 00:03:10 INFO : Epoch 293
2023/10/16 00:03:10 INFO : train_loss       0.02952
2023/10/16 00:03:10 INFO : train_acc       100.00000
2023/10/16 00:03:10 INFO : test_loss       2.13868
2023/10/16 00:03:10 INFO : test_acc       26.66667
2023/10/16 00:03:10 INFO :
2023/10/16 00:08:14 INFO : Epoch 294
2023/10/16 00:08:14 INFO : train_loss       0.03815
2023/10/16 00:08:14 INFO : train_acc       100.00000
2023/10/16 00:08:14 INFO : test_loss       2.10456
2023/10/16 00:08:14 INFO : test_acc       28.88889
2023/10/16 00:08:14 INFO :
2023/10/16 00:13:18 INFO : Epoch 295
2023/10/16 00:13:18 INFO : train_loss       0.04607
2023/10/16 00:13:18 INFO : train_acc       100.00000
2023/10/16 00:13:18 INFO : test_loss       2.12202
2023/10/16 00:13:18 INFO : test_acc       28.88889
2023/10/16 00:13:18 INFO :
2023/10/16 00:18:22 INFO : Epoch 296
2023/10/16 00:18:22 INFO : train_loss       0.03343
2023/10/16 00:18:22 INFO : train_acc       100.00000
2023/10/16 00:18:22 INFO : test_loss       2.13731
2023/10/16 00:18:22 INFO : test_acc       28.88889
2023/10/16 00:18:22 INFO :
2023/10/16 00:23:26 INFO : Epoch 297
2023/10/16 00:23:26 INFO : train_loss       0.03951
2023/10/16 00:23:26 INFO : train_acc       100.00000
2023/10/16 00:23:26 INFO : test_loss       2.12524
2023/10/16 00:23:26 INFO : test_acc       26.66667
2023/10/16 00:23:26 INFO :
2023/10/16 00:28:30 INFO : Epoch 298
2023/10/16 00:28:30 INFO : train_loss       0.03226
2023/10/16 00:28:30 INFO : train_acc       100.00000
2023/10/16 00:28:30 INFO : test_loss       2.08315
2023/10/16 00:28:30 INFO : test_acc       28.88889
2023/10/16 00:28:30 INFO :
2023/10/16 00:33:33 INFO : Epoch 299
2023/10/16 00:33:33 INFO : train_loss       0.02869
2023/10/16 00:33:33 INFO : train_acc       100.00000
2023/10/16 00:33:33 INFO : test_loss       2.06825
2023/10/16 00:33:33 INFO : test_acc       28.88889
2023/10/16 00:33:33 INFO :
2023/10/16 00:33:33 INFO : Best test acc 40.00000
2023/10/16 00:33:33 INFO : mean acc of last 10 epochs 28.00000
2023/10/16 00:33:33 INFO : std of last 10 epochs 2.26623
2023/10/16 00:33:33 INFO : * * * * * * * * * * * * * * * * * * * *
2023/10/16 00:33:44 INFO : ****************  LMDA for 4! ***************************
2023/10/16 00:33:44 INFO : {'num_classes': 4, 'chans': 128, 'channel_depth1': 130, 'channel_depth2': 9, 'kernel': 75, 'depth': 9, 'pool_depth': 1, 'avepool': 25, 'avgpool_step1': 1}
2023/10/16 00:33:44 INFO : =================================================================
Layer (type:depth-idx)                   Param #
=================================================================
\u251c\u2500Sequential: 1-1                        --
|    \u2514\u2500Conv2d: 2-1                       1,170
|    \u2514\u2500BatchNorm2d: 2-2                  260
|    \u2514\u2500Conv2d: 2-3                       9,750
|    \u2514\u2500BatchNorm2d: 2-4                  260
|    \u2514\u2500GELU: 2-5                         --
\u251c\u2500Sequential: 1-2                        --
|    \u2514\u2500Conv2d: 2-6                       1,170
|    \u2514\u2500BatchNorm2d: 2-7                  18
|    \u2514\u2500Conv2d: 2-8                       1,152
|    \u2514\u2500BatchNorm2d: 2-9                  18
|    \u2514\u2500GELU: 2-10                        --
\u251c\u2500Sequential: 1-3                        --
|    \u2514\u2500AvgPool3d: 2-11                   --
|    \u2514\u2500Dropout: 2-12                     --
\u251c\u2500EEGDepthAttention: 1-4                 --
|    \u2514\u2500AdaptiveAvgPool2d: 2-13           --
|    \u2514\u2500Conv2d: 2-14                      8
|    \u2514\u2500Softmax: 2-15                     --
\u251c\u2500Linear: 1-5                            616
=================================================================
Total params: 14,422
Trainable params: 14,422
Non-trainable params: 0
=================================================================
2023/10/16 00:33:44 INFO : ****** Run until first stop... ********
2023/10/16 00:33:44 INFO : Train size: 8
2023/10/16 00:33:44 INFO : Test size: 3
2023/10/16 00:40:31 INFO : New best test acc 21.666667
2023/10/16 00:40:31 INFO : Epoch 0
2023/10/16 00:40:31 INFO : train_loss       1.49807
2023/10/16 00:40:31 INFO : train_acc       27.63158
2023/10/16 00:40:31 INFO : test_loss       1.38659
2023/10/16 00:40:31 INFO : test_acc       21.66667
2023/10/16 00:40:31 INFO :
2023/10/16 00:54:05 INFO : New best test acc 30.000000
2023/10/16 01:14:25 INFO : New best test acc 31.666667
2023/10/16 01:21:11 INFO : New best test acc 33.333333
2023/10/16 02:56:01 INFO : Epoch 20
2023/10/16 02:56:01 INFO : train_loss       0.66730
2023/10/16 02:56:01 INFO : train_acc       87.81465
2023/10/16 02:56:01 INFO : test_loss       1.47631
2023/10/16 02:56:01 INFO : test_acc       21.66667
2023/10/16 02:56:01 INFO :
2023/10/16 04:37:30 INFO : New best test acc 35.000000
2023/10/16 05:11:20 INFO : Epoch 40
2023/10/16 05:11:20 INFO : train_loss       0.35845
2023/10/16 05:11:20 INFO : train_acc       96.08124
2023/10/16 05:11:20 INFO : test_loss       1.51507
2023/10/16 05:11:20 INFO : test_acc       33.33333
2023/10/16 05:11:20 INFO :
2023/10/16 06:19:03 INFO : New best test acc 36.666667
2023/10/16 07:26:44 INFO : Epoch 60
2023/10/16 07:26:44 INFO : train_loss       0.21951
2023/10/16 07:26:44 INFO : train_acc       98.91304
2023/10/16 07:26:44 INFO : test_loss       1.60198
2023/10/16 07:26:44 INFO : test_acc       31.66667
2023/10/16 07:26:44 INFO :
2023/10/16 09:42:23 INFO : Epoch 80
2023/10/16 09:42:23 INFO : train_loss       0.19863
2023/10/16 09:42:23 INFO : train_acc       97.82609
2023/10/16 09:42:23 INFO : test_loss       1.73493
2023/10/16 09:42:23 INFO : test_acc       30.00000
2023/10/16 09:42:23 INFO :
2023/10/16 10:36:33 INFO : New best test acc 38.333333
2023/10/16 11:57:50 INFO : Epoch 100
2023/10/16 11:57:50 INFO : train_loss       0.15871
2023/10/16 11:57:50 INFO : train_acc       98.91304
2023/10/16 11:57:50 INFO : test_loss       1.79118
2023/10/16 11:57:50 INFO : test_acc       36.66667
2023/10/16 11:57:50 INFO :
2023/10/16 13:59:52 INFO : New best test acc 41.666667
2023/10/16 14:13:25 INFO : Epoch 120
2023/10/16 14:13:25 INFO : train_loss       0.12948
2023/10/16 14:13:25 INFO : train_acc       99.45652
2023/10/16 14:13:25 INFO : test_loss       1.79217
2023/10/16 14:13:25 INFO : test_acc       36.66667
2023/10/16 14:13:25 INFO :
2023/10/16 16:28:51 INFO : Epoch 140
2023/10/16 16:28:51 INFO : train_loss       0.11187
2023/10/16 16:28:51 INFO : train_acc       100.00000
2023/10/16 16:28:51 INFO : test_loss       1.91614
2023/10/16 16:28:51 INFO : test_acc       30.00000
2023/10/16 16:28:51 INFO :
2023/10/16 18:44:14 INFO : Epoch 160
2023/10/16 18:44:14 INFO : train_loss       0.09571
2023/10/16 18:44:14 INFO : train_acc       100.00000
2023/10/16 18:44:14 INFO : test_loss       1.99961
2023/10/16 18:44:14 INFO : test_acc       33.33333
2023/10/16 18:44:14 INFO :
2023/10/16 20:59:36 INFO : Epoch 180
2023/10/16 20:59:36 INFO : train_loss       0.10008
2023/10/16 20:59:36 INFO : train_acc       98.14073
2023/10/16 20:59:36 INFO : test_loss       2.06691
2023/10/16 20:59:36 INFO : test_acc       25.00000
2023/10/16 20:59:36 INFO :
2023/10/16 23:14:50 INFO : Epoch 200
2023/10/16 23:14:50 INFO : train_loss       0.07813
2023/10/16 23:14:50 INFO : train_acc       99.45652
2023/10/16 23:14:50 INFO : test_loss       2.14801
2023/10/16 23:14:50 INFO : test_acc       33.33333
2023/10/16 23:14:50 INFO :
2023/10/17 01:30:28 INFO : Epoch 220
2023/10/17 01:30:28 INFO : train_loss       0.08214
2023/10/17 01:30:28 INFO : train_acc       98.91304
2023/10/17 01:30:28 INFO : test_loss       2.12796
2023/10/17 01:30:28 INFO : test_acc       26.66667
2023/10/17 01:30:28 INFO :
2023/10/17 03:45:53 INFO : Epoch 240
2023/10/17 03:45:53 INFO : train_loss       0.05240
2023/10/17 03:45:53 INFO : train_acc       100.00000
2023/10/17 03:45:53 INFO : test_loss       2.23855
2023/10/17 03:45:53 INFO : test_acc       26.66667
2023/10/17 03:45:53 INFO :
2023/10/17 05:00:17 INFO : Epoch 251
2023/10/17 05:00:17 INFO : train_loss       0.05640
2023/10/17 05:00:17 INFO : train_acc       99.45652
2023/10/17 05:00:17 INFO : test_loss       2.27206
2023/10/17 05:00:17 INFO : test_acc       31.66667
2023/10/17 05:00:17 INFO :
2023/10/17 05:07:03 INFO : Epoch 252
2023/10/17 05:07:03 INFO : train_loss       0.06268
2023/10/17 05:07:03 INFO : train_acc       99.45652
2023/10/17 05:07:03 INFO : test_loss       2.24304
2023/10/17 05:07:03 INFO : test_acc       31.66667
2023/10/17 05:07:03 INFO :
2023/10/17 05:13:48 INFO : Epoch 253
2023/10/17 05:13:48 INFO : train_loss       0.06353
2023/10/17 05:13:48 INFO : train_acc       99.45652
2023/10/17 05:13:48 INFO : test_loss       2.19629
2023/10/17 05:13:48 INFO : test_acc       35.00000
2023/10/17 05:13:48 INFO :
2023/10/17 05:20:35 INFO : Epoch 254
2023/10/17 05:20:35 INFO : train_loss       0.06478
2023/10/17 05:20:35 INFO : train_acc       99.45652
2023/10/17 05:20:35 INFO : test_loss       2.17895
2023/10/17 05:20:35 INFO : test_acc       36.66667
2023/10/17 05:20:35 INFO :
2023/10/17 05:27:21 INFO : Epoch 255
2023/10/17 05:27:21 INFO : train_loss       0.05544
2023/10/17 05:27:21 INFO : train_acc       100.00000
2023/10/17 05:27:21 INFO : test_loss       2.19410
2023/10/17 05:27:21 INFO : test_acc       35.00000
2023/10/17 05:27:21 INFO :
2023/10/17 05:34:08 INFO : Epoch 256
2023/10/17 05:34:08 INFO : train_loss       0.05757
2023/10/17 05:34:08 INFO : train_acc       100.00000
2023/10/17 05:34:08 INFO : test_loss       2.21176
2023/10/17 05:34:08 INFO : test_acc       35.00000
2023/10/17 05:34:08 INFO :
2023/10/17 05:40:54 INFO : Epoch 257
2023/10/17 05:40:54 INFO : train_loss       0.08890
2023/10/17 05:40:54 INFO : train_acc       98.91304
2023/10/17 05:40:54 INFO : test_loss       2.19193
2023/10/17 05:40:54 INFO : test_acc       36.66667
2023/10/17 05:40:54 INFO :
2023/10/17 05:47:41 INFO : Epoch 258
2023/10/17 05:47:41 INFO : train_loss       0.08361
2023/10/17 05:47:41 INFO : train_acc       99.45652
2023/10/17 05:47:41 INFO : test_loss       2.22668
2023/10/17 05:47:41 INFO : test_acc       26.66667
2023/10/17 05:47:41 INFO :
2023/10/17 05:54:27 INFO : Epoch 259
2023/10/17 05:54:27 INFO : train_loss       0.06418
2023/10/17 05:54:27 INFO : train_acc       99.45652
2023/10/17 05:54:27 INFO : test_loss       2.26882
2023/10/17 05:54:27 INFO : test_acc       31.66667
2023/10/17 05:54:27 INFO :
2023/10/17 06:01:14 INFO : Epoch 260
2023/10/17 06:01:14 INFO : train_loss       0.06830
2023/10/17 06:01:14 INFO : train_acc       98.79863
2023/10/17 06:01:14 INFO : test_loss       2.24665
2023/10/17 06:01:14 INFO : test_acc       33.33333
2023/10/17 06:01:14 INFO :
2023/10/17 06:07:59 INFO : Epoch 261
2023/10/17 06:07:59 INFO : train_loss       0.05430
2023/10/17 06:07:59 INFO : train_acc       100.00000
2023/10/17 06:07:59 INFO : test_loss       2.24525
2023/10/17 06:07:59 INFO : test_acc       35.00000
2023/10/17 06:07:59 INFO :
2023/10/17 06:14:45 INFO : Epoch 262
2023/10/17 06:14:45 INFO : train_loss       0.05052
2023/10/17 06:14:45 INFO : train_acc       100.00000
2023/10/17 06:14:45 INFO : test_loss       2.23949
2023/10/17 06:14:45 INFO : test_acc       36.66667
2023/10/17 06:14:45 INFO :
2023/10/17 06:21:31 INFO : Epoch 263
2023/10/17 06:21:31 INFO : train_loss       0.04992
2023/10/17 06:21:31 INFO : train_acc       100.00000
2023/10/17 06:21:31 INFO : test_loss       2.22587
2023/10/17 06:21:31 INFO : test_acc       33.33333
2023/10/17 06:21:31 INFO :
2023/10/17 06:28:17 INFO : Epoch 264
2023/10/17 06:28:17 INFO : train_loss       0.05760
2023/10/17 06:28:17 INFO : train_acc       100.00000
2023/10/17 06:28:17 INFO : test_loss       2.21753
2023/10/17 06:28:17 INFO : test_acc       33.33333
2023/10/17 06:28:17 INFO :
2023/10/17 06:35:02 INFO : Epoch 265
2023/10/17 06:35:02 INFO : train_loss       0.06298
2023/10/17 06:35:02 INFO : train_acc       100.00000
2023/10/17 06:35:02 INFO : test_loss       2.23715
2023/10/17 06:35:02 INFO : test_acc       36.66667
2023/10/17 06:35:02 INFO :
2023/10/17 06:41:48 INFO : Epoch 266
2023/10/17 06:41:48 INFO : train_loss       0.06869
2023/10/17 06:41:48 INFO : train_acc       98.25515
2023/10/17 06:41:48 INFO : test_loss       2.26296
2023/10/17 06:41:48 INFO : test_acc       33.33333
2023/10/17 06:41:48 INFO :
2023/10/17 06:48:33 INFO : Epoch 267
2023/10/17 06:48:33 INFO : train_loss       0.05002
2023/10/17 06:48:33 INFO : train_acc       100.00000
2023/10/17 06:48:33 INFO : test_loss       2.27808
2023/10/17 06:48:33 INFO : test_acc       33.33333
2023/10/17 06:48:33 INFO :
2023/10/17 06:55:19 INFO : Epoch 268
2023/10/17 06:55:19 INFO : train_loss       0.06041
2023/10/17 06:55:19 INFO : train_acc       99.45652
2023/10/17 06:55:19 INFO : test_loss       2.26256
2023/10/17 06:55:19 INFO : test_acc       31.66667
2023/10/17 06:55:19 INFO :
2023/10/17 07:02:03 INFO : Epoch 269
2023/10/17 07:02:03 INFO : train_loss       0.06974
2023/10/17 07:02:03 INFO : train_acc       98.91304
2023/10/17 07:02:03 INFO : test_loss       2.29168
2023/10/17 07:02:03 INFO : test_acc       28.33333
2023/10/17 07:02:03 INFO :
2023/10/17 07:08:47 INFO : Epoch 270
2023/10/17 07:08:47 INFO : train_loss       0.06432
2023/10/17 07:08:47 INFO : train_acc       100.00000
2023/10/17 07:08:47 INFO : test_loss       2.26931
2023/10/17 07:08:47 INFO : test_acc       26.66667
2023/10/17 07:08:47 INFO :
2023/10/17 07:15:32 INFO : Epoch 271
2023/10/17 07:15:32 INFO : train_loss       0.05168
2023/10/17 07:15:32 INFO : train_acc       100.00000
2023/10/17 07:15:32 INFO : test_loss       2.26648
2023/10/17 07:15:32 INFO : test_acc       26.66667
2023/10/17 07:15:32 INFO :
2023/10/17 07:22:18 INFO : Epoch 272
2023/10/17 07:22:18 INFO : train_loss       0.05016
2023/10/17 07:22:18 INFO : train_acc       100.00000
2023/10/17 07:22:18 INFO : test_loss       2.27868
2023/10/17 07:22:18 INFO : test_acc       28.33333
2023/10/17 07:22:18 INFO :
2023/10/17 07:29:02 INFO : Epoch 273
2023/10/17 07:29:02 INFO : train_loss       0.07828
2023/10/17 07:29:02 INFO : train_acc       98.36957
2023/10/17 07:29:02 INFO : test_loss       2.24409
2023/10/17 07:29:02 INFO : test_acc       31.66667
2023/10/17 07:29:02 INFO :
2023/10/17 07:35:47 INFO : Epoch 274
2023/10/17 07:35:47 INFO : train_loss       0.04237
2023/10/17 07:35:47 INFO : train_acc       100.00000
2023/10/17 07:35:47 INFO : test_loss       2.23874
2023/10/17 07:35:47 INFO : test_acc       31.66667
2023/10/17 07:35:47 INFO :
2023/10/17 07:42:30 INFO : Epoch 275
2023/10/17 07:42:30 INFO : train_loss       0.06956
2023/10/17 07:42:30 INFO : train_acc       98.91304
2023/10/17 07:42:30 INFO : test_loss       2.22232
2023/10/17 07:42:30 INFO : test_acc       33.33333
2023/10/17 07:42:30 INFO :
2023/10/17 07:49:16 INFO : Epoch 276
2023/10/17 07:49:16 INFO : train_loss       0.06665
2023/10/17 07:49:16 INFO : train_acc       98.91304
2023/10/17 07:49:16 INFO : test_loss       2.30815
2023/10/17 07:49:16 INFO : test_acc       31.66667
2023/10/17 07:49:16 INFO :
2023/10/17 07:56:03 INFO : Epoch 277
2023/10/17 07:56:03 INFO : train_loss       0.05675
2023/10/17 07:56:03 INFO : train_acc       99.45652
2023/10/17 07:56:03 INFO : test_loss       2.35261
2023/10/17 07:56:03 INFO : test_acc       33.33333
2023/10/17 07:56:03 INFO :
2023/10/17 08:02:47 INFO : Epoch 278
2023/10/17 08:02:47 INFO : train_loss       0.05706
2023/10/17 08:02:47 INFO : train_acc       100.00000
2023/10/17 08:02:47 INFO : test_loss       2.34066
2023/10/17 08:02:47 INFO : test_acc       31.66667
2023/10/17 08:02:47 INFO :
2023/10/17 08:09:37 INFO : Epoch 279
2023/10/17 08:09:37 INFO : train_loss       0.06707
2023/10/17 08:09:37 INFO : train_acc       99.45652
2023/10/17 08:09:37 INFO : test_loss       2.31291
2023/10/17 08:09:37 INFO : test_acc       33.33333
2023/10/17 08:09:37 INFO :
2023/10/17 08:16:23 INFO : Epoch 280
2023/10/17 08:16:23 INFO : train_loss       0.06874
2023/10/17 08:16:23 INFO : train_acc       99.45652
2023/10/17 08:16:23 INFO : test_loss       2.26899
2023/10/17 08:16:23 INFO : test_acc       35.00000
2023/10/17 08:16:23 INFO :
2023/10/17 08:23:09 INFO : Epoch 281
2023/10/17 08:23:09 INFO : train_loss       0.05862
2023/10/17 08:23:09 INFO : train_acc       98.25515
2023/10/17 08:23:09 INFO : test_loss       2.28298
2023/10/17 08:23:09 INFO : test_acc       38.33333
2023/10/17 08:23:09 INFO :
2023/10/17 08:29:55 INFO : Epoch 282
2023/10/17 08:29:55 INFO : train_loss       0.06728
2023/10/17 08:29:55 INFO : train_acc       100.00000
2023/10/17 08:29:55 INFO : test_loss       2.29041
2023/10/17 08:29:55 INFO : test_acc       33.33333
2023/10/17 08:29:55 INFO :
2023/10/17 08:36:42 INFO : Epoch 283
2023/10/17 08:36:42 INFO : train_loss       0.06700
2023/10/17 08:36:42 INFO : train_acc       100.00000
2023/10/17 08:36:42 INFO : test_loss       2.28909
2023/10/17 08:36:42 INFO : test_acc       35.00000
2023/10/17 08:36:42 INFO :
2023/10/17 08:43:29 INFO : Epoch 284
2023/10/17 08:43:29 INFO : train_loss       0.04759
2023/10/17 08:43:29 INFO : train_acc       100.00000
2023/10/17 08:43:29 INFO : test_loss       2.33413
2023/10/17 08:43:29 INFO : test_acc       33.33333
2023/10/17 08:43:29 INFO :
2023/10/17 08:50:15 INFO : Epoch 285
2023/10/17 08:50:15 INFO : train_loss       0.04587
2023/10/17 08:50:15 INFO : train_acc       100.00000
2023/10/17 08:50:15 INFO : test_loss       2.33558
2023/10/17 08:50:15 INFO : test_acc       33.33333
2023/10/17 08:50:15 INFO :
2023/10/17 08:57:01 INFO : Epoch 286
2023/10/17 08:57:01 INFO : train_loss       0.05763
2023/10/17 08:57:01 INFO : train_acc       99.45652
2023/10/17 08:57:01 INFO : test_loss       2.32673
2023/10/17 08:57:01 INFO : test_acc       30.00000
2023/10/17 08:57:01 INFO :
2023/10/17 09:03:48 INFO : Epoch 287
2023/10/17 09:03:48 INFO : train_loss       0.04099
2023/10/17 09:03:48 INFO : train_acc       100.00000
2023/10/17 09:03:48 INFO : test_loss       2.31473
2023/10/17 09:03:48 INFO : test_acc       31.66667
2023/10/17 09:03:48 INFO :
2023/10/17 09:10:34 INFO : Epoch 288
2023/10/17 09:10:34 INFO : train_loss       0.05954
2023/10/17 09:10:34 INFO : train_acc       100.00000
2023/10/17 09:10:34 INFO : test_loss       2.32691
2023/10/17 09:10:34 INFO : test_acc       36.66667
2023/10/17 09:10:34 INFO :
2023/10/17 09:17:21 INFO : Epoch 289
2023/10/17 09:17:21 INFO : train_loss       0.04901
2023/10/17 09:17:21 INFO : train_acc       100.00000
2023/10/17 09:17:21 INFO : test_loss       2.29465
2023/10/17 09:17:21 INFO : test_acc       33.33333
2023/10/17 09:17:21 INFO :
2023/10/17 09:24:07 INFO : Epoch 290
2023/10/17 09:24:07 INFO : train_loss       0.05004
2023/10/17 09:24:07 INFO : train_acc       100.00000
2023/10/17 09:24:07 INFO : test_loss       2.23904
2023/10/17 09:24:07 INFO : test_acc       33.33333
2023/10/17 09:24:07 INFO :
2023/10/17 09:30:52 INFO : Epoch 291
2023/10/17 09:30:52 INFO : train_loss       0.05520
2023/10/17 09:30:52 INFO : train_acc       100.00000
2023/10/17 09:30:52 INFO : test_loss       2.19741
2023/10/17 09:30:52 INFO : test_acc       36.66667
2023/10/17 09:30:52 INFO :
2023/10/17 09:37:37 INFO : Epoch 292
2023/10/17 09:37:37 INFO : train_loss       0.04408
2023/10/17 09:37:37 INFO : train_acc       100.00000
2023/10/17 09:37:37 INFO : test_loss       2.17625
2023/10/17 09:37:37 INFO : test_acc       35.00000
2023/10/17 09:37:37 INFO :
2023/10/17 09:44:23 INFO : Epoch 293
2023/10/17 09:44:23 INFO : train_loss       0.04632
2023/10/17 09:44:23 INFO : train_acc       100.00000
2023/10/17 09:44:23 INFO : test_loss       2.17114
2023/10/17 09:44:23 INFO : test_acc       36.66667
2023/10/17 09:44:23 INFO :
2023/10/17 09:51:07 INFO : Epoch 294
2023/10/17 09:51:07 INFO : train_loss       0.04708
2023/10/17 09:51:07 INFO : train_acc       100.00000
2023/10/17 09:51:07 INFO : test_loss       2.20884
2023/10/17 09:51:07 INFO : test_acc       31.66667
2023/10/17 09:51:07 INFO :
2023/10/17 09:57:52 INFO : Epoch 295
2023/10/17 09:57:52 INFO : train_loss       0.05530
2023/10/17 09:57:52 INFO : train_acc       99.45652
2023/10/17 09:57:52 INFO : test_loss       2.31260
2023/10/17 09:57:52 INFO : test_acc       31.66667
2023/10/17 09:57:52 INFO :
2023/10/17 10:04:36 INFO : Epoch 296
2023/10/17 10:04:36 INFO : train_loss       0.04472
2023/10/17 10:04:36 INFO : train_acc       99.45652
2023/10/17 10:04:36 INFO : test_loss       2.33526
2023/10/17 10:04:36 INFO : test_acc       31.66667
2023/10/17 10:04:36 INFO :
2023/10/17 10:11:21 INFO : Epoch 297
2023/10/17 10:11:21 INFO : train_loss       0.05572
2023/10/17 10:11:21 INFO : train_acc       100.00000
2023/10/17 10:11:21 INFO : test_loss       2.33333
2023/10/17 10:11:21 INFO : test_acc       38.33333
2023/10/17 10:11:21 INFO :
2023/10/17 10:18:06 INFO : Epoch 298
2023/10/17 10:18:06 INFO : train_loss       0.05210
2023/10/17 10:18:06 INFO : train_acc       100.00000
2023/10/17 10:18:06 INFO : test_loss       2.31292
2023/10/17 10:18:06 INFO : test_acc       33.33333
2023/10/17 10:18:06 INFO :
2023/10/17 10:24:51 INFO : Epoch 299
2023/10/17 10:24:51 INFO : train_loss       0.05241
2023/10/17 10:24:51 INFO : train_acc       100.00000
2023/10/17 10:24:51 INFO : test_loss       2.29468
2023/10/17 10:24:51 INFO : test_acc       35.00000
2023/10/17 10:24:51 INFO :
2023/10/17 10:24:51 INFO : Best test acc 41.66667
2023/10/17 10:24:51 INFO : mean acc of last 10 epochs 34.33333
2023/10/17 10:24:51 INFO : std of last 10 epochs 2.26078
2023/10/17 10:24:51 INFO : * * * * * * * * * * * * * * * * * * * *
2023/10/17 10:24:59 INFO : ****************  LMDA for 5! ***************************
2023/10/17 10:24:59 INFO : {'num_classes': 4, 'chans': 128, 'channel_depth1': 130, 'channel_depth2': 9, 'kernel': 75, 'depth': 9, 'pool_depth': 1, 'avepool': 25, 'avgpool_step1': 1}
2023/10/17 10:24:59 INFO : =================================================================
Layer (type:depth-idx)                   Param #
=================================================================
\u251c\u2500Sequential: 1-1                        --
|    \u2514\u2500Conv2d: 2-1                       1,170
|    \u2514\u2500BatchNorm2d: 2-2                  260
|    \u2514\u2500Conv2d: 2-3                       9,750
|    \u2514\u2500BatchNorm2d: 2-4                  260
|    \u2514\u2500GELU: 2-5                         --
\u251c\u2500Sequential: 1-2                        --
|    \u2514\u2500Conv2d: 2-6                       1,170
|    \u2514\u2500BatchNorm2d: 2-7                  18
|    \u2514\u2500Conv2d: 2-8                       1,152
|    \u2514\u2500BatchNorm2d: 2-9                  18
|    \u2514\u2500GELU: 2-10                        --
\u251c\u2500Sequential: 1-3                        --
|    \u2514\u2500AvgPool3d: 2-11                   --
|    \u2514\u2500Dropout: 2-12                     --
\u251c\u2500EEGDepthAttention: 1-4                 --
|    \u2514\u2500AdaptiveAvgPool2d: 2-13           --
|    \u2514\u2500Conv2d: 2-14                      8
|    \u2514\u2500Softmax: 2-15                     --
\u251c\u2500Linear: 1-5                            616
=================================================================
Total params: 14,422
Trainable params: 14,422
Non-trainable params: 0
=================================================================
2023/10/17 10:24:59 INFO : ****** Run until first stop... ********
2023/10/17 10:24:59 INFO : Train size: 8
2023/10/17 10:24:59 INFO : Test size: 3
2023/10/17 10:31:44 INFO : New best test acc 31.666667
2023/10/17 10:31:44 INFO : Epoch 0
2023/10/17 10:31:44 INFO : train_loss       1.45860
2023/10/17 10:31:44 INFO : train_acc       25.34325
2023/10/17 10:31:44 INFO : test_loss       1.38467
2023/10/17 10:31:44 INFO : test_acc       31.66667
2023/10/17 10:31:44 INFO :
2023/10/17 12:46:43 INFO : Epoch 20
2023/10/17 12:46:43 INFO : train_loss       0.67179
2023/10/17 12:46:43 INFO : train_acc       89.55950
2023/10/17 12:46:43 INFO : test_loss       1.50773
2023/10/17 12:46:43 INFO : test_acc       23.33333
2023/10/17 12:46:43 INFO :
2023/10/17 15:01:46 INFO : Epoch 40
2023/10/17 15:01:46 INFO : train_loss       0.37590
2023/10/17 15:01:46 INFO : train_acc       97.28261
2023/10/17 15:01:46 INFO : test_loss       1.65910
2023/10/17 15:01:46 INFO : test_acc       21.66667
2023/10/17 15:01:46 INFO :
2023/10/17 17:18:15 INFO : Epoch 60
2023/10/17 17:18:15 INFO : train_loss       0.25321
2023/10/17 17:18:15 INFO : train_acc       98.25515
2023/10/17 17:18:15 INFO : test_loss       1.79396
2023/10/17 17:18:15 INFO : test_acc       21.66667
2023/10/17 17:18:15 INFO :
2023/10/17 19:36:47 INFO : Epoch 80
2023/10/17 19:36:47 INFO : train_loss       0.23542
2023/10/17 19:36:47 INFO : train_acc       97.71167
2023/10/17 19:36:47 INFO : test_loss       1.82219
2023/10/17 19:36:47 INFO : test_acc       28.33333
2023/10/17 19:36:47 INFO :
